[0.017s] Invoking command in '/home/go2/ARX_X5/ROS2/X5_ws/build/arx5_arm_msg': CMAKE_PREFIX_PATH=/opt/ros/foxy CONDA_PROMPT_MODIFIER=(ARX) /usr/bin/cmake /home/go2/ARX_X5/ROS2/X5_ws/src/arxmsgros2/arx5_arm_msg -DCMAKE_INSTALL_PREFIX=/home/go2/ARX_X5/ROS2/X5_ws/install/arx5_arm_msg
[0.147s] -- The C compiler identification is GNU 9.4.0
[0.248s] -- The CXX compiler identification is GNU 9.4.0
[0.253s] -- Check for working C compiler: /usr/bin/cc
[0.334s] -- Check for working C compiler: /usr/bin/cc -- works
[0.335s] -- Detecting C compiler ABI info
[0.412s] -- Detecting C compiler ABI info - done
[0.420s] -- Detecting C compile features
[0.420s] -- Detecting C compile features - done
[0.423s] -- Check for working CXX compiler: /usr/bin/c++
[0.510s] -- Check for working CXX compiler: /usr/bin/c++ -- works
[0.512s] -- Detecting CXX compiler ABI info
[0.607s] -- Detecting CXX compiler ABI info - done
[0.616s] -- Detecting CXX compile features
[0.617s] -- Detecting CXX compile features - done
[0.618s] -- Found ament_cmake: 0.9.12 (/opt/ros/foxy/share/ament_cmake/cmake)
[0.641s] -- Found PythonInterp: /home/go2/miniconda3/envs/ARX/bin/python3 (found suitable version "3.8", minimum required is "3") 
[0.641s] -- Using PYTHON_EXECUTABLE: /home/go2/miniconda3/envs/ARX/bin/python3
[0.780s] -- Found rclcpp: 2.4.3 (/opt/ros/foxy/share/rclcpp/cmake)
[0.821s] -- Using all available rosidl_typesupport_c: rosidl_typesupport_fastrtps_c;rosidl_typesupport_introspection_c
[0.826s] -- Found rosidl_adapter: 1.3.1 (/opt/ros/foxy/share/rosidl_adapter/cmake)
[0.925s] -- Found OpenSSL: /usr/lib/x86_64-linux-gnu/libcrypto.so (found version "1.1.1f")  
[0.951s] -- Found FastRTPS: /opt/ros/foxy/include  
[1.017s] -- Using all available rosidl_typesupport_cpp: rosidl_typesupport_fastrtps_cpp;rosidl_typesupport_introspection_cpp
[1.065s] -- Found rmw_implementation_cmake: 1.0.4 (/opt/ros/foxy/share/rmw_implementation_cmake/cmake)
[1.066s] -- Using RMW implementation 'rmw_fastrtps_cpp' as default
[1.067s] -- Looking for pthread.h
[1.154s] -- Looking for pthread.h - found
[1.155s] -- Performing Test CMAKE_HAVE_LIBC_PTHREAD
[1.234s] -- Performing Test CMAKE_HAVE_LIBC_PTHREAD - Failed
[1.234s] -- Looking for pthread_create in pthreads
[1.311s] -- Looking for pthread_create in pthreads - not found
[1.311s] -- Looking for pthread_create in pthread
[1.390s] -- Looking for pthread_create in pthread - found
[1.390s] -- Found Threads: TRUE  
[1.509s] -- Found rosidl_default_generators: 1.0.1 (/opt/ros/foxy/share/rosidl_default_generators/cmake)
[1.518s] -- Found sensor_msgs: 2.0.5 (/opt/ros/foxy/share/sensor_msgs/cmake)
[1.628s] -- Found PythonInterp: /home/go2/miniconda3/envs/ARX/bin/python3 (found version "3.8") 
[1.816s] -- Found ament_cmake_ros: 0.9.2 (/opt/ros/foxy/share/ament_cmake_ros/cmake)
[2.037s] -- Using all available rosidl_typesupport_c: rosidl_typesupport_fastrtps_c;rosidl_typesupport_introspection_c
[2.196s] -- Using all available rosidl_typesupport_cpp: rosidl_typesupport_fastrtps_cpp;rosidl_typesupport_introspection_cpp
[2.220s] -- Found PythonInterp: /home/go2/miniconda3/envs/ARX/bin/python3 (found suitable version "3.8", minimum required is "3.5") 
[2.222s] -- Found python_cmake_module: 0.8.1 (/opt/ros/foxy/share/python_cmake_module/cmake)
[2.243s] -- Found PythonLibs: /home/go2/miniconda3/envs/ARX/lib/libpython3.8.so (found suitable version "3.8.0", minimum required is "3.5") 
[2.243s] -- Using PYTHON_EXECUTABLE: /home/go2/miniconda3/envs/ARX/bin/python3
[2.243s] -- Using PYTHON_INCLUDE_DIRS: /home/go2/miniconda3/envs/ARX/include/python3.8
[2.244s] -- Using PYTHON_LIBRARIES: /home/go2/miniconda3/envs/ARX/lib/libpython3.8.so
[2.263s] -- Found PythonExtra: .so  
[2.422s] -- Using numpy include directory: /home/go2/miniconda3/envs/ARX/lib/python3.8/site-packages/numpy/core/include
[2.439s] -- Configuring done
[2.455s] CMake Warning at /opt/ros/foxy/share/rosidl_generator_py/cmake/rosidl_generator_py_generate_interfaces.cmake:235 (add_library):
[2.455s]   Cannot generate a safe runtime search path for target
[2.455s]   arx5_arm_msg__rosidl_typesupport_fastrtps_c__pyext because files in some
[2.455s]   directories may conflict with libraries in implicit directories:
[2.455s] 
[2.455s]     runtime library [libssl.so.1.1] in /usr/lib/x86_64-linux-gnu may be hidden by files in:
[2.456s]       /home/go2/miniconda3/envs/ARX/lib
[2.456s]     runtime library [libcrypto.so.1.1] in /usr/lib/x86_64-linux-gnu may be hidden by files in:
[2.456s]       /home/go2/miniconda3/envs/ARX/lib
[2.456s] 
[2.456s]   Some of these libraries may not be found correctly.
[2.456s] Call Stack (most recent call first):
[2.456s]   /opt/ros/foxy/share/ament_cmake_core/cmake/core/ament_execute_extensions.cmake:48 (include)
[2.456s]   /opt/ros/foxy/share/rosidl_cmake/cmake/rosidl_generate_interfaces.cmake:286 (ament_execute_extensions)
[2.457s]   CMakeLists.txt:10 (rosidl_generate_interfaces)
[2.457s] 
[2.457s] 
[2.483s] -- Generating done
[2.498s] -- Build files have been written to: /home/go2/ARX_X5/ROS2/X5_ws/build/arx5_arm_msg
[2.505s] Invoked command in '/home/go2/ARX_X5/ROS2/X5_ws/build/arx5_arm_msg' returned '0': CMAKE_PREFIX_PATH=/opt/ros/foxy CONDA_PROMPT_MODIFIER=(ARX) /usr/bin/cmake /home/go2/ARX_X5/ROS2/X5_ws/src/arxmsgros2/arx5_arm_msg -DCMAKE_INSTALL_PREFIX=/home/go2/ARX_X5/ROS2/X5_ws/install/arx5_arm_msg
[2.508s] Invoking command in '/home/go2/ARX_X5/ROS2/X5_ws/build/arx5_arm_msg': CMAKE_PREFIX_PATH=/opt/ros/foxy CONDA_PROMPT_MODIFIER=(ARX) /usr/bin/cmake --build /home/go2/ARX_X5/ROS2/X5_ws/build/arx5_arm_msg -- -j56 -l56
[2.560s] [35m[1mScanning dependencies of target arx5_arm_msg__cpp[0m
[2.562s] [  2%] [34m[1mGenerating C code for ROS interfaces[0m
[2.572s] [  5%] [34m[1mGenerating C++ code for ROS interfaces[0m
[2.837s] [  5%] Built target arx5_arm_msg__cpp
[2.838s] [35m[1mScanning dependencies of target arx5_arm_msg__rosidl_generator_c[0m
[2.848s] [  7%] [34m[1mGenerating C++ type support for eProsima Fast-RTPS[0m
[2.848s] [ 10%] [34m[1mGenerating C++ type support dispatch for ROS interfaces[0m
[2.849s] [ 12%] [34m[1mGenerating C++ introspection for ROS interfaces[0m
[2.851s] [ 15%] [32mBuilding C object CMakeFiles/arx5_arm_msg__rosidl_generator_c.dir/rosidl_generator_c/arx5_arm_msg/msg/detail/robot_cmd__functions.c.o[0m
[2.854s] [ 17%] [32mBuilding C object CMakeFiles/arx5_arm_msg__rosidl_generator_c.dir/rosidl_generator_c/arx5_arm_msg/msg/detail/robot_status__functions.c.o[0m
[2.894s] [ 20%] [32m[1mLinking C shared library libarx5_arm_msg__rosidl_generator_c.so[0m
[2.937s] [ 20%] Built target arx5_arm_msg__rosidl_generator_c
[2.949s] [ 23%] [34m[1mGenerating C introspection for ROS interfaces[0m
[2.953s] [ 25%] [34m[1mGenerating C type support dispatch for ROS interfaces[0m
[3.087s] [35m[1mScanning dependencies of target arx5_arm_msg__rosidl_typesupport_cpp[0m
[3.094s] [35m[1mScanning dependencies of target arx5_arm_msg__rosidl_typesupport_introspection_cpp[0m
[3.100s] [ 28%] [32mBuilding CXX object CMakeFiles/arx5_arm_msg__rosidl_typesupport_cpp.dir/rosidl_typesupport_cpp/arx5_arm_msg/msg/robot_cmd__type_support.cpp.o[0m
[3.100s] [ 30%] [32mBuilding CXX object CMakeFiles/arx5_arm_msg__rosidl_typesupport_cpp.dir/rosidl_typesupport_cpp/arx5_arm_msg/msg/robot_status__type_support.cpp.o[0m
[3.103s] [35m[1mScanning dependencies of target arx5_arm_msg__rosidl_typesupport_fastrtps_cpp[0m
[3.107s] [ 33%] [32mBuilding CXX object CMakeFiles/arx5_arm_msg__rosidl_typesupport_introspection_cpp.dir/rosidl_typesupport_introspection_cpp/arx5_arm_msg/msg/detail/robot_cmd__type_support.cpp.o[0m
[3.108s] [ 35%] [32mBuilding CXX object CMakeFiles/arx5_arm_msg__rosidl_typesupport_introspection_cpp.dir/rosidl_typesupport_introspection_cpp/arx5_arm_msg/msg/detail/robot_status__type_support.cpp.o[0m
[3.117s] [ 38%] [32mBuilding CXX object CMakeFiles/arx5_arm_msg__rosidl_typesupport_fastrtps_cpp.dir/rosidl_typesupport_fastrtps_cpp/arx5_arm_msg/msg/detail/dds_fastrtps/robot_status__type_support.cpp.o[0m
[3.117s] [ 41%] [32mBuilding CXX object CMakeFiles/arx5_arm_msg__rosidl_typesupport_fastrtps_cpp.dir/rosidl_typesupport_fastrtps_cpp/arx5_arm_msg/msg/detail/dds_fastrtps/robot_cmd__type_support.cpp.o[0m
[3.184s] [35m[1mScanning dependencies of target arx5_arm_msg__rosidl_typesupport_c[0m
[3.196s] [ 43%] [32mBuilding CXX object CMakeFiles/arx5_arm_msg__rosidl_typesupport_c.dir/rosidl_typesupport_c/arx5_arm_msg/msg/robot_cmd__type_support.cpp.o[0m
[3.196s] [ 46%] [32mBuilding CXX object CMakeFiles/arx5_arm_msg__rosidl_typesupport_c.dir/rosidl_typesupport_c/arx5_arm_msg/msg/robot_status__type_support.cpp.o[0m
[3.197s] [35m[1mScanning dependencies of target arx5_arm_msg__rosidl_typesupport_introspection_c[0m
[3.210s] [ 48%] [32mBuilding C object CMakeFiles/arx5_arm_msg__rosidl_typesupport_introspection_c.dir/rosidl_typesupport_introspection_c/arx5_arm_msg/msg/detail/robot_cmd__type_support.c.o[0m
[3.211s] [ 51%] [32mBuilding C object CMakeFiles/arx5_arm_msg__rosidl_typesupport_introspection_c.dir/rosidl_typesupport_introspection_c/arx5_arm_msg/msg/detail/robot_status__type_support.c.o[0m
[3.228s] [ 53%] [32m[1mLinking CXX shared library libarx5_arm_msg__rosidl_typesupport_c.so[0m
[3.245s] [ 56%] [32m[1mLinking C shared library libarx5_arm_msg__rosidl_typesupport_introspection_c.so[0m
[3.267s] [ 56%] Built target arx5_arm_msg__rosidl_typesupport_c
[3.278s] [ 56%] Built target arx5_arm_msg__rosidl_typesupport_introspection_c
[3.288s] [ 58%] [32m[1mLinking CXX shared library libarx5_arm_msg__rosidl_typesupport_cpp.so[0m
[3.310s] [ 61%] [32m[1mLinking CXX shared library libarx5_arm_msg__rosidl_typesupport_introspection_cpp.so[0m
[3.329s] [ 61%] Built target arx5_arm_msg__rosidl_typesupport_cpp
[3.390s] [ 61%] Built target arx5_arm_msg__rosidl_typesupport_introspection_cpp
[3.401s] [ 64%] [32m[1mLinking CXX shared library libarx5_arm_msg__rosidl_typesupport_fastrtps_cpp.so[0m
[3.489s] [ 64%] Built target arx5_arm_msg__rosidl_typesupport_fastrtps_cpp
[3.500s] [ 66%] [34m[1mGenerating C type support for eProsima Fast-RTPS[0m
[3.758s] [35m[1mScanning dependencies of target arx5_arm_msg__rosidl_typesupport_fastrtps_c[0m
[3.776s] [ 71%] [32mBuilding CXX object CMakeFiles/arx5_arm_msg__rosidl_typesupport_fastrtps_c.dir/rosidl_typesupport_fastrtps_c/arx5_arm_msg/msg/detail/robot_cmd__type_support_c.cpp.o[0m
[3.776s] [ 71%] [32mBuilding CXX object CMakeFiles/arx5_arm_msg__rosidl_typesupport_fastrtps_c.dir/rosidl_typesupport_fastrtps_c/arx5_arm_msg/msg/detail/robot_status__type_support_c.cpp.o[0m
[4.014s] [ 74%] [32m[1mLinking CXX shared library libarx5_arm_msg__rosidl_typesupport_fastrtps_c.so[0m
[4.101s] [ 74%] Built target arx5_arm_msg__rosidl_typesupport_fastrtps_c
[4.111s] [35m[1mScanning dependencies of target arx5_arm_msg[0m
[4.127s] [ 74%] Built target arx5_arm_msg
[4.150s] [35m[1mScanning dependencies of target arx5_arm_msg__py[0m
[4.182s] [ 76%] [34m[1mGenerating Python code for ROS interfaces[0m
[4.688s] [ 76%] Built target arx5_arm_msg__py
[4.698s] [35m[1mScanning dependencies of target arx5_arm_msg__python[0m
[4.721s] [ 79%] [32mBuilding C object CMakeFiles/arx5_arm_msg__python.dir/rosidl_generator_py/arx5_arm_msg/msg/_robot_cmd_s.c.o[0m
[4.722s] [ 82%] [32mBuilding C object CMakeFiles/arx5_arm_msg__python.dir/rosidl_generator_py/arx5_arm_msg/msg/_robot_status_s.c.o[0m
[4.800s] [ 84%] [32m[1mLinking C shared library rosidl_generator_py/arx5_arm_msg/libarx5_arm_msg__python.so[0m
[4.848s] [ 84%] Built target arx5_arm_msg__python
[4.863s] [35m[1mScanning dependencies of target arx5_arm_msg__rosidl_typesupport_c__pyext[0m
[4.864s] [35m[1mScanning dependencies of target arx5_arm_msg__rosidl_typesupport_introspection_c__pyext[0m
[4.864s] [35m[1mScanning dependencies of target arx5_arm_msg__rosidl_typesupport_fastrtps_c__pyext[0m
[4.879s] [ 87%] [32mBuilding C object CMakeFiles/arx5_arm_msg__rosidl_typesupport_c__pyext.dir/rosidl_generator_py/arx5_arm_msg/_arx5_arm_msg_s.ep.rosidl_typesupport_c.c.o[0m
[4.879s] [ 89%] [32mBuilding C object CMakeFiles/arx5_arm_msg__rosidl_typesupport_introspection_c__pyext.dir/rosidl_generator_py/arx5_arm_msg/_arx5_arm_msg_s.ep.rosidl_typesupport_introspection_c.c.o[0m
[4.882s] [ 92%] [32mBuilding C object CMakeFiles/arx5_arm_msg__rosidl_typesupport_fastrtps_c__pyext.dir/rosidl_generator_py/arx5_arm_msg/_arx5_arm_msg_s.ep.rosidl_typesupport_fastrtps_c.c.o[0m
[4.946s] [ 94%] [32m[1mLinking C shared library rosidl_generator_py/arx5_arm_msg/arx5_arm_msg_s__rosidl_typesupport_introspection_c.cpython-38-x86_64-linux-gnu.so[0m
[4.947s] [ 97%] [32m[1mLinking CXX shared library rosidl_generator_py/arx5_arm_msg/arx5_arm_msg_s__rosidl_typesupport_fastrtps_c.cpython-38-x86_64-linux-gnu.so[0m
[4.948s] [100%] [32m[1mLinking C shared library rosidl_generator_py/arx5_arm_msg/arx5_arm_msg_s__rosidl_typesupport_c.cpython-38-x86_64-linux-gnu.so[0m
[4.989s] [100%] Built target arx5_arm_msg__rosidl_typesupport_introspection_c__pyext
[4.995s] [100%] Built target arx5_arm_msg__rosidl_typesupport_c__pyext
[5.007s] [100%] Built target arx5_arm_msg__rosidl_typesupport_fastrtps_c__pyext
[5.021s] Invoked command in '/home/go2/ARX_X5/ROS2/X5_ws/build/arx5_arm_msg' returned '0': CMAKE_PREFIX_PATH=/opt/ros/foxy CONDA_PROMPT_MODIFIER=(ARX) /usr/bin/cmake --build /home/go2/ARX_X5/ROS2/X5_ws/build/arx5_arm_msg -- -j56 -l56
[5.022s] Invoking command in '/home/go2/ARX_X5/ROS2/X5_ws/build/arx5_arm_msg': CMAKE_PREFIX_PATH=/opt/ros/foxy CONDA_PROMPT_MODIFIER=(ARX) /usr/bin/cmake --install /home/go2/ARX_X5/ROS2/X5_ws/build/arx5_arm_msg
[5.032s] -- Install configuration: ""
[5.032s] -- Installing: /home/go2/ARX_X5/ROS2/X5_ws/install/arx5_arm_msg/share/ament_index/resource_index/rosidl_interfaces/arx5_arm_msg
[5.032s] -- Installing: /home/go2/ARX_X5/ROS2/X5_ws/install/arx5_arm_msg/include/arx5_arm_msg
[5.033s] -- Installing: /home/go2/ARX_X5/ROS2/X5_ws/install/arx5_arm_msg/include/arx5_arm_msg/msg
[5.033s] -- Installing: /home/go2/ARX_X5/ROS2/X5_ws/install/arx5_arm_msg/include/arx5_arm_msg/msg/rosidl_generator_c__visibility_control.h
[5.033s] -- Installing: /home/go2/ARX_X5/ROS2/X5_ws/install/arx5_arm_msg/include/arx5_arm_msg/msg/robot_cmd.h
[5.033s] -- Installing: /home/go2/ARX_X5/ROS2/X5_ws/install/arx5_arm_msg/include/arx5_arm_msg/msg/robot_status.h
[5.033s] -- Installing: /home/go2/ARX_X5/ROS2/X5_ws/install/arx5_arm_msg/include/arx5_arm_msg/msg/detail
[5.033s] -- Installing: /home/go2/ARX_X5/ROS2/X5_ws/install/arx5_arm_msg/include/arx5_arm_msg/msg/detail/robot_status__struct.h
[5.033s] -- Installing: /home/go2/ARX_X5/ROS2/X5_ws/install/arx5_arm_msg/include/arx5_arm_msg/msg/detail/robot_cmd__struct.h
[5.033s] -- Installing: /home/go2/ARX_X5/ROS2/X5_ws/install/arx5_arm_msg/include/arx5_arm_msg/msg/detail/robot_status__functions.h
[5.033s] -- Installing: /home/go2/ARX_X5/ROS2/X5_ws/install/arx5_arm_msg/include/arx5_arm_msg/msg/detail/robot_cmd__functions.c
[5.033s] -- Installing: /home/go2/ARX_X5/ROS2/X5_ws/install/arx5_arm_msg/include/arx5_arm_msg/msg/detail/robot_cmd__functions.h
[5.033s] -- Installing: /home/go2/ARX_X5/ROS2/X5_ws/install/arx5_arm_msg/include/arx5_arm_msg/msg/detail/robot_cmd__type_support.h
[5.033s] -- Installing: /home/go2/ARX_X5/ROS2/X5_ws/install/arx5_arm_msg/include/arx5_arm_msg/msg/detail/robot_status__functions.c
[5.033s] -- Installing: /home/go2/ARX_X5/ROS2/X5_ws/install/arx5_arm_msg/include/arx5_arm_msg/msg/detail/robot_status__type_support.h
[5.033s] -- Installing: /home/go2/ARX_X5/ROS2/X5_ws/install/arx5_arm_msg/share/arx5_arm_msg/environment/library_path.sh
[5.033s] -- Installing: /home/go2/ARX_X5/ROS2/X5_ws/install/arx5_arm_msg/share/arx5_arm_msg/environment/library_path.dsv
[5.033s] -- Installing: /home/go2/ARX_X5/ROS2/X5_ws/install/arx5_arm_msg/lib/libarx5_arm_msg__rosidl_generator_c.so
[5.034s] -- Set runtime path of "/home/go2/ARX_X5/ROS2/X5_ws/install/arx5_arm_msg/lib/libarx5_arm_msg__rosidl_generator_c.so" to ""
[5.034s] -- Up-to-date: /home/go2/ARX_X5/ROS2/X5_ws/install/arx5_arm_msg/include/arx5_arm_msg
[5.034s] -- Up-to-date: /home/go2/ARX_X5/ROS2/X5_ws/install/arx5_arm_msg/include/arx5_arm_msg/msg
[5.034s] -- Installing: /home/go2/ARX_X5/ROS2/X5_ws/install/arx5_arm_msg/include/arx5_arm_msg/msg/rosidl_typesupport_fastrtps_c__visibility_control.h
[5.034s] -- Up-to-date: /home/go2/ARX_X5/ROS2/X5_ws/install/arx5_arm_msg/include/arx5_arm_msg/msg/detail
[5.034s] -- Installing: /home/go2/ARX_X5/ROS2/X5_ws/install/arx5_arm_msg/include/arx5_arm_msg/msg/detail/robot_status__rosidl_typesupport_fastrtps_c.h
[5.034s] -- Installing: /home/go2/ARX_X5/ROS2/X5_ws/install/arx5_arm_msg/include/arx5_arm_msg/msg/detail/robot_cmd__rosidl_typesupport_fastrtps_c.h
[5.034s] -- Installing: /home/go2/ARX_X5/ROS2/X5_ws/install/arx5_arm_msg/lib/libarx5_arm_msg__rosidl_typesupport_fastrtps_c.so
[5.034s] -- Set runtime path of "/home/go2/ARX_X5/ROS2/X5_ws/install/arx5_arm_msg/lib/libarx5_arm_msg__rosidl_typesupport_fastrtps_c.so" to ""
[5.034s] -- Up-to-date: /home/go2/ARX_X5/ROS2/X5_ws/install/arx5_arm_msg/include/arx5_arm_msg
[5.034s] -- Up-to-date: /home/go2/ARX_X5/ROS2/X5_ws/install/arx5_arm_msg/include/arx5_arm_msg/msg
[5.034s] -- Installing: /home/go2/ARX_X5/ROS2/X5_ws/install/arx5_arm_msg/include/arx5_arm_msg/msg/rosidl_typesupport_fastrtps_cpp__visibility_control.h
[5.034s] -- Up-to-date: /home/go2/ARX_X5/ROS2/X5_ws/install/arx5_arm_msg/include/arx5_arm_msg/msg/detail
[5.034s] -- Installing: /home/go2/ARX_X5/ROS2/X5_ws/install/arx5_arm_msg/include/arx5_arm_msg/msg/detail/dds_fastrtps
[5.034s] -- Installing: /home/go2/ARX_X5/ROS2/X5_ws/install/arx5_arm_msg/include/arx5_arm_msg/msg/detail/robot_status__rosidl_typesupport_fastrtps_cpp.hpp
[5.034s] -- Installing: /home/go2/ARX_X5/ROS2/X5_ws/install/arx5_arm_msg/include/arx5_arm_msg/msg/detail/robot_cmd__rosidl_typesupport_fastrtps_cpp.hpp
[5.034s] -- Installing: /home/go2/ARX_X5/ROS2/X5_ws/install/arx5_arm_msg/lib/libarx5_arm_msg__rosidl_typesupport_fastrtps_cpp.so
[5.034s] -- Set runtime path of "/home/go2/ARX_X5/ROS2/X5_ws/install/arx5_arm_msg/lib/libarx5_arm_msg__rosidl_typesupport_fastrtps_cpp.so" to ""
[5.035s] -- Up-to-date: /home/go2/ARX_X5/ROS2/X5_ws/install/arx5_arm_msg/include/arx5_arm_msg
[5.035s] -- Up-to-date: /home/go2/ARX_X5/ROS2/X5_ws/install/arx5_arm_msg/include/arx5_arm_msg/msg
[5.035s] -- Installing: /home/go2/ARX_X5/ROS2/X5_ws/install/arx5_arm_msg/include/arx5_arm_msg/msg/rosidl_typesupport_introspection_c__visibility_control.h
[5.035s] -- Up-to-date: /home/go2/ARX_X5/ROS2/X5_ws/install/arx5_arm_msg/include/arx5_arm_msg/msg/detail
[5.035s] -- Installing: /home/go2/ARX_X5/ROS2/X5_ws/install/arx5_arm_msg/include/arx5_arm_msg/msg/detail/robot_cmd__rosidl_typesupport_introspection_c.h
[5.035s] -- Installing: /home/go2/ARX_X5/ROS2/X5_ws/install/arx5_arm_msg/include/arx5_arm_msg/msg/detail/robot_cmd__type_support.c
[5.035s] -- Installing: /home/go2/ARX_X5/ROS2/X5_ws/install/arx5_arm_msg/include/arx5_arm_msg/msg/detail/robot_status__rosidl_typesupport_introspection_c.h
[5.035s] -- Installing: /home/go2/ARX_X5/ROS2/X5_ws/install/arx5_arm_msg/include/arx5_arm_msg/msg/detail/robot_status__type_support.c
[5.035s] -- Installing: /home/go2/ARX_X5/ROS2/X5_ws/install/arx5_arm_msg/lib/libarx5_arm_msg__rosidl_typesupport_introspection_c.so
[5.035s] -- Set runtime path of "/home/go2/ARX_X5/ROS2/X5_ws/install/arx5_arm_msg/lib/libarx5_arm_msg__rosidl_typesupport_introspection_c.so" to ""
[5.035s] -- Installing: /home/go2/ARX_X5/ROS2/X5_ws/install/arx5_arm_msg/lib/libarx5_arm_msg__rosidl_typesupport_c.so
[5.035s] -- Set runtime path of "/home/go2/ARX_X5/ROS2/X5_ws/install/arx5_arm_msg/lib/libarx5_arm_msg__rosidl_typesupport_c.so" to ""
[5.035s] -- Up-to-date: /home/go2/ARX_X5/ROS2/X5_ws/install/arx5_arm_msg/include/arx5_arm_msg
[5.035s] -- Up-to-date: /home/go2/ARX_X5/ROS2/X5_ws/install/arx5_arm_msg/include/arx5_arm_msg/msg
[5.036s] -- Installing: /home/go2/ARX_X5/ROS2/X5_ws/install/arx5_arm_msg/include/arx5_arm_msg/msg/rosidl_generator_cpp__visibility_control.hpp
[5.036s] -- Installing: /home/go2/ARX_X5/ROS2/X5_ws/install/arx5_arm_msg/include/arx5_arm_msg/msg/robot_cmd.hpp
[5.036s] -- Installing: /home/go2/ARX_X5/ROS2/X5_ws/install/arx5_arm_msg/include/arx5_arm_msg/msg/robot_status.hpp
[5.036s] -- Up-to-date: /home/go2/ARX_X5/ROS2/X5_ws/install/arx5_arm_msg/include/arx5_arm_msg/msg/detail
[5.036s] -- Installing: /home/go2/ARX_X5/ROS2/X5_ws/install/arx5_arm_msg/include/arx5_arm_msg/msg/detail/robot_cmd__traits.hpp
[5.036s] -- Installing: /home/go2/ARX_X5/ROS2/X5_ws/install/arx5_arm_msg/include/arx5_arm_msg/msg/detail/robot_status__builder.hpp
[5.036s] -- Installing: /home/go2/ARX_X5/ROS2/X5_ws/install/arx5_arm_msg/include/arx5_arm_msg/msg/detail/robot_status__struct.hpp
[5.036s] -- Installing: /home/go2/ARX_X5/ROS2/X5_ws/install/arx5_arm_msg/include/arx5_arm_msg/msg/detail/robot_status__traits.hpp
[5.036s] -- Installing: /home/go2/ARX_X5/ROS2/X5_ws/install/arx5_arm_msg/include/arx5_arm_msg/msg/detail/robot_status__type_support.hpp
[5.036s] -- Installing: /home/go2/ARX_X5/ROS2/X5_ws/install/arx5_arm_msg/include/arx5_arm_msg/msg/detail/robot_cmd__builder.hpp
[5.036s] -- Installing: /home/go2/ARX_X5/ROS2/X5_ws/install/arx5_arm_msg/include/arx5_arm_msg/msg/detail/robot_cmd__type_support.hpp
[5.036s] -- Installing: /home/go2/ARX_X5/ROS2/X5_ws/install/arx5_arm_msg/include/arx5_arm_msg/msg/detail/robot_cmd__struct.hpp
[5.036s] -- Up-to-date: /home/go2/ARX_X5/ROS2/X5_ws/install/arx5_arm_msg/include/arx5_arm_msg
[5.036s] -- Up-to-date: /home/go2/ARX_X5/ROS2/X5_ws/install/arx5_arm_msg/include/arx5_arm_msg/msg
[5.036s] -- Up-to-date: /home/go2/ARX_X5/ROS2/X5_ws/install/arx5_arm_msg/include/arx5_arm_msg/msg/detail
[5.036s] -- Installing: /home/go2/ARX_X5/ROS2/X5_ws/install/arx5_arm_msg/include/arx5_arm_msg/msg/detail/robot_status__type_support.cpp
[5.036s] -- Installing: /home/go2/ARX_X5/ROS2/X5_ws/install/arx5_arm_msg/include/arx5_arm_msg/msg/detail/robot_cmd__type_support.cpp
[5.036s] -- Installing: /home/go2/ARX_X5/ROS2/X5_ws/install/arx5_arm_msg/include/arx5_arm_msg/msg/detail/robot_cmd__rosidl_typesupport_introspection_cpp.hpp
[5.036s] -- Installing: /home/go2/ARX_X5/ROS2/X5_ws/install/arx5_arm_msg/include/arx5_arm_msg/msg/detail/robot_status__rosidl_typesupport_introspection_cpp.hpp
[5.037s] -- Installing: /home/go2/ARX_X5/ROS2/X5_ws/install/arx5_arm_msg/lib/libarx5_arm_msg__rosidl_typesupport_introspection_cpp.so
[5.037s] -- Set runtime path of "/home/go2/ARX_X5/ROS2/X5_ws/install/arx5_arm_msg/lib/libarx5_arm_msg__rosidl_typesupport_introspection_cpp.so" to ""
[5.037s] -- Installing: /home/go2/ARX_X5/ROS2/X5_ws/install/arx5_arm_msg/lib/libarx5_arm_msg__rosidl_typesupport_cpp.so
[5.037s] -- Set runtime path of "/home/go2/ARX_X5/ROS2/X5_ws/install/arx5_arm_msg/lib/libarx5_arm_msg__rosidl_typesupport_cpp.so" to ""
[5.037s] -- Installing: /home/go2/ARX_X5/ROS2/X5_ws/install/arx5_arm_msg/share/arx5_arm_msg/environment/pythonpath.sh
[5.037s] -- Installing: /home/go2/ARX_X5/ROS2/X5_ws/install/arx5_arm_msg/share/arx5_arm_msg/environment/pythonpath.dsv
[5.037s] -- Installing: /home/go2/ARX_X5/ROS2/X5_ws/install/arx5_arm_msg/lib/python3.8/site-packages/arx5_arm_msg/__init__.py
[5.061s] Compiling '/home/go2/ARX_X5/ROS2/X5_ws/install/arx5_arm_msg/lib/python3.8/site-packages/arx5_arm_msg/__init__.py'...
[5.065s] -- Installing: /home/go2/ARX_X5/ROS2/X5_ws/install/arx5_arm_msg/lib/python3.8/site-packages/arx5_arm_msg/msg
[5.065s] -- Installing: /home/go2/ARX_X5/ROS2/X5_ws/install/arx5_arm_msg/lib/python3.8/site-packages/arx5_arm_msg/msg/_robot_status_s.c
[5.065s] -- Installing: /home/go2/ARX_X5/ROS2/X5_ws/install/arx5_arm_msg/lib/python3.8/site-packages/arx5_arm_msg/msg/_robot_status.py
[5.065s] -- Installing: /home/go2/ARX_X5/ROS2/X5_ws/install/arx5_arm_msg/lib/python3.8/site-packages/arx5_arm_msg/msg/_robot_cmd_s.c
[5.065s] -- Installing: /home/go2/ARX_X5/ROS2/X5_ws/install/arx5_arm_msg/lib/python3.8/site-packages/arx5_arm_msg/msg/_robot_cmd.py
[5.065s] -- Installing: /home/go2/ARX_X5/ROS2/X5_ws/install/arx5_arm_msg/lib/python3.8/site-packages/arx5_arm_msg/msg/__init__.py
[5.065s] -- Installing: /home/go2/ARX_X5/ROS2/X5_ws/install/arx5_arm_msg/lib/python3.8/site-packages/arx5_arm_msg/arx5_arm_msg_s__rosidl_typesupport_fastrtps_c.cpython-38-x86_64-linux-gnu.so
[5.066s] -- Set runtime path of "/home/go2/ARX_X5/ROS2/X5_ws/install/arx5_arm_msg/lib/python3.8/site-packages/arx5_arm_msg/arx5_arm_msg_s__rosidl_typesupport_fastrtps_c.cpython-38-x86_64-linux-gnu.so" to ""
[5.066s] -- Installing: /home/go2/ARX_X5/ROS2/X5_ws/install/arx5_arm_msg/lib/python3.8/site-packages/arx5_arm_msg/arx5_arm_msg_s__rosidl_typesupport_introspection_c.cpython-38-x86_64-linux-gnu.so
[5.066s] -- Set runtime path of "/home/go2/ARX_X5/ROS2/X5_ws/install/arx5_arm_msg/lib/python3.8/site-packages/arx5_arm_msg/arx5_arm_msg_s__rosidl_typesupport_introspection_c.cpython-38-x86_64-linux-gnu.so" to ""
[5.066s] -- Installing: /home/go2/ARX_X5/ROS2/X5_ws/install/arx5_arm_msg/lib/python3.8/site-packages/arx5_arm_msg/arx5_arm_msg_s__rosidl_typesupport_c.cpython-38-x86_64-linux-gnu.so
[5.067s] -- Set runtime path of "/home/go2/ARX_X5/ROS2/X5_ws/install/arx5_arm_msg/lib/python3.8/site-packages/arx5_arm_msg/arx5_arm_msg_s__rosidl_typesupport_c.cpython-38-x86_64-linux-gnu.so" to ""
[5.067s] -- Installing: /home/go2/ARX_X5/ROS2/X5_ws/install/arx5_arm_msg/lib/libarx5_arm_msg__python.so
[5.067s] -- Set runtime path of "/home/go2/ARX_X5/ROS2/X5_ws/install/arx5_arm_msg/lib/libarx5_arm_msg__python.so" to ""
[5.067s] -- Installing: /home/go2/ARX_X5/ROS2/X5_ws/install/arx5_arm_msg/share/arx5_arm_msg/msg/RobotCmd.idl
[5.068s] -- Installing: /home/go2/ARX_X5/ROS2/X5_ws/install/arx5_arm_msg/share/arx5_arm_msg/msg/RobotStatus.idl
[5.068s] -- Installing: /home/go2/ARX_X5/ROS2/X5_ws/install/arx5_arm_msg/share/arx5_arm_msg/msg/RobotCmd.msg
[5.068s] -- Installing: /home/go2/ARX_X5/ROS2/X5_ws/install/arx5_arm_msg/share/arx5_arm_msg/msg/RobotStatus.msg
[5.069s] -- Installing: /home/go2/ARX_X5/ROS2/X5_ws/install/arx5_arm_msg/share/ament_index/resource_index/package_run_dependencies/arx5_arm_msg
[5.069s] -- Installing: /home/go2/ARX_X5/ROS2/X5_ws/install/arx5_arm_msg/share/ament_index/resource_index/parent_prefix_path/arx5_arm_msg
[5.069s] -- Installing: /home/go2/ARX_X5/ROS2/X5_ws/install/arx5_arm_msg/share/arx5_arm_msg/environment/ament_prefix_path.sh
[5.069s] -- Installing: /home/go2/ARX_X5/ROS2/X5_ws/install/arx5_arm_msg/share/arx5_arm_msg/environment/ament_prefix_path.dsv
[5.069s] -- Installing: /home/go2/ARX_X5/ROS2/X5_ws/install/arx5_arm_msg/share/arx5_arm_msg/environment/path.sh
[5.069s] -- Installing: /home/go2/ARX_X5/ROS2/X5_ws/install/arx5_arm_msg/share/arx5_arm_msg/environment/path.dsv
[5.070s] -- Installing: /home/go2/ARX_X5/ROS2/X5_ws/install/arx5_arm_msg/share/arx5_arm_msg/local_setup.bash
[5.070s] -- Installing: /home/go2/ARX_X5/ROS2/X5_ws/install/arx5_arm_msg/share/arx5_arm_msg/local_setup.sh
[5.070s] -- Installing: /home/go2/ARX_X5/ROS2/X5_ws/install/arx5_arm_msg/share/arx5_arm_msg/local_setup.zsh
[5.070s] -- Installing: /home/go2/ARX_X5/ROS2/X5_ws/install/arx5_arm_msg/share/arx5_arm_msg/local_setup.dsv
[5.070s] -- Installing: /home/go2/ARX_X5/ROS2/X5_ws/install/arx5_arm_msg/share/arx5_arm_msg/package.dsv
[5.070s] -- Installing: /home/go2/ARX_X5/ROS2/X5_ws/install/arx5_arm_msg/share/ament_index/resource_index/packages/arx5_arm_msg
[5.071s] -- Installing: /home/go2/ARX_X5/ROS2/X5_ws/install/arx5_arm_msg/share/arx5_arm_msg/cmake/arx5_arm_msg__rosidl_generator_cExport.cmake
[5.071s] -- Installing: /home/go2/ARX_X5/ROS2/X5_ws/install/arx5_arm_msg/share/arx5_arm_msg/cmake/arx5_arm_msg__rosidl_generator_cExport-noconfig.cmake
[5.071s] -- Installing: /home/go2/ARX_X5/ROS2/X5_ws/install/arx5_arm_msg/share/arx5_arm_msg/cmake/arx5_arm_msg__rosidl_typesupport_introspection_cExport.cmake
[5.071s] -- Installing: /home/go2/ARX_X5/ROS2/X5_ws/install/arx5_arm_msg/share/arx5_arm_msg/cmake/arx5_arm_msg__rosidl_typesupport_introspection_cExport-noconfig.cmake
[5.071s] -- Installing: /home/go2/ARX_X5/ROS2/X5_ws/install/arx5_arm_msg/share/arx5_arm_msg/cmake/arx5_arm_msg__rosidl_typesupport_cExport.cmake
[5.071s] -- Installing: /home/go2/ARX_X5/ROS2/X5_ws/install/arx5_arm_msg/share/arx5_arm_msg/cmake/arx5_arm_msg__rosidl_typesupport_cExport-noconfig.cmake
[5.071s] -- Installing: /home/go2/ARX_X5/ROS2/X5_ws/install/arx5_arm_msg/share/arx5_arm_msg/cmake/arx5_arm_msg__rosidl_generator_cppExport.cmake
[5.072s] -- Installing: /home/go2/ARX_X5/ROS2/X5_ws/install/arx5_arm_msg/share/arx5_arm_msg/cmake/arx5_arm_msg__rosidl_typesupport_introspection_cppExport.cmake
[5.072s] -- Installing: /home/go2/ARX_X5/ROS2/X5_ws/install/arx5_arm_msg/share/arx5_arm_msg/cmake/arx5_arm_msg__rosidl_typesupport_introspection_cppExport-noconfig.cmake
[5.072s] -- Installing: /home/go2/ARX_X5/ROS2/X5_ws/install/arx5_arm_msg/share/arx5_arm_msg/cmake/arx5_arm_msg__rosidl_typesupport_cppExport.cmake
[5.072s] -- Installing: /home/go2/ARX_X5/ROS2/X5_ws/install/arx5_arm_msg/share/arx5_arm_msg/cmake/arx5_arm_msg__rosidl_typesupport_cppExport-noconfig.cmake
[5.072s] -- Installing: /home/go2/ARX_X5/ROS2/X5_ws/install/arx5_arm_msg/share/arx5_arm_msg/cmake/rosidl_cmake-extras.cmake
[5.072s] -- Installing: /home/go2/ARX_X5/ROS2/X5_ws/install/arx5_arm_msg/share/arx5_arm_msg/cmake/ament_cmake_export_dependencies-extras.cmake
[5.073s] -- Installing: /home/go2/ARX_X5/ROS2/X5_ws/install/arx5_arm_msg/share/arx5_arm_msg/cmake/ament_cmake_export_libraries-extras.cmake
[5.073s] -- Installing: /home/go2/ARX_X5/ROS2/X5_ws/install/arx5_arm_msg/share/arx5_arm_msg/cmake/ament_cmake_export_targets-extras.cmake
[5.073s] -- Installing: /home/go2/ARX_X5/ROS2/X5_ws/install/arx5_arm_msg/share/arx5_arm_msg/cmake/ament_cmake_export_include_directories-extras.cmake
[5.073s] -- Installing: /home/go2/ARX_X5/ROS2/X5_ws/install/arx5_arm_msg/share/arx5_arm_msg/cmake/rosidl_cmake_export_typesupport_libraries-extras.cmake
[5.073s] -- Installing: /home/go2/ARX_X5/ROS2/X5_ws/install/arx5_arm_msg/share/arx5_arm_msg/cmake/rosidl_cmake_export_typesupport_targets-extras.cmake
[5.073s] -- Installing: /home/go2/ARX_X5/ROS2/X5_ws/install/arx5_arm_msg/share/arx5_arm_msg/cmake/arx5_arm_msgConfig.cmake
[5.073s] -- Installing: /home/go2/ARX_X5/ROS2/X5_ws/install/arx5_arm_msg/share/arx5_arm_msg/cmake/arx5_arm_msgConfig-version.cmake
[5.073s] -- Installing: /home/go2/ARX_X5/ROS2/X5_ws/install/arx5_arm_msg/share/arx5_arm_msg/package.xml
[5.073s] Invoked command in '/home/go2/ARX_X5/ROS2/X5_ws/build/arx5_arm_msg' returned '0': CMAKE_PREFIX_PATH=/opt/ros/foxy CONDA_PROMPT_MODIFIER=(ARX) /usr/bin/cmake --install /home/go2/ARX_X5/ROS2/X5_ws/build/arx5_arm_msg
