[0.138s] DEBUG:colcon:Command line arguments: ['/usr/bin/colcon', 'build']
[0.138s] DEBUG:colcon:Parsed command line arguments: Namespace(allow_overriding=[], ament_cmake_args=None, base_paths=['.'], build_base='build', catkin_cmake_args=None, catkin_skip_building_tests=False, cmake_args=None, cmake_clean_cache=False, cmake_clean_first=False, cmake_force_configure=False, cmake_target=None, cmake_target_skip_unavailable=False, continue_on_error=False, event_handlers=None, executor='parallel', ignore_user_meta=False, install_base='install', log_base=None, log_level=None, main=<bound method BuildVerb.main of <colcon_core.verb.build.BuildVerb object at 0x7f0faac97190>>, merge_install=False, metas=['./colcon.meta'], mixin=None, mixin_files=None, mixin_verb=('build',), packages_above=None, packages_above_and_dependencies=None, packages_above_depth=None, packages_end=None, packages_ignore=None, packages_ignore_regex=None, packages_select=None, packages_select_build_failed=False, packages_select_by_dep=None, packages_select_regex=None, packages_select_test_failures=False, packages_skip=None, packages_skip_build_finished=False, packages_skip_by_dep=None, packages_skip_regex=None, packages_skip_test_passed=False, packages_skip_up_to=None, packages_start=None, packages_up_to=None, packages_up_to_regex=None, parallel_workers=56, paths=None, symlink_install=False, test_result_base=None, verb_extension=<colcon_core.verb.build.BuildVerb object at 0x7f0faac97190>, verb_name='build', verb_parser=<colcon_mixin.mixin.mixin_argument.MixinArgumentDecorator object at 0x7f0faa8ecbe0>)
[0.246s] Level 1:colcon.colcon_core.package_discovery:discover_packages(colcon_meta) check parameters
[0.246s] Level 1:colcon.colcon_core.package_discovery:discover_packages(recursive) check parameters
[0.246s] Level 1:colcon.colcon_core.package_discovery:discover_packages(ignore) check parameters
[0.246s] Level 1:colcon.colcon_core.package_discovery:discover_packages(path) check parameters
[0.246s] Level 1:colcon.colcon_core.package_discovery:discover_packages(colcon_meta) discover
[0.246s] Level 1:colcon.colcon_core.package_discovery:discover_packages(recursive) discover
[0.246s] INFO:colcon.colcon_core.package_discovery:Crawling recursively for packages in '/home/go2/ARX_X5/ARX_VR_SDK/ROS2'
[0.246s] Level 1:colcon.colcon_core.package_identification:_identify(.) by extensions ['ignore', 'ignore_ament_install']
[0.246s] Level 1:colcon.colcon_core.package_identification:_identify(.) by extension 'ignore'
[0.246s] Level 1:colcon.colcon_core.package_identification:_identify(.) by extension 'ignore_ament_install'
[0.246s] Level 1:colcon.colcon_core.package_identification:_identify(.) by extensions ['colcon_pkg']
[0.246s] Level 1:colcon.colcon_core.package_identification:_identify(.) by extension 'colcon_pkg'
[0.246s] Level 1:colcon.colcon_core.package_identification:_identify(.) by extensions ['colcon_meta']
[0.246s] Level 1:colcon.colcon_core.package_identification:_identify(.) by extension 'colcon_meta'
[0.246s] Level 1:colcon.colcon_core.package_identification:_identify(.) by extensions ['ros']
[0.246s] Level 1:colcon.colcon_core.package_identification:_identify(.) by extension 'ros'
[0.255s] Level 1:colcon.colcon_core.package_identification:_identify(.) by extensions ['cmake', 'python']
[0.255s] Level 1:colcon.colcon_core.package_identification:_identify(.) by extension 'cmake'
[0.255s] Level 1:colcon.colcon_core.package_identification:_identify(.) by extension 'python'
[0.255s] Level 1:colcon.colcon_core.package_identification:_identify(.) by extensions ['python_setup_py']
[0.255s] Level 1:colcon.colcon_core.package_identification:_identify(.) by extension 'python_setup_py'
[0.255s] Level 1:colcon.colcon_core.package_identification:_identify(build) by extensions ['ignore', 'ignore_ament_install']
[0.255s] Level 1:colcon.colcon_core.package_identification:_identify(build) by extension 'ignore'
[0.256s] Level 1:colcon.colcon_core.package_identification:_identify(build) ignored
[0.256s] Level 1:colcon.colcon_core.package_identification:_identify(install) by extensions ['ignore', 'ignore_ament_install']
[0.256s] Level 1:colcon.colcon_core.package_identification:_identify(install) by extension 'ignore'
[0.256s] Level 1:colcon.colcon_core.package_identification:_identify(install) ignored
[0.256s] Level 1:colcon.colcon_core.package_identification:_identify(log) by extensions ['ignore', 'ignore_ament_install']
[0.256s] Level 1:colcon.colcon_core.package_identification:_identify(log) by extension 'ignore'
[0.256s] Level 1:colcon.colcon_core.package_identification:_identify(log) ignored
[0.256s] Level 1:colcon.colcon_core.package_identification:_identify(src) by extensions ['ignore', 'ignore_ament_install']
[0.256s] Level 1:colcon.colcon_core.package_identification:_identify(src) by extension 'ignore'
[0.256s] Level 1:colcon.colcon_core.package_identification:_identify(src) by extension 'ignore_ament_install'
[0.256s] Level 1:colcon.colcon_core.package_identification:_identify(src) by extensions ['colcon_pkg']
[0.256s] Level 1:colcon.colcon_core.package_identification:_identify(src) by extension 'colcon_pkg'
[0.256s] Level 1:colcon.colcon_core.package_identification:_identify(src) by extensions ['colcon_meta']
[0.256s] Level 1:colcon.colcon_core.package_identification:_identify(src) by extension 'colcon_meta'
[0.256s] Level 1:colcon.colcon_core.package_identification:_identify(src) by extensions ['ros']
[0.256s] Level 1:colcon.colcon_core.package_identification:_identify(src) by extension 'ros'
[0.256s] Level 1:colcon.colcon_core.package_identification:_identify(src) by extensions ['cmake', 'python']
[0.256s] Level 1:colcon.colcon_core.package_identification:_identify(src) by extension 'cmake'
[0.256s] Level 1:colcon.colcon_core.package_identification:_identify(src) by extension 'python'
[0.256s] Level 1:colcon.colcon_core.package_identification:_identify(src) by extensions ['python_setup_py']
[0.256s] Level 1:colcon.colcon_core.package_identification:_identify(src) by extension 'python_setup_py'
[0.256s] Level 1:colcon.colcon_core.package_identification:_identify(src/arm_control) by extensions ['ignore', 'ignore_ament_install']
[0.256s] Level 1:colcon.colcon_core.package_identification:_identify(src/arm_control) by extension 'ignore'
[0.256s] Level 1:colcon.colcon_core.package_identification:_identify(src/arm_control) by extension 'ignore_ament_install'
[0.256s] Level 1:colcon.colcon_core.package_identification:_identify(src/arm_control) by extensions ['colcon_pkg']
[0.256s] Level 1:colcon.colcon_core.package_identification:_identify(src/arm_control) by extension 'colcon_pkg'
[0.256s] Level 1:colcon.colcon_core.package_identification:_identify(src/arm_control) by extensions ['colcon_meta']
[0.256s] Level 1:colcon.colcon_core.package_identification:_identify(src/arm_control) by extension 'colcon_meta'
[0.256s] Level 1:colcon.colcon_core.package_identification:_identify(src/arm_control) by extensions ['ros']
[0.257s] Level 1:colcon.colcon_core.package_identification:_identify(src/arm_control) by extension 'ros'
[0.259s] DEBUG:colcon.colcon_core.package_identification:Package 'src/arm_control' with type 'ros.ament_cmake' and name 'arm_control'
[0.259s] Level 1:colcon.colcon_core.package_identification:_identify(src/serial_port) by extensions ['ignore', 'ignore_ament_install']
[0.259s] Level 1:colcon.colcon_core.package_identification:_identify(src/serial_port) by extension 'ignore'
[0.259s] Level 1:colcon.colcon_core.package_identification:_identify(src/serial_port) by extension 'ignore_ament_install'
[0.259s] Level 1:colcon.colcon_core.package_identification:_identify(src/serial_port) by extensions ['colcon_pkg']
[0.259s] Level 1:colcon.colcon_core.package_identification:_identify(src/serial_port) by extension 'colcon_pkg'
[0.259s] Level 1:colcon.colcon_core.package_identification:_identify(src/serial_port) by extensions ['colcon_meta']
[0.259s] Level 1:colcon.colcon_core.package_identification:_identify(src/serial_port) by extension 'colcon_meta'
[0.259s] Level 1:colcon.colcon_core.package_identification:_identify(src/serial_port) by extensions ['ros']
[0.259s] Level 1:colcon.colcon_core.package_identification:_identify(src/serial_port) by extension 'ros'
[0.260s] DEBUG:colcon.colcon_core.package_identification:Package 'src/serial_port' with type 'ros.ament_cmake' and name 'serial_port'
[0.260s] Level 1:colcon.colcon_core.package_discovery:discover_packages(recursive) using defaults
[0.260s] Level 1:colcon.colcon_core.package_discovery:discover_packages(ignore) discover
[0.260s] Level 1:colcon.colcon_core.package_discovery:discover_packages(ignore) using defaults
[0.260s] Level 1:colcon.colcon_core.package_discovery:discover_packages(path) discover
[0.260s] Level 1:colcon.colcon_core.package_discovery:discover_packages(path) using defaults
[0.273s] Level 1:colcon.colcon_core.package_discovery:discover_packages(prefix_path) check parameters
[0.273s] Level 1:colcon.colcon_core.package_discovery:discover_packages(prefix_path) discover
[0.275s] DEBUG:colcon.colcon_installed_package_information.package_discovery:Found 292 installed packages in /opt/ros/foxy
[0.285s] Level 1:colcon.colcon_core.package_discovery:discover_packages(prefix_path) using defaults
[0.329s] Level 5:colcon.colcon_core.verb:set package 'arm_control' build argument 'cmake_args' from command line to 'None'
[0.329s] Level 5:colcon.colcon_core.verb:set package 'arm_control' build argument 'cmake_target' from command line to 'None'
[0.329s] Level 5:colcon.colcon_core.verb:set package 'arm_control' build argument 'cmake_target_skip_unavailable' from command line to 'False'
[0.329s] Level 5:colcon.colcon_core.verb:set package 'arm_control' build argument 'cmake_clean_cache' from command line to 'False'
[0.329s] Level 5:colcon.colcon_core.verb:set package 'arm_control' build argument 'cmake_clean_first' from command line to 'False'
[0.329s] Level 5:colcon.colcon_core.verb:set package 'arm_control' build argument 'cmake_force_configure' from command line to 'False'
[0.329s] Level 5:colcon.colcon_core.verb:set package 'arm_control' build argument 'ament_cmake_args' from command line to 'None'
[0.329s] Level 5:colcon.colcon_core.verb:set package 'arm_control' build argument 'catkin_cmake_args' from command line to 'None'
[0.329s] Level 5:colcon.colcon_core.verb:set package 'arm_control' build argument 'catkin_skip_building_tests' from command line to 'False'
[0.329s] DEBUG:colcon.colcon_core.verb:Building package 'arm_control' with the following arguments: {'ament_cmake_args': None, 'build_base': '/home/go2/ARX_X5/ARX_VR_SDK/ROS2/build/arm_control', 'catkin_cmake_args': None, 'catkin_skip_building_tests': False, 'cmake_args': None, 'cmake_clean_cache': False, 'cmake_clean_first': False, 'cmake_force_configure': False, 'cmake_target': None, 'cmake_target_skip_unavailable': False, 'install_base': '/home/go2/ARX_X5/ARX_VR_SDK/ROS2/install/arm_control', 'merge_install': False, 'path': '/home/go2/ARX_X5/ARX_VR_SDK/ROS2/src/arm_control', 'symlink_install': False, 'test_result_base': None}
[0.329s] Level 5:colcon.colcon_core.verb:set package 'serial_port' build argument 'cmake_args' from command line to 'None'
[0.329s] Level 5:colcon.colcon_core.verb:set package 'serial_port' build argument 'cmake_target' from command line to 'None'
[0.329s] Level 5:colcon.colcon_core.verb:set package 'serial_port' build argument 'cmake_target_skip_unavailable' from command line to 'False'
[0.330s] Level 5:colcon.colcon_core.verb:set package 'serial_port' build argument 'cmake_clean_cache' from command line to 'False'
[0.330s] Level 5:colcon.colcon_core.verb:set package 'serial_port' build argument 'cmake_clean_first' from command line to 'False'
[0.330s] Level 5:colcon.colcon_core.verb:set package 'serial_port' build argument 'cmake_force_configure' from command line to 'False'
[0.330s] Level 5:colcon.colcon_core.verb:set package 'serial_port' build argument 'ament_cmake_args' from command line to 'None'
[0.330s] Level 5:colcon.colcon_core.verb:set package 'serial_port' build argument 'catkin_cmake_args' from command line to 'None'
[0.330s] Level 5:colcon.colcon_core.verb:set package 'serial_port' build argument 'catkin_skip_building_tests' from command line to 'False'
[0.330s] DEBUG:colcon.colcon_core.verb:Building package 'serial_port' with the following arguments: {'ament_cmake_args': None, 'build_base': '/home/go2/ARX_X5/ARX_VR_SDK/ROS2/build/serial_port', 'catkin_cmake_args': None, 'catkin_skip_building_tests': False, 'cmake_args': None, 'cmake_clean_cache': False, 'cmake_clean_first': False, 'cmake_force_configure': False, 'cmake_target': None, 'cmake_target_skip_unavailable': False, 'install_base': '/home/go2/ARX_X5/ARX_VR_SDK/ROS2/install/serial_port', 'merge_install': False, 'path': '/home/go2/ARX_X5/ARX_VR_SDK/ROS2/src/serial_port', 'symlink_install': False, 'test_result_base': None}
[0.330s] INFO:colcon.colcon_core.executor:Executing jobs using 'parallel' executor
[0.331s] DEBUG:colcon.colcon_parallel_executor.executor.parallel:run_until_complete
[0.331s] INFO:colcon.colcon_ros.task.ament_cmake.build:Building ROS package in '/home/go2/ARX_X5/ARX_VR_SDK/ROS2/src/arm_control' with build type 'ament_cmake'
[0.331s] INFO:colcon.colcon_cmake.task.cmake.build:Building CMake package in '/home/go2/ARX_X5/ARX_VR_SDK/ROS2/src/arm_control'
[0.332s] INFO:colcon.colcon_core.plugin_system:Skipping extension 'colcon_core.shell.bat': Not used on non-Windows systems
[0.333s] INFO:colcon.colcon_core.shell:Skip shell extension 'powershell' for command environment: Not usable outside of PowerShell
[0.333s] DEBUG:colcon.colcon_core.shell:Skip shell extension 'dsv' for command environment
[0.349s] DEBUG:colcon.colcon_core.event_handler.log_command:Invoking command in '/home/go2/ARX_X5/ARX_VR_SDK/ROS2/build/arm_control': CMAKE_PREFIX_PATH=/opt/ros/foxy CONDA_PROMPT_MODIFIER=(ARX) /usr/bin/cmake /home/go2/ARX_X5/ARX_VR_SDK/ROS2/src/arm_control -DCMAKE_INSTALL_PREFIX=/home/go2/ARX_X5/ARX_VR_SDK/ROS2/install/arm_control
[1.666s] DEBUG:colcon.colcon_core.event_handler.log_command:Invoked command in '/home/go2/ARX_X5/ARX_VR_SDK/ROS2/build/arm_control' returned '0': CMAKE_PREFIX_PATH=/opt/ros/foxy CONDA_PROMPT_MODIFIER=(ARX) /usr/bin/cmake /home/go2/ARX_X5/ARX_VR_SDK/ROS2/src/arm_control -DCMAKE_INSTALL_PREFIX=/home/go2/ARX_X5/ARX_VR_SDK/ROS2/install/arm_control
[1.669s] DEBUG:colcon.colcon_core.event_handler.log_command:Invoking command in '/home/go2/ARX_X5/ARX_VR_SDK/ROS2/build/arm_control': CMAKE_PREFIX_PATH=/opt/ros/foxy CONDA_PROMPT_MODIFIER=(ARX) /usr/bin/cmake --build /home/go2/ARX_X5/ARX_VR_SDK/ROS2/build/arm_control -- -j56 -l56
[4.078s] DEBUG:colcon.colcon_core.event_handler.log_command:Invoked command in '/home/go2/ARX_X5/ARX_VR_SDK/ROS2/build/arm_control' returned '0': CMAKE_PREFIX_PATH=/opt/ros/foxy CONDA_PROMPT_MODIFIER=(ARX) /usr/bin/cmake --build /home/go2/ARX_X5/ARX_VR_SDK/ROS2/build/arm_control -- -j56 -l56
[4.089s] DEBUG:colcon.colcon_core.event_handler.log_command:Invoking command in '/home/go2/ARX_X5/ARX_VR_SDK/ROS2/build/arm_control': CMAKE_PREFIX_PATH=/opt/ros/foxy CONDA_PROMPT_MODIFIER=(ARX) /usr/bin/cmake --install /home/go2/ARX_X5/ARX_VR_SDK/ROS2/build/arm_control
[4.139s] Level 1:colcon.colcon_core.environment:create_environment_scripts_only(arm_control)
[4.140s] DEBUG:colcon.colcon_core.event_handler.log_command:Invoked command in '/home/go2/ARX_X5/ARX_VR_SDK/ROS2/build/arm_control' returned '0': CMAKE_PREFIX_PATH=/opt/ros/foxy CONDA_PROMPT_MODIFIER=(ARX) /usr/bin/cmake --install /home/go2/ARX_X5/ARX_VR_SDK/ROS2/build/arm_control
[4.142s] Level 1:colcon.colcon_core.environment:checking '/home/go2/ARX_X5/ARX_VR_SDK/ROS2/install/arm_control' for CMake module files
[4.142s] Level 1:colcon.colcon_core.environment:checking '/home/go2/ARX_X5/ARX_VR_SDK/ROS2/install/arm_control' for CMake config files
[4.142s] Level 1:colcon.colcon_core.shell:create_environment_hook('arm_control', 'cmake_prefix_path')
[4.143s] INFO:colcon.colcon_core.shell:Creating environment hook '/home/go2/ARX_X5/ARX_VR_SDK/ROS2/install/arm_control/share/arm_control/hook/cmake_prefix_path.ps1'
[4.143s] INFO:colcon.colcon_core.shell:Creating environment descriptor '/home/go2/ARX_X5/ARX_VR_SDK/ROS2/install/arm_control/share/arm_control/hook/cmake_prefix_path.dsv'
[4.144s] INFO:colcon.colcon_core.shell:Creating environment hook '/home/go2/ARX_X5/ARX_VR_SDK/ROS2/install/arm_control/share/arm_control/hook/cmake_prefix_path.sh'
[4.144s] Level 1:colcon.colcon_core.environment:checking '/home/go2/ARX_X5/ARX_VR_SDK/ROS2/install/arm_control/lib'
[4.144s] Level 1:colcon.colcon_core.shell:create_environment_hook('arm_control', 'ld_library_path_lib')
[4.145s] INFO:colcon.colcon_core.shell:Creating environment hook '/home/go2/ARX_X5/ARX_VR_SDK/ROS2/install/arm_control/share/arm_control/hook/ld_library_path_lib.ps1'
[4.145s] INFO:colcon.colcon_core.shell:Creating environment descriptor '/home/go2/ARX_X5/ARX_VR_SDK/ROS2/install/arm_control/share/arm_control/hook/ld_library_path_lib.dsv'
[4.145s] INFO:colcon.colcon_core.shell:Creating environment hook '/home/go2/ARX_X5/ARX_VR_SDK/ROS2/install/arm_control/share/arm_control/hook/ld_library_path_lib.sh'
[4.145s] Level 1:colcon.colcon_core.environment:checking '/home/go2/ARX_X5/ARX_VR_SDK/ROS2/install/arm_control/bin'
[4.145s] Level 1:colcon.colcon_core.environment:checking '/home/go2/ARX_X5/ARX_VR_SDK/ROS2/install/arm_control/lib/pkgconfig/arm_control.pc'
[4.145s] Level 1:colcon.colcon_core.environment:checking '/home/go2/ARX_X5/ARX_VR_SDK/ROS2/install/arm_control/lib/python3.8/site-packages'
[4.145s] Level 1:colcon.colcon_core.shell:create_environment_hook('arm_control', 'pythonpath')
[4.146s] INFO:colcon.colcon_core.shell:Creating environment hook '/home/go2/ARX_X5/ARX_VR_SDK/ROS2/install/arm_control/share/arm_control/hook/pythonpath.ps1'
[4.146s] INFO:colcon.colcon_core.shell:Creating environment descriptor '/home/go2/ARX_X5/ARX_VR_SDK/ROS2/install/arm_control/share/arm_control/hook/pythonpath.dsv'
[4.146s] INFO:colcon.colcon_core.shell:Creating environment hook '/home/go2/ARX_X5/ARX_VR_SDK/ROS2/install/arm_control/share/arm_control/hook/pythonpath.sh'
[4.146s] Level 1:colcon.colcon_core.environment:checking '/home/go2/ARX_X5/ARX_VR_SDK/ROS2/install/arm_control/bin'
[4.147s] INFO:colcon.colcon_core.shell:Creating package script '/home/go2/ARX_X5/ARX_VR_SDK/ROS2/install/arm_control/share/arm_control/package.ps1'
[4.147s] INFO:colcon.colcon_core.shell:Creating package descriptor '/home/go2/ARX_X5/ARX_VR_SDK/ROS2/install/arm_control/share/arm_control/package.dsv'
[4.148s] INFO:colcon.colcon_core.shell:Creating package script '/home/go2/ARX_X5/ARX_VR_SDK/ROS2/install/arm_control/share/arm_control/package.sh'
[4.148s] INFO:colcon.colcon_core.shell:Creating package script '/home/go2/ARX_X5/ARX_VR_SDK/ROS2/install/arm_control/share/arm_control/package.bash'
[4.149s] INFO:colcon.colcon_core.shell:Creating package script '/home/go2/ARX_X5/ARX_VR_SDK/ROS2/install/arm_control/share/arm_control/package.zsh'
[4.149s] Level 1:colcon.colcon_core.environment:create_file_with_runtime_dependencies(/home/go2/ARX_X5/ARX_VR_SDK/ROS2/install/arm_control/share/colcon-core/packages/arm_control)
[4.150s] Level 1:colcon.colcon_core.environment:create_environment_scripts_only(arm_control)
[4.150s] Level 1:colcon.colcon_core.environment:checking '/home/go2/ARX_X5/ARX_VR_SDK/ROS2/install/arm_control' for CMake module files
[4.150s] Level 1:colcon.colcon_core.environment:checking '/home/go2/ARX_X5/ARX_VR_SDK/ROS2/install/arm_control' for CMake config files
[4.151s] Level 1:colcon.colcon_core.shell:create_environment_hook('arm_control', 'cmake_prefix_path')
[4.151s] INFO:colcon.colcon_core.shell:Creating environment hook '/home/go2/ARX_X5/ARX_VR_SDK/ROS2/install/arm_control/share/arm_control/hook/cmake_prefix_path.ps1'
[4.151s] INFO:colcon.colcon_core.shell:Creating environment descriptor '/home/go2/ARX_X5/ARX_VR_SDK/ROS2/install/arm_control/share/arm_control/hook/cmake_prefix_path.dsv'
[4.151s] INFO:colcon.colcon_core.shell:Creating environment hook '/home/go2/ARX_X5/ARX_VR_SDK/ROS2/install/arm_control/share/arm_control/hook/cmake_prefix_path.sh'
[4.152s] Level 1:colcon.colcon_core.environment:checking '/home/go2/ARX_X5/ARX_VR_SDK/ROS2/install/arm_control/lib'
[4.152s] Level 1:colcon.colcon_core.shell:create_environment_hook('arm_control', 'ld_library_path_lib')
[4.152s] INFO:colcon.colcon_core.shell:Creating environment hook '/home/go2/ARX_X5/ARX_VR_SDK/ROS2/install/arm_control/share/arm_control/hook/ld_library_path_lib.ps1'
[4.152s] INFO:colcon.colcon_core.shell:Creating environment descriptor '/home/go2/ARX_X5/ARX_VR_SDK/ROS2/install/arm_control/share/arm_control/hook/ld_library_path_lib.dsv'
[4.152s] INFO:colcon.colcon_core.shell:Creating environment hook '/home/go2/ARX_X5/ARX_VR_SDK/ROS2/install/arm_control/share/arm_control/hook/ld_library_path_lib.sh'
[4.153s] Level 1:colcon.colcon_core.environment:checking '/home/go2/ARX_X5/ARX_VR_SDK/ROS2/install/arm_control/bin'
[4.153s] Level 1:colcon.colcon_core.environment:checking '/home/go2/ARX_X5/ARX_VR_SDK/ROS2/install/arm_control/lib/pkgconfig/arm_control.pc'
[4.153s] Level 1:colcon.colcon_core.environment:checking '/home/go2/ARX_X5/ARX_VR_SDK/ROS2/install/arm_control/lib/python3.8/site-packages'
[4.153s] Level 1:colcon.colcon_core.shell:create_environment_hook('arm_control', 'pythonpath')
[4.153s] INFO:colcon.colcon_core.shell:Creating environment hook '/home/go2/ARX_X5/ARX_VR_SDK/ROS2/install/arm_control/share/arm_control/hook/pythonpath.ps1'
[4.153s] INFO:colcon.colcon_core.shell:Creating environment descriptor '/home/go2/ARX_X5/ARX_VR_SDK/ROS2/install/arm_control/share/arm_control/hook/pythonpath.dsv'
[4.153s] INFO:colcon.colcon_core.shell:Creating environment hook '/home/go2/ARX_X5/ARX_VR_SDK/ROS2/install/arm_control/share/arm_control/hook/pythonpath.sh'
[4.154s] Level 1:colcon.colcon_core.environment:checking '/home/go2/ARX_X5/ARX_VR_SDK/ROS2/install/arm_control/bin'
[4.154s] INFO:colcon.colcon_core.shell:Creating package script '/home/go2/ARX_X5/ARX_VR_SDK/ROS2/install/arm_control/share/arm_control/package.ps1'
[4.154s] INFO:colcon.colcon_core.shell:Creating package descriptor '/home/go2/ARX_X5/ARX_VR_SDK/ROS2/install/arm_control/share/arm_control/package.dsv'
[4.155s] INFO:colcon.colcon_core.shell:Creating package script '/home/go2/ARX_X5/ARX_VR_SDK/ROS2/install/arm_control/share/arm_control/package.sh'
[4.155s] INFO:colcon.colcon_core.shell:Creating package script '/home/go2/ARX_X5/ARX_VR_SDK/ROS2/install/arm_control/share/arm_control/package.bash'
[4.155s] INFO:colcon.colcon_core.shell:Creating package script '/home/go2/ARX_X5/ARX_VR_SDK/ROS2/install/arm_control/share/arm_control/package.zsh'
[4.156s] Level 1:colcon.colcon_core.environment:create_file_with_runtime_dependencies(/home/go2/ARX_X5/ARX_VR_SDK/ROS2/install/arm_control/share/colcon-core/packages/arm_control)
[4.156s] INFO:colcon.colcon_ros.task.ament_cmake.build:Building ROS package in '/home/go2/ARX_X5/ARX_VR_SDK/ROS2/src/serial_port' with build type 'ament_cmake'
[4.156s] INFO:colcon.colcon_cmake.task.cmake.build:Building CMake package in '/home/go2/ARX_X5/ARX_VR_SDK/ROS2/src/serial_port'
[4.156s] INFO:colcon.colcon_core.shell:Skip shell extension 'powershell' for command environment: Not usable outside of PowerShell
[4.156s] DEBUG:colcon.colcon_core.shell:Skip shell extension 'dsv' for command environment
[4.177s] DEBUG:colcon.colcon_core.event_handler.log_command:Invoking command in '/home/go2/ARX_X5/ARX_VR_SDK/ROS2/build/serial_port': AMENT_PREFIX_PATH=/home/go2/ARX_X5/ARX_VR_SDK/ROS2/install/arm_control:${AMENT_PREFIX_PATH} CMAKE_PREFIX_PATH=/home/go2/ARX_X5/ARX_VR_SDK/ROS2/install/arm_control:/opt/ros/foxy CONDA_PROMPT_MODIFIER=(ARX) LD_LIBRARY_PATH=/home/go2/ARX_X5/ARX_VR_SDK/ROS2/install/arm_control/lib:${LD_LIBRARY_PATH} PYTHONPATH=/home/go2/ARX_X5/ARX_VR_SDK/ROS2/install/arm_control/lib/python3.8/site-packages:${PYTHONPATH} /usr/bin/cmake /home/go2/ARX_X5/ARX_VR_SDK/ROS2/src/serial_port -DCMAKE_INSTALL_PREFIX=/home/go2/ARX_X5/ARX_VR_SDK/ROS2/install/serial_port
[5.926s] DEBUG:colcon.colcon_core.event_handler.log_command:Invoked command in '/home/go2/ARX_X5/ARX_VR_SDK/ROS2/build/serial_port' returned '0': AMENT_PREFIX_PATH=/home/go2/ARX_X5/ARX_VR_SDK/ROS2/install/arm_control:${AMENT_PREFIX_PATH} CMAKE_PREFIX_PATH=/home/go2/ARX_X5/ARX_VR_SDK/ROS2/install/arm_control:/opt/ros/foxy CONDA_PROMPT_MODIFIER=(ARX) LD_LIBRARY_PATH=/home/go2/ARX_X5/ARX_VR_SDK/ROS2/install/arm_control/lib:${LD_LIBRARY_PATH} PYTHONPATH=/home/go2/ARX_X5/ARX_VR_SDK/ROS2/install/arm_control/lib/python3.8/site-packages:${PYTHONPATH} /usr/bin/cmake /home/go2/ARX_X5/ARX_VR_SDK/ROS2/src/serial_port -DCMAKE_INSTALL_PREFIX=/home/go2/ARX_X5/ARX_VR_SDK/ROS2/install/serial_port
[5.930s] DEBUG:colcon.colcon_core.event_handler.log_command:Invoking command in '/home/go2/ARX_X5/ARX_VR_SDK/ROS2/build/serial_port': AMENT_PREFIX_PATH=/home/go2/ARX_X5/ARX_VR_SDK/ROS2/install/arm_control:${AMENT_PREFIX_PATH} CMAKE_PREFIX_PATH=/home/go2/ARX_X5/ARX_VR_SDK/ROS2/install/arm_control:/opt/ros/foxy CONDA_PROMPT_MODIFIER=(ARX) LD_LIBRARY_PATH=/home/go2/ARX_X5/ARX_VR_SDK/ROS2/install/arm_control/lib:${LD_LIBRARY_PATH} PYTHONPATH=/home/go2/ARX_X5/ARX_VR_SDK/ROS2/install/arm_control/lib/python3.8/site-packages:${PYTHONPATH} /usr/bin/cmake --build /home/go2/ARX_X5/ARX_VR_SDK/ROS2/build/serial_port -- -j56 -l56
[9.269s] DEBUG:colcon.colcon_core.event_handler.log_command:Invoked command in '/home/go2/ARX_X5/ARX_VR_SDK/ROS2/build/serial_port' returned '0': AMENT_PREFIX_PATH=/home/go2/ARX_X5/ARX_VR_SDK/ROS2/install/arm_control:${AMENT_PREFIX_PATH} CMAKE_PREFIX_PATH=/home/go2/ARX_X5/ARX_VR_SDK/ROS2/install/arm_control:/opt/ros/foxy CONDA_PROMPT_MODIFIER=(ARX) LD_LIBRARY_PATH=/home/go2/ARX_X5/ARX_VR_SDK/ROS2/install/arm_control/lib:${LD_LIBRARY_PATH} PYTHONPATH=/home/go2/ARX_X5/ARX_VR_SDK/ROS2/install/arm_control/lib/python3.8/site-packages:${PYTHONPATH} /usr/bin/cmake --build /home/go2/ARX_X5/ARX_VR_SDK/ROS2/build/serial_port -- -j56 -l56
[9.272s] DEBUG:colcon.colcon_core.event_handler.log_command:Invoking command in '/home/go2/ARX_X5/ARX_VR_SDK/ROS2/build/serial_port': AMENT_PREFIX_PATH=/home/go2/ARX_X5/ARX_VR_SDK/ROS2/install/arm_control:${AMENT_PREFIX_PATH} CMAKE_PREFIX_PATH=/home/go2/ARX_X5/ARX_VR_SDK/ROS2/install/arm_control:/opt/ros/foxy CONDA_PROMPT_MODIFIER=(ARX) LD_LIBRARY_PATH=/home/go2/ARX_X5/ARX_VR_SDK/ROS2/install/arm_control/lib:${LD_LIBRARY_PATH} PYTHONPATH=/home/go2/ARX_X5/ARX_VR_SDK/ROS2/install/arm_control/lib/python3.8/site-packages:${PYTHONPATH} /usr/bin/cmake --install /home/go2/ARX_X5/ARX_VR_SDK/ROS2/build/serial_port
[9.283s] Level 1:colcon.colcon_core.environment:create_environment_scripts_only(serial_port)
[9.283s] DEBUG:colcon.colcon_core.event_handler.log_command:Invoked command in '/home/go2/ARX_X5/ARX_VR_SDK/ROS2/build/serial_port' returned '0': AMENT_PREFIX_PATH=/home/go2/ARX_X5/ARX_VR_SDK/ROS2/install/arm_control:${AMENT_PREFIX_PATH} CMAKE_PREFIX_PATH=/home/go2/ARX_X5/ARX_VR_SDK/ROS2/install/arm_control:/opt/ros/foxy CONDA_PROMPT_MODIFIER=(ARX) LD_LIBRARY_PATH=/home/go2/ARX_X5/ARX_VR_SDK/ROS2/install/arm_control/lib:${LD_LIBRARY_PATH} PYTHONPATH=/home/go2/ARX_X5/ARX_VR_SDK/ROS2/install/arm_control/lib/python3.8/site-packages:${PYTHONPATH} /usr/bin/cmake --install /home/go2/ARX_X5/ARX_VR_SDK/ROS2/build/serial_port
[9.284s] Level 1:colcon.colcon_core.environment:checking '/home/go2/ARX_X5/ARX_VR_SDK/ROS2/install/serial_port' for CMake module files
[9.284s] Level 1:colcon.colcon_core.environment:checking '/home/go2/ARX_X5/ARX_VR_SDK/ROS2/install/serial_port' for CMake config files
[9.285s] Level 1:colcon.colcon_core.shell:create_environment_hook('serial_port', 'cmake_prefix_path')
[9.285s] INFO:colcon.colcon_core.shell:Creating environment hook '/home/go2/ARX_X5/ARX_VR_SDK/ROS2/install/serial_port/share/serial_port/hook/cmake_prefix_path.ps1'
[9.285s] INFO:colcon.colcon_core.shell:Creating environment descriptor '/home/go2/ARX_X5/ARX_VR_SDK/ROS2/install/serial_port/share/serial_port/hook/cmake_prefix_path.dsv'
[9.285s] INFO:colcon.colcon_core.shell:Creating environment hook '/home/go2/ARX_X5/ARX_VR_SDK/ROS2/install/serial_port/share/serial_port/hook/cmake_prefix_path.sh'
[9.286s] Level 1:colcon.colcon_core.environment:checking '/home/go2/ARX_X5/ARX_VR_SDK/ROS2/install/serial_port/lib'
[9.286s] Level 1:colcon.colcon_core.shell:create_environment_hook('serial_port', 'ld_library_path_lib')
[9.286s] INFO:colcon.colcon_core.shell:Creating environment hook '/home/go2/ARX_X5/ARX_VR_SDK/ROS2/install/serial_port/share/serial_port/hook/ld_library_path_lib.ps1'
[9.286s] INFO:colcon.colcon_core.shell:Creating environment descriptor '/home/go2/ARX_X5/ARX_VR_SDK/ROS2/install/serial_port/share/serial_port/hook/ld_library_path_lib.dsv'
[9.287s] INFO:colcon.colcon_core.shell:Creating environment hook '/home/go2/ARX_X5/ARX_VR_SDK/ROS2/install/serial_port/share/serial_port/hook/ld_library_path_lib.sh'
[9.287s] Level 1:colcon.colcon_core.environment:checking '/home/go2/ARX_X5/ARX_VR_SDK/ROS2/install/serial_port/bin'
[9.287s] Level 1:colcon.colcon_core.environment:checking '/home/go2/ARX_X5/ARX_VR_SDK/ROS2/install/serial_port/lib/pkgconfig/serial_port.pc'
[9.287s] Level 1:colcon.colcon_core.environment:checking '/home/go2/ARX_X5/ARX_VR_SDK/ROS2/install/serial_port/lib/python3.8/site-packages'
[9.287s] Level 1:colcon.colcon_core.environment:checking '/home/go2/ARX_X5/ARX_VR_SDK/ROS2/install/serial_port/bin'
[9.288s] INFO:colcon.colcon_core.shell:Creating package script '/home/go2/ARX_X5/ARX_VR_SDK/ROS2/install/serial_port/share/serial_port/package.ps1'
[9.288s] INFO:colcon.colcon_core.shell:Creating package descriptor '/home/go2/ARX_X5/ARX_VR_SDK/ROS2/install/serial_port/share/serial_port/package.dsv'
[9.288s] INFO:colcon.colcon_core.shell:Creating package script '/home/go2/ARX_X5/ARX_VR_SDK/ROS2/install/serial_port/share/serial_port/package.sh'
[9.289s] INFO:colcon.colcon_core.shell:Creating package script '/home/go2/ARX_X5/ARX_VR_SDK/ROS2/install/serial_port/share/serial_port/package.bash'
[9.289s] INFO:colcon.colcon_core.shell:Creating package script '/home/go2/ARX_X5/ARX_VR_SDK/ROS2/install/serial_port/share/serial_port/package.zsh'
[9.290s] Level 1:colcon.colcon_core.environment:create_file_with_runtime_dependencies(/home/go2/ARX_X5/ARX_VR_SDK/ROS2/install/serial_port/share/colcon-core/packages/serial_port)
[9.290s] Level 1:colcon.colcon_core.environment:create_environment_scripts_only(serial_port)
[9.290s] Level 1:colcon.colcon_core.environment:checking '/home/go2/ARX_X5/ARX_VR_SDK/ROS2/install/serial_port' for CMake module files
[9.291s] Level 1:colcon.colcon_core.environment:checking '/home/go2/ARX_X5/ARX_VR_SDK/ROS2/install/serial_port' for CMake config files
[9.291s] Level 1:colcon.colcon_core.shell:create_environment_hook('serial_port', 'cmake_prefix_path')
[9.291s] INFO:colcon.colcon_core.shell:Creating environment hook '/home/go2/ARX_X5/ARX_VR_SDK/ROS2/install/serial_port/share/serial_port/hook/cmake_prefix_path.ps1'
[9.291s] INFO:colcon.colcon_core.shell:Creating environment descriptor '/home/go2/ARX_X5/ARX_VR_SDK/ROS2/install/serial_port/share/serial_port/hook/cmake_prefix_path.dsv'
[9.291s] INFO:colcon.colcon_core.shell:Creating environment hook '/home/go2/ARX_X5/ARX_VR_SDK/ROS2/install/serial_port/share/serial_port/hook/cmake_prefix_path.sh'
[9.292s] Level 1:colcon.colcon_core.environment:checking '/home/go2/ARX_X5/ARX_VR_SDK/ROS2/install/serial_port/lib'
[9.292s] Level 1:colcon.colcon_core.shell:create_environment_hook('serial_port', 'ld_library_path_lib')
[9.292s] INFO:colcon.colcon_core.shell:Creating environment hook '/home/go2/ARX_X5/ARX_VR_SDK/ROS2/install/serial_port/share/serial_port/hook/ld_library_path_lib.ps1'
[9.292s] INFO:colcon.colcon_core.shell:Creating environment descriptor '/home/go2/ARX_X5/ARX_VR_SDK/ROS2/install/serial_port/share/serial_port/hook/ld_library_path_lib.dsv'
[9.292s] INFO:colcon.colcon_core.shell:Creating environment hook '/home/go2/ARX_X5/ARX_VR_SDK/ROS2/install/serial_port/share/serial_port/hook/ld_library_path_lib.sh'
[9.293s] Level 1:colcon.colcon_core.environment:checking '/home/go2/ARX_X5/ARX_VR_SDK/ROS2/install/serial_port/bin'
[9.293s] Level 1:colcon.colcon_core.environment:checking '/home/go2/ARX_X5/ARX_VR_SDK/ROS2/install/serial_port/lib/pkgconfig/serial_port.pc'
[9.293s] Level 1:colcon.colcon_core.environment:checking '/home/go2/ARX_X5/ARX_VR_SDK/ROS2/install/serial_port/lib/python3.8/site-packages'
[9.293s] Level 1:colcon.colcon_core.environment:checking '/home/go2/ARX_X5/ARX_VR_SDK/ROS2/install/serial_port/bin'
[9.293s] INFO:colcon.colcon_core.shell:Creating package script '/home/go2/ARX_X5/ARX_VR_SDK/ROS2/install/serial_port/share/serial_port/package.ps1'
[9.294s] INFO:colcon.colcon_core.shell:Creating package descriptor '/home/go2/ARX_X5/ARX_VR_SDK/ROS2/install/serial_port/share/serial_port/package.dsv'
[9.294s] INFO:colcon.colcon_core.shell:Creating package script '/home/go2/ARX_X5/ARX_VR_SDK/ROS2/install/serial_port/share/serial_port/package.sh'
[9.294s] INFO:colcon.colcon_core.shell:Creating package script '/home/go2/ARX_X5/ARX_VR_SDK/ROS2/install/serial_port/share/serial_port/package.bash'
[9.294s] INFO:colcon.colcon_core.shell:Creating package script '/home/go2/ARX_X5/ARX_VR_SDK/ROS2/install/serial_port/share/serial_port/package.zsh'
[9.295s] Level 1:colcon.colcon_core.environment:create_file_with_runtime_dependencies(/home/go2/ARX_X5/ARX_VR_SDK/ROS2/install/serial_port/share/colcon-core/packages/serial_port)
[9.295s] DEBUG:colcon.colcon_parallel_executor.executor.parallel:closing loop
[9.295s] DEBUG:colcon.colcon_parallel_executor.executor.parallel:loop closed
[9.295s] DEBUG:colcon.colcon_parallel_executor.executor.parallel:run_until_complete finished with '0'
[9.295s] DEBUG:colcon.colcon_core.event_reactor:joining thread
[9.299s] INFO:colcon.colcon_core.plugin_system:Skipping extension 'colcon_notification.desktop_notification.terminal_notifier': Not used on non-Darwin systems
[9.299s] INFO:colcon.colcon_core.plugin_system:Skipping extension 'colcon_notification.desktop_notification.win32': Not used on non-Windows systems
[9.300s] INFO:colcon.colcon_notification.desktop_notification:Sending desktop notification using 'notify2'
[9.313s] DEBUG:colcon.colcon_core.event_reactor:joined thread
[9.314s] INFO:colcon.colcon_core.shell:Creating prefix script '/home/go2/ARX_X5/ARX_VR_SDK/ROS2/install/local_setup.ps1'
[9.314s] INFO:colcon.colcon_core.shell:Creating prefix util module '/home/go2/ARX_X5/ARX_VR_SDK/ROS2/install/_local_setup_util_ps1.py'
[9.315s] INFO:colcon.colcon_core.shell:Creating prefix chain script '/home/go2/ARX_X5/ARX_VR_SDK/ROS2/install/setup.ps1'
[9.316s] INFO:colcon.colcon_core.shell:Creating prefix script '/home/go2/ARX_X5/ARX_VR_SDK/ROS2/install/local_setup.sh'
[9.316s] INFO:colcon.colcon_core.shell:Creating prefix util module '/home/go2/ARX_X5/ARX_VR_SDK/ROS2/install/_local_setup_util_sh.py'
[9.316s] INFO:colcon.colcon_core.shell:Creating prefix chain script '/home/go2/ARX_X5/ARX_VR_SDK/ROS2/install/setup.sh'
[9.317s] INFO:colcon.colcon_core.shell:Creating prefix script '/home/go2/ARX_X5/ARX_VR_SDK/ROS2/install/local_setup.bash'
[9.317s] INFO:colcon.colcon_core.shell:Creating prefix chain script '/home/go2/ARX_X5/ARX_VR_SDK/ROS2/install/setup.bash'
[9.318s] INFO:colcon.colcon_core.shell:Creating prefix script '/home/go2/ARX_X5/ARX_VR_SDK/ROS2/install/local_setup.zsh'
[9.318s] INFO:colcon.colcon_core.shell:Creating prefix chain script '/home/go2/ARX_X5/ARX_VR_SDK/ROS2/install/setup.zsh'
