[0.023s] Invoking command in '/home/go2/ARX_X5/ROS2/X5_ws/build/arx_x5_controller': AMENT_PREFIX_PATH=/home/go2/ARX_X5/ROS2/X5_ws/install/arx5_arm_msg:${AMENT_PREFIX_PATH} CMAKE_PREFIX_PATH=/home/go2/ARX_X5/ROS2/X5_ws/install/arx5_arm_msg:/opt/ros/foxy:/home/go2/ARX_X5/ROS2/X5_ws/install/arm_control CONDA_PROMPT_MODIFIER=(ARX) LD_LIBRARY_PATH=/home/go2/ARX_X5/ROS2/X5_ws/install/arx5_arm_msg/lib:/home/go2/ARX_X5/ROS2/X5_ws/install/arm_control/lib:${LD_LIBRARY_PATH} PKG_CONFIG_PATH=/home/go2/ARX_X5/ROS2/X5_ws/install/arm_control/lib/x86_64-linux-gnu/pkgconfig:/home/go2/ARX_X5/ROS2/X5_ws/install/arm_control/lib/pkgconfig PYTHONPATH=/home/go2/ARX_X5/ROS2/X5_ws/install/arx5_arm_msg/lib/python3.8/site-packages:/home/go2/ARX_X5/ROS2/X5_ws/install/arm_control/lib/python3.8/site-packages:${PYTHONPATH} ROS_PACKAGE_PATH=/home/go2/ARX_X5/ROS2/X5_ws/install/arm_control/share /usr/bin/cmake /home/go2/ARX_X5/ROS2/X5_ws/src/arx_x5_ros2/arx_x5_controller -DCMAKE_INSTALL_PREFIX=/home/go2/ARX_X5/ROS2/X5_ws/install/arx_x5_controller
[0.088s] -- The C compiler identification is GNU 9.4.0
[0.156s] -- The CXX compiler identification is GNU 9.4.0
[0.161s] -- Check for working C compiler: /usr/bin/cc
[0.241s] -- Check for working C compiler: /usr/bin/cc -- works
[0.242s] -- Detecting C compiler ABI info
[0.321s] -- Detecting C compiler ABI info - done
[0.329s] -- Detecting C compile features
[0.329s] -- Detecting C compile features - done
[0.331s] -- Check for working CXX compiler: /usr/bin/c++
[0.423s] -- Check for working CXX compiler: /usr/bin/c++ -- works
[0.424s] -- Detecting CXX compiler ABI info
[0.519s] -- Detecting CXX compiler ABI info - done
[0.527s] -- Detecting CXX compile features
[0.527s] -- Detecting CXX compile features - done
[0.529s] -- Found ament_cmake: 0.9.12 (/opt/ros/foxy/share/ament_cmake/cmake)
[0.553s] -- Found PythonInterp: /home/go2/miniconda3/envs/ARX/bin/python3 (found suitable version "3.8", minimum required is "3") 
[0.553s] -- Using PYTHON_EXECUTABLE: /home/go2/miniconda3/envs/ARX/bin/python3
[0.670s] -- Found ament_index_cpp: 1.1.0 (/opt/ros/foxy/share/ament_index_cpp/cmake)
[0.673s] -- Found rclcpp: 2.4.3 (/opt/ros/foxy/share/rclcpp/cmake)
[0.705s] -- Using all available rosidl_typesupport_c: rosidl_typesupport_fastrtps_c;rosidl_typesupport_introspection_c
[0.710s] -- Found rosidl_adapter: 1.3.1 (/opt/ros/foxy/share/rosidl_adapter/cmake)
[0.809s] -- Found OpenSSL: /usr/lib/x86_64-linux-gnu/libcrypto.so (found version "1.1.1f")  
[0.836s] -- Found FastRTPS: /opt/ros/foxy/include  
[0.899s] -- Using all available rosidl_typesupport_cpp: rosidl_typesupport_fastrtps_cpp;rosidl_typesupport_introspection_cpp
[0.938s] -- Found rmw_implementation_cmake: 1.0.4 (/opt/ros/foxy/share/rmw_implementation_cmake/cmake)
[0.939s] -- Using RMW implementation 'rmw_fastrtps_cpp' as default
[0.940s] -- Looking for pthread.h
[1.032s] -- Looking for pthread.h - found
[1.032s] -- Performing Test CMAKE_HAVE_LIBC_PTHREAD
[1.118s] -- Performing Test CMAKE_HAVE_LIBC_PTHREAD - Failed
[1.118s] -- Looking for pthread_create in pthreads
[1.196s] -- Looking for pthread_create in pthreads - not found
[1.196s] -- Looking for pthread_create in pthread
[1.284s] -- Looking for pthread_create in pthread - found
[1.285s] -- Found Threads: TRUE  
[1.393s] -- Found rosidl_default_generators: 1.0.1 (/opt/ros/foxy/share/rosidl_default_generators/cmake)
[1.401s] -- Found arm_control: 0.0.1 (/home/go2/ARX_X5/ROS2/X5_ws/install/arm_control/share/arm_control/cmake)
[1.424s] -- Found arx5_arm_msg: 0.0.0 (/home/go2/ARX_X5/ROS2/X5_ws/install/arx5_arm_msg/share/arx5_arm_msg/cmake)
[1.680s] -- Configuring done
[1.697s] -- Generating done
[1.701s] -- Build files have been written to: /home/go2/ARX_X5/ROS2/X5_ws/build/arx_x5_controller
[1.707s] Invoked command in '/home/go2/ARX_X5/ROS2/X5_ws/build/arx_x5_controller' returned '0': AMENT_PREFIX_PATH=/home/go2/ARX_X5/ROS2/X5_ws/install/arx5_arm_msg:${AMENT_PREFIX_PATH} CMAKE_PREFIX_PATH=/home/go2/ARX_X5/ROS2/X5_ws/install/arx5_arm_msg:/opt/ros/foxy:/home/go2/ARX_X5/ROS2/X5_ws/install/arm_control CONDA_PROMPT_MODIFIER=(ARX) LD_LIBRARY_PATH=/home/go2/ARX_X5/ROS2/X5_ws/install/arx5_arm_msg/lib:/home/go2/ARX_X5/ROS2/X5_ws/install/arm_control/lib:${LD_LIBRARY_PATH} PKG_CONFIG_PATH=/home/go2/ARX_X5/ROS2/X5_ws/install/arm_control/lib/x86_64-linux-gnu/pkgconfig:/home/go2/ARX_X5/ROS2/X5_ws/install/arm_control/lib/pkgconfig PYTHONPATH=/home/go2/ARX_X5/ROS2/X5_ws/install/arx5_arm_msg/lib/python3.8/site-packages:/home/go2/ARX_X5/ROS2/X5_ws/install/arm_control/lib/python3.8/site-packages:${PYTHONPATH} ROS_PACKAGE_PATH=/home/go2/ARX_X5/ROS2/X5_ws/install/arm_control/share /usr/bin/cmake /home/go2/ARX_X5/ROS2/X5_ws/src/arx_x5_ros2/arx_x5_controller -DCMAKE_INSTALL_PREFIX=/home/go2/ARX_X5/ROS2/X5_ws/install/arx_x5_controller
[1.711s] Invoking command in '/home/go2/ARX_X5/ROS2/X5_ws/build/arx_x5_controller': AMENT_PREFIX_PATH=/home/go2/ARX_X5/ROS2/X5_ws/install/arx5_arm_msg:${AMENT_PREFIX_PATH} CMAKE_PREFIX_PATH=/home/go2/ARX_X5/ROS2/X5_ws/install/arx5_arm_msg:/opt/ros/foxy:/home/go2/ARX_X5/ROS2/X5_ws/install/arm_control CONDA_PROMPT_MODIFIER=(ARX) LD_LIBRARY_PATH=/home/go2/ARX_X5/ROS2/X5_ws/install/arx5_arm_msg/lib:/home/go2/ARX_X5/ROS2/X5_ws/install/arm_control/lib:${LD_LIBRARY_PATH} PKG_CONFIG_PATH=/home/go2/ARX_X5/ROS2/X5_ws/install/arm_control/lib/x86_64-linux-gnu/pkgconfig:/home/go2/ARX_X5/ROS2/X5_ws/install/arm_control/lib/pkgconfig PYTHONPATH=/home/go2/ARX_X5/ROS2/X5_ws/install/arx5_arm_msg/lib/python3.8/site-packages:/home/go2/ARX_X5/ROS2/X5_ws/install/arm_control/lib/python3.8/site-packages:${PYTHONPATH} ROS_PACKAGE_PATH=/home/go2/ARX_X5/ROS2/X5_ws/install/arm_control/share /usr/bin/cmake --build /home/go2/ARX_X5/ROS2/X5_ws/build/arx_x5_controller -- -j56 -l56
[1.754s] [35m[1mScanning dependencies of target KeyBoard[0m
[1.757s] [35m[1mScanning dependencies of target X5Controller[0m
[1.830s] [ 25%] [32mBuilding CXX object CMakeFiles/KeyBoard.dir/src/KeyBoard.cpp.o[0m
[1.894s] [ 50%] [32mBuilding CXX object CMakeFiles/X5Controller.dir/src/X5Controller.cpp.o[0m
[4.028s] [ 75%] [32m[1mLinking CXX executable KeyBoard[0m
[4.184s] [ 75%] Built target KeyBoard
[8.653s] [100%] [32m[1mLinking CXX executable X5Controller[0m
[9.056s] [100%] Built target X5Controller
[9.071s] Invoked command in '/home/go2/ARX_X5/ROS2/X5_ws/build/arx_x5_controller' returned '0': AMENT_PREFIX_PATH=/home/go2/ARX_X5/ROS2/X5_ws/install/arx5_arm_msg:${AMENT_PREFIX_PATH} CMAKE_PREFIX_PATH=/home/go2/ARX_X5/ROS2/X5_ws/install/arx5_arm_msg:/opt/ros/foxy:/home/go2/ARX_X5/ROS2/X5_ws/install/arm_control CONDA_PROMPT_MODIFIER=(ARX) LD_LIBRARY_PATH=/home/go2/ARX_X5/ROS2/X5_ws/install/arx5_arm_msg/lib:/home/go2/ARX_X5/ROS2/X5_ws/install/arm_control/lib:${LD_LIBRARY_PATH} PKG_CONFIG_PATH=/home/go2/ARX_X5/ROS2/X5_ws/install/arm_control/lib/x86_64-linux-gnu/pkgconfig:/home/go2/ARX_X5/ROS2/X5_ws/install/arm_control/lib/pkgconfig PYTHONPATH=/home/go2/ARX_X5/ROS2/X5_ws/install/arx5_arm_msg/lib/python3.8/site-packages:/home/go2/ARX_X5/ROS2/X5_ws/install/arm_control/lib/python3.8/site-packages:${PYTHONPATH} ROS_PACKAGE_PATH=/home/go2/ARX_X5/ROS2/X5_ws/install/arm_control/share /usr/bin/cmake --build /home/go2/ARX_X5/ROS2/X5_ws/build/arx_x5_controller -- -j56 -l56
[9.073s] Invoking command in '/home/go2/ARX_X5/ROS2/X5_ws/build/arx_x5_controller': AMENT_PREFIX_PATH=/home/go2/ARX_X5/ROS2/X5_ws/install/arx5_arm_msg:${AMENT_PREFIX_PATH} CMAKE_PREFIX_PATH=/home/go2/ARX_X5/ROS2/X5_ws/install/arx5_arm_msg:/opt/ros/foxy:/home/go2/ARX_X5/ROS2/X5_ws/install/arm_control CONDA_PROMPT_MODIFIER=(ARX) LD_LIBRARY_PATH=/home/go2/ARX_X5/ROS2/X5_ws/install/arx5_arm_msg/lib:/home/go2/ARX_X5/ROS2/X5_ws/install/arm_control/lib:${LD_LIBRARY_PATH} PKG_CONFIG_PATH=/home/go2/ARX_X5/ROS2/X5_ws/install/arm_control/lib/x86_64-linux-gnu/pkgconfig:/home/go2/ARX_X5/ROS2/X5_ws/install/arm_control/lib/pkgconfig PYTHONPATH=/home/go2/ARX_X5/ROS2/X5_ws/install/arx5_arm_msg/lib/python3.8/site-packages:/home/go2/ARX_X5/ROS2/X5_ws/install/arm_control/lib/python3.8/site-packages:${PYTHONPATH} ROS_PACKAGE_PATH=/home/go2/ARX_X5/ROS2/X5_ws/install/arm_control/share /usr/bin/cmake --install /home/go2/ARX_X5/ROS2/X5_ws/build/arx_x5_controller
[9.083s] -- Install configuration: ""
[9.083s] -- Installing: /home/go2/ARX_X5/ROS2/X5_ws/install/arx_x5_controller/lib/arx_x5_controller/X5Controller
[9.085s] -- Set runtime path of "/home/go2/ARX_X5/ROS2/X5_ws/install/arx_x5_controller/lib/arx_x5_controller/X5Controller" to ""
[9.085s] -- Installing: /home/go2/ARX_X5/ROS2/X5_ws/install/arx_x5_controller/lib/arx_x5_controller/KeyBoard
[9.086s] -- Set runtime path of "/home/go2/ARX_X5/ROS2/X5_ws/install/arx_x5_controller/lib/arx_x5_controller/KeyBoard" to ""
[9.086s] -- Installing: /home/go2/ARX_X5/ROS2/X5_ws/install/arx_x5_controller/lib/libarx_x5_src.so
[9.129s] -- Installing: /home/go2/ARX_X5/ROS2/X5_ws/install/arx_x5_controller/share/arx_x5_controller/launch
[9.129s] -- Installing: /home/go2/ARX_X5/ROS2/X5_ws/install/arx_x5_controller/share/arx_x5_controller/launch/torque_control_catch.launch.py
[9.129s] -- Installing: /home/go2/ARX_X5/ROS2/X5_ws/install/arx_x5_controller/share/arx_x5_controller/launch/open_vr_double_arm.launch.py
[9.129s] -- Installing: /home/go2/ARX_X5/ROS2/X5_ws/install/arx_x5_controller/share/arx_x5_controller/launch/open_single_arm.launch.py
[9.130s] -- Installing: /home/go2/ARX_X5/ROS2/X5_ws/install/arx_x5_controller/share/arx_x5_controller/launch/open_remote_master.launch.py
[9.130s] -- Installing: /home/go2/ARX_X5/ROS2/X5_ws/install/arx_x5_controller/share/arx_x5_controller/launch/open_vr_single_arm.launch.py
[9.130s] -- Installing: /home/go2/ARX_X5/ROS2/X5_ws/install/arx_x5_controller/share/arx_x5_controller/launch/open_remote_slave.launch.py
[9.130s] -- Installing: /home/go2/ARX_X5/ROS2/X5_ws/install/arx_x5_controller/share/arx_x5_controller/config
[9.130s] -- Installing: /home/go2/ARX_X5/ROS2/X5_ws/install/arx_x5_controller/share/arx_x5_controller/config/remote_master.yaml
[9.131s] -- Installing: /home/go2/ARX_X5/ROS2/X5_ws/install/arx_x5_controller/share/arx_x5_controller/config/vr_double_arm.yaml
[9.131s] -- Installing: /home/go2/ARX_X5/ROS2/X5_ws/install/arx_x5_controller/share/arx_x5_controller/config/remote_slave.yaml
[9.131s] -- Installing: /home/go2/ARX_X5/ROS2/X5_ws/install/arx_x5_controller/share/arx_x5_controller/config/torque_control_catch.yaml
[9.131s] -- Installing: /home/go2/ARX_X5/ROS2/X5_ws/install/arx_x5_controller/share/arx_x5_controller/config/vr_single_arm.yaml
[9.131s] -- Installing: /home/go2/ARX_X5/ROS2/X5_ws/install/arx_x5_controller/share/arx_x5_controller/config/single_arm.yaml
[9.131s] -- Installing: /home/go2/ARX_X5/ROS2/X5_ws/install/arx_x5_controller/share/arx_x5_controller/x5.urdf
[9.132s] -- Installing: /home/go2/ARX_X5/ROS2/X5_ws/install/arx_x5_controller/share/arx_x5_controller/x5_master.urdf
[9.132s] -- Installing: /home/go2/ARX_X5/ROS2/X5_ws/install/arx_x5_controller/share/ament_index/resource_index/package_run_dependencies/arx_x5_controller
[9.132s] -- Installing: /home/go2/ARX_X5/ROS2/X5_ws/install/arx_x5_controller/share/ament_index/resource_index/parent_prefix_path/arx_x5_controller
[9.132s] -- Installing: /home/go2/ARX_X5/ROS2/X5_ws/install/arx_x5_controller/share/arx_x5_controller/environment/ament_prefix_path.sh
[9.132s] -- Installing: /home/go2/ARX_X5/ROS2/X5_ws/install/arx_x5_controller/share/arx_x5_controller/environment/ament_prefix_path.dsv
[9.132s] -- Installing: /home/go2/ARX_X5/ROS2/X5_ws/install/arx_x5_controller/share/arx_x5_controller/environment/path.sh
[9.132s] -- Installing: /home/go2/ARX_X5/ROS2/X5_ws/install/arx_x5_controller/share/arx_x5_controller/environment/path.dsv
[9.132s] -- Installing: /home/go2/ARX_X5/ROS2/X5_ws/install/arx_x5_controller/share/arx_x5_controller/local_setup.bash
[9.132s] -- Installing: /home/go2/ARX_X5/ROS2/X5_ws/install/arx_x5_controller/share/arx_x5_controller/local_setup.sh
[9.132s] -- Installing: /home/go2/ARX_X5/ROS2/X5_ws/install/arx_x5_controller/share/arx_x5_controller/local_setup.zsh
[9.132s] -- Installing: /home/go2/ARX_X5/ROS2/X5_ws/install/arx_x5_controller/share/arx_x5_controller/local_setup.dsv
[9.132s] -- Installing: /home/go2/ARX_X5/ROS2/X5_ws/install/arx_x5_controller/share/arx_x5_controller/package.dsv
[9.132s] -- Installing: /home/go2/ARX_X5/ROS2/X5_ws/install/arx_x5_controller/share/ament_index/resource_index/packages/arx_x5_controller
[9.132s] -- Installing: /home/go2/ARX_X5/ROS2/X5_ws/install/arx_x5_controller/share/arx_x5_controller/cmake/ament_cmake_export_dependencies-extras.cmake
[9.132s] -- Installing: /home/go2/ARX_X5/ROS2/X5_ws/install/arx_x5_controller/share/arx_x5_controller/cmake/arx_x5_controllerConfig.cmake
[9.133s] -- Installing: /home/go2/ARX_X5/ROS2/X5_ws/install/arx_x5_controller/share/arx_x5_controller/cmake/arx_x5_controllerConfig-version.cmake
[9.133s] -- Installing: /home/go2/ARX_X5/ROS2/X5_ws/install/arx_x5_controller/share/arx_x5_controller/package.xml
[9.134s] Invoked command in '/home/go2/ARX_X5/ROS2/X5_ws/build/arx_x5_controller' returned '0': AMENT_PREFIX_PATH=/home/go2/ARX_X5/ROS2/X5_ws/install/arx5_arm_msg:${AMENT_PREFIX_PATH} CMAKE_PREFIX_PATH=/home/go2/ARX_X5/ROS2/X5_ws/install/arx5_arm_msg:/opt/ros/foxy:/home/go2/ARX_X5/ROS2/X5_ws/install/arm_control CONDA_PROMPT_MODIFIER=(ARX) LD_LIBRARY_PATH=/home/go2/ARX_X5/ROS2/X5_ws/install/arx5_arm_msg/lib:/home/go2/ARX_X5/ROS2/X5_ws/install/arm_control/lib:${LD_LIBRARY_PATH} PKG_CONFIG_PATH=/home/go2/ARX_X5/ROS2/X5_ws/install/arm_control/lib/x86_64-linux-gnu/pkgconfig:/home/go2/ARX_X5/ROS2/X5_ws/install/arm_control/lib/pkgconfig PYTHONPATH=/home/go2/ARX_X5/ROS2/X5_ws/install/arx5_arm_msg/lib/python3.8/site-packages:/home/go2/ARX_X5/ROS2/X5_ws/install/arm_control/lib/python3.8/site-packages:${PYTHONPATH} ROS_PACKAGE_PATH=/home/go2/ARX_X5/ROS2/X5_ws/install/arm_control/share /usr/bin/cmake --install /home/go2/ARX_X5/ROS2/X5_ws/build/arx_x5_controller
