[0.037s] Invoking command in '/home/go2/ARX_X5/ros2_ws/build/orbbec_camera_msgs': CMAKE_PREFIX_PATH=/home/go2/ARX_X5/ros2_ws/install/orbbec_description:/home/go2/ARX_X5/ros2_ws/install/orbbec_camera:/home/go2/ARX_X5/ros2_ws/install/orbbec_camera_msgs:/home/go2/piper_ros/install/piper_msgs:/home/go2/piper_ros/install/piper_description:/home/go2/ARX_X5/ROS2/X5_ws/install/arx_x5_controller:/home/go2/ARX_X5/ROS2/X5_ws/install/arx5_arm_msg:/home/go2/piper_ros/install/piper:/opt/ros/foxy:/home/go2/ARX_X5/ROS2/X5_ws/install/arm_control CONDA_PROMPT_MODIFIER=(ARX) /usr/bin/cmake --build /home/go2/ARX_X5/ros2_ws/build/orbbec_camera_msgs -- -j56 -l56
[0.099s] [  0%] Built target orbbec_camera_msgs__cpp
[0.105s] [ 12%] Built target orbbec_camera_msgs__rosidl_generator_c
[0.133s] [ 24%] Built target orbbec_camera_msgs__rosidl_typesupport_cpp
[0.135s] [ 45%] Built target orbbec_camera_msgs__rosidl_typesupport_introspection_cpp
[0.135s] [ 48%] Built target orbbec_camera_msgs__rosidl_typesupport_c
[0.138s] [ 60%] Built target orbbec_camera_msgs__rosidl_typesupport_introspection_c
[0.138s] [ 71%] Built target orbbec_camera_msgs__rosidl_typesupport_fastrtps_cpp
[0.180s] [ 83%] Built target orbbec_camera_msgs__rosidl_typesupport_fastrtps_c
[0.205s] [ 83%] Built target orbbec_camera_msgs
[0.231s] [ 84%] Built target orbbec_camera_msgs__py
[0.267s] [ 95%] Built target orbbec_camera_msgs__python
[0.296s] [ 97%] Built target orbbec_camera_msgs__rosidl_typesupport_introspection_c__pyext
[0.296s] [ 98%] Built target orbbec_camera_msgs__rosidl_typesupport_c__pyext
[0.304s] [100%] Built target orbbec_camera_msgs__rosidl_typesupport_fastrtps_c__pyext
[0.316s] Invoked command in '/home/go2/ARX_X5/ros2_ws/build/orbbec_camera_msgs' returned '0': CMAKE_PREFIX_PATH=/home/go2/ARX_X5/ros2_ws/install/orbbec_description:/home/go2/ARX_X5/ros2_ws/install/orbbec_camera:/home/go2/ARX_X5/ros2_ws/install/orbbec_camera_msgs:/home/go2/piper_ros/install/piper_msgs:/home/go2/piper_ros/install/piper_description:/home/go2/ARX_X5/ROS2/X5_ws/install/arx_x5_controller:/home/go2/ARX_X5/ROS2/X5_ws/install/arx5_arm_msg:/home/go2/piper_ros/install/piper:/opt/ros/foxy:/home/go2/ARX_X5/ROS2/X5_ws/install/arm_control CONDA_PROMPT_MODIFIER=(ARX) /usr/bin/cmake --build /home/go2/ARX_X5/ros2_ws/build/orbbec_camera_msgs -- -j56 -l56
[0.325s] Invoking command in '/home/go2/ARX_X5/ros2_ws/build/orbbec_camera_msgs': CMAKE_PREFIX_PATH=/home/go2/ARX_X5/ros2_ws/install/orbbec_description:/home/go2/ARX_X5/ros2_ws/install/orbbec_camera:/home/go2/ARX_X5/ros2_ws/install/orbbec_camera_msgs:/home/go2/piper_ros/install/piper_msgs:/home/go2/piper_ros/install/piper_description:/home/go2/ARX_X5/ROS2/X5_ws/install/arx_x5_controller:/home/go2/ARX_X5/ROS2/X5_ws/install/arx5_arm_msg:/home/go2/piper_ros/install/piper:/opt/ros/foxy:/home/go2/ARX_X5/ROS2/X5_ws/install/arm_control CONDA_PROMPT_MODIFIER=(ARX) /usr/bin/cmake --install /home/go2/ARX_X5/ros2_ws/build/orbbec_camera_msgs
[0.333s] -- Install configuration: "Release"
[0.333s] -- Up-to-date: /home/go2/ARX_X5/ros2_ws/install/orbbec_camera_msgs/share/ament_index/resource_index/rosidl_interfaces/orbbec_camera_msgs
[0.334s] -- Up-to-date: /home/go2/ARX_X5/ros2_ws/install/orbbec_camera_msgs/include/orbbec_camera_msgs
[0.334s] -- Up-to-date: /home/go2/ARX_X5/ros2_ws/install/orbbec_camera_msgs/include/orbbec_camera_msgs/msg
[0.334s] -- Up-to-date: /home/go2/ARX_X5/ros2_ws/install/orbbec_camera_msgs/include/orbbec_camera_msgs/msg/imu_info.h
[0.334s] -- Up-to-date: /home/go2/ARX_X5/ros2_ws/install/orbbec_camera_msgs/include/orbbec_camera_msgs/msg/rosidl_generator_c__visibility_control.h
[0.334s] -- Up-to-date: /home/go2/ARX_X5/ros2_ws/install/orbbec_camera_msgs/include/orbbec_camera_msgs/msg/rgbd.h
[0.335s] -- Up-to-date: /home/go2/ARX_X5/ros2_ws/install/orbbec_camera_msgs/include/orbbec_camera_msgs/msg/metadata.h
[0.335s] -- Up-to-date: /home/go2/ARX_X5/ros2_ws/install/orbbec_camera_msgs/include/orbbec_camera_msgs/msg/extrinsics.h
[0.335s] -- Up-to-date: /home/go2/ARX_X5/ros2_ws/install/orbbec_camera_msgs/include/orbbec_camera_msgs/msg/device_info.h
[0.335s] -- Up-to-date: /home/go2/ARX_X5/ros2_ws/install/orbbec_camera_msgs/include/orbbec_camera_msgs/msg/detail
[0.335s] -- Up-to-date: /home/go2/ARX_X5/ros2_ws/install/orbbec_camera_msgs/include/orbbec_camera_msgs/msg/detail/extrinsics__type_support.h
[0.335s] -- Up-to-date: /home/go2/ARX_X5/ros2_ws/install/orbbec_camera_msgs/include/orbbec_camera_msgs/msg/detail/rgbd__type_support.h
[0.335s] -- Up-to-date: /home/go2/ARX_X5/ros2_ws/install/orbbec_camera_msgs/include/orbbec_camera_msgs/msg/detail/imu_info__struct.h
[0.335s] -- Up-to-date: /home/go2/ARX_X5/ros2_ws/install/orbbec_camera_msgs/include/orbbec_camera_msgs/msg/detail/extrinsics__functions.h
[0.335s] -- Up-to-date: /home/go2/ARX_X5/ros2_ws/install/orbbec_camera_msgs/include/orbbec_camera_msgs/msg/detail/rgbd__struct.h
[0.335s] -- Up-to-date: /home/go2/ARX_X5/ros2_ws/install/orbbec_camera_msgs/include/orbbec_camera_msgs/msg/detail/device_info__functions.c
[0.335s] -- Up-to-date: /home/go2/ARX_X5/ros2_ws/install/orbbec_camera_msgs/include/orbbec_camera_msgs/msg/detail/imu_info__functions.h
[0.335s] -- Up-to-date: /home/go2/ARX_X5/ros2_ws/install/orbbec_camera_msgs/include/orbbec_camera_msgs/msg/detail/metadata__type_support.h
[0.335s] -- Up-to-date: /home/go2/ARX_X5/ros2_ws/install/orbbec_camera_msgs/include/orbbec_camera_msgs/msg/detail/device_info__struct.h
[0.335s] -- Up-to-date: /home/go2/ARX_X5/ros2_ws/install/orbbec_camera_msgs/include/orbbec_camera_msgs/msg/detail/metadata__functions.c
[0.336s] -- Up-to-date: /home/go2/ARX_X5/ros2_ws/install/orbbec_camera_msgs/include/orbbec_camera_msgs/msg/detail/extrinsics__functions.c
[0.336s] -- Up-to-date: /home/go2/ARX_X5/ros2_ws/install/orbbec_camera_msgs/include/orbbec_camera_msgs/msg/detail/rgbd__functions.h
[0.336s] -- Up-to-date: /home/go2/ARX_X5/ros2_ws/install/orbbec_camera_msgs/include/orbbec_camera_msgs/msg/detail/imu_info__functions.c
[0.336s] -- Up-to-date: /home/go2/ARX_X5/ros2_ws/install/orbbec_camera_msgs/include/orbbec_camera_msgs/msg/detail/metadata__struct.h
[0.336s] -- Up-to-date: /home/go2/ARX_X5/ros2_ws/install/orbbec_camera_msgs/include/orbbec_camera_msgs/msg/detail/extrinsics__struct.h
[0.336s] -- Up-to-date: /home/go2/ARX_X5/ros2_ws/install/orbbec_camera_msgs/include/orbbec_camera_msgs/msg/detail/device_info__functions.h
[0.336s] -- Up-to-date: /home/go2/ARX_X5/ros2_ws/install/orbbec_camera_msgs/include/orbbec_camera_msgs/msg/detail/device_info__type_support.h
[0.336s] -- Up-to-date: /home/go2/ARX_X5/ros2_ws/install/orbbec_camera_msgs/include/orbbec_camera_msgs/msg/detail/metadata__functions.h
[0.336s] -- Up-to-date: /home/go2/ARX_X5/ros2_ws/install/orbbec_camera_msgs/include/orbbec_camera_msgs/msg/detail/imu_info__type_support.h
[0.336s] -- Up-to-date: /home/go2/ARX_X5/ros2_ws/install/orbbec_camera_msgs/include/orbbec_camera_msgs/msg/detail/rgbd__functions.c
[0.336s] -- Up-to-date: /home/go2/ARX_X5/ros2_ws/install/orbbec_camera_msgs/include/orbbec_camera_msgs/srv
[0.337s] -- Up-to-date: /home/go2/ARX_X5/ros2_ws/install/orbbec_camera_msgs/include/orbbec_camera_msgs/srv/get_int32.h
[0.337s] -- Up-to-date: /home/go2/ARX_X5/ros2_ws/install/orbbec_camera_msgs/include/orbbec_camera_msgs/srv/get_string.h
[0.337s] -- Up-to-date: /home/go2/ARX_X5/ros2_ws/install/orbbec_camera_msgs/include/orbbec_camera_msgs/srv/get_device_info.h
[0.337s] -- Up-to-date: /home/go2/ARX_X5/ros2_ws/install/orbbec_camera_msgs/include/orbbec_camera_msgs/srv/set_int32.h
[0.337s] -- Up-to-date: /home/go2/ARX_X5/ros2_ws/install/orbbec_camera_msgs/include/orbbec_camera_msgs/srv/detail
[0.337s] -- Up-to-date: /home/go2/ARX_X5/ros2_ws/install/orbbec_camera_msgs/include/orbbec_camera_msgs/srv/detail/get_int32__functions.h
[0.337s] -- Up-to-date: /home/go2/ARX_X5/ros2_ws/install/orbbec_camera_msgs/include/orbbec_camera_msgs/srv/detail/set_int32__functions.h
[0.337s] -- Up-to-date: /home/go2/ARX_X5/ros2_ws/install/orbbec_camera_msgs/include/orbbec_camera_msgs/srv/detail/get_camera_info__functions.h
[0.337s] -- Up-to-date: /home/go2/ARX_X5/ros2_ws/install/orbbec_camera_msgs/include/orbbec_camera_msgs/srv/detail/set_string__struct.h
[0.337s] -- Up-to-date: /home/go2/ARX_X5/ros2_ws/install/orbbec_camera_msgs/include/orbbec_camera_msgs/srv/detail/get_device_info__type_support.h
[0.337s] -- Up-to-date: /home/go2/ARX_X5/ros2_ws/install/orbbec_camera_msgs/include/orbbec_camera_msgs/srv/detail/get_string__functions.h
[0.337s] -- Up-to-date: /home/go2/ARX_X5/ros2_ws/install/orbbec_camera_msgs/include/orbbec_camera_msgs/srv/detail/get_int32__struct.h
[0.337s] -- Up-to-date: /home/go2/ARX_X5/ros2_ws/install/orbbec_camera_msgs/include/orbbec_camera_msgs/srv/detail/set_int32__functions.c
[0.337s] -- Up-to-date: /home/go2/ARX_X5/ros2_ws/install/orbbec_camera_msgs/include/orbbec_camera_msgs/srv/detail/get_camera_info__struct.h
[0.338s] -- Up-to-date: /home/go2/ARX_X5/ros2_ws/install/orbbec_camera_msgs/include/orbbec_camera_msgs/srv/detail/get_device_info__functions.c
[0.338s] -- Up-to-date: /home/go2/ARX_X5/ros2_ws/install/orbbec_camera_msgs/include/orbbec_camera_msgs/srv/detail/get_camera_info__type_support.h
[0.338s] -- Up-to-date: /home/go2/ARX_X5/ros2_ws/install/orbbec_camera_msgs/include/orbbec_camera_msgs/srv/detail/get_string__type_support.h
[0.338s] -- Up-to-date: /home/go2/ARX_X5/ros2_ws/install/orbbec_camera_msgs/include/orbbec_camera_msgs/srv/detail/set_int32__struct.h
[0.338s] -- Up-to-date: /home/go2/ARX_X5/ros2_ws/install/orbbec_camera_msgs/include/orbbec_camera_msgs/srv/detail/get_camera_info__functions.c
[0.338s] -- Up-to-date: /home/go2/ARX_X5/ros2_ws/install/orbbec_camera_msgs/include/orbbec_camera_msgs/srv/detail/set_string__functions.h
[0.338s] -- Up-to-date: /home/go2/ARX_X5/ros2_ws/install/orbbec_camera_msgs/include/orbbec_camera_msgs/srv/detail/get_bool__struct.h
[0.338s] -- Up-to-date: /home/go2/ARX_X5/ros2_ws/install/orbbec_camera_msgs/include/orbbec_camera_msgs/srv/detail/get_bool__type_support.h
[0.338s] -- Up-to-date: /home/go2/ARX_X5/ros2_ws/install/orbbec_camera_msgs/include/orbbec_camera_msgs/srv/detail/get_int32__type_support.h
[0.338s] -- Up-to-date: /home/go2/ARX_X5/ros2_ws/install/orbbec_camera_msgs/include/orbbec_camera_msgs/srv/detail/set_int32__type_support.h
[0.338s] -- Up-to-date: /home/go2/ARX_X5/ros2_ws/install/orbbec_camera_msgs/include/orbbec_camera_msgs/srv/detail/get_device_info__struct.h
[0.338s] -- Up-to-date: /home/go2/ARX_X5/ros2_ws/install/orbbec_camera_msgs/include/orbbec_camera_msgs/srv/detail/get_bool__functions.c
[0.338s] -- Up-to-date: /home/go2/ARX_X5/ros2_ws/install/orbbec_camera_msgs/include/orbbec_camera_msgs/srv/detail/set_string__functions.c
[0.338s] -- Up-to-date: /home/go2/ARX_X5/ros2_ws/install/orbbec_camera_msgs/include/orbbec_camera_msgs/srv/detail/get_device_info__functions.h
[0.338s] -- Up-to-date: /home/go2/ARX_X5/ros2_ws/install/orbbec_camera_msgs/include/orbbec_camera_msgs/srv/detail/set_string__type_support.h
[0.338s] -- Up-to-date: /home/go2/ARX_X5/ros2_ws/install/orbbec_camera_msgs/include/orbbec_camera_msgs/srv/detail/get_string__struct.h
[0.339s] -- Up-to-date: /home/go2/ARX_X5/ros2_ws/install/orbbec_camera_msgs/include/orbbec_camera_msgs/srv/detail/get_bool__functions.h
[0.339s] -- Up-to-date: /home/go2/ARX_X5/ros2_ws/install/orbbec_camera_msgs/include/orbbec_camera_msgs/srv/detail/get_string__functions.c
[0.339s] -- Up-to-date: /home/go2/ARX_X5/ros2_ws/install/orbbec_camera_msgs/include/orbbec_camera_msgs/srv/detail/get_int32__functions.c
[0.339s] -- Up-to-date: /home/go2/ARX_X5/ros2_ws/install/orbbec_camera_msgs/include/orbbec_camera_msgs/srv/get_camera_info.h
[0.339s] -- Up-to-date: /home/go2/ARX_X5/ros2_ws/install/orbbec_camera_msgs/include/orbbec_camera_msgs/srv/get_bool.h
[0.339s] -- Up-to-date: /home/go2/ARX_X5/ros2_ws/install/orbbec_camera_msgs/include/orbbec_camera_msgs/srv/set_string.h
[0.339s] -- Up-to-date: /home/go2/ARX_X5/ros2_ws/install/orbbec_camera_msgs/share/orbbec_camera_msgs/environment/library_path.sh
[0.339s] -- Up-to-date: /home/go2/ARX_X5/ros2_ws/install/orbbec_camera_msgs/share/orbbec_camera_msgs/environment/library_path.dsv
[0.339s] -- Up-to-date: /home/go2/ARX_X5/ros2_ws/install/orbbec_camera_msgs/lib/liborbbec_camera_msgs__rosidl_generator_c.so
[0.339s] -- Up-to-date: /home/go2/ARX_X5/ros2_ws/install/orbbec_camera_msgs/include/orbbec_camera_msgs
[0.339s] -- Up-to-date: /home/go2/ARX_X5/ros2_ws/install/orbbec_camera_msgs/include/orbbec_camera_msgs/msg
[0.339s] -- Up-to-date: /home/go2/ARX_X5/ros2_ws/install/orbbec_camera_msgs/include/orbbec_camera_msgs/msg/rosidl_typesupport_fastrtps_c__visibility_control.h
[0.339s] -- Up-to-date: /home/go2/ARX_X5/ros2_ws/install/orbbec_camera_msgs/include/orbbec_camera_msgs/msg/detail
[0.339s] -- Up-to-date: /home/go2/ARX_X5/ros2_ws/install/orbbec_camera_msgs/include/orbbec_camera_msgs/msg/detail/extrinsics__rosidl_typesupport_fastrtps_c.h
[0.339s] -- Up-to-date: /home/go2/ARX_X5/ros2_ws/install/orbbec_camera_msgs/include/orbbec_camera_msgs/msg/detail/imu_info__rosidl_typesupport_fastrtps_c.h
[0.339s] -- Up-to-date: /home/go2/ARX_X5/ros2_ws/install/orbbec_camera_msgs/include/orbbec_camera_msgs/msg/detail/rgbd__rosidl_typesupport_fastrtps_c.h
[0.339s] -- Up-to-date: /home/go2/ARX_X5/ros2_ws/install/orbbec_camera_msgs/include/orbbec_camera_msgs/msg/detail/metadata__rosidl_typesupport_fastrtps_c.h
[0.339s] -- Up-to-date: /home/go2/ARX_X5/ros2_ws/install/orbbec_camera_msgs/include/orbbec_camera_msgs/msg/detail/device_info__rosidl_typesupport_fastrtps_c.h
[0.339s] -- Up-to-date: /home/go2/ARX_X5/ros2_ws/install/orbbec_camera_msgs/include/orbbec_camera_msgs/srv
[0.339s] -- Up-to-date: /home/go2/ARX_X5/ros2_ws/install/orbbec_camera_msgs/include/orbbec_camera_msgs/srv/detail
[0.339s] -- Up-to-date: /home/go2/ARX_X5/ros2_ws/install/orbbec_camera_msgs/include/orbbec_camera_msgs/srv/detail/get_int32__rosidl_typesupport_fastrtps_c.h
[0.339s] -- Up-to-date: /home/go2/ARX_X5/ros2_ws/install/orbbec_camera_msgs/include/orbbec_camera_msgs/srv/detail/get_camera_info__rosidl_typesupport_fastrtps_c.h
[0.339s] -- Up-to-date: /home/go2/ARX_X5/ros2_ws/install/orbbec_camera_msgs/include/orbbec_camera_msgs/srv/detail/get_bool__rosidl_typesupport_fastrtps_c.h
[0.340s] -- Up-to-date: /home/go2/ARX_X5/ros2_ws/install/orbbec_camera_msgs/include/orbbec_camera_msgs/srv/detail/get_device_info__rosidl_typesupport_fastrtps_c.h
[0.340s] -- Up-to-date: /home/go2/ARX_X5/ros2_ws/install/orbbec_camera_msgs/include/orbbec_camera_msgs/srv/detail/set_string__rosidl_typesupport_fastrtps_c.h
[0.340s] -- Up-to-date: /home/go2/ARX_X5/ros2_ws/install/orbbec_camera_msgs/include/orbbec_camera_msgs/srv/detail/get_string__rosidl_typesupport_fastrtps_c.h
[0.340s] -- Up-to-date: /home/go2/ARX_X5/ros2_ws/install/orbbec_camera_msgs/include/orbbec_camera_msgs/srv/detail/set_int32__rosidl_typesupport_fastrtps_c.h
[0.340s] -- Up-to-date: /home/go2/ARX_X5/ros2_ws/install/orbbec_camera_msgs/lib/liborbbec_camera_msgs__rosidl_typesupport_fastrtps_c.so
[0.340s] -- Up-to-date: /home/go2/ARX_X5/ros2_ws/install/orbbec_camera_msgs/include/orbbec_camera_msgs
[0.340s] -- Up-to-date: /home/go2/ARX_X5/ros2_ws/install/orbbec_camera_msgs/include/orbbec_camera_msgs/msg
[0.340s] -- Up-to-date: /home/go2/ARX_X5/ros2_ws/install/orbbec_camera_msgs/include/orbbec_camera_msgs/msg/rosidl_typesupport_fastrtps_cpp__visibility_control.h
[0.340s] -- Up-to-date: /home/go2/ARX_X5/ros2_ws/install/orbbec_camera_msgs/include/orbbec_camera_msgs/msg/detail
[0.340s] -- Up-to-date: /home/go2/ARX_X5/ros2_ws/install/orbbec_camera_msgs/include/orbbec_camera_msgs/msg/detail/dds_fastrtps
[0.340s] -- Up-to-date: /home/go2/ARX_X5/ros2_ws/install/orbbec_camera_msgs/include/orbbec_camera_msgs/msg/detail/imu_info__rosidl_typesupport_fastrtps_cpp.hpp
[0.340s] -- Up-to-date: /home/go2/ARX_X5/ros2_ws/install/orbbec_camera_msgs/include/orbbec_camera_msgs/msg/detail/device_info__rosidl_typesupport_fastrtps_cpp.hpp
[0.340s] -- Up-to-date: /home/go2/ARX_X5/ros2_ws/install/orbbec_camera_msgs/include/orbbec_camera_msgs/msg/detail/metadata__rosidl_typesupport_fastrtps_cpp.hpp
[0.341s] -- Up-to-date: /home/go2/ARX_X5/ros2_ws/install/orbbec_camera_msgs/include/orbbec_camera_msgs/msg/detail/extrinsics__rosidl_typesupport_fastrtps_cpp.hpp
[0.341s] -- Up-to-date: /home/go2/ARX_X5/ros2_ws/install/orbbec_camera_msgs/include/orbbec_camera_msgs/msg/detail/rgbd__rosidl_typesupport_fastrtps_cpp.hpp
[0.341s] -- Up-to-date: /home/go2/ARX_X5/ros2_ws/install/orbbec_camera_msgs/include/orbbec_camera_msgs/srv
[0.341s] -- Up-to-date: /home/go2/ARX_X5/ros2_ws/install/orbbec_camera_msgs/include/orbbec_camera_msgs/srv/detail
[0.341s] -- Up-to-date: /home/go2/ARX_X5/ros2_ws/install/orbbec_camera_msgs/include/orbbec_camera_msgs/srv/detail/get_device_info__rosidl_typesupport_fastrtps_cpp.hpp
[0.341s] -- Up-to-date: /home/go2/ARX_X5/ros2_ws/install/orbbec_camera_msgs/include/orbbec_camera_msgs/srv/detail/dds_fastrtps
[0.341s] -- Up-to-date: /home/go2/ARX_X5/ros2_ws/install/orbbec_camera_msgs/include/orbbec_camera_msgs/srv/detail/set_string__rosidl_typesupport_fastrtps_cpp.hpp
[0.341s] -- Up-to-date: /home/go2/ARX_X5/ros2_ws/install/orbbec_camera_msgs/include/orbbec_camera_msgs/srv/detail/get_bool__rosidl_typesupport_fastrtps_cpp.hpp
[0.341s] -- Up-to-date: /home/go2/ARX_X5/ros2_ws/install/orbbec_camera_msgs/include/orbbec_camera_msgs/srv/detail/get_int32__rosidl_typesupport_fastrtps_cpp.hpp
[0.341s] -- Up-to-date: /home/go2/ARX_X5/ros2_ws/install/orbbec_camera_msgs/include/orbbec_camera_msgs/srv/detail/set_int32__rosidl_typesupport_fastrtps_cpp.hpp
[0.342s] -- Up-to-date: /home/go2/ARX_X5/ros2_ws/install/orbbec_camera_msgs/include/orbbec_camera_msgs/srv/detail/get_camera_info__rosidl_typesupport_fastrtps_cpp.hpp
[0.342s] -- Up-to-date: /home/go2/ARX_X5/ros2_ws/install/orbbec_camera_msgs/include/orbbec_camera_msgs/srv/detail/get_string__rosidl_typesupport_fastrtps_cpp.hpp
[0.342s] -- Up-to-date: /home/go2/ARX_X5/ros2_ws/install/orbbec_camera_msgs/lib/liborbbec_camera_msgs__rosidl_typesupport_fastrtps_cpp.so
[0.342s] -- Up-to-date: /home/go2/ARX_X5/ros2_ws/install/orbbec_camera_msgs/include/orbbec_camera_msgs
[0.342s] -- Up-to-date: /home/go2/ARX_X5/ros2_ws/install/orbbec_camera_msgs/include/orbbec_camera_msgs/msg
[0.342s] -- Up-to-date: /home/go2/ARX_X5/ros2_ws/install/orbbec_camera_msgs/include/orbbec_camera_msgs/msg/rosidl_typesupport_introspection_c__visibility_control.h
[0.342s] -- Up-to-date: /home/go2/ARX_X5/ros2_ws/install/orbbec_camera_msgs/include/orbbec_camera_msgs/msg/detail
[0.342s] -- Up-to-date: /home/go2/ARX_X5/ros2_ws/install/orbbec_camera_msgs/include/orbbec_camera_msgs/msg/detail/imu_info__rosidl_typesupport_introspection_c.h
[0.342s] -- Up-to-date: /home/go2/ARX_X5/ros2_ws/install/orbbec_camera_msgs/include/orbbec_camera_msgs/msg/detail/rgbd__rosidl_typesupport_introspection_c.h
[0.342s] -- Up-to-date: /home/go2/ARX_X5/ros2_ws/install/orbbec_camera_msgs/include/orbbec_camera_msgs/msg/detail/metadata__type_support.c
[0.342s] -- Up-to-date: /home/go2/ARX_X5/ros2_ws/install/orbbec_camera_msgs/include/orbbec_camera_msgs/msg/detail/metadata__rosidl_typesupport_introspection_c.h
[0.342s] -- Up-to-date: /home/go2/ARX_X5/ros2_ws/install/orbbec_camera_msgs/include/orbbec_camera_msgs/msg/detail/device_info__rosidl_typesupport_introspection_c.h
[0.342s] -- Up-to-date: /home/go2/ARX_X5/ros2_ws/install/orbbec_camera_msgs/include/orbbec_camera_msgs/msg/detail/extrinsics__rosidl_typesupport_introspection_c.h
[0.342s] -- Up-to-date: /home/go2/ARX_X5/ros2_ws/install/orbbec_camera_msgs/include/orbbec_camera_msgs/msg/detail/device_info__type_support.c
[0.342s] -- Up-to-date: /home/go2/ARX_X5/ros2_ws/install/orbbec_camera_msgs/include/orbbec_camera_msgs/msg/detail/imu_info__type_support.c
[0.342s] -- Up-to-date: /home/go2/ARX_X5/ros2_ws/install/orbbec_camera_msgs/include/orbbec_camera_msgs/msg/detail/extrinsics__type_support.c
[0.342s] -- Up-to-date: /home/go2/ARX_X5/ros2_ws/install/orbbec_camera_msgs/include/orbbec_camera_msgs/msg/detail/rgbd__type_support.c
[0.342s] -- Up-to-date: /home/go2/ARX_X5/ros2_ws/install/orbbec_camera_msgs/include/orbbec_camera_msgs/srv
[0.342s] -- Up-to-date: /home/go2/ARX_X5/ros2_ws/install/orbbec_camera_msgs/include/orbbec_camera_msgs/srv/detail
[0.343s] -- Up-to-date: /home/go2/ARX_X5/ros2_ws/install/orbbec_camera_msgs/include/orbbec_camera_msgs/srv/detail/get_int32__type_support.c
[0.343s] -- Up-to-date: /home/go2/ARX_X5/ros2_ws/install/orbbec_camera_msgs/include/orbbec_camera_msgs/srv/detail/get_bool__type_support.c
[0.343s] -- Up-to-date: /home/go2/ARX_X5/ros2_ws/install/orbbec_camera_msgs/include/orbbec_camera_msgs/srv/detail/get_device_info__type_support.c
[0.343s] -- Up-to-date: /home/go2/ARX_X5/ros2_ws/install/orbbec_camera_msgs/include/orbbec_camera_msgs/srv/detail/get_camera_info__rosidl_typesupport_introspection_c.h
[0.343s] -- Up-to-date: /home/go2/ARX_X5/ros2_ws/install/orbbec_camera_msgs/include/orbbec_camera_msgs/srv/detail/get_int32__rosidl_typesupport_introspection_c.h
[0.343s] -- Up-to-date: /home/go2/ARX_X5/ros2_ws/install/orbbec_camera_msgs/include/orbbec_camera_msgs/srv/detail/set_string__type_support.c
[0.343s] -- Up-to-date: /home/go2/ARX_X5/ros2_ws/install/orbbec_camera_msgs/include/orbbec_camera_msgs/srv/detail/set_int32__type_support.c
[0.343s] -- Up-to-date: /home/go2/ARX_X5/ros2_ws/install/orbbec_camera_msgs/include/orbbec_camera_msgs/srv/detail/set_int32__rosidl_typesupport_introspection_c.h
[0.343s] -- Up-to-date: /home/go2/ARX_X5/ros2_ws/install/orbbec_camera_msgs/include/orbbec_camera_msgs/srv/detail/get_device_info__rosidl_typesupport_introspection_c.h
[0.343s] -- Up-to-date: /home/go2/ARX_X5/ros2_ws/install/orbbec_camera_msgs/include/orbbec_camera_msgs/srv/detail/get_string__rosidl_typesupport_introspection_c.h
[0.343s] -- Up-to-date: /home/go2/ARX_X5/ros2_ws/install/orbbec_camera_msgs/include/orbbec_camera_msgs/srv/detail/get_bool__rosidl_typesupport_introspection_c.h
[0.343s] -- Up-to-date: /home/go2/ARX_X5/ros2_ws/install/orbbec_camera_msgs/include/orbbec_camera_msgs/srv/detail/get_string__type_support.c
[0.343s] -- Up-to-date: /home/go2/ARX_X5/ros2_ws/install/orbbec_camera_msgs/include/orbbec_camera_msgs/srv/detail/get_camera_info__type_support.c
[0.343s] -- Up-to-date: /home/go2/ARX_X5/ros2_ws/install/orbbec_camera_msgs/include/orbbec_camera_msgs/srv/detail/set_string__rosidl_typesupport_introspection_c.h
[0.343s] -- Up-to-date: /home/go2/ARX_X5/ros2_ws/install/orbbec_camera_msgs/lib/liborbbec_camera_msgs__rosidl_typesupport_introspection_c.so
[0.343s] -- Up-to-date: /home/go2/ARX_X5/ros2_ws/install/orbbec_camera_msgs/lib/liborbbec_camera_msgs__rosidl_typesupport_c.so
[0.344s] -- Up-to-date: /home/go2/ARX_X5/ros2_ws/install/orbbec_camera_msgs/include/orbbec_camera_msgs
[0.344s] -- Up-to-date: /home/go2/ARX_X5/ros2_ws/install/orbbec_camera_msgs/include/orbbec_camera_msgs/msg
[0.344s] -- Up-to-date: /home/go2/ARX_X5/ros2_ws/install/orbbec_camera_msgs/include/orbbec_camera_msgs/msg/device_info.hpp
[0.344s] -- Up-to-date: /home/go2/ARX_X5/ros2_ws/install/orbbec_camera_msgs/include/orbbec_camera_msgs/msg/imu_info.hpp
[0.344s] -- Up-to-date: /home/go2/ARX_X5/ros2_ws/install/orbbec_camera_msgs/include/orbbec_camera_msgs/msg/extrinsics.hpp
[0.344s] -- Up-to-date: /home/go2/ARX_X5/ros2_ws/install/orbbec_camera_msgs/include/orbbec_camera_msgs/msg/rosidl_generator_cpp__visibility_control.hpp
[0.344s] -- Up-to-date: /home/go2/ARX_X5/ros2_ws/install/orbbec_camera_msgs/include/orbbec_camera_msgs/msg/rgbd.hpp
[0.344s] -- Up-to-date: /home/go2/ARX_X5/ros2_ws/install/orbbec_camera_msgs/include/orbbec_camera_msgs/msg/detail
[0.344s] -- Up-to-date: /home/go2/ARX_X5/ros2_ws/install/orbbec_camera_msgs/include/orbbec_camera_msgs/msg/detail/device_info__struct.hpp
[0.344s] -- Up-to-date: /home/go2/ARX_X5/ros2_ws/install/orbbec_camera_msgs/include/orbbec_camera_msgs/msg/detail/rgbd__type_support.hpp
[0.345s] -- Up-to-date: /home/go2/ARX_X5/ros2_ws/install/orbbec_camera_msgs/include/orbbec_camera_msgs/msg/detail/device_info__type_support.hpp
[0.345s] -- Up-to-date: /home/go2/ARX_X5/ros2_ws/install/orbbec_camera_msgs/include/orbbec_camera_msgs/msg/detail/imu_info__type_support.hpp
[0.345s] -- Up-to-date: /home/go2/ARX_X5/ros2_ws/install/orbbec_camera_msgs/include/orbbec_camera_msgs/msg/detail/extrinsics__builder.hpp
[0.345s] -- Up-to-date: /home/go2/ARX_X5/ros2_ws/install/orbbec_camera_msgs/include/orbbec_camera_msgs/msg/detail/rgbd__builder.hpp
[0.345s] -- Up-to-date: /home/go2/ARX_X5/ros2_ws/install/orbbec_camera_msgs/include/orbbec_camera_msgs/msg/detail/extrinsics__type_support.hpp
[0.345s] -- Up-to-date: /home/go2/ARX_X5/ros2_ws/install/orbbec_camera_msgs/include/orbbec_camera_msgs/msg/detail/imu_info__struct.hpp
[0.345s] -- Up-to-date: /home/go2/ARX_X5/ros2_ws/install/orbbec_camera_msgs/include/orbbec_camera_msgs/msg/detail/metadata__struct.hpp
[0.345s] -- Up-to-date: /home/go2/ARX_X5/ros2_ws/install/orbbec_camera_msgs/include/orbbec_camera_msgs/msg/detail/rgbd__traits.hpp
[0.345s] -- Up-to-date: /home/go2/ARX_X5/ros2_ws/install/orbbec_camera_msgs/include/orbbec_camera_msgs/msg/detail/metadata__builder.hpp
[0.345s] -- Up-to-date: /home/go2/ARX_X5/ros2_ws/install/orbbec_camera_msgs/include/orbbec_camera_msgs/msg/detail/metadata__traits.hpp
[0.345s] -- Up-to-date: /home/go2/ARX_X5/ros2_ws/install/orbbec_camera_msgs/include/orbbec_camera_msgs/msg/detail/rgbd__struct.hpp
[0.345s] -- Up-to-date: /home/go2/ARX_X5/ros2_ws/install/orbbec_camera_msgs/include/orbbec_camera_msgs/msg/detail/imu_info__builder.hpp
[0.345s] -- Up-to-date: /home/go2/ARX_X5/ros2_ws/install/orbbec_camera_msgs/include/orbbec_camera_msgs/msg/detail/device_info__builder.hpp
[0.345s] -- Up-to-date: /home/go2/ARX_X5/ros2_ws/install/orbbec_camera_msgs/include/orbbec_camera_msgs/msg/detail/extrinsics__struct.hpp
[0.345s] -- Up-to-date: /home/go2/ARX_X5/ros2_ws/install/orbbec_camera_msgs/include/orbbec_camera_msgs/msg/detail/metadata__type_support.hpp
[0.346s] -- Up-to-date: /home/go2/ARX_X5/ros2_ws/install/orbbec_camera_msgs/include/orbbec_camera_msgs/msg/detail/imu_info__traits.hpp
[0.346s] -- Up-to-date: /home/go2/ARX_X5/ros2_ws/install/orbbec_camera_msgs/include/orbbec_camera_msgs/msg/detail/extrinsics__traits.hpp
[0.346s] -- Up-to-date: /home/go2/ARX_X5/ros2_ws/install/orbbec_camera_msgs/include/orbbec_camera_msgs/msg/detail/device_info__traits.hpp
[0.346s] -- Up-to-date: /home/go2/ARX_X5/ros2_ws/install/orbbec_camera_msgs/include/orbbec_camera_msgs/msg/metadata.hpp
[0.346s] -- Up-to-date: /home/go2/ARX_X5/ros2_ws/install/orbbec_camera_msgs/include/orbbec_camera_msgs/srv
[0.346s] -- Up-to-date: /home/go2/ARX_X5/ros2_ws/install/orbbec_camera_msgs/include/orbbec_camera_msgs/srv/get_device_info.hpp
[0.346s] -- Up-to-date: /home/go2/ARX_X5/ros2_ws/install/orbbec_camera_msgs/include/orbbec_camera_msgs/srv/set_string.hpp
[0.346s] -- Up-to-date: /home/go2/ARX_X5/ros2_ws/install/orbbec_camera_msgs/include/orbbec_camera_msgs/srv/get_int32.hpp
[0.346s] -- Up-to-date: /home/go2/ARX_X5/ros2_ws/install/orbbec_camera_msgs/include/orbbec_camera_msgs/srv/get_camera_info.hpp
[0.346s] -- Up-to-date: /home/go2/ARX_X5/ros2_ws/install/orbbec_camera_msgs/include/orbbec_camera_msgs/srv/set_int32.hpp
[0.346s] -- Up-to-date: /home/go2/ARX_X5/ros2_ws/install/orbbec_camera_msgs/include/orbbec_camera_msgs/srv/get_bool.hpp
[0.346s] -- Up-to-date: /home/go2/ARX_X5/ros2_ws/install/orbbec_camera_msgs/include/orbbec_camera_msgs/srv/get_string.hpp
[0.346s] -- Up-to-date: /home/go2/ARX_X5/ros2_ws/install/orbbec_camera_msgs/include/orbbec_camera_msgs/srv/detail
[0.346s] -- Up-to-date: /home/go2/ARX_X5/ros2_ws/install/orbbec_camera_msgs/include/orbbec_camera_msgs/srv/detail/get_int32__builder.hpp
[0.346s] -- Up-to-date: /home/go2/ARX_X5/ros2_ws/install/orbbec_camera_msgs/include/orbbec_camera_msgs/srv/detail/set_string__struct.hpp
[0.346s] -- Up-to-date: /home/go2/ARX_X5/ros2_ws/install/orbbec_camera_msgs/include/orbbec_camera_msgs/srv/detail/get_bool__traits.hpp
[0.346s] -- Up-to-date: /home/go2/ARX_X5/ros2_ws/install/orbbec_camera_msgs/include/orbbec_camera_msgs/srv/detail/get_camera_info__struct.hpp
[0.346s] -- Up-to-date: /home/go2/ARX_X5/ros2_ws/install/orbbec_camera_msgs/include/orbbec_camera_msgs/srv/detail/get_device_info__traits.hpp
[0.347s] -- Up-to-date: /home/go2/ARX_X5/ros2_ws/install/orbbec_camera_msgs/include/orbbec_camera_msgs/srv/detail/get_camera_info__builder.hpp
[0.347s] -- Up-to-date: /home/go2/ARX_X5/ros2_ws/install/orbbec_camera_msgs/include/orbbec_camera_msgs/srv/detail/get_string__struct.hpp
[0.347s] -- Up-to-date: /home/go2/ARX_X5/ros2_ws/install/orbbec_camera_msgs/include/orbbec_camera_msgs/srv/detail/get_bool__type_support.hpp
[0.347s] -- Up-to-date: /home/go2/ARX_X5/ros2_ws/install/orbbec_camera_msgs/include/orbbec_camera_msgs/srv/detail/get_camera_info__type_support.hpp
[0.347s] -- Up-to-date: /home/go2/ARX_X5/ros2_ws/install/orbbec_camera_msgs/include/orbbec_camera_msgs/srv/detail/get_string__type_support.hpp
[0.347s] -- Up-to-date: /home/go2/ARX_X5/ros2_ws/install/orbbec_camera_msgs/include/orbbec_camera_msgs/srv/detail/get_int32__type_support.hpp
[0.347s] -- Up-to-date: /home/go2/ARX_X5/ros2_ws/install/orbbec_camera_msgs/include/orbbec_camera_msgs/srv/detail/set_string__traits.hpp
[0.347s] -- Up-to-date: /home/go2/ARX_X5/ros2_ws/install/orbbec_camera_msgs/include/orbbec_camera_msgs/srv/detail/get_bool__builder.hpp
[0.347s] -- Up-to-date: /home/go2/ARX_X5/ros2_ws/install/orbbec_camera_msgs/include/orbbec_camera_msgs/srv/detail/set_int32__builder.hpp
[0.347s] -- Up-to-date: /home/go2/ARX_X5/ros2_ws/install/orbbec_camera_msgs/include/orbbec_camera_msgs/srv/detail/get_bool__struct.hpp
[0.347s] -- Up-to-date: /home/go2/ARX_X5/ros2_ws/install/orbbec_camera_msgs/include/orbbec_camera_msgs/srv/detail/set_string__builder.hpp
[0.347s] -- Up-to-date: /home/go2/ARX_X5/ros2_ws/install/orbbec_camera_msgs/include/orbbec_camera_msgs/srv/detail/get_int32__traits.hpp
[0.347s] -- Up-to-date: /home/go2/ARX_X5/ros2_ws/install/orbbec_camera_msgs/include/orbbec_camera_msgs/srv/detail/set_int32__traits.hpp
[0.347s] -- Up-to-date: /home/go2/ARX_X5/ros2_ws/install/orbbec_camera_msgs/include/orbbec_camera_msgs/srv/detail/get_int32__struct.hpp
[0.347s] -- Up-to-date: /home/go2/ARX_X5/ros2_ws/install/orbbec_camera_msgs/include/orbbec_camera_msgs/srv/detail/get_string__traits.hpp
[0.347s] -- Up-to-date: /home/go2/ARX_X5/ros2_ws/install/orbbec_camera_msgs/include/orbbec_camera_msgs/srv/detail/get_camera_info__traits.hpp
[0.347s] -- Up-to-date: /home/go2/ARX_X5/ros2_ws/install/orbbec_camera_msgs/include/orbbec_camera_msgs/srv/detail/get_string__builder.hpp
[0.347s] -- Up-to-date: /home/go2/ARX_X5/ros2_ws/install/orbbec_camera_msgs/include/orbbec_camera_msgs/srv/detail/get_device_info__type_support.hpp
[0.347s] -- Up-to-date: /home/go2/ARX_X5/ros2_ws/install/orbbec_camera_msgs/include/orbbec_camera_msgs/srv/detail/get_device_info__struct.hpp
[0.347s] -- Up-to-date: /home/go2/ARX_X5/ros2_ws/install/orbbec_camera_msgs/include/orbbec_camera_msgs/srv/detail/set_int32__struct.hpp
[0.348s] -- Up-to-date: /home/go2/ARX_X5/ros2_ws/install/orbbec_camera_msgs/include/orbbec_camera_msgs/srv/detail/set_string__type_support.hpp
[0.348s] -- Up-to-date: /home/go2/ARX_X5/ros2_ws/install/orbbec_camera_msgs/include/orbbec_camera_msgs/srv/detail/set_int32__type_support.hpp
[0.348s] -- Up-to-date: /home/go2/ARX_X5/ros2_ws/install/orbbec_camera_msgs/include/orbbec_camera_msgs/srv/detail/get_device_info__builder.hpp
[0.348s] -- Up-to-date: /home/go2/ARX_X5/ros2_ws/install/orbbec_camera_msgs/include/orbbec_camera_msgs
[0.348s] -- Up-to-date: /home/go2/ARX_X5/ros2_ws/install/orbbec_camera_msgs/include/orbbec_camera_msgs/msg
[0.348s] -- Up-to-date: /home/go2/ARX_X5/ros2_ws/install/orbbec_camera_msgs/include/orbbec_camera_msgs/msg/detail
[0.348s] -- Up-to-date: /home/go2/ARX_X5/ros2_ws/install/orbbec_camera_msgs/include/orbbec_camera_msgs/msg/detail/device_info__rosidl_typesupport_introspection_cpp.hpp
[0.348s] -- Up-to-date: /home/go2/ARX_X5/ros2_ws/install/orbbec_camera_msgs/include/orbbec_camera_msgs/msg/detail/metadata__rosidl_typesupport_introspection_cpp.hpp
[0.348s] -- Up-to-date: /home/go2/ARX_X5/ros2_ws/install/orbbec_camera_msgs/include/orbbec_camera_msgs/msg/detail/extrinsics__rosidl_typesupport_introspection_cpp.hpp
[0.348s] -- Up-to-date: /home/go2/ARX_X5/ros2_ws/install/orbbec_camera_msgs/include/orbbec_camera_msgs/msg/detail/rgbd__rosidl_typesupport_introspection_cpp.hpp
[0.348s] -- Up-to-date: /home/go2/ARX_X5/ros2_ws/install/orbbec_camera_msgs/include/orbbec_camera_msgs/msg/detail/imu_info__rosidl_typesupport_introspection_cpp.hpp
[0.348s] -- Up-to-date: /home/go2/ARX_X5/ros2_ws/install/orbbec_camera_msgs/include/orbbec_camera_msgs/msg/detail/rgbd__type_support.cpp
[0.348s] -- Up-to-date: /home/go2/ARX_X5/ros2_ws/install/orbbec_camera_msgs/include/orbbec_camera_msgs/msg/detail/imu_info__type_support.cpp
[0.348s] -- Up-to-date: /home/go2/ARX_X5/ros2_ws/install/orbbec_camera_msgs/include/orbbec_camera_msgs/msg/detail/extrinsics__type_support.cpp
[0.348s] -- Up-to-date: /home/go2/ARX_X5/ros2_ws/install/orbbec_camera_msgs/include/orbbec_camera_msgs/msg/detail/device_info__type_support.cpp
[0.348s] -- Up-to-date: /home/go2/ARX_X5/ros2_ws/install/orbbec_camera_msgs/include/orbbec_camera_msgs/msg/detail/metadata__type_support.cpp
[0.349s] -- Up-to-date: /home/go2/ARX_X5/ros2_ws/install/orbbec_camera_msgs/include/orbbec_camera_msgs/srv
[0.349s] -- Up-to-date: /home/go2/ARX_X5/ros2_ws/install/orbbec_camera_msgs/include/orbbec_camera_msgs/srv/detail
[0.349s] -- Up-to-date: /home/go2/ARX_X5/ros2_ws/install/orbbec_camera_msgs/include/orbbec_camera_msgs/srv/detail/get_int32__rosidl_typesupport_introspection_cpp.hpp
[0.349s] -- Up-to-date: /home/go2/ARX_X5/ros2_ws/install/orbbec_camera_msgs/include/orbbec_camera_msgs/srv/detail/set_int32__type_support.cpp
[0.349s] -- Up-to-date: /home/go2/ARX_X5/ros2_ws/install/orbbec_camera_msgs/include/orbbec_camera_msgs/srv/detail/get_bool__type_support.cpp
[0.349s] -- Up-to-date: /home/go2/ARX_X5/ros2_ws/install/orbbec_camera_msgs/include/orbbec_camera_msgs/srv/detail/get_int32__type_support.cpp
[0.349s] -- Up-to-date: /home/go2/ARX_X5/ros2_ws/install/orbbec_camera_msgs/include/orbbec_camera_msgs/srv/detail/set_string__type_support.cpp
[0.349s] -- Up-to-date: /home/go2/ARX_X5/ros2_ws/install/orbbec_camera_msgs/include/orbbec_camera_msgs/srv/detail/get_device_info__rosidl_typesupport_introspection_cpp.hpp
[0.349s] -- Up-to-date: /home/go2/ARX_X5/ros2_ws/install/orbbec_camera_msgs/include/orbbec_camera_msgs/srv/detail/get_camera_info__type_support.cpp
[0.349s] -- Up-to-date: /home/go2/ARX_X5/ros2_ws/install/orbbec_camera_msgs/include/orbbec_camera_msgs/srv/detail/get_camera_info__rosidl_typesupport_introspection_cpp.hpp
[0.349s] -- Up-to-date: /home/go2/ARX_X5/ros2_ws/install/orbbec_camera_msgs/include/orbbec_camera_msgs/srv/detail/get_string__rosidl_typesupport_introspection_cpp.hpp
[0.349s] -- Up-to-date: /home/go2/ARX_X5/ros2_ws/install/orbbec_camera_msgs/include/orbbec_camera_msgs/srv/detail/set_int32__rosidl_typesupport_introspection_cpp.hpp
[0.349s] -- Up-to-date: /home/go2/ARX_X5/ros2_ws/install/orbbec_camera_msgs/include/orbbec_camera_msgs/srv/detail/get_string__type_support.cpp
[0.349s] -- Up-to-date: /home/go2/ARX_X5/ros2_ws/install/orbbec_camera_msgs/include/orbbec_camera_msgs/srv/detail/set_string__rosidl_typesupport_introspection_cpp.hpp
[0.349s] -- Up-to-date: /home/go2/ARX_X5/ros2_ws/install/orbbec_camera_msgs/include/orbbec_camera_msgs/srv/detail/get_device_info__type_support.cpp
[0.349s] -- Up-to-date: /home/go2/ARX_X5/ros2_ws/install/orbbec_camera_msgs/include/orbbec_camera_msgs/srv/detail/get_bool__rosidl_typesupport_introspection_cpp.hpp
[0.349s] -- Up-to-date: /home/go2/ARX_X5/ros2_ws/install/orbbec_camera_msgs/lib/liborbbec_camera_msgs__rosidl_typesupport_introspection_cpp.so
[0.349s] -- Up-to-date: /home/go2/ARX_X5/ros2_ws/install/orbbec_camera_msgs/lib/liborbbec_camera_msgs__rosidl_typesupport_cpp.so
[0.349s] -- Up-to-date: /home/go2/ARX_X5/ros2_ws/install/orbbec_camera_msgs/share/orbbec_camera_msgs/environment/pythonpath.sh
[0.349s] -- Up-to-date: /home/go2/ARX_X5/ros2_ws/install/orbbec_camera_msgs/share/orbbec_camera_msgs/environment/pythonpath.dsv
[0.349s] -- Up-to-date: /home/go2/ARX_X5/ros2_ws/install/orbbec_camera_msgs/lib/python3.8/site-packages/orbbec_camera_msgs/__init__.py
[0.381s] -- Up-to-date: /home/go2/ARX_X5/ros2_ws/install/orbbec_camera_msgs/lib/python3.8/site-packages/orbbec_camera_msgs/msg
[0.381s] -- Up-to-date: /home/go2/ARX_X5/ros2_ws/install/orbbec_camera_msgs/lib/python3.8/site-packages/orbbec_camera_msgs/msg/_metadata_s.c
[0.382s] -- Up-to-date: /home/go2/ARX_X5/ros2_ws/install/orbbec_camera_msgs/lib/python3.8/site-packages/orbbec_camera_msgs/msg/_imu_info_s.c
[0.382s] -- Up-to-date: /home/go2/ARX_X5/ros2_ws/install/orbbec_camera_msgs/lib/python3.8/site-packages/orbbec_camera_msgs/msg/_rgbd.py
[0.382s] -- Up-to-date: /home/go2/ARX_X5/ros2_ws/install/orbbec_camera_msgs/lib/python3.8/site-packages/orbbec_camera_msgs/msg/_metadata.py
[0.382s] -- Up-to-date: /home/go2/ARX_X5/ros2_ws/install/orbbec_camera_msgs/lib/python3.8/site-packages/orbbec_camera_msgs/msg/_extrinsics.py
[0.382s] -- Up-to-date: /home/go2/ARX_X5/ros2_ws/install/orbbec_camera_msgs/lib/python3.8/site-packages/orbbec_camera_msgs/msg/_extrinsics_s.c
[0.382s] -- Up-to-date: /home/go2/ARX_X5/ros2_ws/install/orbbec_camera_msgs/lib/python3.8/site-packages/orbbec_camera_msgs/msg/_device_info_s.c
[0.382s] -- Up-to-date: /home/go2/ARX_X5/ros2_ws/install/orbbec_camera_msgs/lib/python3.8/site-packages/orbbec_camera_msgs/msg/_imu_info.py
[0.382s] -- Up-to-date: /home/go2/ARX_X5/ros2_ws/install/orbbec_camera_msgs/lib/python3.8/site-packages/orbbec_camera_msgs/msg/_device_info.py
[0.382s] -- Up-to-date: /home/go2/ARX_X5/ros2_ws/install/orbbec_camera_msgs/lib/python3.8/site-packages/orbbec_camera_msgs/msg/_rgbd_s.c
[0.382s] -- Up-to-date: /home/go2/ARX_X5/ros2_ws/install/orbbec_camera_msgs/lib/python3.8/site-packages/orbbec_camera_msgs/msg/__init__.py
[0.382s] -- Up-to-date: /home/go2/ARX_X5/ros2_ws/install/orbbec_camera_msgs/lib/python3.8/site-packages/orbbec_camera_msgs/srv
[0.382s] -- Up-to-date: /home/go2/ARX_X5/ros2_ws/install/orbbec_camera_msgs/lib/python3.8/site-packages/orbbec_camera_msgs/srv/_get_bool_s.c
[0.382s] -- Up-to-date: /home/go2/ARX_X5/ros2_ws/install/orbbec_camera_msgs/lib/python3.8/site-packages/orbbec_camera_msgs/srv/_get_camera_info.py
[0.382s] -- Up-to-date: /home/go2/ARX_X5/ros2_ws/install/orbbec_camera_msgs/lib/python3.8/site-packages/orbbec_camera_msgs/srv/_get_bool.py
[0.382s] -- Up-to-date: /home/go2/ARX_X5/ros2_ws/install/orbbec_camera_msgs/lib/python3.8/site-packages/orbbec_camera_msgs/srv/_set_int32_s.c
[0.382s] -- Up-to-date: /home/go2/ARX_X5/ros2_ws/install/orbbec_camera_msgs/lib/python3.8/site-packages/orbbec_camera_msgs/srv/_set_string_s.c
[0.382s] -- Up-to-date: /home/go2/ARX_X5/ros2_ws/install/orbbec_camera_msgs/lib/python3.8/site-packages/orbbec_camera_msgs/srv/_set_string.py
[0.382s] -- Up-to-date: /home/go2/ARX_X5/ros2_ws/install/orbbec_camera_msgs/lib/python3.8/site-packages/orbbec_camera_msgs/srv/_get_int32_s.c
[0.382s] -- Up-to-date: /home/go2/ARX_X5/ros2_ws/install/orbbec_camera_msgs/lib/python3.8/site-packages/orbbec_camera_msgs/srv/_get_string_s.c
[0.382s] -- Up-to-date: /home/go2/ARX_X5/ros2_ws/install/orbbec_camera_msgs/lib/python3.8/site-packages/orbbec_camera_msgs/srv/_get_device_info.py
[0.382s] -- Up-to-date: /home/go2/ARX_X5/ros2_ws/install/orbbec_camera_msgs/lib/python3.8/site-packages/orbbec_camera_msgs/srv/_set_int32.py
[0.382s] -- Up-to-date: /home/go2/ARX_X5/ros2_ws/install/orbbec_camera_msgs/lib/python3.8/site-packages/orbbec_camera_msgs/srv/_get_camera_info_s.c
[0.383s] -- Up-to-date: /home/go2/ARX_X5/ros2_ws/install/orbbec_camera_msgs/lib/python3.8/site-packages/orbbec_camera_msgs/srv/_get_int32.py
[0.383s] -- Up-to-date: /home/go2/ARX_X5/ros2_ws/install/orbbec_camera_msgs/lib/python3.8/site-packages/orbbec_camera_msgs/srv/_get_string.py
[0.383s] -- Up-to-date: /home/go2/ARX_X5/ros2_ws/install/orbbec_camera_msgs/lib/python3.8/site-packages/orbbec_camera_msgs/srv/__init__.py
[0.383s] -- Up-to-date: /home/go2/ARX_X5/ros2_ws/install/orbbec_camera_msgs/lib/python3.8/site-packages/orbbec_camera_msgs/srv/_get_device_info_s.c
[0.383s] -- Up-to-date: /home/go2/ARX_X5/ros2_ws/install/orbbec_camera_msgs/lib/python3.8/site-packages/orbbec_camera_msgs/orbbec_camera_msgs_s__rosidl_typesupport_fastrtps_c.cpython-38-x86_64-linux-gnu.so
[0.384s] -- Up-to-date: /home/go2/ARX_X5/ros2_ws/install/orbbec_camera_msgs/lib/python3.8/site-packages/orbbec_camera_msgs/orbbec_camera_msgs_s__rosidl_typesupport_introspection_c.cpython-38-x86_64-linux-gnu.so
[0.385s] -- Up-to-date: /home/go2/ARX_X5/ros2_ws/install/orbbec_camera_msgs/lib/python3.8/site-packages/orbbec_camera_msgs/orbbec_camera_msgs_s__rosidl_typesupport_c.cpython-38-x86_64-linux-gnu.so
[0.386s] -- Up-to-date: /home/go2/ARX_X5/ros2_ws/install/orbbec_camera_msgs/lib/liborbbec_camera_msgs__python.so
[0.386s] -- Up-to-date: /home/go2/ARX_X5/ros2_ws/install/orbbec_camera_msgs/share/orbbec_camera_msgs/msg/DeviceInfo.idl
[0.387s] -- Up-to-date: /home/go2/ARX_X5/ros2_ws/install/orbbec_camera_msgs/share/orbbec_camera_msgs/msg/Extrinsics.idl
[0.387s] -- Up-to-date: /home/go2/ARX_X5/ros2_ws/install/orbbec_camera_msgs/share/orbbec_camera_msgs/msg/Metadata.idl
[0.387s] -- Up-to-date: /home/go2/ARX_X5/ros2_ws/install/orbbec_camera_msgs/share/orbbec_camera_msgs/msg/IMUInfo.idl
[0.387s] -- Up-to-date: /home/go2/ARX_X5/ros2_ws/install/orbbec_camera_msgs/share/orbbec_camera_msgs/msg/RGBD.idl
[0.387s] -- Up-to-date: /home/go2/ARX_X5/ros2_ws/install/orbbec_camera_msgs/share/orbbec_camera_msgs/srv/GetBool.idl
[0.387s] -- Up-to-date: /home/go2/ARX_X5/ros2_ws/install/orbbec_camera_msgs/share/orbbec_camera_msgs/srv/GetDeviceInfo.idl
[0.387s] -- Up-to-date: /home/go2/ARX_X5/ros2_ws/install/orbbec_camera_msgs/share/orbbec_camera_msgs/srv/GetCameraInfo.idl
[0.387s] -- Up-to-date: /home/go2/ARX_X5/ros2_ws/install/orbbec_camera_msgs/share/orbbec_camera_msgs/srv/GetInt32.idl
[0.387s] -- Up-to-date: /home/go2/ARX_X5/ros2_ws/install/orbbec_camera_msgs/share/orbbec_camera_msgs/srv/GetString.idl
[0.388s] -- Up-to-date: /home/go2/ARX_X5/ros2_ws/install/orbbec_camera_msgs/share/orbbec_camera_msgs/srv/SetInt32.idl
[0.388s] -- Up-to-date: /home/go2/ARX_X5/ros2_ws/install/orbbec_camera_msgs/share/orbbec_camera_msgs/srv/SetString.idl
[0.388s] -- Up-to-date: /home/go2/ARX_X5/ros2_ws/install/orbbec_camera_msgs/share/orbbec_camera_msgs/msg/DeviceInfo.msg
[0.388s] -- Up-to-date: /home/go2/ARX_X5/ros2_ws/install/orbbec_camera_msgs/share/orbbec_camera_msgs/msg/Extrinsics.msg
[0.388s] -- Up-to-date: /home/go2/ARX_X5/ros2_ws/install/orbbec_camera_msgs/share/orbbec_camera_msgs/msg/Metadata.msg
[0.388s] -- Up-to-date: /home/go2/ARX_X5/ros2_ws/install/orbbec_camera_msgs/share/orbbec_camera_msgs/msg/IMUInfo.msg
[0.388s] -- Up-to-date: /home/go2/ARX_X5/ros2_ws/install/orbbec_camera_msgs/share/orbbec_camera_msgs/msg/RGBD.msg
[0.389s] -- Up-to-date: /home/go2/ARX_X5/ros2_ws/install/orbbec_camera_msgs/share/orbbec_camera_msgs/srv/GetBool.srv
[0.389s] -- Up-to-date: /home/go2/ARX_X5/ros2_ws/install/orbbec_camera_msgs/share/orbbec_camera_msgs/srv/GetBool_Request.msg
[0.389s] -- Up-to-date: /home/go2/ARX_X5/ros2_ws/install/orbbec_camera_msgs/share/orbbec_camera_msgs/srv/GetBool_Response.msg
[0.389s] -- Up-to-date: /home/go2/ARX_X5/ros2_ws/install/orbbec_camera_msgs/share/orbbec_camera_msgs/srv/GetDeviceInfo.srv
[0.389s] -- Up-to-date: /home/go2/ARX_X5/ros2_ws/install/orbbec_camera_msgs/share/orbbec_camera_msgs/srv/GetDeviceInfo_Request.msg
[0.389s] -- Up-to-date: /home/go2/ARX_X5/ros2_ws/install/orbbec_camera_msgs/share/orbbec_camera_msgs/srv/GetDeviceInfo_Response.msg
[0.389s] -- Up-to-date: /home/go2/ARX_X5/ros2_ws/install/orbbec_camera_msgs/share/orbbec_camera_msgs/srv/GetCameraInfo.srv
[0.389s] -- Up-to-date: /home/go2/ARX_X5/ros2_ws/install/orbbec_camera_msgs/share/orbbec_camera_msgs/srv/GetCameraInfo_Request.msg
[0.389s] -- Up-to-date: /home/go2/ARX_X5/ros2_ws/install/orbbec_camera_msgs/share/orbbec_camera_msgs/srv/GetCameraInfo_Response.msg
[0.389s] -- Up-to-date: /home/go2/ARX_X5/ros2_ws/install/orbbec_camera_msgs/share/orbbec_camera_msgs/srv/GetInt32.srv
[0.389s] -- Up-to-date: /home/go2/ARX_X5/ros2_ws/install/orbbec_camera_msgs/share/orbbec_camera_msgs/srv/GetInt32_Request.msg
[0.389s] -- Up-to-date: /home/go2/ARX_X5/ros2_ws/install/orbbec_camera_msgs/share/orbbec_camera_msgs/srv/GetInt32_Response.msg
[0.390s] -- Up-to-date: /home/go2/ARX_X5/ros2_ws/install/orbbec_camera_msgs/share/orbbec_camera_msgs/srv/GetString.srv
[0.390s] -- Up-to-date: /home/go2/ARX_X5/ros2_ws/install/orbbec_camera_msgs/share/orbbec_camera_msgs/srv/GetString_Request.msg
[0.390s] -- Up-to-date: /home/go2/ARX_X5/ros2_ws/install/orbbec_camera_msgs/share/orbbec_camera_msgs/srv/GetString_Response.msg
[0.390s] -- Up-to-date: /home/go2/ARX_X5/ros2_ws/install/orbbec_camera_msgs/share/orbbec_camera_msgs/srv/SetInt32.srv
[0.390s] -- Up-to-date: /home/go2/ARX_X5/ros2_ws/install/orbbec_camera_msgs/share/orbbec_camera_msgs/srv/SetInt32_Request.msg
[0.390s] -- Up-to-date: /home/go2/ARX_X5/ros2_ws/install/orbbec_camera_msgs/share/orbbec_camera_msgs/srv/SetInt32_Response.msg
[0.390s] -- Up-to-date: /home/go2/ARX_X5/ros2_ws/install/orbbec_camera_msgs/share/orbbec_camera_msgs/srv/SetString.srv
[0.390s] -- Up-to-date: /home/go2/ARX_X5/ros2_ws/install/orbbec_camera_msgs/share/orbbec_camera_msgs/srv/SetString_Request.msg
[0.390s] -- Up-to-date: /home/go2/ARX_X5/ros2_ws/install/orbbec_camera_msgs/share/orbbec_camera_msgs/srv/SetString_Response.msg
[0.390s] -- Up-to-date: /home/go2/ARX_X5/ros2_ws/install/orbbec_camera_msgs/share/ament_index/resource_index/package_run_dependencies/orbbec_camera_msgs
[0.390s] -- Up-to-date: /home/go2/ARX_X5/ros2_ws/install/orbbec_camera_msgs/share/ament_index/resource_index/parent_prefix_path/orbbec_camera_msgs
[0.390s] -- Up-to-date: /home/go2/ARX_X5/ros2_ws/install/orbbec_camera_msgs/share/orbbec_camera_msgs/environment/ament_prefix_path.sh
[0.390s] -- Up-to-date: /home/go2/ARX_X5/ros2_ws/install/orbbec_camera_msgs/share/orbbec_camera_msgs/environment/ament_prefix_path.dsv
[0.390s] -- Up-to-date: /home/go2/ARX_X5/ros2_ws/install/orbbec_camera_msgs/share/orbbec_camera_msgs/environment/path.sh
[0.390s] -- Up-to-date: /home/go2/ARX_X5/ros2_ws/install/orbbec_camera_msgs/share/orbbec_camera_msgs/environment/path.dsv
[0.390s] -- Up-to-date: /home/go2/ARX_X5/ros2_ws/install/orbbec_camera_msgs/share/orbbec_camera_msgs/local_setup.bash
[0.390s] -- Up-to-date: /home/go2/ARX_X5/ros2_ws/install/orbbec_camera_msgs/share/orbbec_camera_msgs/local_setup.sh
[0.390s] -- Up-to-date: /home/go2/ARX_X5/ros2_ws/install/orbbec_camera_msgs/share/orbbec_camera_msgs/local_setup.zsh
[0.390s] -- Up-to-date: /home/go2/ARX_X5/ros2_ws/install/orbbec_camera_msgs/share/orbbec_camera_msgs/local_setup.dsv
[0.390s] -- Installing: /home/go2/ARX_X5/ros2_ws/install/orbbec_camera_msgs/share/orbbec_camera_msgs/package.dsv
[0.390s] -- Up-to-date: /home/go2/ARX_X5/ros2_ws/install/orbbec_camera_msgs/share/ament_index/resource_index/packages/orbbec_camera_msgs
[0.391s] -- Up-to-date: /home/go2/ARX_X5/ros2_ws/install/orbbec_camera_msgs/share/orbbec_camera_msgs/cmake/orbbec_camera_msgs__rosidl_generator_cExport.cmake
[0.391s] -- Up-to-date: /home/go2/ARX_X5/ros2_ws/install/orbbec_camera_msgs/share/orbbec_camera_msgs/cmake/orbbec_camera_msgs__rosidl_generator_cExport-release.cmake
[0.391s] -- Up-to-date: /home/go2/ARX_X5/ros2_ws/install/orbbec_camera_msgs/share/orbbec_camera_msgs/cmake/orbbec_camera_msgs__rosidl_typesupport_introspection_cExport.cmake
[0.391s] -- Up-to-date: /home/go2/ARX_X5/ros2_ws/install/orbbec_camera_msgs/share/orbbec_camera_msgs/cmake/orbbec_camera_msgs__rosidl_typesupport_introspection_cExport-release.cmake
[0.391s] -- Up-to-date: /home/go2/ARX_X5/ros2_ws/install/orbbec_camera_msgs/share/orbbec_camera_msgs/cmake/orbbec_camera_msgs__rosidl_typesupport_cExport.cmake
[0.391s] -- Up-to-date: /home/go2/ARX_X5/ros2_ws/install/orbbec_camera_msgs/share/orbbec_camera_msgs/cmake/orbbec_camera_msgs__rosidl_typesupport_cExport-release.cmake
[0.392s] -- Up-to-date: /home/go2/ARX_X5/ros2_ws/install/orbbec_camera_msgs/share/orbbec_camera_msgs/cmake/orbbec_camera_msgs__rosidl_generator_cppExport.cmake
[0.393s] -- Up-to-date: /home/go2/ARX_X5/ros2_ws/install/orbbec_camera_msgs/share/orbbec_camera_msgs/cmake/orbbec_camera_msgs__rosidl_typesupport_introspection_cppExport.cmake
[0.393s] -- Up-to-date: /home/go2/ARX_X5/ros2_ws/install/orbbec_camera_msgs/share/orbbec_camera_msgs/cmake/orbbec_camera_msgs__rosidl_typesupport_introspection_cppExport-release.cmake
[0.393s] -- Up-to-date: /home/go2/ARX_X5/ros2_ws/install/orbbec_camera_msgs/share/orbbec_camera_msgs/cmake/orbbec_camera_msgs__rosidl_typesupport_cppExport.cmake
[0.393s] -- Up-to-date: /home/go2/ARX_X5/ros2_ws/install/orbbec_camera_msgs/share/orbbec_camera_msgs/cmake/orbbec_camera_msgs__rosidl_typesupport_cppExport-release.cmake
[0.393s] -- Up-to-date: /home/go2/ARX_X5/ros2_ws/install/orbbec_camera_msgs/share/orbbec_camera_msgs/cmake/rosidl_cmake-extras.cmake
[0.394s] -- Up-to-date: /home/go2/ARX_X5/ros2_ws/install/orbbec_camera_msgs/share/orbbec_camera_msgs/cmake/ament_cmake_export_dependencies-extras.cmake
[0.394s] -- Up-to-date: /home/go2/ARX_X5/ros2_ws/install/orbbec_camera_msgs/share/orbbec_camera_msgs/cmake/ament_cmake_export_libraries-extras.cmake
[0.394s] -- Up-to-date: /home/go2/ARX_X5/ros2_ws/install/orbbec_camera_msgs/share/orbbec_camera_msgs/cmake/ament_cmake_export_targets-extras.cmake
[0.394s] -- Up-to-date: /home/go2/ARX_X5/ros2_ws/install/orbbec_camera_msgs/share/orbbec_camera_msgs/cmake/ament_cmake_export_include_directories-extras.cmake
[0.394s] -- Up-to-date: /home/go2/ARX_X5/ros2_ws/install/orbbec_camera_msgs/share/orbbec_camera_msgs/cmake/rosidl_cmake_export_typesupport_libraries-extras.cmake
[0.394s] -- Up-to-date: /home/go2/ARX_X5/ros2_ws/install/orbbec_camera_msgs/share/orbbec_camera_msgs/cmake/rosidl_cmake_export_typesupport_targets-extras.cmake
[0.394s] -- Up-to-date: /home/go2/ARX_X5/ros2_ws/install/orbbec_camera_msgs/share/orbbec_camera_msgs/cmake/orbbec_camera_msgsConfig.cmake
[0.394s] -- Up-to-date: /home/go2/ARX_X5/ros2_ws/install/orbbec_camera_msgs/share/orbbec_camera_msgs/cmake/orbbec_camera_msgsConfig-version.cmake
[0.394s] -- Up-to-date: /home/go2/ARX_X5/ros2_ws/install/orbbec_camera_msgs/share/orbbec_camera_msgs/package.xml
[0.398s] Invoked command in '/home/go2/ARX_X5/ros2_ws/build/orbbec_camera_msgs' returned '0': CMAKE_PREFIX_PATH=/home/go2/ARX_X5/ros2_ws/install/orbbec_description:/home/go2/ARX_X5/ros2_ws/install/orbbec_camera:/home/go2/ARX_X5/ros2_ws/install/orbbec_camera_msgs:/home/go2/piper_ros/install/piper_msgs:/home/go2/piper_ros/install/piper_description:/home/go2/ARX_X5/ROS2/X5_ws/install/arx_x5_controller:/home/go2/ARX_X5/ROS2/X5_ws/install/arx5_arm_msg:/home/go2/piper_ros/install/piper:/opt/ros/foxy:/home/go2/ARX_X5/ROS2/X5_ws/install/arm_control CONDA_PROMPT_MODIFIER=(ARX) /usr/bin/cmake --install /home/go2/ARX_X5/ros2_ws/build/orbbec_camera_msgs
