[0.138s] DEBUG:colcon:Command line arguments: ['/usr/bin/colcon', 'build', '--event-handlers', 'console_direct+', '--cmake-args', '-DCMAKE_BUILD_TYPE=Release']
[0.138s] DEBUG:colcon:Parsed command line arguments: Namespace(allow_overriding=[], ament_cmake_args=None, base_paths=['.'], build_base='build', catkin_cmake_args=None, catkin_skip_building_tests=False, cmake_args=['-DCMAKE_BUILD_TYPE=Release'], cmake_clean_cache=False, cmake_clean_first=False, cmake_force_configure=False, cmake_target=None, cmake_target_skip_unavailable=False, continue_on_error=False, event_handlers=['console_direct+'], executor='parallel', ignore_user_meta=False, install_base='install', log_base=None, log_level=None, main=<bound method BuildVerb.main of <colcon_core.verb.build.BuildVerb object at 0x7f4e5d655f10>>, merge_install=False, metas=['./colcon.meta'], mixin=None, mixin_files=None, mixin_verb=('build',), packages_above=None, packages_above_and_dependencies=None, packages_above_depth=None, packages_end=None, packages_ignore=None, packages_ignore_regex=None, packages_select=None, packages_select_build_failed=False, packages_select_by_dep=None, packages_select_regex=None, packages_select_test_failures=False, packages_skip=None, packages_skip_build_finished=False, packages_skip_by_dep=None, packages_skip_regex=None, packages_skip_test_passed=False, packages_skip_up_to=None, packages_start=None, packages_up_to=None, packages_up_to_regex=None, parallel_workers=56, paths=None, symlink_install=False, test_result_base=None, verb_extension=<colcon_core.verb.build.BuildVerb object at 0x7f4e5d655f10>, verb_name='build', verb_parser=<colcon_mixin.mixin.mixin_argument.MixinArgumentDecorator object at 0x7f4e5d65f6a0>)
[0.243s] Level 1:colcon.colcon_core.package_discovery:discover_packages(colcon_meta) check parameters
[0.243s] Level 1:colcon.colcon_core.package_discovery:discover_packages(recursive) check parameters
[0.243s] Level 1:colcon.colcon_core.package_discovery:discover_packages(ignore) check parameters
[0.243s] Level 1:colcon.colcon_core.package_discovery:discover_packages(path) check parameters
[0.243s] Level 1:colcon.colcon_core.package_discovery:discover_packages(colcon_meta) discover
[0.243s] Level 1:colcon.colcon_core.package_discovery:discover_packages(recursive) discover
[0.243s] INFO:colcon.colcon_core.package_discovery:Crawling recursively for packages in '/home/go2/ARX_X5/ros2_ws'
[0.244s] Level 1:colcon.colcon_core.package_identification:_identify(.) by extensions ['ignore', 'ignore_ament_install']
[0.244s] Level 1:colcon.colcon_core.package_identification:_identify(.) by extension 'ignore'
[0.244s] Level 1:colcon.colcon_core.package_identification:_identify(.) by extension 'ignore_ament_install'
[0.244s] Level 1:colcon.colcon_core.package_identification:_identify(.) by extensions ['colcon_pkg']
[0.244s] Level 1:colcon.colcon_core.package_identification:_identify(.) by extension 'colcon_pkg'
[0.244s] Level 1:colcon.colcon_core.package_identification:_identify(.) by extensions ['colcon_meta']
[0.244s] Level 1:colcon.colcon_core.package_identification:_identify(.) by extension 'colcon_meta'
[0.244s] Level 1:colcon.colcon_core.package_identification:_identify(.) by extensions ['ros']
[0.244s] Level 1:colcon.colcon_core.package_identification:_identify(.) by extension 'ros'
[0.252s] Level 1:colcon.colcon_core.package_identification:_identify(.) by extensions ['cmake', 'python']
[0.252s] Level 1:colcon.colcon_core.package_identification:_identify(.) by extension 'cmake'
[0.252s] Level 1:colcon.colcon_core.package_identification:_identify(.) by extension 'python'
[0.252s] Level 1:colcon.colcon_core.package_identification:_identify(.) by extensions ['python_setup_py']
[0.252s] Level 1:colcon.colcon_core.package_identification:_identify(.) by extension 'python_setup_py'
[0.252s] Level 1:colcon.colcon_core.package_identification:_identify(build) by extensions ['ignore', 'ignore_ament_install']
[0.252s] Level 1:colcon.colcon_core.package_identification:_identify(build) by extension 'ignore'
[0.252s] Level 1:colcon.colcon_core.package_identification:_identify(build) ignored
[0.252s] Level 1:colcon.colcon_core.package_identification:_identify(install) by extensions ['ignore', 'ignore_ament_install']
[0.252s] Level 1:colcon.colcon_core.package_identification:_identify(install) by extension 'ignore'
[0.252s] Level 1:colcon.colcon_core.package_identification:_identify(install) ignored
[0.253s] Level 1:colcon.colcon_core.package_identification:_identify(log) by extensions ['ignore', 'ignore_ament_install']
[0.253s] Level 1:colcon.colcon_core.package_identification:_identify(log) by extension 'ignore'
[0.253s] Level 1:colcon.colcon_core.package_identification:_identify(log) ignored
[0.253s] Level 1:colcon.colcon_core.package_identification:_identify(src) by extensions ['ignore', 'ignore_ament_install']
[0.253s] Level 1:colcon.colcon_core.package_identification:_identify(src) by extension 'ignore'
[0.253s] Level 1:colcon.colcon_core.package_identification:_identify(src) by extension 'ignore_ament_install'
[0.253s] Level 1:colcon.colcon_core.package_identification:_identify(src) by extensions ['colcon_pkg']
[0.253s] Level 1:colcon.colcon_core.package_identification:_identify(src) by extension 'colcon_pkg'
[0.253s] Level 1:colcon.colcon_core.package_identification:_identify(src) by extensions ['colcon_meta']
[0.253s] Level 1:colcon.colcon_core.package_identification:_identify(src) by extension 'colcon_meta'
[0.253s] Level 1:colcon.colcon_core.package_identification:_identify(src) by extensions ['ros']
[0.253s] Level 1:colcon.colcon_core.package_identification:_identify(src) by extension 'ros'
[0.253s] Level 1:colcon.colcon_core.package_identification:_identify(src) by extensions ['cmake', 'python']
[0.253s] Level 1:colcon.colcon_core.package_identification:_identify(src) by extension 'cmake'
[0.253s] Level 1:colcon.colcon_core.package_identification:_identify(src) by extension 'python'
[0.253s] Level 1:colcon.colcon_core.package_identification:_identify(src) by extensions ['python_setup_py']
[0.253s] Level 1:colcon.colcon_core.package_identification:_identify(src) by extension 'python_setup_py'
[0.253s] Level 1:colcon.colcon_core.package_identification:_identify(src/OrbbecSDK_ROS2) by extensions ['ignore', 'ignore_ament_install']
[0.253s] Level 1:colcon.colcon_core.package_identification:_identify(src/OrbbecSDK_ROS2) by extension 'ignore'
[0.253s] Level 1:colcon.colcon_core.package_identification:_identify(src/OrbbecSDK_ROS2) by extension 'ignore_ament_install'
[0.253s] Level 1:colcon.colcon_core.package_identification:_identify(src/OrbbecSDK_ROS2) by extensions ['colcon_pkg']
[0.253s] Level 1:colcon.colcon_core.package_identification:_identify(src/OrbbecSDK_ROS2) by extension 'colcon_pkg'
[0.253s] Level 1:colcon.colcon_core.package_identification:_identify(src/OrbbecSDK_ROS2) by extensions ['colcon_meta']
[0.253s] Level 1:colcon.colcon_core.package_identification:_identify(src/OrbbecSDK_ROS2) by extension 'colcon_meta'
[0.253s] Level 1:colcon.colcon_core.package_identification:_identify(src/OrbbecSDK_ROS2) by extensions ['ros']
[0.253s] Level 1:colcon.colcon_core.package_identification:_identify(src/OrbbecSDK_ROS2) by extension 'ros'
[0.253s] Level 1:colcon.colcon_core.package_identification:_identify(src/OrbbecSDK_ROS2) by extensions ['cmake', 'python']
[0.253s] Level 1:colcon.colcon_core.package_identification:_identify(src/OrbbecSDK_ROS2) by extension 'cmake'
[0.253s] Level 1:colcon.colcon_core.package_identification:_identify(src/OrbbecSDK_ROS2) by extension 'python'
[0.253s] Level 1:colcon.colcon_core.package_identification:_identify(src/OrbbecSDK_ROS2) by extensions ['python_setup_py']
[0.253s] Level 1:colcon.colcon_core.package_identification:_identify(src/OrbbecSDK_ROS2) by extension 'python_setup_py'
[0.254s] Level 1:colcon.colcon_core.package_identification:_identify(src/OrbbecSDK_ROS2/docs) by extensions ['ignore', 'ignore_ament_install']
[0.254s] Level 1:colcon.colcon_core.package_identification:_identify(src/OrbbecSDK_ROS2/docs) by extension 'ignore'
[0.254s] Level 1:colcon.colcon_core.package_identification:_identify(src/OrbbecSDK_ROS2/docs) by extension 'ignore_ament_install'
[0.254s] Level 1:colcon.colcon_core.package_identification:_identify(src/OrbbecSDK_ROS2/docs) by extensions ['colcon_pkg']
[0.254s] Level 1:colcon.colcon_core.package_identification:_identify(src/OrbbecSDK_ROS2/docs) by extension 'colcon_pkg'
[0.254s] Level 1:colcon.colcon_core.package_identification:_identify(src/OrbbecSDK_ROS2/docs) by extensions ['colcon_meta']
[0.254s] Level 1:colcon.colcon_core.package_identification:_identify(src/OrbbecSDK_ROS2/docs) by extension 'colcon_meta'
[0.254s] Level 1:colcon.colcon_core.package_identification:_identify(src/OrbbecSDK_ROS2/docs) by extensions ['ros']
[0.254s] Level 1:colcon.colcon_core.package_identification:_identify(src/OrbbecSDK_ROS2/docs) by extension 'ros'
[0.254s] Level 1:colcon.colcon_core.package_identification:_identify(src/OrbbecSDK_ROS2/docs) by extensions ['cmake', 'python']
[0.254s] Level 1:colcon.colcon_core.package_identification:_identify(src/OrbbecSDK_ROS2/docs) by extension 'cmake'
[0.254s] Level 1:colcon.colcon_core.package_identification:_identify(src/OrbbecSDK_ROS2/docs) by extension 'python'
[0.254s] Level 1:colcon.colcon_core.package_identification:_identify(src/OrbbecSDK_ROS2/docs) by extensions ['python_setup_py']
[0.254s] Level 1:colcon.colcon_core.package_identification:_identify(src/OrbbecSDK_ROS2/docs) by extension 'python_setup_py'
[0.254s] Level 1:colcon.colcon_core.package_identification:_identify(src/OrbbecSDK_ROS2/docs/images) by extensions ['ignore', 'ignore_ament_install']
[0.254s] Level 1:colcon.colcon_core.package_identification:_identify(src/OrbbecSDK_ROS2/docs/images) by extension 'ignore'
[0.254s] Level 1:colcon.colcon_core.package_identification:_identify(src/OrbbecSDK_ROS2/docs/images) by extension 'ignore_ament_install'
[0.254s] Level 1:colcon.colcon_core.package_identification:_identify(src/OrbbecSDK_ROS2/docs/images) by extensions ['colcon_pkg']
[0.254s] Level 1:colcon.colcon_core.package_identification:_identify(src/OrbbecSDK_ROS2/docs/images) by extension 'colcon_pkg'
[0.254s] Level 1:colcon.colcon_core.package_identification:_identify(src/OrbbecSDK_ROS2/docs/images) by extensions ['colcon_meta']
[0.254s] Level 1:colcon.colcon_core.package_identification:_identify(src/OrbbecSDK_ROS2/docs/images) by extension 'colcon_meta'
[0.254s] Level 1:colcon.colcon_core.package_identification:_identify(src/OrbbecSDK_ROS2/docs/images) by extensions ['ros']
[0.254s] Level 1:colcon.colcon_core.package_identification:_identify(src/OrbbecSDK_ROS2/docs/images) by extension 'ros'
[0.254s] Level 1:colcon.colcon_core.package_identification:_identify(src/OrbbecSDK_ROS2/docs/images) by extensions ['cmake', 'python']
[0.254s] Level 1:colcon.colcon_core.package_identification:_identify(src/OrbbecSDK_ROS2/docs/images) by extension 'cmake'
[0.254s] Level 1:colcon.colcon_core.package_identification:_identify(src/OrbbecSDK_ROS2/docs/images) by extension 'python'
[0.254s] Level 1:colcon.colcon_core.package_identification:_identify(src/OrbbecSDK_ROS2/docs/images) by extensions ['python_setup_py']
[0.254s] Level 1:colcon.colcon_core.package_identification:_identify(src/OrbbecSDK_ROS2/docs/images) by extension 'python_setup_py'
[0.254s] Level 1:colcon.colcon_core.package_identification:_identify(src/OrbbecSDK_ROS2/orbbec_camera) by extensions ['ignore', 'ignore_ament_install']
[0.254s] Level 1:colcon.colcon_core.package_identification:_identify(src/OrbbecSDK_ROS2/orbbec_camera) by extension 'ignore'
[0.254s] Level 1:colcon.colcon_core.package_identification:_identify(src/OrbbecSDK_ROS2/orbbec_camera) by extension 'ignore_ament_install'
[0.255s] Level 1:colcon.colcon_core.package_identification:_identify(src/OrbbecSDK_ROS2/orbbec_camera) by extensions ['colcon_pkg']
[0.255s] Level 1:colcon.colcon_core.package_identification:_identify(src/OrbbecSDK_ROS2/orbbec_camera) by extension 'colcon_pkg'
[0.255s] Level 1:colcon.colcon_core.package_identification:_identify(src/OrbbecSDK_ROS2/orbbec_camera) by extensions ['colcon_meta']
[0.255s] Level 1:colcon.colcon_core.package_identification:_identify(src/OrbbecSDK_ROS2/orbbec_camera) by extension 'colcon_meta'
[0.255s] Level 1:colcon.colcon_core.package_identification:_identify(src/OrbbecSDK_ROS2/orbbec_camera) by extensions ['ros']
[0.255s] Level 1:colcon.colcon_core.package_identification:_identify(src/OrbbecSDK_ROS2/orbbec_camera) by extension 'ros'
[0.258s] DEBUG:colcon.colcon_core.package_identification:Package 'src/OrbbecSDK_ROS2/orbbec_camera' with type 'ros.ament_cmake' and name 'orbbec_camera'
[0.258s] Level 1:colcon.colcon_core.package_identification:_identify(src/OrbbecSDK_ROS2/orbbec_camera_msgs) by extensions ['ignore', 'ignore_ament_install']
[0.258s] Level 1:colcon.colcon_core.package_identification:_identify(src/OrbbecSDK_ROS2/orbbec_camera_msgs) by extension 'ignore'
[0.258s] Level 1:colcon.colcon_core.package_identification:_identify(src/OrbbecSDK_ROS2/orbbec_camera_msgs) by extension 'ignore_ament_install'
[0.258s] Level 1:colcon.colcon_core.package_identification:_identify(src/OrbbecSDK_ROS2/orbbec_camera_msgs) by extensions ['colcon_pkg']
[0.258s] Level 1:colcon.colcon_core.package_identification:_identify(src/OrbbecSDK_ROS2/orbbec_camera_msgs) by extension 'colcon_pkg'
[0.258s] Level 1:colcon.colcon_core.package_identification:_identify(src/OrbbecSDK_ROS2/orbbec_camera_msgs) by extensions ['colcon_meta']
[0.258s] Level 1:colcon.colcon_core.package_identification:_identify(src/OrbbecSDK_ROS2/orbbec_camera_msgs) by extension 'colcon_meta'
[0.258s] Level 1:colcon.colcon_core.package_identification:_identify(src/OrbbecSDK_ROS2/orbbec_camera_msgs) by extensions ['ros']
[0.258s] Level 1:colcon.colcon_core.package_identification:_identify(src/OrbbecSDK_ROS2/orbbec_camera_msgs) by extension 'ros'
[0.259s] DEBUG:colcon.colcon_core.package_identification:Package 'src/OrbbecSDK_ROS2/orbbec_camera_msgs' with type 'ros.ament_cmake' and name 'orbbec_camera_msgs'
[0.259s] Level 1:colcon.colcon_core.package_identification:_identify(src/OrbbecSDK_ROS2/orbbec_description) by extensions ['ignore', 'ignore_ament_install']
[0.259s] Level 1:colcon.colcon_core.package_identification:_identify(src/OrbbecSDK_ROS2/orbbec_description) by extension 'ignore'
[0.259s] Level 1:colcon.colcon_core.package_identification:_identify(src/OrbbecSDK_ROS2/orbbec_description) by extension 'ignore_ament_install'
[0.259s] Level 1:colcon.colcon_core.package_identification:_identify(src/OrbbecSDK_ROS2/orbbec_description) by extensions ['colcon_pkg']
[0.259s] Level 1:colcon.colcon_core.package_identification:_identify(src/OrbbecSDK_ROS2/orbbec_description) by extension 'colcon_pkg'
[0.259s] Level 1:colcon.colcon_core.package_identification:_identify(src/OrbbecSDK_ROS2/orbbec_description) by extensions ['colcon_meta']
[0.259s] Level 1:colcon.colcon_core.package_identification:_identify(src/OrbbecSDK_ROS2/orbbec_description) by extension 'colcon_meta'
[0.259s] Level 1:colcon.colcon_core.package_identification:_identify(src/OrbbecSDK_ROS2/orbbec_description) by extensions ['ros']
[0.259s] Level 1:colcon.colcon_core.package_identification:_identify(src/OrbbecSDK_ROS2/orbbec_description) by extension 'ros'
[0.260s] DEBUG:colcon.colcon_core.package_identification:Package 'src/OrbbecSDK_ROS2/orbbec_description' with type 'ros.ament_cmake' and name 'orbbec_description'
[0.260s] Level 1:colcon.colcon_core.package_discovery:discover_packages(recursive) using defaults
[0.260s] Level 1:colcon.colcon_core.package_discovery:discover_packages(ignore) discover
[0.260s] Level 1:colcon.colcon_core.package_discovery:discover_packages(ignore) using defaults
[0.260s] Level 1:colcon.colcon_core.package_discovery:discover_packages(path) discover
[0.260s] Level 1:colcon.colcon_core.package_discovery:discover_packages(path) using defaults
[0.274s] Level 1:colcon.colcon_core.package_discovery:discover_packages(prefix_path) check parameters
[0.274s] Level 1:colcon.colcon_core.package_discovery:discover_packages(prefix_path) discover
[0.275s] DEBUG:colcon.colcon_installed_package_information.package_discovery:Found 3 installed packages in /home/go2/piper_ros/install
[0.275s] DEBUG:colcon.colcon_installed_package_information.package_discovery:Found 3 installed packages in /home/go2/ARX_X5/ROS2/X5_ws/install
[0.276s] DEBUG:colcon.colcon_installed_package_information.package_discovery:Found 292 installed packages in /opt/ros/foxy
[0.289s] Level 1:colcon.colcon_core.package_discovery:discover_packages(prefix_path) using defaults
[0.326s] Level 5:colcon.colcon_core.verb:set package 'orbbec_camera_msgs' build argument 'cmake_args' from command line to '['-DCMAKE_BUILD_TYPE=Release']'
[0.326s] Level 5:colcon.colcon_core.verb:set package 'orbbec_camera_msgs' build argument 'cmake_target' from command line to 'None'
[0.326s] Level 5:colcon.colcon_core.verb:set package 'orbbec_camera_msgs' build argument 'cmake_target_skip_unavailable' from command line to 'False'
[0.326s] Level 5:colcon.colcon_core.verb:set package 'orbbec_camera_msgs' build argument 'cmake_clean_cache' from command line to 'False'
[0.326s] Level 5:colcon.colcon_core.verb:set package 'orbbec_camera_msgs' build argument 'cmake_clean_first' from command line to 'False'
[0.326s] Level 5:colcon.colcon_core.verb:set package 'orbbec_camera_msgs' build argument 'cmake_force_configure' from command line to 'False'
[0.326s] Level 5:colcon.colcon_core.verb:set package 'orbbec_camera_msgs' build argument 'ament_cmake_args' from command line to 'None'
[0.326s] Level 5:colcon.colcon_core.verb:set package 'orbbec_camera_msgs' build argument 'catkin_cmake_args' from command line to 'None'
[0.326s] Level 5:colcon.colcon_core.verb:set package 'orbbec_camera_msgs' build argument 'catkin_skip_building_tests' from command line to 'False'
[0.326s] DEBUG:colcon.colcon_core.verb:Building package 'orbbec_camera_msgs' with the following arguments: {'ament_cmake_args': None, 'build_base': '/home/go2/ARX_X5/ros2_ws/build/orbbec_camera_msgs', 'catkin_cmake_args': None, 'catkin_skip_building_tests': False, 'cmake_args': ['-DCMAKE_BUILD_TYPE=Release'], 'cmake_clean_cache': False, 'cmake_clean_first': False, 'cmake_force_configure': False, 'cmake_target': None, 'cmake_target_skip_unavailable': False, 'install_base': '/home/go2/ARX_X5/ros2_ws/install/orbbec_camera_msgs', 'merge_install': False, 'path': '/home/go2/ARX_X5/ros2_ws/src/OrbbecSDK_ROS2/orbbec_camera_msgs', 'symlink_install': False, 'test_result_base': None}
[0.326s] Level 5:colcon.colcon_core.verb:set package 'orbbec_description' build argument 'cmake_args' from command line to '['-DCMAKE_BUILD_TYPE=Release']'
[0.326s] Level 5:colcon.colcon_core.verb:set package 'orbbec_description' build argument 'cmake_target' from command line to 'None'
[0.326s] Level 5:colcon.colcon_core.verb:set package 'orbbec_description' build argument 'cmake_target_skip_unavailable' from command line to 'False'
[0.326s] Level 5:colcon.colcon_core.verb:set package 'orbbec_description' build argument 'cmake_clean_cache' from command line to 'False'
[0.326s] Level 5:colcon.colcon_core.verb:set package 'orbbec_description' build argument 'cmake_clean_first' from command line to 'False'
[0.326s] Level 5:colcon.colcon_core.verb:set package 'orbbec_description' build argument 'cmake_force_configure' from command line to 'False'
[0.326s] Level 5:colcon.colcon_core.verb:set package 'orbbec_description' build argument 'ament_cmake_args' from command line to 'None'
[0.326s] Level 5:colcon.colcon_core.verb:set package 'orbbec_description' build argument 'catkin_cmake_args' from command line to 'None'
[0.326s] Level 5:colcon.colcon_core.verb:set package 'orbbec_description' build argument 'catkin_skip_building_tests' from command line to 'False'
[0.326s] DEBUG:colcon.colcon_core.verb:Building package 'orbbec_description' with the following arguments: {'ament_cmake_args': None, 'build_base': '/home/go2/ARX_X5/ros2_ws/build/orbbec_description', 'catkin_cmake_args': None, 'catkin_skip_building_tests': False, 'cmake_args': ['-DCMAKE_BUILD_TYPE=Release'], 'cmake_clean_cache': False, 'cmake_clean_first': False, 'cmake_force_configure': False, 'cmake_target': None, 'cmake_target_skip_unavailable': False, 'install_base': '/home/go2/ARX_X5/ros2_ws/install/orbbec_description', 'merge_install': False, 'path': '/home/go2/ARX_X5/ros2_ws/src/OrbbecSDK_ROS2/orbbec_description', 'symlink_install': False, 'test_result_base': None}
[0.326s] Level 5:colcon.colcon_core.verb:set package 'orbbec_camera' build argument 'cmake_args' from command line to '['-DCMAKE_BUILD_TYPE=Release']'
[0.326s] Level 5:colcon.colcon_core.verb:set package 'orbbec_camera' build argument 'cmake_target' from command line to 'None'
[0.326s] Level 5:colcon.colcon_core.verb:set package 'orbbec_camera' build argument 'cmake_target_skip_unavailable' from command line to 'False'
[0.326s] Level 5:colcon.colcon_core.verb:set package 'orbbec_camera' build argument 'cmake_clean_cache' from command line to 'False'
[0.327s] Level 5:colcon.colcon_core.verb:set package 'orbbec_camera' build argument 'cmake_clean_first' from command line to 'False'
[0.327s] Level 5:colcon.colcon_core.verb:set package 'orbbec_camera' build argument 'cmake_force_configure' from command line to 'False'
[0.327s] Level 5:colcon.colcon_core.verb:set package 'orbbec_camera' build argument 'ament_cmake_args' from command line to 'None'
[0.327s] Level 5:colcon.colcon_core.verb:set package 'orbbec_camera' build argument 'catkin_cmake_args' from command line to 'None'
[0.327s] Level 5:colcon.colcon_core.verb:set package 'orbbec_camera' build argument 'catkin_skip_building_tests' from command line to 'False'
[0.327s] DEBUG:colcon.colcon_core.verb:Building package 'orbbec_camera' with the following arguments: {'ament_cmake_args': None, 'build_base': '/home/go2/ARX_X5/ros2_ws/build/orbbec_camera', 'catkin_cmake_args': None, 'catkin_skip_building_tests': False, 'cmake_args': ['-DCMAKE_BUILD_TYPE=Release'], 'cmake_clean_cache': False, 'cmake_clean_first': False, 'cmake_force_configure': False, 'cmake_target': None, 'cmake_target_skip_unavailable': False, 'install_base': '/home/go2/ARX_X5/ros2_ws/install/orbbec_camera', 'merge_install': False, 'path': '/home/go2/ARX_X5/ros2_ws/src/OrbbecSDK_ROS2/orbbec_camera', 'symlink_install': False, 'test_result_base': None}
[0.327s] INFO:colcon.colcon_core.executor:Executing jobs using 'parallel' executor
[0.328s] DEBUG:colcon.colcon_parallel_executor.executor.parallel:run_until_complete
[0.328s] INFO:colcon.colcon_ros.task.ament_cmake.build:Building ROS package in '/home/go2/ARX_X5/ros2_ws/src/OrbbecSDK_ROS2/orbbec_camera_msgs' with build type 'ament_cmake'
[0.328s] INFO:colcon.colcon_cmake.task.cmake.build:Building CMake package in '/home/go2/ARX_X5/ros2_ws/src/OrbbecSDK_ROS2/orbbec_camera_msgs'
[0.330s] INFO:colcon.colcon_core.plugin_system:Skipping extension 'colcon_core.shell.bat': Not used on non-Windows systems
[0.330s] INFO:colcon.colcon_core.shell:Skip shell extension 'powershell' for command environment: Not usable outside of PowerShell
[0.331s] DEBUG:colcon.colcon_core.shell:Skip shell extension 'dsv' for command environment
[0.336s] INFO:colcon.colcon_ros.task.ament_cmake.build:Building ROS package in '/home/go2/ARX_X5/ros2_ws/src/OrbbecSDK_ROS2/orbbec_description' with build type 'ament_cmake'
[0.337s] INFO:colcon.colcon_cmake.task.cmake.build:Building CMake package in '/home/go2/ARX_X5/ros2_ws/src/OrbbecSDK_ROS2/orbbec_description'
[0.337s] INFO:colcon.colcon_core.shell:Skip shell extension 'powershell' for command environment: Not usable outside of PowerShell
[0.337s] DEBUG:colcon.colcon_core.shell:Skip shell extension 'dsv' for command environment
[0.349s] DEBUG:colcon.colcon_core.event_handler.log_command:Invoking command in '/home/go2/ARX_X5/ros2_ws/build/orbbec_camera_msgs': CMAKE_PREFIX_PATH=/home/go2/piper_ros/install/piper_msgs:/home/go2/piper_ros/install/piper_description:/home/go2/ARX_X5/ROS2/X5_ws/install/arx_x5_controller:/home/go2/ARX_X5/ROS2/X5_ws/install/arx5_arm_msg:/home/go2/piper_ros/install/piper:/opt/ros/foxy:/home/go2/ARX_X5/ROS2/X5_ws/install/arm_control CONDA_PROMPT_MODIFIER=(ARX) /usr/bin/cmake /home/go2/ARX_X5/ros2_ws/src/OrbbecSDK_ROS2/orbbec_camera_msgs -DCMAKE_BUILD_TYPE=Release -DCMAKE_INSTALL_PREFIX=/home/go2/ARX_X5/ros2_ws/install/orbbec_camera_msgs
[0.353s] DEBUG:colcon.colcon_core.event_handler.log_command:Invoking command in '/home/go2/ARX_X5/ros2_ws/build/orbbec_description': CMAKE_PREFIX_PATH=/home/go2/piper_ros/install/piper_msgs:/home/go2/piper_ros/install/piper_description:/home/go2/ARX_X5/ROS2/X5_ws/install/arx_x5_controller:/home/go2/ARX_X5/ROS2/X5_ws/install/arx5_arm_msg:/home/go2/piper_ros/install/piper:/opt/ros/foxy:/home/go2/ARX_X5/ROS2/X5_ws/install/arm_control CONDA_PROMPT_MODIFIER=(ARX) /usr/bin/cmake /home/go2/ARX_X5/ros2_ws/src/OrbbecSDK_ROS2/orbbec_description -DCMAKE_BUILD_TYPE=Release -DCMAKE_INSTALL_PREFIX=/home/go2/ARX_X5/ros2_ws/install/orbbec_description
[1.075s] DEBUG:colcon.colcon_core.event_handler.log_command:Invoked command in '/home/go2/ARX_X5/ros2_ws/build/orbbec_description' returned '0': CMAKE_PREFIX_PATH=/home/go2/piper_ros/install/piper_msgs:/home/go2/piper_ros/install/piper_description:/home/go2/ARX_X5/ROS2/X5_ws/install/arx_x5_controller:/home/go2/ARX_X5/ROS2/X5_ws/install/arx5_arm_msg:/home/go2/piper_ros/install/piper:/opt/ros/foxy:/home/go2/ARX_X5/ROS2/X5_ws/install/arm_control CONDA_PROMPT_MODIFIER=(ARX) /usr/bin/cmake /home/go2/ARX_X5/ros2_ws/src/OrbbecSDK_ROS2/orbbec_description -DCMAKE_BUILD_TYPE=Release -DCMAKE_INSTALL_PREFIX=/home/go2/ARX_X5/ros2_ws/install/orbbec_description
[1.079s] DEBUG:colcon.colcon_core.event_handler.log_command:Invoking command in '/home/go2/ARX_X5/ros2_ws/build/orbbec_description': CMAKE_PREFIX_PATH=/home/go2/piper_ros/install/piper_msgs:/home/go2/piper_ros/install/piper_description:/home/go2/ARX_X5/ROS2/X5_ws/install/arx_x5_controller:/home/go2/ARX_X5/ROS2/X5_ws/install/arx5_arm_msg:/home/go2/piper_ros/install/piper:/opt/ros/foxy:/home/go2/ARX_X5/ROS2/X5_ws/install/arm_control CONDA_PROMPT_MODIFIER=(ARX) /usr/bin/cmake --build /home/go2/ARX_X5/ros2_ws/build/orbbec_description -- -j56 -l56
[1.124s] DEBUG:colcon.colcon_core.event_handler.log_command:Invoked command in '/home/go2/ARX_X5/ros2_ws/build/orbbec_description' returned '0': CMAKE_PREFIX_PATH=/home/go2/piper_ros/install/piper_msgs:/home/go2/piper_ros/install/piper_description:/home/go2/ARX_X5/ROS2/X5_ws/install/arx_x5_controller:/home/go2/ARX_X5/ROS2/X5_ws/install/arx5_arm_msg:/home/go2/piper_ros/install/piper:/opt/ros/foxy:/home/go2/ARX_X5/ROS2/X5_ws/install/arm_control CONDA_PROMPT_MODIFIER=(ARX) /usr/bin/cmake --build /home/go2/ARX_X5/ros2_ws/build/orbbec_description -- -j56 -l56
[1.136s] DEBUG:colcon.colcon_core.event_handler.log_command:Invoking command in '/home/go2/ARX_X5/ros2_ws/build/orbbec_description': CMAKE_PREFIX_PATH=/home/go2/piper_ros/install/piper_msgs:/home/go2/piper_ros/install/piper_description:/home/go2/ARX_X5/ROS2/X5_ws/install/arx_x5_controller:/home/go2/ARX_X5/ROS2/X5_ws/install/arx5_arm_msg:/home/go2/piper_ros/install/piper:/opt/ros/foxy:/home/go2/ARX_X5/ROS2/X5_ws/install/arm_control CONDA_PROMPT_MODIFIER=(ARX) /usr/bin/cmake --install /home/go2/ARX_X5/ros2_ws/build/orbbec_description
[1.180s] Level 1:colcon.colcon_core.environment:create_environment_scripts_only(orbbec_description)
[1.180s] DEBUG:colcon.colcon_core.event_handler.log_command:Invoked command in '/home/go2/ARX_X5/ros2_ws/build/orbbec_description' returned '0': CMAKE_PREFIX_PATH=/home/go2/piper_ros/install/piper_msgs:/home/go2/piper_ros/install/piper_description:/home/go2/ARX_X5/ROS2/X5_ws/install/arx_x5_controller:/home/go2/ARX_X5/ROS2/X5_ws/install/arx5_arm_msg:/home/go2/piper_ros/install/piper:/opt/ros/foxy:/home/go2/ARX_X5/ROS2/X5_ws/install/arm_control CONDA_PROMPT_MODIFIER=(ARX) /usr/bin/cmake --install /home/go2/ARX_X5/ros2_ws/build/orbbec_description
[1.183s] Level 1:colcon.colcon_core.environment:checking '/home/go2/ARX_X5/ros2_ws/install/orbbec_description' for CMake module files
[1.183s] Level 1:colcon.colcon_core.environment:checking '/home/go2/ARX_X5/ros2_ws/install/orbbec_description' for CMake config files
[1.184s] Level 1:colcon.colcon_core.shell:create_environment_hook('orbbec_description', 'cmake_prefix_path')
[1.184s] INFO:colcon.colcon_core.shell:Creating environment hook '/home/go2/ARX_X5/ros2_ws/install/orbbec_description/share/orbbec_description/hook/cmake_prefix_path.ps1'
[1.184s] INFO:colcon.colcon_core.shell:Creating environment descriptor '/home/go2/ARX_X5/ros2_ws/install/orbbec_description/share/orbbec_description/hook/cmake_prefix_path.dsv'
[1.185s] INFO:colcon.colcon_core.shell:Creating environment hook '/home/go2/ARX_X5/ros2_ws/install/orbbec_description/share/orbbec_description/hook/cmake_prefix_path.sh'
[1.185s] Level 1:colcon.colcon_core.environment:checking '/home/go2/ARX_X5/ros2_ws/install/orbbec_description/bin'
[1.185s] Level 1:colcon.colcon_core.environment:checking '/home/go2/ARX_X5/ros2_ws/install/orbbec_description/lib/pkgconfig/orbbec_description.pc'
[1.186s] Level 1:colcon.colcon_core.environment:checking '/home/go2/ARX_X5/ros2_ws/install/orbbec_description/lib/python3.8/site-packages'
[1.186s] Level 1:colcon.colcon_core.environment:checking '/home/go2/ARX_X5/ros2_ws/install/orbbec_description/bin'
[1.186s] INFO:colcon.colcon_core.shell:Creating package script '/home/go2/ARX_X5/ros2_ws/install/orbbec_description/share/orbbec_description/package.ps1'
[1.187s] INFO:colcon.colcon_core.shell:Creating package descriptor '/home/go2/ARX_X5/ros2_ws/install/orbbec_description/share/orbbec_description/package.dsv'
[1.187s] INFO:colcon.colcon_core.shell:Creating package script '/home/go2/ARX_X5/ros2_ws/install/orbbec_description/share/orbbec_description/package.sh'
[1.187s] INFO:colcon.colcon_core.shell:Creating package script '/home/go2/ARX_X5/ros2_ws/install/orbbec_description/share/orbbec_description/package.bash'
[1.188s] INFO:colcon.colcon_core.shell:Creating package script '/home/go2/ARX_X5/ros2_ws/install/orbbec_description/share/orbbec_description/package.zsh'
[1.188s] Level 1:colcon.colcon_core.environment:create_file_with_runtime_dependencies(/home/go2/ARX_X5/ros2_ws/install/orbbec_description/share/colcon-core/packages/orbbec_description)
[1.189s] Level 1:colcon.colcon_core.environment:create_environment_scripts_only(orbbec_description)
[1.189s] Level 1:colcon.colcon_core.environment:checking '/home/go2/ARX_X5/ros2_ws/install/orbbec_description' for CMake module files
[1.189s] Level 1:colcon.colcon_core.environment:checking '/home/go2/ARX_X5/ros2_ws/install/orbbec_description' for CMake config files
[1.189s] Level 1:colcon.colcon_core.shell:create_environment_hook('orbbec_description', 'cmake_prefix_path')
[1.189s] INFO:colcon.colcon_core.shell:Creating environment hook '/home/go2/ARX_X5/ros2_ws/install/orbbec_description/share/orbbec_description/hook/cmake_prefix_path.ps1'
[1.190s] INFO:colcon.colcon_core.shell:Creating environment descriptor '/home/go2/ARX_X5/ros2_ws/install/orbbec_description/share/orbbec_description/hook/cmake_prefix_path.dsv'
[1.190s] INFO:colcon.colcon_core.shell:Creating environment hook '/home/go2/ARX_X5/ros2_ws/install/orbbec_description/share/orbbec_description/hook/cmake_prefix_path.sh'
[1.190s] Level 1:colcon.colcon_core.environment:checking '/home/go2/ARX_X5/ros2_ws/install/orbbec_description/bin'
[1.190s] Level 1:colcon.colcon_core.environment:checking '/home/go2/ARX_X5/ros2_ws/install/orbbec_description/lib/pkgconfig/orbbec_description.pc'
[1.190s] Level 1:colcon.colcon_core.environment:checking '/home/go2/ARX_X5/ros2_ws/install/orbbec_description/lib/python3.8/site-packages'
[1.191s] Level 1:colcon.colcon_core.environment:checking '/home/go2/ARX_X5/ros2_ws/install/orbbec_description/bin'
[1.191s] INFO:colcon.colcon_core.shell:Creating package script '/home/go2/ARX_X5/ros2_ws/install/orbbec_description/share/orbbec_description/package.ps1'
[1.191s] INFO:colcon.colcon_core.shell:Creating package descriptor '/home/go2/ARX_X5/ros2_ws/install/orbbec_description/share/orbbec_description/package.dsv'
[1.193s] INFO:colcon.colcon_core.shell:Creating package script '/home/go2/ARX_X5/ros2_ws/install/orbbec_description/share/orbbec_description/package.sh'
[1.193s] INFO:colcon.colcon_core.shell:Creating package script '/home/go2/ARX_X5/ros2_ws/install/orbbec_description/share/orbbec_description/package.bash'
[1.194s] INFO:colcon.colcon_core.shell:Creating package script '/home/go2/ARX_X5/ros2_ws/install/orbbec_description/share/orbbec_description/package.zsh'
[1.194s] Level 1:colcon.colcon_core.environment:create_file_with_runtime_dependencies(/home/go2/ARX_X5/ros2_ws/install/orbbec_description/share/colcon-core/packages/orbbec_description)
[2.292s] DEBUG:colcon.colcon_core.event_handler.log_command:Invoked command in '/home/go2/ARX_X5/ros2_ws/build/orbbec_camera_msgs' returned '0': CMAKE_PREFIX_PATH=/home/go2/piper_ros/install/piper_msgs:/home/go2/piper_ros/install/piper_description:/home/go2/ARX_X5/ROS2/X5_ws/install/arx_x5_controller:/home/go2/ARX_X5/ROS2/X5_ws/install/arx5_arm_msg:/home/go2/piper_ros/install/piper:/opt/ros/foxy:/home/go2/ARX_X5/ROS2/X5_ws/install/arm_control CONDA_PROMPT_MODIFIER=(ARX) /usr/bin/cmake /home/go2/ARX_X5/ros2_ws/src/OrbbecSDK_ROS2/orbbec_camera_msgs -DCMAKE_BUILD_TYPE=Release -DCMAKE_INSTALL_PREFIX=/home/go2/ARX_X5/ros2_ws/install/orbbec_camera_msgs
[2.296s] DEBUG:colcon.colcon_core.event_handler.log_command:Invoking command in '/home/go2/ARX_X5/ros2_ws/build/orbbec_camera_msgs': CMAKE_PREFIX_PATH=/home/go2/piper_ros/install/piper_msgs:/home/go2/piper_ros/install/piper_description:/home/go2/ARX_X5/ROS2/X5_ws/install/arx_x5_controller:/home/go2/ARX_X5/ROS2/X5_ws/install/arx5_arm_msg:/home/go2/piper_ros/install/piper:/opt/ros/foxy:/home/go2/ARX_X5/ROS2/X5_ws/install/arm_control CONDA_PROMPT_MODIFIER=(ARX) /usr/bin/cmake --build /home/go2/ARX_X5/ros2_ws/build/orbbec_camera_msgs -- -j56 -l56
[7.695s] DEBUG:colcon.colcon_core.event_handler.log_command:Invoked command in '/home/go2/ARX_X5/ros2_ws/build/orbbec_camera_msgs' returned '0': CMAKE_PREFIX_PATH=/home/go2/piper_ros/install/piper_msgs:/home/go2/piper_ros/install/piper_description:/home/go2/ARX_X5/ROS2/X5_ws/install/arx_x5_controller:/home/go2/ARX_X5/ROS2/X5_ws/install/arx5_arm_msg:/home/go2/piper_ros/install/piper:/opt/ros/foxy:/home/go2/ARX_X5/ROS2/X5_ws/install/arm_control CONDA_PROMPT_MODIFIER=(ARX) /usr/bin/cmake --build /home/go2/ARX_X5/ros2_ws/build/orbbec_camera_msgs -- -j56 -l56
[7.696s] DEBUG:colcon.colcon_core.event_handler.log_command:Invoking command in '/home/go2/ARX_X5/ros2_ws/build/orbbec_camera_msgs': CMAKE_PREFIX_PATH=/home/go2/piper_ros/install/piper_msgs:/home/go2/piper_ros/install/piper_description:/home/go2/ARX_X5/ROS2/X5_ws/install/arx_x5_controller:/home/go2/ARX_X5/ROS2/X5_ws/install/arx5_arm_msg:/home/go2/piper_ros/install/piper:/opt/ros/foxy:/home/go2/ARX_X5/ROS2/X5_ws/install/arm_control CONDA_PROMPT_MODIFIER=(ARX) /usr/bin/cmake --install /home/go2/ARX_X5/ros2_ws/build/orbbec_camera_msgs
[7.767s] Level 1:colcon.colcon_core.environment:create_environment_scripts_only(orbbec_camera_msgs)
[7.767s] DEBUG:colcon.colcon_core.event_handler.log_command:Invoked command in '/home/go2/ARX_X5/ros2_ws/build/orbbec_camera_msgs' returned '0': CMAKE_PREFIX_PATH=/home/go2/piper_ros/install/piper_msgs:/home/go2/piper_ros/install/piper_description:/home/go2/ARX_X5/ROS2/X5_ws/install/arx_x5_controller:/home/go2/ARX_X5/ROS2/X5_ws/install/arx5_arm_msg:/home/go2/piper_ros/install/piper:/opt/ros/foxy:/home/go2/ARX_X5/ROS2/X5_ws/install/arm_control CONDA_PROMPT_MODIFIER=(ARX) /usr/bin/cmake --install /home/go2/ARX_X5/ros2_ws/build/orbbec_camera_msgs
[7.768s] Level 1:colcon.colcon_core.environment:checking '/home/go2/ARX_X5/ros2_ws/install/orbbec_camera_msgs' for CMake module files
[7.769s] Level 1:colcon.colcon_core.environment:checking '/home/go2/ARX_X5/ros2_ws/install/orbbec_camera_msgs' for CMake config files
[7.770s] Level 1:colcon.colcon_core.shell:create_environment_hook('orbbec_camera_msgs', 'cmake_prefix_path')
[7.771s] INFO:colcon.colcon_core.shell:Creating environment hook '/home/go2/ARX_X5/ros2_ws/install/orbbec_camera_msgs/share/orbbec_camera_msgs/hook/cmake_prefix_path.ps1'
[7.771s] INFO:colcon.colcon_core.shell:Creating environment descriptor '/home/go2/ARX_X5/ros2_ws/install/orbbec_camera_msgs/share/orbbec_camera_msgs/hook/cmake_prefix_path.dsv'
[7.771s] INFO:colcon.colcon_core.shell:Creating environment hook '/home/go2/ARX_X5/ros2_ws/install/orbbec_camera_msgs/share/orbbec_camera_msgs/hook/cmake_prefix_path.sh'
[7.772s] Level 1:colcon.colcon_core.environment:checking '/home/go2/ARX_X5/ros2_ws/install/orbbec_camera_msgs/lib'
[7.772s] Level 1:colcon.colcon_core.shell:create_environment_hook('orbbec_camera_msgs', 'ld_library_path_lib')
[7.772s] INFO:colcon.colcon_core.shell:Creating environment hook '/home/go2/ARX_X5/ros2_ws/install/orbbec_camera_msgs/share/orbbec_camera_msgs/hook/ld_library_path_lib.ps1'
[7.773s] INFO:colcon.colcon_core.shell:Creating environment descriptor '/home/go2/ARX_X5/ros2_ws/install/orbbec_camera_msgs/share/orbbec_camera_msgs/hook/ld_library_path_lib.dsv'
[7.773s] INFO:colcon.colcon_core.shell:Creating environment hook '/home/go2/ARX_X5/ros2_ws/install/orbbec_camera_msgs/share/orbbec_camera_msgs/hook/ld_library_path_lib.sh'
[7.773s] Level 1:colcon.colcon_core.environment:checking '/home/go2/ARX_X5/ros2_ws/install/orbbec_camera_msgs/bin'
[7.773s] Level 1:colcon.colcon_core.environment:checking '/home/go2/ARX_X5/ros2_ws/install/orbbec_camera_msgs/lib/pkgconfig/orbbec_camera_msgs.pc'
[7.773s] Level 1:colcon.colcon_core.environment:checking '/home/go2/ARX_X5/ros2_ws/install/orbbec_camera_msgs/lib/python3.8/site-packages'
[7.773s] Level 1:colcon.colcon_core.shell:create_environment_hook('orbbec_camera_msgs', 'pythonpath')
[7.773s] INFO:colcon.colcon_core.shell:Creating environment hook '/home/go2/ARX_X5/ros2_ws/install/orbbec_camera_msgs/share/orbbec_camera_msgs/hook/pythonpath.ps1'
[7.774s] INFO:colcon.colcon_core.shell:Creating environment descriptor '/home/go2/ARX_X5/ros2_ws/install/orbbec_camera_msgs/share/orbbec_camera_msgs/hook/pythonpath.dsv'
[7.774s] INFO:colcon.colcon_core.shell:Creating environment hook '/home/go2/ARX_X5/ros2_ws/install/orbbec_camera_msgs/share/orbbec_camera_msgs/hook/pythonpath.sh'
[7.774s] Level 1:colcon.colcon_core.environment:checking '/home/go2/ARX_X5/ros2_ws/install/orbbec_camera_msgs/bin'
[7.774s] INFO:colcon.colcon_core.shell:Creating package script '/home/go2/ARX_X5/ros2_ws/install/orbbec_camera_msgs/share/orbbec_camera_msgs/package.ps1'
[7.775s] INFO:colcon.colcon_core.shell:Creating package descriptor '/home/go2/ARX_X5/ros2_ws/install/orbbec_camera_msgs/share/orbbec_camera_msgs/package.dsv'
[7.775s] INFO:colcon.colcon_core.shell:Creating package script '/home/go2/ARX_X5/ros2_ws/install/orbbec_camera_msgs/share/orbbec_camera_msgs/package.sh'
[7.775s] INFO:colcon.colcon_core.shell:Creating package script '/home/go2/ARX_X5/ros2_ws/install/orbbec_camera_msgs/share/orbbec_camera_msgs/package.bash'
[7.776s] INFO:colcon.colcon_core.shell:Creating package script '/home/go2/ARX_X5/ros2_ws/install/orbbec_camera_msgs/share/orbbec_camera_msgs/package.zsh'
[7.776s] Level 1:colcon.colcon_core.environment:create_file_with_runtime_dependencies(/home/go2/ARX_X5/ros2_ws/install/orbbec_camera_msgs/share/colcon-core/packages/orbbec_camera_msgs)
[7.776s] Level 1:colcon.colcon_core.environment:create_environment_scripts_only(orbbec_camera_msgs)
[7.776s] Level 1:colcon.colcon_core.environment:checking '/home/go2/ARX_X5/ros2_ws/install/orbbec_camera_msgs' for CMake module files
[7.777s] Level 1:colcon.colcon_core.environment:checking '/home/go2/ARX_X5/ros2_ws/install/orbbec_camera_msgs' for CMake config files
[7.777s] Level 1:colcon.colcon_core.shell:create_environment_hook('orbbec_camera_msgs', 'cmake_prefix_path')
[7.777s] INFO:colcon.colcon_core.shell:Creating environment hook '/home/go2/ARX_X5/ros2_ws/install/orbbec_camera_msgs/share/orbbec_camera_msgs/hook/cmake_prefix_path.ps1'
[7.778s] INFO:colcon.colcon_core.shell:Creating environment descriptor '/home/go2/ARX_X5/ros2_ws/install/orbbec_camera_msgs/share/orbbec_camera_msgs/hook/cmake_prefix_path.dsv'
[7.778s] INFO:colcon.colcon_core.shell:Creating environment hook '/home/go2/ARX_X5/ros2_ws/install/orbbec_camera_msgs/share/orbbec_camera_msgs/hook/cmake_prefix_path.sh'
[7.778s] Level 1:colcon.colcon_core.environment:checking '/home/go2/ARX_X5/ros2_ws/install/orbbec_camera_msgs/lib'
[7.778s] Level 1:colcon.colcon_core.shell:create_environment_hook('orbbec_camera_msgs', 'ld_library_path_lib')
[7.778s] INFO:colcon.colcon_core.shell:Creating environment hook '/home/go2/ARX_X5/ros2_ws/install/orbbec_camera_msgs/share/orbbec_camera_msgs/hook/ld_library_path_lib.ps1'
[7.779s] INFO:colcon.colcon_core.shell:Creating environment descriptor '/home/go2/ARX_X5/ros2_ws/install/orbbec_camera_msgs/share/orbbec_camera_msgs/hook/ld_library_path_lib.dsv'
[7.779s] INFO:colcon.colcon_core.shell:Creating environment hook '/home/go2/ARX_X5/ros2_ws/install/orbbec_camera_msgs/share/orbbec_camera_msgs/hook/ld_library_path_lib.sh'
[7.779s] Level 1:colcon.colcon_core.environment:checking '/home/go2/ARX_X5/ros2_ws/install/orbbec_camera_msgs/bin'
[7.779s] Level 1:colcon.colcon_core.environment:checking '/home/go2/ARX_X5/ros2_ws/install/orbbec_camera_msgs/lib/pkgconfig/orbbec_camera_msgs.pc'
[7.779s] Level 1:colcon.colcon_core.environment:checking '/home/go2/ARX_X5/ros2_ws/install/orbbec_camera_msgs/lib/python3.8/site-packages'
[7.779s] Level 1:colcon.colcon_core.shell:create_environment_hook('orbbec_camera_msgs', 'pythonpath')
[7.779s] INFO:colcon.colcon_core.shell:Creating environment hook '/home/go2/ARX_X5/ros2_ws/install/orbbec_camera_msgs/share/orbbec_camera_msgs/hook/pythonpath.ps1'
[7.780s] INFO:colcon.colcon_core.shell:Creating environment descriptor '/home/go2/ARX_X5/ros2_ws/install/orbbec_camera_msgs/share/orbbec_camera_msgs/hook/pythonpath.dsv'
[7.780s] INFO:colcon.colcon_core.shell:Creating environment hook '/home/go2/ARX_X5/ros2_ws/install/orbbec_camera_msgs/share/orbbec_camera_msgs/hook/pythonpath.sh'
[7.781s] Level 1:colcon.colcon_core.environment:checking '/home/go2/ARX_X5/ros2_ws/install/orbbec_camera_msgs/bin'
[7.781s] INFO:colcon.colcon_core.shell:Creating package script '/home/go2/ARX_X5/ros2_ws/install/orbbec_camera_msgs/share/orbbec_camera_msgs/package.ps1'
[7.782s] INFO:colcon.colcon_core.shell:Creating package descriptor '/home/go2/ARX_X5/ros2_ws/install/orbbec_camera_msgs/share/orbbec_camera_msgs/package.dsv'
[7.782s] INFO:colcon.colcon_core.shell:Creating package script '/home/go2/ARX_X5/ros2_ws/install/orbbec_camera_msgs/share/orbbec_camera_msgs/package.sh'
[7.782s] INFO:colcon.colcon_core.shell:Creating package script '/home/go2/ARX_X5/ros2_ws/install/orbbec_camera_msgs/share/orbbec_camera_msgs/package.bash'
[7.782s] INFO:colcon.colcon_core.shell:Creating package script '/home/go2/ARX_X5/ros2_ws/install/orbbec_camera_msgs/share/orbbec_camera_msgs/package.zsh'
[7.783s] Level 1:colcon.colcon_core.environment:create_file_with_runtime_dependencies(/home/go2/ARX_X5/ros2_ws/install/orbbec_camera_msgs/share/colcon-core/packages/orbbec_camera_msgs)
[7.783s] INFO:colcon.colcon_ros.task.ament_cmake.build:Building ROS package in '/home/go2/ARX_X5/ros2_ws/src/OrbbecSDK_ROS2/orbbec_camera' with build type 'ament_cmake'
[7.783s] INFO:colcon.colcon_cmake.task.cmake.build:Building CMake package in '/home/go2/ARX_X5/ros2_ws/src/OrbbecSDK_ROS2/orbbec_camera'
[7.783s] INFO:colcon.colcon_core.shell:Skip shell extension 'powershell' for command environment: Not usable outside of PowerShell
[7.783s] DEBUG:colcon.colcon_core.shell:Skip shell extension 'dsv' for command environment
[7.807s] DEBUG:colcon.colcon_core.event_handler.log_command:Invoking command in '/home/go2/ARX_X5/ros2_ws/build/orbbec_camera': AMENT_PREFIX_PATH=/home/go2/ARX_X5/ros2_ws/install/orbbec_camera_msgs:${AMENT_PREFIX_PATH} CMAKE_PREFIX_PATH=/home/go2/ARX_X5/ros2_ws/install/orbbec_camera_msgs:/home/go2/piper_ros/install/piper_msgs:/home/go2/piper_ros/install/piper_description:/home/go2/ARX_X5/ROS2/X5_ws/install/arx_x5_controller:/home/go2/ARX_X5/ROS2/X5_ws/install/arx5_arm_msg:/home/go2/piper_ros/install/piper:/opt/ros/foxy:/home/go2/ARX_X5/ROS2/X5_ws/install/arm_control CONDA_PROMPT_MODIFIER=(ARX) LD_LIBRARY_PATH=/home/go2/ARX_X5/ros2_ws/install/orbbec_camera_msgs/lib:${LD_LIBRARY_PATH} PYTHONPATH=/home/go2/ARX_X5/ros2_ws/install/orbbec_camera_msgs/lib/python3.8/site-packages:${PYTHONPATH} /usr/bin/cmake /home/go2/ARX_X5/ros2_ws/src/OrbbecSDK_ROS2/orbbec_camera -DCMAKE_BUILD_TYPE=Release -DCMAKE_INSTALL_PREFIX=/home/go2/ARX_X5/ros2_ws/install/orbbec_camera
[12.131s] DEBUG:colcon.colcon_core.event_handler.log_command:Invoked command in '/home/go2/ARX_X5/ros2_ws/build/orbbec_camera' returned '0': AMENT_PREFIX_PATH=/home/go2/ARX_X5/ros2_ws/install/orbbec_camera_msgs:${AMENT_PREFIX_PATH} CMAKE_PREFIX_PATH=/home/go2/ARX_X5/ros2_ws/install/orbbec_camera_msgs:/home/go2/piper_ros/install/piper_msgs:/home/go2/piper_ros/install/piper_description:/home/go2/ARX_X5/ROS2/X5_ws/install/arx_x5_controller:/home/go2/ARX_X5/ROS2/X5_ws/install/arx5_arm_msg:/home/go2/piper_ros/install/piper:/opt/ros/foxy:/home/go2/ARX_X5/ROS2/X5_ws/install/arm_control CONDA_PROMPT_MODIFIER=(ARX) LD_LIBRARY_PATH=/home/go2/ARX_X5/ros2_ws/install/orbbec_camera_msgs/lib:${LD_LIBRARY_PATH} PYTHONPATH=/home/go2/ARX_X5/ros2_ws/install/orbbec_camera_msgs/lib/python3.8/site-packages:${PYTHONPATH} /usr/bin/cmake /home/go2/ARX_X5/ros2_ws/src/OrbbecSDK_ROS2/orbbec_camera -DCMAKE_BUILD_TYPE=Release -DCMAKE_INSTALL_PREFIX=/home/go2/ARX_X5/ros2_ws/install/orbbec_camera
[12.132s] DEBUG:colcon.colcon_core.event_handler.log_command:Invoking command in '/home/go2/ARX_X5/ros2_ws/build/orbbec_camera': AMENT_PREFIX_PATH=/home/go2/ARX_X5/ros2_ws/install/orbbec_camera_msgs:${AMENT_PREFIX_PATH} CMAKE_PREFIX_PATH=/home/go2/ARX_X5/ros2_ws/install/orbbec_camera_msgs:/home/go2/piper_ros/install/piper_msgs:/home/go2/piper_ros/install/piper_description:/home/go2/ARX_X5/ROS2/X5_ws/install/arx_x5_controller:/home/go2/ARX_X5/ROS2/X5_ws/install/arx5_arm_msg:/home/go2/piper_ros/install/piper:/opt/ros/foxy:/home/go2/ARX_X5/ROS2/X5_ws/install/arm_control CONDA_PROMPT_MODIFIER=(ARX) LD_LIBRARY_PATH=/home/go2/ARX_X5/ros2_ws/install/orbbec_camera_msgs/lib:${LD_LIBRARY_PATH} PYTHONPATH=/home/go2/ARX_X5/ros2_ws/install/orbbec_camera_msgs/lib/python3.8/site-packages:${PYTHONPATH} /usr/bin/cmake --build /home/go2/ARX_X5/ros2_ws/build/orbbec_camera -- -j56 -l56
[42.236s] DEBUG:colcon.colcon_core.event_handler.log_command:Invoked command in '/home/go2/ARX_X5/ros2_ws/build/orbbec_camera' returned '0': AMENT_PREFIX_PATH=/home/go2/ARX_X5/ros2_ws/install/orbbec_camera_msgs:${AMENT_PREFIX_PATH} CMAKE_PREFIX_PATH=/home/go2/ARX_X5/ros2_ws/install/orbbec_camera_msgs:/home/go2/piper_ros/install/piper_msgs:/home/go2/piper_ros/install/piper_description:/home/go2/ARX_X5/ROS2/X5_ws/install/arx_x5_controller:/home/go2/ARX_X5/ROS2/X5_ws/install/arx5_arm_msg:/home/go2/piper_ros/install/piper:/opt/ros/foxy:/home/go2/ARX_X5/ROS2/X5_ws/install/arm_control CONDA_PROMPT_MODIFIER=(ARX) LD_LIBRARY_PATH=/home/go2/ARX_X5/ros2_ws/install/orbbec_camera_msgs/lib:${LD_LIBRARY_PATH} PYTHONPATH=/home/go2/ARX_X5/ros2_ws/install/orbbec_camera_msgs/lib/python3.8/site-packages:${PYTHONPATH} /usr/bin/cmake --build /home/go2/ARX_X5/ros2_ws/build/orbbec_camera -- -j56 -l56
[42.239s] DEBUG:colcon.colcon_core.event_handler.log_command:Invoking command in '/home/go2/ARX_X5/ros2_ws/build/orbbec_camera': AMENT_PREFIX_PATH=/home/go2/ARX_X5/ros2_ws/install/orbbec_camera_msgs:${AMENT_PREFIX_PATH} CMAKE_PREFIX_PATH=/home/go2/ARX_X5/ros2_ws/install/orbbec_camera_msgs:/home/go2/piper_ros/install/piper_msgs:/home/go2/piper_ros/install/piper_description:/home/go2/ARX_X5/ROS2/X5_ws/install/arx_x5_controller:/home/go2/ARX_X5/ROS2/X5_ws/install/arx5_arm_msg:/home/go2/piper_ros/install/piper:/opt/ros/foxy:/home/go2/ARX_X5/ROS2/X5_ws/install/arm_control CONDA_PROMPT_MODIFIER=(ARX) LD_LIBRARY_PATH=/home/go2/ARX_X5/ros2_ws/install/orbbec_camera_msgs/lib:${LD_LIBRARY_PATH} PYTHONPATH=/home/go2/ARX_X5/ros2_ws/install/orbbec_camera_msgs/lib/python3.8/site-packages:${PYTHONPATH} /usr/bin/cmake --install /home/go2/ARX_X5/ros2_ws/build/orbbec_camera
[42.271s] Level 1:colcon.colcon_core.environment:create_environment_scripts_only(orbbec_camera)
[42.272s] DEBUG:colcon.colcon_core.event_handler.log_command:Invoked command in '/home/go2/ARX_X5/ros2_ws/build/orbbec_camera' returned '0': AMENT_PREFIX_PATH=/home/go2/ARX_X5/ros2_ws/install/orbbec_camera_msgs:${AMENT_PREFIX_PATH} CMAKE_PREFIX_PATH=/home/go2/ARX_X5/ros2_ws/install/orbbec_camera_msgs:/home/go2/piper_ros/install/piper_msgs:/home/go2/piper_ros/install/piper_description:/home/go2/ARX_X5/ROS2/X5_ws/install/arx_x5_controller:/home/go2/ARX_X5/ROS2/X5_ws/install/arx5_arm_msg:/home/go2/piper_ros/install/piper:/opt/ros/foxy:/home/go2/ARX_X5/ROS2/X5_ws/install/arm_control CONDA_PROMPT_MODIFIER=(ARX) LD_LIBRARY_PATH=/home/go2/ARX_X5/ros2_ws/install/orbbec_camera_msgs/lib:${LD_LIBRARY_PATH} PYTHONPATH=/home/go2/ARX_X5/ros2_ws/install/orbbec_camera_msgs/lib/python3.8/site-packages:${PYTHONPATH} /usr/bin/cmake --install /home/go2/ARX_X5/ros2_ws/build/orbbec_camera
[42.273s] Level 1:colcon.colcon_core.environment:checking '/home/go2/ARX_X5/ros2_ws/install/orbbec_camera' for CMake module files
[42.274s] Level 1:colcon.colcon_core.environment:checking '/home/go2/ARX_X5/ros2_ws/install/orbbec_camera' for CMake config files
[42.275s] Level 1:colcon.colcon_core.shell:create_environment_hook('orbbec_camera', 'cmake_prefix_path')
[42.275s] INFO:colcon.colcon_core.shell:Creating environment hook '/home/go2/ARX_X5/ros2_ws/install/orbbec_camera/share/orbbec_camera/hook/cmake_prefix_path.ps1'
[42.275s] INFO:colcon.colcon_core.shell:Creating environment descriptor '/home/go2/ARX_X5/ros2_ws/install/orbbec_camera/share/orbbec_camera/hook/cmake_prefix_path.dsv'
[42.276s] INFO:colcon.colcon_core.shell:Creating environment hook '/home/go2/ARX_X5/ros2_ws/install/orbbec_camera/share/orbbec_camera/hook/cmake_prefix_path.sh'
[42.276s] Level 1:colcon.colcon_core.environment:checking '/home/go2/ARX_X5/ros2_ws/install/orbbec_camera/lib'
[42.276s] Level 1:colcon.colcon_core.shell:create_environment_hook('orbbec_camera', 'ld_library_path_lib')
[42.276s] INFO:colcon.colcon_core.shell:Creating environment hook '/home/go2/ARX_X5/ros2_ws/install/orbbec_camera/share/orbbec_camera/hook/ld_library_path_lib.ps1'
[42.276s] INFO:colcon.colcon_core.shell:Creating environment descriptor '/home/go2/ARX_X5/ros2_ws/install/orbbec_camera/share/orbbec_camera/hook/ld_library_path_lib.dsv'
[42.277s] INFO:colcon.colcon_core.shell:Creating environment hook '/home/go2/ARX_X5/ros2_ws/install/orbbec_camera/share/orbbec_camera/hook/ld_library_path_lib.sh'
[42.277s] Level 1:colcon.colcon_core.environment:checking '/home/go2/ARX_X5/ros2_ws/install/orbbec_camera/bin'
[42.277s] Level 1:colcon.colcon_core.environment:checking '/home/go2/ARX_X5/ros2_ws/install/orbbec_camera/lib/pkgconfig/orbbec_camera.pc'
[42.277s] Level 1:colcon.colcon_core.environment:checking '/home/go2/ARX_X5/ros2_ws/install/orbbec_camera/lib/python3.8/site-packages'
[42.277s] Level 1:colcon.colcon_core.environment:checking '/home/go2/ARX_X5/ros2_ws/install/orbbec_camera/bin'
[42.277s] INFO:colcon.colcon_core.shell:Creating package script '/home/go2/ARX_X5/ros2_ws/install/orbbec_camera/share/orbbec_camera/package.ps1'
[42.278s] INFO:colcon.colcon_core.shell:Creating package descriptor '/home/go2/ARX_X5/ros2_ws/install/orbbec_camera/share/orbbec_camera/package.dsv'
[42.278s] INFO:colcon.colcon_core.shell:Creating package script '/home/go2/ARX_X5/ros2_ws/install/orbbec_camera/share/orbbec_camera/package.sh'
[42.278s] INFO:colcon.colcon_core.shell:Creating package script '/home/go2/ARX_X5/ros2_ws/install/orbbec_camera/share/orbbec_camera/package.bash'
[42.278s] INFO:colcon.colcon_core.shell:Creating package script '/home/go2/ARX_X5/ros2_ws/install/orbbec_camera/share/orbbec_camera/package.zsh'
[42.279s] Level 1:colcon.colcon_core.environment:create_file_with_runtime_dependencies(/home/go2/ARX_X5/ros2_ws/install/orbbec_camera/share/colcon-core/packages/orbbec_camera)
[42.279s] Level 1:colcon.colcon_core.environment:create_environment_scripts_only(orbbec_camera)
[42.279s] Level 1:colcon.colcon_core.environment:checking '/home/go2/ARX_X5/ros2_ws/install/orbbec_camera' for CMake module files
[42.280s] Level 1:colcon.colcon_core.environment:checking '/home/go2/ARX_X5/ros2_ws/install/orbbec_camera' for CMake config files
[42.280s] Level 1:colcon.colcon_core.shell:create_environment_hook('orbbec_camera', 'cmake_prefix_path')
[42.280s] INFO:colcon.colcon_core.shell:Creating environment hook '/home/go2/ARX_X5/ros2_ws/install/orbbec_camera/share/orbbec_camera/hook/cmake_prefix_path.ps1'
[42.280s] INFO:colcon.colcon_core.shell:Creating environment descriptor '/home/go2/ARX_X5/ros2_ws/install/orbbec_camera/share/orbbec_camera/hook/cmake_prefix_path.dsv'
[42.280s] INFO:colcon.colcon_core.shell:Creating environment hook '/home/go2/ARX_X5/ros2_ws/install/orbbec_camera/share/orbbec_camera/hook/cmake_prefix_path.sh'
[42.281s] Level 1:colcon.colcon_core.environment:checking '/home/go2/ARX_X5/ros2_ws/install/orbbec_camera/lib'
[42.281s] Level 1:colcon.colcon_core.shell:create_environment_hook('orbbec_camera', 'ld_library_path_lib')
[42.281s] INFO:colcon.colcon_core.shell:Creating environment hook '/home/go2/ARX_X5/ros2_ws/install/orbbec_camera/share/orbbec_camera/hook/ld_library_path_lib.ps1'
[42.281s] INFO:colcon.colcon_core.shell:Creating environment descriptor '/home/go2/ARX_X5/ros2_ws/install/orbbec_camera/share/orbbec_camera/hook/ld_library_path_lib.dsv'
[42.281s] INFO:colcon.colcon_core.shell:Creating environment hook '/home/go2/ARX_X5/ros2_ws/install/orbbec_camera/share/orbbec_camera/hook/ld_library_path_lib.sh'
[42.282s] Level 1:colcon.colcon_core.environment:checking '/home/go2/ARX_X5/ros2_ws/install/orbbec_camera/bin'
[42.282s] Level 1:colcon.colcon_core.environment:checking '/home/go2/ARX_X5/ros2_ws/install/orbbec_camera/lib/pkgconfig/orbbec_camera.pc'
[42.282s] Level 1:colcon.colcon_core.environment:checking '/home/go2/ARX_X5/ros2_ws/install/orbbec_camera/lib/python3.8/site-packages'
[42.282s] Level 1:colcon.colcon_core.environment:checking '/home/go2/ARX_X5/ros2_ws/install/orbbec_camera/bin'
[42.282s] INFO:colcon.colcon_core.shell:Creating package script '/home/go2/ARX_X5/ros2_ws/install/orbbec_camera/share/orbbec_camera/package.ps1'
[42.282s] INFO:colcon.colcon_core.shell:Creating package descriptor '/home/go2/ARX_X5/ros2_ws/install/orbbec_camera/share/orbbec_camera/package.dsv'
[42.283s] INFO:colcon.colcon_core.shell:Creating package script '/home/go2/ARX_X5/ros2_ws/install/orbbec_camera/share/orbbec_camera/package.sh'
[42.283s] INFO:colcon.colcon_core.shell:Creating package script '/home/go2/ARX_X5/ros2_ws/install/orbbec_camera/share/orbbec_camera/package.bash'
[42.283s] INFO:colcon.colcon_core.shell:Creating package script '/home/go2/ARX_X5/ros2_ws/install/orbbec_camera/share/orbbec_camera/package.zsh'
[42.284s] Level 1:colcon.colcon_core.environment:create_file_with_runtime_dependencies(/home/go2/ARX_X5/ros2_ws/install/orbbec_camera/share/colcon-core/packages/orbbec_camera)
[42.284s] DEBUG:colcon.colcon_parallel_executor.executor.parallel:closing loop
[42.284s] DEBUG:colcon.colcon_parallel_executor.executor.parallel:loop closed
[42.284s] DEBUG:colcon.colcon_parallel_executor.executor.parallel:run_until_complete finished with '0'
[42.284s] DEBUG:colcon.colcon_core.event_reactor:joining thread
[42.291s] INFO:colcon.colcon_core.plugin_system:Skipping extension 'colcon_notification.desktop_notification.terminal_notifier': Not used on non-Darwin systems
[42.291s] INFO:colcon.colcon_core.plugin_system:Skipping extension 'colcon_notification.desktop_notification.win32': Not used on non-Windows systems
[42.291s] INFO:colcon.colcon_notification.desktop_notification:Sending desktop notification using 'notify2'
[42.303s] DEBUG:colcon.colcon_core.event_reactor:joined thread
[42.304s] INFO:colcon.colcon_core.shell:Creating prefix script '/home/go2/ARX_X5/ros2_ws/install/local_setup.ps1'
[42.306s] INFO:colcon.colcon_core.shell:Creating prefix util module '/home/go2/ARX_X5/ros2_ws/install/_local_setup_util_ps1.py'
[42.307s] INFO:colcon.colcon_core.shell:Creating prefix chain script '/home/go2/ARX_X5/ros2_ws/install/setup.ps1'
[42.307s] INFO:colcon.colcon_core.shell:Creating prefix script '/home/go2/ARX_X5/ros2_ws/install/local_setup.sh'
[42.308s] INFO:colcon.colcon_core.shell:Creating prefix util module '/home/go2/ARX_X5/ros2_ws/install/_local_setup_util_sh.py'
[42.308s] INFO:colcon.colcon_core.shell:Creating prefix chain script '/home/go2/ARX_X5/ros2_ws/install/setup.sh'
[42.309s] INFO:colcon.colcon_core.shell:Creating prefix script '/home/go2/ARX_X5/ros2_ws/install/local_setup.bash'
[42.309s] INFO:colcon.colcon_core.shell:Creating prefix chain script '/home/go2/ARX_X5/ros2_ws/install/setup.bash'
[42.310s] INFO:colcon.colcon_core.shell:Creating prefix script '/home/go2/ARX_X5/ros2_ws/install/local_setup.zsh'
[42.310s] INFO:colcon.colcon_core.shell:Creating prefix chain script '/home/go2/ARX_X5/ros2_ws/install/setup.zsh'
