[0.160s] DEBUG:colcon:Command line arguments: ['/usr/bin/colcon', 'build', '--event-handlers', 'console_direct+', '--cmake-args', '-DCMAKE_BUILD_TYPE=Release']
[0.161s] DEBUG:colcon:Parsed command line arguments: Namespace(allow_overriding=[], ament_cmake_args=None, base_paths=['.'], build_base='build', catkin_cmake_args=None, catkin_skip_building_tests=False, cmake_args=['-DCMAKE_BUILD_TYPE=Release'], cmake_clean_cache=False, cmake_clean_first=False, cmake_force_configure=False, cmake_target=None, cmake_target_skip_unavailable=False, continue_on_error=False, event_handlers=['console_direct+'], executor='parallel', ignore_user_meta=False, install_base='install', log_base=None, log_level=None, main=<bound method BuildVerb.main of <colcon_core.verb.build.BuildVerb object at 0x7f433c7161c0>>, merge_install=False, metas=['./colcon.meta'], mixin=None, mixin_files=None, mixin_verb=('build',), packages_above=None, packages_above_and_dependencies=None, packages_above_depth=None, packages_end=None, packages_ignore=None, packages_ignore_regex=None, packages_select=None, packages_select_build_failed=False, packages_select_by_dep=None, packages_select_regex=None, packages_select_test_failures=False, packages_skip=None, packages_skip_build_finished=False, packages_skip_by_dep=None, packages_skip_regex=None, packages_skip_test_passed=False, packages_skip_up_to=None, packages_start=None, packages_up_to=None, packages_up_to_regex=None, parallel_workers=56, paths=None, symlink_install=False, test_result_base=None, verb_extension=<colcon_core.verb.build.BuildVerb object at 0x7f433c7161c0>, verb_name='build', verb_parser=<colcon_mixin.mixin.mixin_argument.MixinArgumentDecorator object at 0x7f433c360a30>)
[0.276s] Level 1:colcon.colcon_core.package_discovery:discover_packages(colcon_meta) check parameters
[0.276s] Level 1:colcon.colcon_core.package_discovery:discover_packages(recursive) check parameters
[0.276s] Level 1:colcon.colcon_core.package_discovery:discover_packages(ignore) check parameters
[0.276s] Level 1:colcon.colcon_core.package_discovery:discover_packages(path) check parameters
[0.276s] Level 1:colcon.colcon_core.package_discovery:discover_packages(colcon_meta) discover
[0.276s] Level 1:colcon.colcon_core.package_discovery:discover_packages(recursive) discover
[0.276s] INFO:colcon.colcon_core.package_discovery:Crawling recursively for packages in '/home/go2/ARX_X5/ros2_ws'
[0.276s] Level 1:colcon.colcon_core.package_identification:_identify(.) by extensions ['ignore', 'ignore_ament_install']
[0.276s] Level 1:colcon.colcon_core.package_identification:_identify(.) by extension 'ignore'
[0.276s] Level 1:colcon.colcon_core.package_identification:_identify(.) by extension 'ignore_ament_install'
[0.276s] Level 1:colcon.colcon_core.package_identification:_identify(.) by extensions ['colcon_pkg']
[0.276s] Level 1:colcon.colcon_core.package_identification:_identify(.) by extension 'colcon_pkg'
[0.276s] Level 1:colcon.colcon_core.package_identification:_identify(.) by extensions ['colcon_meta']
[0.276s] Level 1:colcon.colcon_core.package_identification:_identify(.) by extension 'colcon_meta'
[0.276s] Level 1:colcon.colcon_core.package_identification:_identify(.) by extensions ['ros']
[0.276s] Level 1:colcon.colcon_core.package_identification:_identify(.) by extension 'ros'
[0.286s] Level 1:colcon.colcon_core.package_identification:_identify(.) by extensions ['cmake', 'python']
[0.286s] Level 1:colcon.colcon_core.package_identification:_identify(.) by extension 'cmake'
[0.286s] Level 1:colcon.colcon_core.package_identification:_identify(.) by extension 'python'
[0.286s] Level 1:colcon.colcon_core.package_identification:_identify(.) by extensions ['python_setup_py']
[0.286s] Level 1:colcon.colcon_core.package_identification:_identify(.) by extension 'python_setup_py'
[0.286s] Level 1:colcon.colcon_core.package_identification:_identify(build) by extensions ['ignore', 'ignore_ament_install']
[0.286s] Level 1:colcon.colcon_core.package_identification:_identify(build) by extension 'ignore'
[0.286s] Level 1:colcon.colcon_core.package_identification:_identify(build) ignored
[0.286s] Level 1:colcon.colcon_core.package_identification:_identify(install) by extensions ['ignore', 'ignore_ament_install']
[0.286s] Level 1:colcon.colcon_core.package_identification:_identify(install) by extension 'ignore'
[0.286s] Level 1:colcon.colcon_core.package_identification:_identify(install) ignored
[0.286s] Level 1:colcon.colcon_core.package_identification:_identify(log) by extensions ['ignore', 'ignore_ament_install']
[0.286s] Level 1:colcon.colcon_core.package_identification:_identify(log) by extension 'ignore'
[0.286s] Level 1:colcon.colcon_core.package_identification:_identify(log) ignored
[0.286s] Level 1:colcon.colcon_core.package_identification:_identify(src) by extensions ['ignore', 'ignore_ament_install']
[0.286s] Level 1:colcon.colcon_core.package_identification:_identify(src) by extension 'ignore'
[0.286s] Level 1:colcon.colcon_core.package_identification:_identify(src) by extension 'ignore_ament_install'
[0.287s] Level 1:colcon.colcon_core.package_identification:_identify(src) by extensions ['colcon_pkg']
[0.287s] Level 1:colcon.colcon_core.package_identification:_identify(src) by extension 'colcon_pkg'
[0.287s] Level 1:colcon.colcon_core.package_identification:_identify(src) by extensions ['colcon_meta']
[0.287s] Level 1:colcon.colcon_core.package_identification:_identify(src) by extension 'colcon_meta'
[0.287s] Level 1:colcon.colcon_core.package_identification:_identify(src) by extensions ['ros']
[0.287s] Level 1:colcon.colcon_core.package_identification:_identify(src) by extension 'ros'
[0.287s] Level 1:colcon.colcon_core.package_identification:_identify(src) by extensions ['cmake', 'python']
[0.287s] Level 1:colcon.colcon_core.package_identification:_identify(src) by extension 'cmake'
[0.287s] Level 1:colcon.colcon_core.package_identification:_identify(src) by extension 'python'
[0.287s] Level 1:colcon.colcon_core.package_identification:_identify(src) by extensions ['python_setup_py']
[0.287s] Level 1:colcon.colcon_core.package_identification:_identify(src) by extension 'python_setup_py'
[0.287s] Level 1:colcon.colcon_core.package_identification:_identify(src/OrbbecSDK_ROS2) by extensions ['ignore', 'ignore_ament_install']
[0.287s] Level 1:colcon.colcon_core.package_identification:_identify(src/OrbbecSDK_ROS2) by extension 'ignore'
[0.287s] Level 1:colcon.colcon_core.package_identification:_identify(src/OrbbecSDK_ROS2) by extension 'ignore_ament_install'
[0.287s] Level 1:colcon.colcon_core.package_identification:_identify(src/OrbbecSDK_ROS2) by extensions ['colcon_pkg']
[0.287s] Level 1:colcon.colcon_core.package_identification:_identify(src/OrbbecSDK_ROS2) by extension 'colcon_pkg'
[0.287s] Level 1:colcon.colcon_core.package_identification:_identify(src/OrbbecSDK_ROS2) by extensions ['colcon_meta']
[0.287s] Level 1:colcon.colcon_core.package_identification:_identify(src/OrbbecSDK_ROS2) by extension 'colcon_meta'
[0.287s] Level 1:colcon.colcon_core.package_identification:_identify(src/OrbbecSDK_ROS2) by extensions ['ros']
[0.287s] Level 1:colcon.colcon_core.package_identification:_identify(src/OrbbecSDK_ROS2) by extension 'ros'
[0.287s] Level 1:colcon.colcon_core.package_identification:_identify(src/OrbbecSDK_ROS2) by extensions ['cmake', 'python']
[0.287s] Level 1:colcon.colcon_core.package_identification:_identify(src/OrbbecSDK_ROS2) by extension 'cmake'
[0.287s] Level 1:colcon.colcon_core.package_identification:_identify(src/OrbbecSDK_ROS2) by extension 'python'
[0.287s] Level 1:colcon.colcon_core.package_identification:_identify(src/OrbbecSDK_ROS2) by extensions ['python_setup_py']
[0.287s] Level 1:colcon.colcon_core.package_identification:_identify(src/OrbbecSDK_ROS2) by extension 'python_setup_py'
[0.287s] Level 1:colcon.colcon_core.package_identification:_identify(src/OrbbecSDK_ROS2/Log) by extensions ['ignore', 'ignore_ament_install']
[0.287s] Level 1:colcon.colcon_core.package_identification:_identify(src/OrbbecSDK_ROS2/Log) by extension 'ignore'
[0.287s] Level 1:colcon.colcon_core.package_identification:_identify(src/OrbbecSDK_ROS2/Log) by extension 'ignore_ament_install'
[0.287s] Level 1:colcon.colcon_core.package_identification:_identify(src/OrbbecSDK_ROS2/Log) by extensions ['colcon_pkg']
[0.287s] Level 1:colcon.colcon_core.package_identification:_identify(src/OrbbecSDK_ROS2/Log) by extension 'colcon_pkg'
[0.287s] Level 1:colcon.colcon_core.package_identification:_identify(src/OrbbecSDK_ROS2/Log) by extensions ['colcon_meta']
[0.287s] Level 1:colcon.colcon_core.package_identification:_identify(src/OrbbecSDK_ROS2/Log) by extension 'colcon_meta'
[0.287s] Level 1:colcon.colcon_core.package_identification:_identify(src/OrbbecSDK_ROS2/Log) by extensions ['ros']
[0.288s] Level 1:colcon.colcon_core.package_identification:_identify(src/OrbbecSDK_ROS2/Log) by extension 'ros'
[0.288s] Level 1:colcon.colcon_core.package_identification:_identify(src/OrbbecSDK_ROS2/Log) by extensions ['cmake', 'python']
[0.288s] Level 1:colcon.colcon_core.package_identification:_identify(src/OrbbecSDK_ROS2/Log) by extension 'cmake'
[0.288s] Level 1:colcon.colcon_core.package_identification:_identify(src/OrbbecSDK_ROS2/Log) by extension 'python'
[0.288s] Level 1:colcon.colcon_core.package_identification:_identify(src/OrbbecSDK_ROS2/Log) by extensions ['python_setup_py']
[0.288s] Level 1:colcon.colcon_core.package_identification:_identify(src/OrbbecSDK_ROS2/Log) by extension 'python_setup_py'
[0.288s] Level 1:colcon.colcon_core.package_identification:_identify(src/OrbbecSDK_ROS2/docs) by extensions ['ignore', 'ignore_ament_install']
[0.288s] Level 1:colcon.colcon_core.package_identification:_identify(src/OrbbecSDK_ROS2/docs) by extension 'ignore'
[0.288s] Level 1:colcon.colcon_core.package_identification:_identify(src/OrbbecSDK_ROS2/docs) by extension 'ignore_ament_install'
[0.288s] Level 1:colcon.colcon_core.package_identification:_identify(src/OrbbecSDK_ROS2/docs) by extensions ['colcon_pkg']
[0.288s] Level 1:colcon.colcon_core.package_identification:_identify(src/OrbbecSDK_ROS2/docs) by extension 'colcon_pkg'
[0.288s] Level 1:colcon.colcon_core.package_identification:_identify(src/OrbbecSDK_ROS2/docs) by extensions ['colcon_meta']
[0.288s] Level 1:colcon.colcon_core.package_identification:_identify(src/OrbbecSDK_ROS2/docs) by extension 'colcon_meta'
[0.288s] Level 1:colcon.colcon_core.package_identification:_identify(src/OrbbecSDK_ROS2/docs) by extensions ['ros']
[0.288s] Level 1:colcon.colcon_core.package_identification:_identify(src/OrbbecSDK_ROS2/docs) by extension 'ros'
[0.288s] Level 1:colcon.colcon_core.package_identification:_identify(src/OrbbecSDK_ROS2/docs) by extensions ['cmake', 'python']
[0.288s] Level 1:colcon.colcon_core.package_identification:_identify(src/OrbbecSDK_ROS2/docs) by extension 'cmake'
[0.288s] Level 1:colcon.colcon_core.package_identification:_identify(src/OrbbecSDK_ROS2/docs) by extension 'python'
[0.288s] Level 1:colcon.colcon_core.package_identification:_identify(src/OrbbecSDK_ROS2/docs) by extensions ['python_setup_py']
[0.288s] Level 1:colcon.colcon_core.package_identification:_identify(src/OrbbecSDK_ROS2/docs) by extension 'python_setup_py'
[0.288s] Level 1:colcon.colcon_core.package_identification:_identify(src/OrbbecSDK_ROS2/docs/images) by extensions ['ignore', 'ignore_ament_install']
[0.288s] Level 1:colcon.colcon_core.package_identification:_identify(src/OrbbecSDK_ROS2/docs/images) by extension 'ignore'
[0.288s] Level 1:colcon.colcon_core.package_identification:_identify(src/OrbbecSDK_ROS2/docs/images) by extension 'ignore_ament_install'
[0.288s] Level 1:colcon.colcon_core.package_identification:_identify(src/OrbbecSDK_ROS2/docs/images) by extensions ['colcon_pkg']
[0.288s] Level 1:colcon.colcon_core.package_identification:_identify(src/OrbbecSDK_ROS2/docs/images) by extension 'colcon_pkg'
[0.288s] Level 1:colcon.colcon_core.package_identification:_identify(src/OrbbecSDK_ROS2/docs/images) by extensions ['colcon_meta']
[0.288s] Level 1:colcon.colcon_core.package_identification:_identify(src/OrbbecSDK_ROS2/docs/images) by extension 'colcon_meta'
[0.288s] Level 1:colcon.colcon_core.package_identification:_identify(src/OrbbecSDK_ROS2/docs/images) by extensions ['ros']
[0.288s] Level 1:colcon.colcon_core.package_identification:_identify(src/OrbbecSDK_ROS2/docs/images) by extension 'ros'
[0.289s] Level 1:colcon.colcon_core.package_identification:_identify(src/OrbbecSDK_ROS2/docs/images) by extensions ['cmake', 'python']
[0.289s] Level 1:colcon.colcon_core.package_identification:_identify(src/OrbbecSDK_ROS2/docs/images) by extension 'cmake'
[0.289s] Level 1:colcon.colcon_core.package_identification:_identify(src/OrbbecSDK_ROS2/docs/images) by extension 'python'
[0.289s] Level 1:colcon.colcon_core.package_identification:_identify(src/OrbbecSDK_ROS2/docs/images) by extensions ['python_setup_py']
[0.289s] Level 1:colcon.colcon_core.package_identification:_identify(src/OrbbecSDK_ROS2/docs/images) by extension 'python_setup_py'
[0.289s] Level 1:colcon.colcon_core.package_identification:_identify(src/OrbbecSDK_ROS2/orbbec_camera) by extensions ['ignore', 'ignore_ament_install']
[0.289s] Level 1:colcon.colcon_core.package_identification:_identify(src/OrbbecSDK_ROS2/orbbec_camera) by extension 'ignore'
[0.289s] Level 1:colcon.colcon_core.package_identification:_identify(src/OrbbecSDK_ROS2/orbbec_camera) by extension 'ignore_ament_install'
[0.289s] Level 1:colcon.colcon_core.package_identification:_identify(src/OrbbecSDK_ROS2/orbbec_camera) by extensions ['colcon_pkg']
[0.289s] Level 1:colcon.colcon_core.package_identification:_identify(src/OrbbecSDK_ROS2/orbbec_camera) by extension 'colcon_pkg'
[0.289s] Level 1:colcon.colcon_core.package_identification:_identify(src/OrbbecSDK_ROS2/orbbec_camera) by extensions ['colcon_meta']
[0.289s] Level 1:colcon.colcon_core.package_identification:_identify(src/OrbbecSDK_ROS2/orbbec_camera) by extension 'colcon_meta'
[0.289s] Level 1:colcon.colcon_core.package_identification:_identify(src/OrbbecSDK_ROS2/orbbec_camera) by extensions ['ros']
[0.289s] Level 1:colcon.colcon_core.package_identification:_identify(src/OrbbecSDK_ROS2/orbbec_camera) by extension 'ros'
[0.427s] DEBUG:colcon.colcon_core.package_identification:Package 'src/OrbbecSDK_ROS2/orbbec_camera' with type 'ros.ament_cmake' and name 'orbbec_camera'
[0.427s] Level 1:colcon.colcon_core.package_identification:_identify(src/OrbbecSDK_ROS2/orbbec_camera_msgs) by extensions ['ignore', 'ignore_ament_install']
[0.427s] Level 1:colcon.colcon_core.package_identification:_identify(src/OrbbecSDK_ROS2/orbbec_camera_msgs) by extension 'ignore'
[0.427s] Level 1:colcon.colcon_core.package_identification:_identify(src/OrbbecSDK_ROS2/orbbec_camera_msgs) by extension 'ignore_ament_install'
[0.427s] Level 1:colcon.colcon_core.package_identification:_identify(src/OrbbecSDK_ROS2/orbbec_camera_msgs) by extensions ['colcon_pkg']
[0.427s] Level 1:colcon.colcon_core.package_identification:_identify(src/OrbbecSDK_ROS2/orbbec_camera_msgs) by extension 'colcon_pkg'
[0.427s] Level 1:colcon.colcon_core.package_identification:_identify(src/OrbbecSDK_ROS2/orbbec_camera_msgs) by extensions ['colcon_meta']
[0.427s] Level 1:colcon.colcon_core.package_identification:_identify(src/OrbbecSDK_ROS2/orbbec_camera_msgs) by extension 'colcon_meta'
[0.427s] Level 1:colcon.colcon_core.package_identification:_identify(src/OrbbecSDK_ROS2/orbbec_camera_msgs) by extensions ['ros']
[0.427s] Level 1:colcon.colcon_core.package_identification:_identify(src/OrbbecSDK_ROS2/orbbec_camera_msgs) by extension 'ros'
[0.434s] DEBUG:colcon.colcon_core.package_identification:Package 'src/OrbbecSDK_ROS2/orbbec_camera_msgs' with type 'ros.ament_cmake' and name 'orbbec_camera_msgs'
[0.434s] Level 1:colcon.colcon_core.package_identification:_identify(src/OrbbecSDK_ROS2/orbbec_description) by extensions ['ignore', 'ignore_ament_install']
[0.434s] Level 1:colcon.colcon_core.package_identification:_identify(src/OrbbecSDK_ROS2/orbbec_description) by extension 'ignore'
[0.434s] Level 1:colcon.colcon_core.package_identification:_identify(src/OrbbecSDK_ROS2/orbbec_description) by extension 'ignore_ament_install'
[0.434s] Level 1:colcon.colcon_core.package_identification:_identify(src/OrbbecSDK_ROS2/orbbec_description) by extensions ['colcon_pkg']
[0.434s] Level 1:colcon.colcon_core.package_identification:_identify(src/OrbbecSDK_ROS2/orbbec_description) by extension 'colcon_pkg'
[0.435s] Level 1:colcon.colcon_core.package_identification:_identify(src/OrbbecSDK_ROS2/orbbec_description) by extensions ['colcon_meta']
[0.435s] Level 1:colcon.colcon_core.package_identification:_identify(src/OrbbecSDK_ROS2/orbbec_description) by extension 'colcon_meta'
[0.435s] Level 1:colcon.colcon_core.package_identification:_identify(src/OrbbecSDK_ROS2/orbbec_description) by extensions ['ros']
[0.435s] Level 1:colcon.colcon_core.package_identification:_identify(src/OrbbecSDK_ROS2/orbbec_description) by extension 'ros'
[0.436s] DEBUG:colcon.colcon_core.package_identification:Package 'src/OrbbecSDK_ROS2/orbbec_description' with type 'ros.ament_cmake' and name 'orbbec_description'
[0.436s] Level 1:colcon.colcon_core.package_discovery:discover_packages(recursive) using defaults
[0.436s] Level 1:colcon.colcon_core.package_discovery:discover_packages(ignore) discover
[0.436s] Level 1:colcon.colcon_core.package_discovery:discover_packages(ignore) using defaults
[0.436s] Level 1:colcon.colcon_core.package_discovery:discover_packages(path) discover
[0.436s] Level 1:colcon.colcon_core.package_discovery:discover_packages(path) using defaults
[0.460s] Level 1:colcon.colcon_core.package_discovery:discover_packages(prefix_path) check parameters
[0.461s] Level 1:colcon.colcon_core.package_discovery:discover_packages(prefix_path) discover
[0.462s] DEBUG:colcon.colcon_installed_package_information.package_discovery:Found 3 installed packages in /home/go2/ARX_X5/ros2_ws/install
[0.462s] DEBUG:colcon.colcon_installed_package_information.package_discovery:Found 3 installed packages in /home/go2/piper_ros/install
[0.463s] DEBUG:colcon.colcon_installed_package_information.package_discovery:Found 3 installed packages in /home/go2/ARX_X5/ROS2/X5_ws/install
[0.464s] DEBUG:colcon.colcon_installed_package_information.package_discovery:Found 296 installed packages in /opt/ros/foxy
[0.465s] Level 1:colcon.colcon_core.package_discovery:discover_packages(prefix_path) using defaults
[0.509s] Level 5:colcon.colcon_core.verb:set package 'orbbec_camera_msgs' build argument 'cmake_args' from command line to '['-DCMAKE_BUILD_TYPE=Release']'
[0.509s] Level 5:colcon.colcon_core.verb:set package 'orbbec_camera_msgs' build argument 'cmake_target' from command line to 'None'
[0.509s] Level 5:colcon.colcon_core.verb:set package 'orbbec_camera_msgs' build argument 'cmake_target_skip_unavailable' from command line to 'False'
[0.509s] Level 5:colcon.colcon_core.verb:set package 'orbbec_camera_msgs' build argument 'cmake_clean_cache' from command line to 'False'
[0.509s] Level 5:colcon.colcon_core.verb:set package 'orbbec_camera_msgs' build argument 'cmake_clean_first' from command line to 'False'
[0.509s] Level 5:colcon.colcon_core.verb:set package 'orbbec_camera_msgs' build argument 'cmake_force_configure' from command line to 'False'
[0.509s] Level 5:colcon.colcon_core.verb:set package 'orbbec_camera_msgs' build argument 'ament_cmake_args' from command line to 'None'
[0.509s] Level 5:colcon.colcon_core.verb:set package 'orbbec_camera_msgs' build argument 'catkin_cmake_args' from command line to 'None'
[0.509s] Level 5:colcon.colcon_core.verb:set package 'orbbec_camera_msgs' build argument 'catkin_skip_building_tests' from command line to 'False'
[0.509s] DEBUG:colcon.colcon_core.verb:Building package 'orbbec_camera_msgs' with the following arguments: {'ament_cmake_args': None, 'build_base': '/home/go2/ARX_X5/ros2_ws/build/orbbec_camera_msgs', 'catkin_cmake_args': None, 'catkin_skip_building_tests': False, 'cmake_args': ['-DCMAKE_BUILD_TYPE=Release'], 'cmake_clean_cache': False, 'cmake_clean_first': False, 'cmake_force_configure': False, 'cmake_target': None, 'cmake_target_skip_unavailable': False, 'install_base': '/home/go2/ARX_X5/ros2_ws/install/orbbec_camera_msgs', 'merge_install': False, 'path': '/home/go2/ARX_X5/ros2_ws/src/OrbbecSDK_ROS2/orbbec_camera_msgs', 'symlink_install': False, 'test_result_base': None}
[0.509s] Level 5:colcon.colcon_core.verb:set package 'orbbec_description' build argument 'cmake_args' from command line to '['-DCMAKE_BUILD_TYPE=Release']'
[0.509s] Level 5:colcon.colcon_core.verb:set package 'orbbec_description' build argument 'cmake_target' from command line to 'None'
[0.509s] Level 5:colcon.colcon_core.verb:set package 'orbbec_description' build argument 'cmake_target_skip_unavailable' from command line to 'False'
[0.509s] Level 5:colcon.colcon_core.verb:set package 'orbbec_description' build argument 'cmake_clean_cache' from command line to 'False'
[0.509s] Level 5:colcon.colcon_core.verb:set package 'orbbec_description' build argument 'cmake_clean_first' from command line to 'False'
[0.509s] Level 5:colcon.colcon_core.verb:set package 'orbbec_description' build argument 'cmake_force_configure' from command line to 'False'
[0.509s] Level 5:colcon.colcon_core.verb:set package 'orbbec_description' build argument 'ament_cmake_args' from command line to 'None'
[0.509s] Level 5:colcon.colcon_core.verb:set package 'orbbec_description' build argument 'catkin_cmake_args' from command line to 'None'
[0.509s] Level 5:colcon.colcon_core.verb:set package 'orbbec_description' build argument 'catkin_skip_building_tests' from command line to 'False'
[0.509s] DEBUG:colcon.colcon_core.verb:Building package 'orbbec_description' with the following arguments: {'ament_cmake_args': None, 'build_base': '/home/go2/ARX_X5/ros2_ws/build/orbbec_description', 'catkin_cmake_args': None, 'catkin_skip_building_tests': False, 'cmake_args': ['-DCMAKE_BUILD_TYPE=Release'], 'cmake_clean_cache': False, 'cmake_clean_first': False, 'cmake_force_configure': False, 'cmake_target': None, 'cmake_target_skip_unavailable': False, 'install_base': '/home/go2/ARX_X5/ros2_ws/install/orbbec_description', 'merge_install': False, 'path': '/home/go2/ARX_X5/ros2_ws/src/OrbbecSDK_ROS2/orbbec_description', 'symlink_install': False, 'test_result_base': None}
[0.510s] Level 5:colcon.colcon_core.verb:set package 'orbbec_camera' build argument 'cmake_args' from command line to '['-DCMAKE_BUILD_TYPE=Release']'
[0.510s] Level 5:colcon.colcon_core.verb:set package 'orbbec_camera' build argument 'cmake_target' from command line to 'None'
[0.510s] Level 5:colcon.colcon_core.verb:set package 'orbbec_camera' build argument 'cmake_target_skip_unavailable' from command line to 'False'
[0.510s] Level 5:colcon.colcon_core.verb:set package 'orbbec_camera' build argument 'cmake_clean_cache' from command line to 'False'
[0.510s] Level 5:colcon.colcon_core.verb:set package 'orbbec_camera' build argument 'cmake_clean_first' from command line to 'False'
[0.510s] Level 5:colcon.colcon_core.verb:set package 'orbbec_camera' build argument 'cmake_force_configure' from command line to 'False'
[0.510s] Level 5:colcon.colcon_core.verb:set package 'orbbec_camera' build argument 'ament_cmake_args' from command line to 'None'
[0.510s] Level 5:colcon.colcon_core.verb:set package 'orbbec_camera' build argument 'catkin_cmake_args' from command line to 'None'
[0.510s] Level 5:colcon.colcon_core.verb:set package 'orbbec_camera' build argument 'catkin_skip_building_tests' from command line to 'False'
[0.510s] DEBUG:colcon.colcon_core.verb:Building package 'orbbec_camera' with the following arguments: {'ament_cmake_args': None, 'build_base': '/home/go2/ARX_X5/ros2_ws/build/orbbec_camera', 'catkin_cmake_args': None, 'catkin_skip_building_tests': False, 'cmake_args': ['-DCMAKE_BUILD_TYPE=Release'], 'cmake_clean_cache': False, 'cmake_clean_first': False, 'cmake_force_configure': False, 'cmake_target': None, 'cmake_target_skip_unavailable': False, 'install_base': '/home/go2/ARX_X5/ros2_ws/install/orbbec_camera', 'merge_install': False, 'path': '/home/go2/ARX_X5/ros2_ws/src/OrbbecSDK_ROS2/orbbec_camera', 'symlink_install': False, 'test_result_base': None}
[0.510s] INFO:colcon.colcon_core.executor:Executing jobs using 'parallel' executor
[0.511s] DEBUG:colcon.colcon_parallel_executor.executor.parallel:run_until_complete
[0.511s] INFO:colcon.colcon_ros.task.ament_cmake.build:Building ROS package in '/home/go2/ARX_X5/ros2_ws/src/OrbbecSDK_ROS2/orbbec_camera_msgs' with build type 'ament_cmake'
[0.512s] INFO:colcon.colcon_cmake.task.cmake.build:Building CMake package in '/home/go2/ARX_X5/ros2_ws/src/OrbbecSDK_ROS2/orbbec_camera_msgs'
[0.513s] INFO:colcon.colcon_core.plugin_system:Skipping extension 'colcon_core.shell.bat': Not used on non-Windows systems
[0.513s] INFO:colcon.colcon_core.shell:Skip shell extension 'powershell' for command environment: Not usable outside of PowerShell
[0.513s] DEBUG:colcon.colcon_core.shell:Skip shell extension 'dsv' for command environment
[0.520s] INFO:colcon.colcon_ros.task.ament_cmake.build:Building ROS package in '/home/go2/ARX_X5/ros2_ws/src/OrbbecSDK_ROS2/orbbec_description' with build type 'ament_cmake'
[0.520s] INFO:colcon.colcon_cmake.task.cmake.build:Building CMake package in '/home/go2/ARX_X5/ros2_ws/src/OrbbecSDK_ROS2/orbbec_description'
[0.520s] INFO:colcon.colcon_core.shell:Skip shell extension 'powershell' for command environment: Not usable outside of PowerShell
[0.520s] DEBUG:colcon.colcon_core.shell:Skip shell extension 'dsv' for command environment
[0.548s] DEBUG:colcon.colcon_core.event_handler.log_command:Invoking command in '/home/go2/ARX_X5/ros2_ws/build/orbbec_camera_msgs': CMAKE_PREFIX_PATH=/home/go2/ARX_X5/ros2_ws/install/orbbec_description:/home/go2/ARX_X5/ros2_ws/install/orbbec_camera:/home/go2/ARX_X5/ros2_ws/install/orbbec_camera_msgs:/home/go2/piper_ros/install/piper_msgs:/home/go2/piper_ros/install/piper_description:/home/go2/ARX_X5/ROS2/X5_ws/install/arx_x5_controller:/home/go2/ARX_X5/ROS2/X5_ws/install/arx5_arm_msg:/home/go2/piper_ros/install/piper:/opt/ros/foxy:/home/go2/ARX_X5/ROS2/X5_ws/install/arm_control CONDA_PROMPT_MODIFIER=(ARX) /usr/bin/cmake --build /home/go2/ARX_X5/ros2_ws/build/orbbec_camera_msgs -- -j56 -l56
[0.553s] DEBUG:colcon.colcon_core.event_handler.log_command:Invoking command in '/home/go2/ARX_X5/ros2_ws/build/orbbec_description': CMAKE_PREFIX_PATH=/home/go2/ARX_X5/ros2_ws/install/orbbec_description:/home/go2/ARX_X5/ros2_ws/install/orbbec_camera:/home/go2/ARX_X5/ros2_ws/install/orbbec_camera_msgs:/home/go2/piper_ros/install/piper_msgs:/home/go2/piper_ros/install/piper_description:/home/go2/ARX_X5/ROS2/X5_ws/install/arx_x5_controller:/home/go2/ARX_X5/ROS2/X5_ws/install/arx5_arm_msg:/home/go2/piper_ros/install/piper:/opt/ros/foxy:/home/go2/ARX_X5/ROS2/X5_ws/install/arm_control CONDA_PROMPT_MODIFIER=(ARX) /usr/bin/cmake --build /home/go2/ARX_X5/ros2_ws/build/orbbec_description -- -j56 -l56
[0.594s] DEBUG:colcon.colcon_core.event_handler.log_command:Invoked command in '/home/go2/ARX_X5/ros2_ws/build/orbbec_description' returned '0': CMAKE_PREFIX_PATH=/home/go2/ARX_X5/ros2_ws/install/orbbec_description:/home/go2/ARX_X5/ros2_ws/install/orbbec_camera:/home/go2/ARX_X5/ros2_ws/install/orbbec_camera_msgs:/home/go2/piper_ros/install/piper_msgs:/home/go2/piper_ros/install/piper_description:/home/go2/ARX_X5/ROS2/X5_ws/install/arx_x5_controller:/home/go2/ARX_X5/ROS2/X5_ws/install/arx5_arm_msg:/home/go2/piper_ros/install/piper:/opt/ros/foxy:/home/go2/ARX_X5/ROS2/X5_ws/install/arm_control CONDA_PROMPT_MODIFIER=(ARX) /usr/bin/cmake --build /home/go2/ARX_X5/ros2_ws/build/orbbec_description -- -j56 -l56
[0.608s] DEBUG:colcon.colcon_core.event_handler.log_command:Invoking command in '/home/go2/ARX_X5/ros2_ws/build/orbbec_description': CMAKE_PREFIX_PATH=/home/go2/ARX_X5/ros2_ws/install/orbbec_description:/home/go2/ARX_X5/ros2_ws/install/orbbec_camera:/home/go2/ARX_X5/ros2_ws/install/orbbec_camera_msgs:/home/go2/piper_ros/install/piper_msgs:/home/go2/piper_ros/install/piper_description:/home/go2/ARX_X5/ROS2/X5_ws/install/arx_x5_controller:/home/go2/ARX_X5/ROS2/X5_ws/install/arx5_arm_msg:/home/go2/piper_ros/install/piper:/opt/ros/foxy:/home/go2/ARX_X5/ROS2/X5_ws/install/arm_control CONDA_PROMPT_MODIFIER=(ARX) /usr/bin/cmake --install /home/go2/ARX_X5/ros2_ws/build/orbbec_description
[0.618s] Level 1:colcon.colcon_core.environment:create_environment_scripts_only(orbbec_description)
[0.621s] Level 1:colcon.colcon_core.environment:checking '/home/go2/ARX_X5/ros2_ws/install/orbbec_description' for CMake module files
[0.622s] Level 1:colcon.colcon_core.environment:checking '/home/go2/ARX_X5/ros2_ws/install/orbbec_description' for CMake config files
[0.623s] DEBUG:colcon.colcon_core.event_handler.log_command:Invoked command in '/home/go2/ARX_X5/ros2_ws/build/orbbec_description' returned '0': CMAKE_PREFIX_PATH=/home/go2/ARX_X5/ros2_ws/install/orbbec_description:/home/go2/ARX_X5/ros2_ws/install/orbbec_camera:/home/go2/ARX_X5/ros2_ws/install/orbbec_camera_msgs:/home/go2/piper_ros/install/piper_msgs:/home/go2/piper_ros/install/piper_description:/home/go2/ARX_X5/ROS2/X5_ws/install/arx_x5_controller:/home/go2/ARX_X5/ROS2/X5_ws/install/arx5_arm_msg:/home/go2/piper_ros/install/piper:/opt/ros/foxy:/home/go2/ARX_X5/ROS2/X5_ws/install/arm_control CONDA_PROMPT_MODIFIER=(ARX) /usr/bin/cmake --install /home/go2/ARX_X5/ros2_ws/build/orbbec_description
[0.623s] Level 1:colcon.colcon_core.shell:create_environment_hook('orbbec_description', 'cmake_prefix_path')
[0.623s] INFO:colcon.colcon_core.shell:Creating environment hook '/home/go2/ARX_X5/ros2_ws/install/orbbec_description/share/orbbec_description/hook/cmake_prefix_path.ps1'
[0.624s] INFO:colcon.colcon_core.shell:Creating environment descriptor '/home/go2/ARX_X5/ros2_ws/install/orbbec_description/share/orbbec_description/hook/cmake_prefix_path.dsv'
[0.625s] INFO:colcon.colcon_core.shell:Creating environment hook '/home/go2/ARX_X5/ros2_ws/install/orbbec_description/share/orbbec_description/hook/cmake_prefix_path.sh'
[0.625s] Level 1:colcon.colcon_core.environment:checking '/home/go2/ARX_X5/ros2_ws/install/orbbec_description/bin'
[0.626s] Level 1:colcon.colcon_core.environment:checking '/home/go2/ARX_X5/ros2_ws/install/orbbec_description/lib/pkgconfig/orbbec_description.pc'
[0.626s] Level 1:colcon.colcon_core.environment:checking '/home/go2/ARX_X5/ros2_ws/install/orbbec_description/lib/python3.8/site-packages'
[0.626s] Level 1:colcon.colcon_core.environment:checking '/home/go2/ARX_X5/ros2_ws/install/orbbec_description/bin'
[0.626s] INFO:colcon.colcon_core.shell:Creating package script '/home/go2/ARX_X5/ros2_ws/install/orbbec_description/share/orbbec_description/package.ps1'
[0.627s] INFO:colcon.colcon_core.shell:Creating package descriptor '/home/go2/ARX_X5/ros2_ws/install/orbbec_description/share/orbbec_description/package.dsv'
[0.627s] INFO:colcon.colcon_core.shell:Creating package script '/home/go2/ARX_X5/ros2_ws/install/orbbec_description/share/orbbec_description/package.sh'
[0.628s] INFO:colcon.colcon_core.shell:Creating package script '/home/go2/ARX_X5/ros2_ws/install/orbbec_description/share/orbbec_description/package.bash'
[0.628s] INFO:colcon.colcon_core.shell:Creating package script '/home/go2/ARX_X5/ros2_ws/install/orbbec_description/share/orbbec_description/package.zsh'
[0.629s] Level 1:colcon.colcon_core.environment:create_file_with_runtime_dependencies(/home/go2/ARX_X5/ros2_ws/install/orbbec_description/share/colcon-core/packages/orbbec_description)
[0.629s] Level 1:colcon.colcon_core.environment:create_environment_scripts_only(orbbec_description)
[0.629s] Level 1:colcon.colcon_core.environment:checking '/home/go2/ARX_X5/ros2_ws/install/orbbec_description' for CMake module files
[0.630s] Level 1:colcon.colcon_core.environment:checking '/home/go2/ARX_X5/ros2_ws/install/orbbec_description' for CMake config files
[0.630s] Level 1:colcon.colcon_core.shell:create_environment_hook('orbbec_description', 'cmake_prefix_path')
[0.630s] INFO:colcon.colcon_core.shell:Creating environment hook '/home/go2/ARX_X5/ros2_ws/install/orbbec_description/share/orbbec_description/hook/cmake_prefix_path.ps1'
[0.630s] INFO:colcon.colcon_core.shell:Creating environment descriptor '/home/go2/ARX_X5/ros2_ws/install/orbbec_description/share/orbbec_description/hook/cmake_prefix_path.dsv'
[0.631s] INFO:colcon.colcon_core.shell:Creating environment hook '/home/go2/ARX_X5/ros2_ws/install/orbbec_description/share/orbbec_description/hook/cmake_prefix_path.sh'
[0.631s] Level 1:colcon.colcon_core.environment:checking '/home/go2/ARX_X5/ros2_ws/install/orbbec_description/bin'
[0.631s] Level 1:colcon.colcon_core.environment:checking '/home/go2/ARX_X5/ros2_ws/install/orbbec_description/lib/pkgconfig/orbbec_description.pc'
[0.631s] Level 1:colcon.colcon_core.environment:checking '/home/go2/ARX_X5/ros2_ws/install/orbbec_description/lib/python3.8/site-packages'
[0.631s] Level 1:colcon.colcon_core.environment:checking '/home/go2/ARX_X5/ros2_ws/install/orbbec_description/bin'
[0.631s] INFO:colcon.colcon_core.shell:Creating package script '/home/go2/ARX_X5/ros2_ws/install/orbbec_description/share/orbbec_description/package.ps1'
[0.632s] INFO:colcon.colcon_core.shell:Creating package descriptor '/home/go2/ARX_X5/ros2_ws/install/orbbec_description/share/orbbec_description/package.dsv'
[0.632s] INFO:colcon.colcon_core.shell:Creating package script '/home/go2/ARX_X5/ros2_ws/install/orbbec_description/share/orbbec_description/package.sh'
[0.632s] INFO:colcon.colcon_core.shell:Creating package script '/home/go2/ARX_X5/ros2_ws/install/orbbec_description/share/orbbec_description/package.bash'
[0.633s] INFO:colcon.colcon_core.shell:Creating package script '/home/go2/ARX_X5/ros2_ws/install/orbbec_description/share/orbbec_description/package.zsh'
[0.633s] Level 1:colcon.colcon_core.environment:create_file_with_runtime_dependencies(/home/go2/ARX_X5/ros2_ws/install/orbbec_description/share/colcon-core/packages/orbbec_description)
[0.828s] DEBUG:colcon.colcon_core.event_handler.log_command:Invoked command in '/home/go2/ARX_X5/ros2_ws/build/orbbec_camera_msgs' returned '0': CMAKE_PREFIX_PATH=/home/go2/ARX_X5/ros2_ws/install/orbbec_description:/home/go2/ARX_X5/ros2_ws/install/orbbec_camera:/home/go2/ARX_X5/ros2_ws/install/orbbec_camera_msgs:/home/go2/piper_ros/install/piper_msgs:/home/go2/piper_ros/install/piper_description:/home/go2/ARX_X5/ROS2/X5_ws/install/arx_x5_controller:/home/go2/ARX_X5/ROS2/X5_ws/install/arx5_arm_msg:/home/go2/piper_ros/install/piper:/opt/ros/foxy:/home/go2/ARX_X5/ROS2/X5_ws/install/arm_control CONDA_PROMPT_MODIFIER=(ARX) /usr/bin/cmake --build /home/go2/ARX_X5/ros2_ws/build/orbbec_camera_msgs -- -j56 -l56
[0.836s] DEBUG:colcon.colcon_core.event_handler.log_command:Invoking command in '/home/go2/ARX_X5/ros2_ws/build/orbbec_camera_msgs': CMAKE_PREFIX_PATH=/home/go2/ARX_X5/ros2_ws/install/orbbec_description:/home/go2/ARX_X5/ros2_ws/install/orbbec_camera:/home/go2/ARX_X5/ros2_ws/install/orbbec_camera_msgs:/home/go2/piper_ros/install/piper_msgs:/home/go2/piper_ros/install/piper_description:/home/go2/ARX_X5/ROS2/X5_ws/install/arx_x5_controller:/home/go2/ARX_X5/ROS2/X5_ws/install/arx5_arm_msg:/home/go2/piper_ros/install/piper:/opt/ros/foxy:/home/go2/ARX_X5/ROS2/X5_ws/install/arm_control CONDA_PROMPT_MODIFIER=(ARX) /usr/bin/cmake --install /home/go2/ARX_X5/ros2_ws/build/orbbec_camera_msgs
[0.908s] Level 1:colcon.colcon_core.environment:create_environment_scripts_only(orbbec_camera_msgs)
[0.909s] Level 1:colcon.colcon_core.environment:checking '/home/go2/ARX_X5/ros2_ws/install/orbbec_camera_msgs' for CMake module files
[0.909s] DEBUG:colcon.colcon_core.event_handler.log_command:Invoked command in '/home/go2/ARX_X5/ros2_ws/build/orbbec_camera_msgs' returned '0': CMAKE_PREFIX_PATH=/home/go2/ARX_X5/ros2_ws/install/orbbec_description:/home/go2/ARX_X5/ros2_ws/install/orbbec_camera:/home/go2/ARX_X5/ros2_ws/install/orbbec_camera_msgs:/home/go2/piper_ros/install/piper_msgs:/home/go2/piper_ros/install/piper_description:/home/go2/ARX_X5/ROS2/X5_ws/install/arx_x5_controller:/home/go2/ARX_X5/ROS2/X5_ws/install/arx5_arm_msg:/home/go2/piper_ros/install/piper:/opt/ros/foxy:/home/go2/ARX_X5/ROS2/X5_ws/install/arm_control CONDA_PROMPT_MODIFIER=(ARX) /usr/bin/cmake --install /home/go2/ARX_X5/ros2_ws/build/orbbec_camera_msgs
[0.910s] Level 1:colcon.colcon_core.environment:checking '/home/go2/ARX_X5/ros2_ws/install/orbbec_camera_msgs' for CMake config files
[0.910s] Level 1:colcon.colcon_core.shell:create_environment_hook('orbbec_camera_msgs', 'cmake_prefix_path')
[0.911s] INFO:colcon.colcon_core.shell:Creating environment hook '/home/go2/ARX_X5/ros2_ws/install/orbbec_camera_msgs/share/orbbec_camera_msgs/hook/cmake_prefix_path.ps1'
[0.911s] INFO:colcon.colcon_core.shell:Creating environment descriptor '/home/go2/ARX_X5/ros2_ws/install/orbbec_camera_msgs/share/orbbec_camera_msgs/hook/cmake_prefix_path.dsv'
[0.912s] INFO:colcon.colcon_core.shell:Creating environment hook '/home/go2/ARX_X5/ros2_ws/install/orbbec_camera_msgs/share/orbbec_camera_msgs/hook/cmake_prefix_path.sh'
[0.912s] Level 1:colcon.colcon_core.environment:checking '/home/go2/ARX_X5/ros2_ws/install/orbbec_camera_msgs/lib'
[0.912s] Level 1:colcon.colcon_core.shell:create_environment_hook('orbbec_camera_msgs', 'ld_library_path_lib')
[0.912s] INFO:colcon.colcon_core.shell:Creating environment hook '/home/go2/ARX_X5/ros2_ws/install/orbbec_camera_msgs/share/orbbec_camera_msgs/hook/ld_library_path_lib.ps1'
[0.913s] INFO:colcon.colcon_core.shell:Creating environment descriptor '/home/go2/ARX_X5/ros2_ws/install/orbbec_camera_msgs/share/orbbec_camera_msgs/hook/ld_library_path_lib.dsv'
[0.913s] INFO:colcon.colcon_core.shell:Creating environment hook '/home/go2/ARX_X5/ros2_ws/install/orbbec_camera_msgs/share/orbbec_camera_msgs/hook/ld_library_path_lib.sh'
[0.913s] Level 1:colcon.colcon_core.environment:checking '/home/go2/ARX_X5/ros2_ws/install/orbbec_camera_msgs/bin'
[0.913s] Level 1:colcon.colcon_core.environment:checking '/home/go2/ARX_X5/ros2_ws/install/orbbec_camera_msgs/lib/pkgconfig/orbbec_camera_msgs.pc'
[0.913s] Level 1:colcon.colcon_core.environment:checking '/home/go2/ARX_X5/ros2_ws/install/orbbec_camera_msgs/lib/python3.8/site-packages'
[0.913s] Level 1:colcon.colcon_core.shell:create_environment_hook('orbbec_camera_msgs', 'pythonpath')
[0.914s] INFO:colcon.colcon_core.shell:Creating environment hook '/home/go2/ARX_X5/ros2_ws/install/orbbec_camera_msgs/share/orbbec_camera_msgs/hook/pythonpath.ps1'
[0.914s] INFO:colcon.colcon_core.shell:Creating environment descriptor '/home/go2/ARX_X5/ros2_ws/install/orbbec_camera_msgs/share/orbbec_camera_msgs/hook/pythonpath.dsv'
[0.914s] INFO:colcon.colcon_core.shell:Creating environment hook '/home/go2/ARX_X5/ros2_ws/install/orbbec_camera_msgs/share/orbbec_camera_msgs/hook/pythonpath.sh'
[0.915s] Level 1:colcon.colcon_core.environment:checking '/home/go2/ARX_X5/ros2_ws/install/orbbec_camera_msgs/bin'
[0.915s] INFO:colcon.colcon_core.shell:Creating package script '/home/go2/ARX_X5/ros2_ws/install/orbbec_camera_msgs/share/orbbec_camera_msgs/package.ps1'
[0.915s] INFO:colcon.colcon_core.shell:Creating package descriptor '/home/go2/ARX_X5/ros2_ws/install/orbbec_camera_msgs/share/orbbec_camera_msgs/package.dsv'
[0.916s] INFO:colcon.colcon_core.shell:Creating package script '/home/go2/ARX_X5/ros2_ws/install/orbbec_camera_msgs/share/orbbec_camera_msgs/package.sh'
[0.916s] INFO:colcon.colcon_core.shell:Creating package script '/home/go2/ARX_X5/ros2_ws/install/orbbec_camera_msgs/share/orbbec_camera_msgs/package.bash'
[0.916s] INFO:colcon.colcon_core.shell:Creating package script '/home/go2/ARX_X5/ros2_ws/install/orbbec_camera_msgs/share/orbbec_camera_msgs/package.zsh'
[0.917s] Level 1:colcon.colcon_core.environment:create_file_with_runtime_dependencies(/home/go2/ARX_X5/ros2_ws/install/orbbec_camera_msgs/share/colcon-core/packages/orbbec_camera_msgs)
[0.918s] Level 1:colcon.colcon_core.environment:create_environment_scripts_only(orbbec_camera_msgs)
[0.918s] Level 1:colcon.colcon_core.environment:checking '/home/go2/ARX_X5/ros2_ws/install/orbbec_camera_msgs' for CMake module files
[0.918s] Level 1:colcon.colcon_core.environment:checking '/home/go2/ARX_X5/ros2_ws/install/orbbec_camera_msgs' for CMake config files
[0.919s] Level 1:colcon.colcon_core.shell:create_environment_hook('orbbec_camera_msgs', 'cmake_prefix_path')
[0.919s] INFO:colcon.colcon_core.shell:Creating environment hook '/home/go2/ARX_X5/ros2_ws/install/orbbec_camera_msgs/share/orbbec_camera_msgs/hook/cmake_prefix_path.ps1'
[0.926s] INFO:colcon.colcon_core.shell:Creating environment descriptor '/home/go2/ARX_X5/ros2_ws/install/orbbec_camera_msgs/share/orbbec_camera_msgs/hook/cmake_prefix_path.dsv'
[0.926s] INFO:colcon.colcon_core.shell:Creating environment hook '/home/go2/ARX_X5/ros2_ws/install/orbbec_camera_msgs/share/orbbec_camera_msgs/hook/cmake_prefix_path.sh'
[0.927s] Level 1:colcon.colcon_core.environment:checking '/home/go2/ARX_X5/ros2_ws/install/orbbec_camera_msgs/lib'
[0.927s] Level 1:colcon.colcon_core.shell:create_environment_hook('orbbec_camera_msgs', 'ld_library_path_lib')
[0.927s] INFO:colcon.colcon_core.shell:Creating environment hook '/home/go2/ARX_X5/ros2_ws/install/orbbec_camera_msgs/share/orbbec_camera_msgs/hook/ld_library_path_lib.ps1'
[0.927s] INFO:colcon.colcon_core.shell:Creating environment descriptor '/home/go2/ARX_X5/ros2_ws/install/orbbec_camera_msgs/share/orbbec_camera_msgs/hook/ld_library_path_lib.dsv'
[0.927s] INFO:colcon.colcon_core.shell:Creating environment hook '/home/go2/ARX_X5/ros2_ws/install/orbbec_camera_msgs/share/orbbec_camera_msgs/hook/ld_library_path_lib.sh'
[0.928s] Level 1:colcon.colcon_core.environment:checking '/home/go2/ARX_X5/ros2_ws/install/orbbec_camera_msgs/bin'
[0.928s] Level 1:colcon.colcon_core.environment:checking '/home/go2/ARX_X5/ros2_ws/install/orbbec_camera_msgs/lib/pkgconfig/orbbec_camera_msgs.pc'
[0.928s] Level 1:colcon.colcon_core.environment:checking '/home/go2/ARX_X5/ros2_ws/install/orbbec_camera_msgs/lib/python3.8/site-packages'
[0.928s] Level 1:colcon.colcon_core.shell:create_environment_hook('orbbec_camera_msgs', 'pythonpath')
[0.928s] INFO:colcon.colcon_core.shell:Creating environment hook '/home/go2/ARX_X5/ros2_ws/install/orbbec_camera_msgs/share/orbbec_camera_msgs/hook/pythonpath.ps1'
[0.928s] INFO:colcon.colcon_core.shell:Creating environment descriptor '/home/go2/ARX_X5/ros2_ws/install/orbbec_camera_msgs/share/orbbec_camera_msgs/hook/pythonpath.dsv'
[0.928s] INFO:colcon.colcon_core.shell:Creating environment hook '/home/go2/ARX_X5/ros2_ws/install/orbbec_camera_msgs/share/orbbec_camera_msgs/hook/pythonpath.sh'
[0.929s] Level 1:colcon.colcon_core.environment:checking '/home/go2/ARX_X5/ros2_ws/install/orbbec_camera_msgs/bin'
[0.929s] INFO:colcon.colcon_core.shell:Creating package script '/home/go2/ARX_X5/ros2_ws/install/orbbec_camera_msgs/share/orbbec_camera_msgs/package.ps1'
[0.930s] INFO:colcon.colcon_core.shell:Creating package descriptor '/home/go2/ARX_X5/ros2_ws/install/orbbec_camera_msgs/share/orbbec_camera_msgs/package.dsv'
[0.930s] INFO:colcon.colcon_core.shell:Creating package script '/home/go2/ARX_X5/ros2_ws/install/orbbec_camera_msgs/share/orbbec_camera_msgs/package.sh'
[0.930s] INFO:colcon.colcon_core.shell:Creating package script '/home/go2/ARX_X5/ros2_ws/install/orbbec_camera_msgs/share/orbbec_camera_msgs/package.bash'
[0.931s] INFO:colcon.colcon_core.shell:Creating package script '/home/go2/ARX_X5/ros2_ws/install/orbbec_camera_msgs/share/orbbec_camera_msgs/package.zsh'
[0.931s] Level 1:colcon.colcon_core.environment:create_file_with_runtime_dependencies(/home/go2/ARX_X5/ros2_ws/install/orbbec_camera_msgs/share/colcon-core/packages/orbbec_camera_msgs)
[0.931s] INFO:colcon.colcon_ros.task.ament_cmake.build:Building ROS package in '/home/go2/ARX_X5/ros2_ws/src/OrbbecSDK_ROS2/orbbec_camera' with build type 'ament_cmake'
[0.931s] INFO:colcon.colcon_cmake.task.cmake.build:Building CMake package in '/home/go2/ARX_X5/ros2_ws/src/OrbbecSDK_ROS2/orbbec_camera'
[0.931s] INFO:colcon.colcon_core.shell:Skip shell extension 'powershell' for command environment: Not usable outside of PowerShell
[0.932s] DEBUG:colcon.colcon_core.shell:Skip shell extension 'dsv' for command environment
[0.952s] DEBUG:colcon.colcon_core.event_handler.log_command:Invoking command in '/home/go2/ARX_X5/ros2_ws/build/orbbec_camera': CMAKE_PREFIX_PATH=/home/go2/ARX_X5/ros2_ws/install/orbbec_camera_msgs:/home/go2/ARX_X5/ros2_ws/install/orbbec_description:/home/go2/ARX_X5/ros2_ws/install/orbbec_camera:/home/go2/piper_ros/install/piper_msgs:/home/go2/piper_ros/install/piper_description:/home/go2/ARX_X5/ROS2/X5_ws/install/arx_x5_controller:/home/go2/ARX_X5/ROS2/X5_ws/install/arx5_arm_msg:/home/go2/piper_ros/install/piper:/opt/ros/foxy:/home/go2/ARX_X5/ROS2/X5_ws/install/arm_control CONDA_PROMPT_MODIFIER=(ARX) LD_LIBRARY_PATH=/home/go2/ARX_X5/ros2_ws/install/orbbec_camera_msgs/lib:/usr/local/lib:/usr/local/cuda/lib64:/home/go2/ARX_X5/ros2_ws/install/orbbec_camera/lib:/home/go2/piper_ros/install/piper_msgs/lib:/home/go2/ARX_X5/ROS2/X5_ws/install/arx_x5_controller/lib:/home/go2/ARX_X5/ROS2/X5_ws/install/arx5_arm_msg/lib:/home/go2/ARX_X5/ROS2/X5_ws/install/arm_control/lib:/opt/ros/foxy/opt/yaml_cpp_vendor/lib:/opt/ros/foxy/opt/rviz_ogre_vendor/lib:/opt/ros/foxy/lib/x86_64-linux-gnu:/opt/ros/foxy/lib:/usr/local/lib:/usr/local/cuda/lib64:/usr/local/lib:/usr/local/cuda/lib64 /usr/bin/cmake --build /home/go2/ARX_X5/ros2_ws/build/orbbec_camera -- -j56 -l56
[1.127s] DEBUG:colcon.colcon_core.event_handler.log_command:Invoked command in '/home/go2/ARX_X5/ros2_ws/build/orbbec_camera' returned '0': CMAKE_PREFIX_PATH=/home/go2/ARX_X5/ros2_ws/install/orbbec_camera_msgs:/home/go2/ARX_X5/ros2_ws/install/orbbec_description:/home/go2/ARX_X5/ros2_ws/install/orbbec_camera:/home/go2/piper_ros/install/piper_msgs:/home/go2/piper_ros/install/piper_description:/home/go2/ARX_X5/ROS2/X5_ws/install/arx_x5_controller:/home/go2/ARX_X5/ROS2/X5_ws/install/arx5_arm_msg:/home/go2/piper_ros/install/piper:/opt/ros/foxy:/home/go2/ARX_X5/ROS2/X5_ws/install/arm_control CONDA_PROMPT_MODIFIER=(ARX) LD_LIBRARY_PATH=/home/go2/ARX_X5/ros2_ws/install/orbbec_camera_msgs/lib:/usr/local/lib:/usr/local/cuda/lib64:/home/go2/ARX_X5/ros2_ws/install/orbbec_camera/lib:/home/go2/piper_ros/install/piper_msgs/lib:/home/go2/ARX_X5/ROS2/X5_ws/install/arx_x5_controller/lib:/home/go2/ARX_X5/ROS2/X5_ws/install/arx5_arm_msg/lib:/home/go2/ARX_X5/ROS2/X5_ws/install/arm_control/lib:/opt/ros/foxy/opt/yaml_cpp_vendor/lib:/opt/ros/foxy/opt/rviz_ogre_vendor/lib:/opt/ros/foxy/lib/x86_64-linux-gnu:/opt/ros/foxy/lib:/usr/local/lib:/usr/local/cuda/lib64:/usr/local/lib:/usr/local/cuda/lib64 /usr/bin/cmake --build /home/go2/ARX_X5/ros2_ws/build/orbbec_camera -- -j56 -l56
[1.130s] DEBUG:colcon.colcon_core.event_handler.log_command:Invoking command in '/home/go2/ARX_X5/ros2_ws/build/orbbec_camera': CMAKE_PREFIX_PATH=/home/go2/ARX_X5/ros2_ws/install/orbbec_camera_msgs:/home/go2/ARX_X5/ros2_ws/install/orbbec_description:/home/go2/ARX_X5/ros2_ws/install/orbbec_camera:/home/go2/piper_ros/install/piper_msgs:/home/go2/piper_ros/install/piper_description:/home/go2/ARX_X5/ROS2/X5_ws/install/arx_x5_controller:/home/go2/ARX_X5/ROS2/X5_ws/install/arx5_arm_msg:/home/go2/piper_ros/install/piper:/opt/ros/foxy:/home/go2/ARX_X5/ROS2/X5_ws/install/arm_control CONDA_PROMPT_MODIFIER=(ARX) LD_LIBRARY_PATH=/home/go2/ARX_X5/ros2_ws/install/orbbec_camera_msgs/lib:/usr/local/lib:/usr/local/cuda/lib64:/home/go2/ARX_X5/ros2_ws/install/orbbec_camera/lib:/home/go2/piper_ros/install/piper_msgs/lib:/home/go2/ARX_X5/ROS2/X5_ws/install/arx_x5_controller/lib:/home/go2/ARX_X5/ROS2/X5_ws/install/arx5_arm_msg/lib:/home/go2/ARX_X5/ROS2/X5_ws/install/arm_control/lib:/opt/ros/foxy/opt/yaml_cpp_vendor/lib:/opt/ros/foxy/opt/rviz_ogre_vendor/lib:/opt/ros/foxy/lib/x86_64-linux-gnu:/opt/ros/foxy/lib:/usr/local/lib:/usr/local/cuda/lib64:/usr/local/lib:/usr/local/cuda/lib64 /usr/bin/cmake --install /home/go2/ARX_X5/ros2_ws/build/orbbec_camera
[1.150s] Level 1:colcon.colcon_core.environment:create_environment_scripts_only(orbbec_camera)
[1.151s] Level 1:colcon.colcon_core.environment:checking '/home/go2/ARX_X5/ros2_ws/install/orbbec_camera' for CMake module files
[1.151s] DEBUG:colcon.colcon_core.event_handler.log_command:Invoked command in '/home/go2/ARX_X5/ros2_ws/build/orbbec_camera' returned '0': CMAKE_PREFIX_PATH=/home/go2/ARX_X5/ros2_ws/install/orbbec_camera_msgs:/home/go2/ARX_X5/ros2_ws/install/orbbec_description:/home/go2/ARX_X5/ros2_ws/install/orbbec_camera:/home/go2/piper_ros/install/piper_msgs:/home/go2/piper_ros/install/piper_description:/home/go2/ARX_X5/ROS2/X5_ws/install/arx_x5_controller:/home/go2/ARX_X5/ROS2/X5_ws/install/arx5_arm_msg:/home/go2/piper_ros/install/piper:/opt/ros/foxy:/home/go2/ARX_X5/ROS2/X5_ws/install/arm_control CONDA_PROMPT_MODIFIER=(ARX) LD_LIBRARY_PATH=/home/go2/ARX_X5/ros2_ws/install/orbbec_camera_msgs/lib:/usr/local/lib:/usr/local/cuda/lib64:/home/go2/ARX_X5/ros2_ws/install/orbbec_camera/lib:/home/go2/piper_ros/install/piper_msgs/lib:/home/go2/ARX_X5/ROS2/X5_ws/install/arx_x5_controller/lib:/home/go2/ARX_X5/ROS2/X5_ws/install/arx5_arm_msg/lib:/home/go2/ARX_X5/ROS2/X5_ws/install/arm_control/lib:/opt/ros/foxy/opt/yaml_cpp_vendor/lib:/opt/ros/foxy/opt/rviz_ogre_vendor/lib:/opt/ros/foxy/lib/x86_64-linux-gnu:/opt/ros/foxy/lib:/usr/local/lib:/usr/local/cuda/lib64:/usr/local/lib:/usr/local/cuda/lib64 /usr/bin/cmake --install /home/go2/ARX_X5/ros2_ws/build/orbbec_camera
[1.151s] Level 1:colcon.colcon_core.environment:checking '/home/go2/ARX_X5/ros2_ws/install/orbbec_camera' for CMake config files
[1.152s] Level 1:colcon.colcon_core.shell:create_environment_hook('orbbec_camera', 'cmake_prefix_path')
[1.152s] INFO:colcon.colcon_core.shell:Creating environment hook '/home/go2/ARX_X5/ros2_ws/install/orbbec_camera/share/orbbec_camera/hook/cmake_prefix_path.ps1'
[1.153s] INFO:colcon.colcon_core.shell:Creating environment descriptor '/home/go2/ARX_X5/ros2_ws/install/orbbec_camera/share/orbbec_camera/hook/cmake_prefix_path.dsv'
[1.153s] INFO:colcon.colcon_core.shell:Creating environment hook '/home/go2/ARX_X5/ros2_ws/install/orbbec_camera/share/orbbec_camera/hook/cmake_prefix_path.sh'
[1.153s] Level 1:colcon.colcon_core.environment:checking '/home/go2/ARX_X5/ros2_ws/install/orbbec_camera/lib'
[1.154s] Level 1:colcon.colcon_core.shell:create_environment_hook('orbbec_camera', 'ld_library_path_lib')
[1.154s] INFO:colcon.colcon_core.shell:Creating environment hook '/home/go2/ARX_X5/ros2_ws/install/orbbec_camera/share/orbbec_camera/hook/ld_library_path_lib.ps1'
[1.154s] INFO:colcon.colcon_core.shell:Creating environment descriptor '/home/go2/ARX_X5/ros2_ws/install/orbbec_camera/share/orbbec_camera/hook/ld_library_path_lib.dsv'
[1.154s] INFO:colcon.colcon_core.shell:Creating environment hook '/home/go2/ARX_X5/ros2_ws/install/orbbec_camera/share/orbbec_camera/hook/ld_library_path_lib.sh'
[1.155s] Level 1:colcon.colcon_core.environment:checking '/home/go2/ARX_X5/ros2_ws/install/orbbec_camera/bin'
[1.155s] Level 1:colcon.colcon_core.environment:checking '/home/go2/ARX_X5/ros2_ws/install/orbbec_camera/lib/pkgconfig/orbbec_camera.pc'
[1.155s] Level 1:colcon.colcon_core.environment:checking '/home/go2/ARX_X5/ros2_ws/install/orbbec_camera/lib/python3.8/site-packages'
[1.155s] Level 1:colcon.colcon_core.environment:checking '/home/go2/ARX_X5/ros2_ws/install/orbbec_camera/bin'
[1.155s] INFO:colcon.colcon_core.shell:Creating package script '/home/go2/ARX_X5/ros2_ws/install/orbbec_camera/share/orbbec_camera/package.ps1'
[1.156s] INFO:colcon.colcon_core.shell:Creating package descriptor '/home/go2/ARX_X5/ros2_ws/install/orbbec_camera/share/orbbec_camera/package.dsv'
[1.156s] INFO:colcon.colcon_core.shell:Creating package script '/home/go2/ARX_X5/ros2_ws/install/orbbec_camera/share/orbbec_camera/package.sh'
[1.156s] INFO:colcon.colcon_core.shell:Creating package script '/home/go2/ARX_X5/ros2_ws/install/orbbec_camera/share/orbbec_camera/package.bash'
[1.156s] INFO:colcon.colcon_core.shell:Creating package script '/home/go2/ARX_X5/ros2_ws/install/orbbec_camera/share/orbbec_camera/package.zsh'
[1.157s] Level 1:colcon.colcon_core.environment:create_file_with_runtime_dependencies(/home/go2/ARX_X5/ros2_ws/install/orbbec_camera/share/colcon-core/packages/orbbec_camera)
[1.157s] Level 1:colcon.colcon_core.environment:create_environment_scripts_only(orbbec_camera)
[1.157s] Level 1:colcon.colcon_core.environment:checking '/home/go2/ARX_X5/ros2_ws/install/orbbec_camera' for CMake module files
[1.158s] Level 1:colcon.colcon_core.environment:checking '/home/go2/ARX_X5/ros2_ws/install/orbbec_camera' for CMake config files
[1.158s] Level 1:colcon.colcon_core.shell:create_environment_hook('orbbec_camera', 'cmake_prefix_path')
[1.158s] INFO:colcon.colcon_core.shell:Creating environment hook '/home/go2/ARX_X5/ros2_ws/install/orbbec_camera/share/orbbec_camera/hook/cmake_prefix_path.ps1'
[1.158s] INFO:colcon.colcon_core.shell:Creating environment descriptor '/home/go2/ARX_X5/ros2_ws/install/orbbec_camera/share/orbbec_camera/hook/cmake_prefix_path.dsv'
[1.159s] INFO:colcon.colcon_core.shell:Creating environment hook '/home/go2/ARX_X5/ros2_ws/install/orbbec_camera/share/orbbec_camera/hook/cmake_prefix_path.sh'
[1.159s] Level 1:colcon.colcon_core.environment:checking '/home/go2/ARX_X5/ros2_ws/install/orbbec_camera/lib'
[1.159s] Level 1:colcon.colcon_core.shell:create_environment_hook('orbbec_camera', 'ld_library_path_lib')
[1.159s] INFO:colcon.colcon_core.shell:Creating environment hook '/home/go2/ARX_X5/ros2_ws/install/orbbec_camera/share/orbbec_camera/hook/ld_library_path_lib.ps1'
[1.159s] INFO:colcon.colcon_core.shell:Creating environment descriptor '/home/go2/ARX_X5/ros2_ws/install/orbbec_camera/share/orbbec_camera/hook/ld_library_path_lib.dsv'
[1.160s] INFO:colcon.colcon_core.shell:Creating environment hook '/home/go2/ARX_X5/ros2_ws/install/orbbec_camera/share/orbbec_camera/hook/ld_library_path_lib.sh'
[1.160s] Level 1:colcon.colcon_core.environment:checking '/home/go2/ARX_X5/ros2_ws/install/orbbec_camera/bin'
[1.160s] Level 1:colcon.colcon_core.environment:checking '/home/go2/ARX_X5/ros2_ws/install/orbbec_camera/lib/pkgconfig/orbbec_camera.pc'
[1.160s] Level 1:colcon.colcon_core.environment:checking '/home/go2/ARX_X5/ros2_ws/install/orbbec_camera/lib/python3.8/site-packages'
[1.160s] Level 1:colcon.colcon_core.environment:checking '/home/go2/ARX_X5/ros2_ws/install/orbbec_camera/bin'
[1.160s] INFO:colcon.colcon_core.shell:Creating package script '/home/go2/ARX_X5/ros2_ws/install/orbbec_camera/share/orbbec_camera/package.ps1'
[1.161s] INFO:colcon.colcon_core.shell:Creating package descriptor '/home/go2/ARX_X5/ros2_ws/install/orbbec_camera/share/orbbec_camera/package.dsv'
[1.161s] INFO:colcon.colcon_core.shell:Creating package script '/home/go2/ARX_X5/ros2_ws/install/orbbec_camera/share/orbbec_camera/package.sh'
[1.162s] INFO:colcon.colcon_core.shell:Creating package script '/home/go2/ARX_X5/ros2_ws/install/orbbec_camera/share/orbbec_camera/package.bash'
[1.162s] INFO:colcon.colcon_core.shell:Creating package script '/home/go2/ARX_X5/ros2_ws/install/orbbec_camera/share/orbbec_camera/package.zsh'
[1.162s] Level 1:colcon.colcon_core.environment:create_file_with_runtime_dependencies(/home/go2/ARX_X5/ros2_ws/install/orbbec_camera/share/colcon-core/packages/orbbec_camera)
[1.162s] DEBUG:colcon.colcon_parallel_executor.executor.parallel:closing loop
[1.163s] DEBUG:colcon.colcon_parallel_executor.executor.parallel:loop closed
[1.163s] DEBUG:colcon.colcon_parallel_executor.executor.parallel:run_until_complete finished with '0'
[1.163s] DEBUG:colcon.colcon_core.event_reactor:joining thread
[1.168s] INFO:colcon.colcon_core.plugin_system:Skipping extension 'colcon_notification.desktop_notification.terminal_notifier': Not used on non-Darwin systems
[1.168s] INFO:colcon.colcon_core.plugin_system:Skipping extension 'colcon_notification.desktop_notification.win32': Not used on non-Windows systems
[1.168s] INFO:colcon.colcon_notification.desktop_notification:Sending desktop notification using 'notify2'
[1.180s] DEBUG:colcon.colcon_core.event_reactor:joined thread
[1.181s] INFO:colcon.colcon_core.shell:Creating prefix script '/home/go2/ARX_X5/ros2_ws/install/local_setup.ps1'
[1.182s] INFO:colcon.colcon_core.shell:Creating prefix util module '/home/go2/ARX_X5/ros2_ws/install/_local_setup_util_ps1.py'
[1.184s] INFO:colcon.colcon_core.shell:Creating prefix chain script '/home/go2/ARX_X5/ros2_ws/install/setup.ps1'
[1.185s] INFO:colcon.colcon_core.shell:Creating prefix script '/home/go2/ARX_X5/ros2_ws/install/local_setup.sh'
[1.185s] INFO:colcon.colcon_core.shell:Creating prefix util module '/home/go2/ARX_X5/ros2_ws/install/_local_setup_util_sh.py'
[1.185s] INFO:colcon.colcon_core.shell:Creating prefix chain script '/home/go2/ARX_X5/ros2_ws/install/setup.sh'
[1.186s] INFO:colcon.colcon_core.shell:Creating prefix script '/home/go2/ARX_X5/ros2_ws/install/local_setup.bash'
[1.187s] INFO:colcon.colcon_core.shell:Creating prefix chain script '/home/go2/ARX_X5/ros2_ws/install/setup.bash'
[1.187s] INFO:colcon.colcon_core.shell:Creating prefix script '/home/go2/ARX_X5/ros2_ws/install/local_setup.zsh'
[1.188s] INFO:colcon.colcon_core.shell:Creating prefix chain script '/home/go2/ARX_X5/ros2_ws/install/setup.zsh'
