Performing C SOURCE FILE Test CMAKE_HAVE_LIBC_PTHREAD failed with the following output:
Change Dir: /home/go2/ARX_X5/ros2_ws/build/orbbec_camera/CMakeFiles/CMakeTmp

Run Build Command(s):/usr/bin/make cmTC_ce3b2/fast && /usr/bin/make -f CMakeFiles/cmTC_ce3b2.dir/build.make CMakeFiles/cmTC_ce3b2.dir/build
make[1]: 进入目录“/home/go2/ARX_X5/ros2_ws/build/orbbec_camera/CMakeFiles/CMakeTmp”
Building C object CMakeFiles/cmTC_ce3b2.dir/src.c.o
/usr/bin/cc   -fPIC -O3 -DCMAKE_HAVE_LIBC_PTHREAD   -std=gnu11 -o CMakeFiles/cmTC_ce3b2.dir/src.c.o   -c /home/go2/ARX_X5/ros2_ws/build/orbbec_camera/CMakeFiles/CMakeTmp/src.c
Linking C executable cmTC_ce3b2
/usr/bin/cmake -E cmake_link_script CMakeFiles/cmTC_ce3b2.dir/link.txt --verbose=1
/usr/bin/cc  -fPIC -O3 -DCMAKE_HAVE_LIBC_PTHREAD    CMakeFiles/cmTC_ce3b2.dir/src.c.o  -o cmTC_ce3b2 
/usr/bin/ld: CMakeFiles/cmTC_ce3b2.dir/src.c.o: in function `main':
src.c:(.text.startup+0x27): undefined reference to `pthread_create'
/usr/bin/ld: src.c:(.text.startup+0x30): undefined reference to `pthread_detach'
/usr/bin/ld: src.c:(.text.startup+0x3b): undefined reference to `pthread_join'
collect2: error: ld returned 1 exit status
make[1]: *** [CMakeFiles/cmTC_ce3b2.dir/build.make:87：cmTC_ce3b2] 错误 1
make[1]: 离开目录“/home/go2/ARX_X5/ros2_ws/build/orbbec_camera/CMakeFiles/CMakeTmp”
make: *** [Makefile:121：cmTC_ce3b2/fast] 错误 2


Source file was:
#include <pthread.h>

void* test_func(void* data)
{
  return data;
}

int main(void)
{
  pthread_t thread;
  pthread_create(&thread, NULL, test_func, NULL);
  pthread_detach(thread);
  pthread_join(thread, NULL);
  pthread_atfork(NULL, NULL, NULL);
  pthread_exit(NULL);

  return 0;
}

Determining if the function pthread_create exists in the pthreads failed with the following output:
Change Dir: /home/go2/ARX_X5/ros2_ws/build/orbbec_camera/CMakeFiles/CMakeTmp

Run Build Command(s):/usr/bin/make cmTC_96641/fast && /usr/bin/make -f CMakeFiles/cmTC_96641.dir/build.make CMakeFiles/cmTC_96641.dir/build
make[1]: 进入目录“/home/go2/ARX_X5/ros2_ws/build/orbbec_camera/CMakeFiles/CMakeTmp”
Building C object CMakeFiles/cmTC_96641.dir/CheckFunctionExists.c.o
/usr/bin/cc   -fPIC -O3 -DCHECK_FUNCTION_EXISTS=pthread_create   -std=gnu11 -o CMakeFiles/cmTC_96641.dir/CheckFunctionExists.c.o   -c /usr/share/cmake-3.16/Modules/CheckFunctionExists.c
Linking C executable cmTC_96641
/usr/bin/cmake -E cmake_link_script CMakeFiles/cmTC_96641.dir/link.txt --verbose=1
/usr/bin/cc  -fPIC -O3 -DCHECK_FUNCTION_EXISTS=pthread_create    CMakeFiles/cmTC_96641.dir/CheckFunctionExists.c.o  -o cmTC_96641  -lpthreads 
/usr/bin/ld: 找不到 -lpthreads
collect2: error: ld returned 1 exit status
make[1]: *** [CMakeFiles/cmTC_96641.dir/build.make:87：cmTC_96641] 错误 1
make[1]: 离开目录“/home/go2/ARX_X5/ros2_ws/build/orbbec_camera/CMakeFiles/CMakeTmp”
make: *** [Makefile:121：cmTC_96641/fast] 错误 2



