[0.016s] Invoking command in '/home/go2/ARX_X5/ros2_ws/build/orbbec_description': CMAKE_PREFIX_PATH=/home/go2/ARX_X5/ros2_ws/install/orbbec_description:/home/go2/ARX_X5/ros2_ws/install/orbbec_camera:/home/go2/ARX_X5/ros2_ws/install/orbbec_camera_msgs:/home/go2/piper_ros/install/piper_msgs:/home/go2/piper_ros/install/piper_description:/home/go2/ARX_X5/ROS2/X5_ws/install/arx_x5_controller:/home/go2/ARX_X5/ROS2/X5_ws/install/arx5_arm_msg:/home/go2/piper_ros/install/piper:/opt/ros/foxy:/home/go2/ARX_X5/ROS2/X5_ws/install/arm_control CONDA_PROMPT_MODIFIER=(ARX) /usr/bin/cmake --build /home/go2/ARX_X5/ros2_ws/build/orbbec_description -- -j56 -l56
[0.052s] Invoked command in '/home/go2/ARX_X5/ros2_ws/build/orbbec_description' returned '0': CMAKE_PREFIX_PATH=/home/go2/ARX_X5/ros2_ws/install/orbbec_description:/home/go2/ARX_X5/ros2_ws/install/orbbec_camera:/home/go2/ARX_X5/ros2_ws/install/orbbec_camera_msgs:/home/go2/piper_ros/install/piper_msgs:/home/go2/piper_ros/install/piper_description:/home/go2/ARX_X5/ROS2/X5_ws/install/arx_x5_controller:/home/go2/ARX_X5/ROS2/X5_ws/install/arx5_arm_msg:/home/go2/piper_ros/install/piper:/opt/ros/foxy:/home/go2/ARX_X5/ROS2/X5_ws/install/arm_control CONDA_PROMPT_MODIFIER=(ARX) /usr/bin/cmake --build /home/go2/ARX_X5/ros2_ws/build/orbbec_description -- -j56 -l56
[0.064s] Invoking command in '/home/go2/ARX_X5/ros2_ws/build/orbbec_description': CMAKE_PREFIX_PATH=/home/go2/ARX_X5/ros2_ws/install/orbbec_description:/home/go2/ARX_X5/ros2_ws/install/orbbec_camera:/home/go2/ARX_X5/ros2_ws/install/orbbec_camera_msgs:/home/go2/piper_ros/install/piper_msgs:/home/go2/piper_ros/install/piper_description:/home/go2/ARX_X5/ROS2/X5_ws/install/arx_x5_controller:/home/go2/ARX_X5/ROS2/X5_ws/install/arx5_arm_msg:/home/go2/piper_ros/install/piper:/opt/ros/foxy:/home/go2/ARX_X5/ROS2/X5_ws/install/arm_control CONDA_PROMPT_MODIFIER=(ARX) /usr/bin/cmake --install /home/go2/ARX_X5/ros2_ws/build/orbbec_description
[0.072s] -- Install configuration: "Release"
[0.074s] -- Up-to-date: /home/go2/ARX_X5/ros2_ws/install/orbbec_description/share/orbbec_description/launch
[0.074s] -- Up-to-date: /home/go2/ARX_X5/ros2_ws/install/orbbec_description/share/orbbec_description/launch/view_model.launch.py
[0.074s] -- Up-to-date: /home/go2/ARX_X5/ros2_ws/install/orbbec_description/share/orbbec_description/launch/launch_utils.py
[0.074s] -- Up-to-date: /home/go2/ARX_X5/ros2_ws/install/orbbec_description/share/orbbec_description/meshes
[0.074s] -- Up-to-date: /home/go2/ARX_X5/ros2_ws/install/orbbec_description/share/orbbec_description/meshes/femto_bolt
[0.074s] -- Up-to-date: /home/go2/ARX_X5/ros2_ws/install/orbbec_description/share/orbbec_description/meshes/femto_bolt/femto_bolt.stl
[0.074s] -- Up-to-date: /home/go2/ARX_X5/ros2_ws/install/orbbec_description/share/orbbec_description/meshes/gemini335_336
[0.074s] -- Up-to-date: /home/go2/ARX_X5/ros2_ws/install/orbbec_description/share/orbbec_description/meshes/gemini335_336/camera_color_frame.STL
[0.074s] -- Up-to-date: /home/go2/ARX_X5/ros2_ws/install/orbbec_description/share/orbbec_description/meshes/gemini335_336/camera_depth_optical_frame.STL
[0.074s] -- Up-to-date: /home/go2/ARX_X5/ros2_ws/install/orbbec_description/share/orbbec_description/meshes/gemini335_336/camera_infra2_frame.STL
[0.074s] -- Up-to-date: /home/go2/ARX_X5/ros2_ws/install/orbbec_description/share/orbbec_description/meshes/gemini335_336/camera_bottom_screw_frame.STL
[0.074s] -- Up-to-date: /home/go2/ARX_X5/ros2_ws/install/orbbec_description/share/orbbec_description/meshes/gemini335_336/camera_link.STL
[0.075s] -- Up-to-date: /home/go2/ARX_X5/ros2_ws/install/orbbec_description/share/orbbec_description/meshes/gemini335_336/camera_depth_frame.STL
[0.075s] -- Up-to-date: /home/go2/ARX_X5/ros2_ws/install/orbbec_description/share/orbbec_description/meshes/gemini335_336/camera_infra2_optical_frame.STL
[0.075s] -- Up-to-date: /home/go2/ARX_X5/ros2_ws/install/orbbec_description/share/orbbec_description/meshes/gemini335_336/camera_color_optical_frame.STL
[0.075s] -- Up-to-date: /home/go2/ARX_X5/ros2_ws/install/orbbec_description/share/orbbec_description/meshes/gemini335_336/camera_infra_1_frame.STL
[0.075s] -- Up-to-date: /home/go2/ARX_X5/ros2_ws/install/orbbec_description/share/orbbec_description/meshes/gemini335_336/camera_infra_1_optical_frame.STL
[0.075s] -- Up-to-date: /home/go2/ARX_X5/ros2_ws/install/orbbec_description/share/orbbec_description/meshes/AstraPlus.stl
[0.075s] -- Up-to-date: /home/go2/ARX_X5/ros2_ws/install/orbbec_description/share/orbbec_description/urdf
[0.075s] -- Up-to-date: /home/go2/ARX_X5/ros2_ws/install/orbbec_description/share/orbbec_description/urdf/_gemini_335_336.urdf.xacro
[0.076s] -- Up-to-date: /home/go2/ARX_X5/ros2_ws/install/orbbec_description/share/orbbec_description/urdf/femto_bolt.urdf.xacro
[0.076s] -- Up-to-date: /home/go2/ARX_X5/ros2_ws/install/orbbec_description/share/orbbec_description/urdf/test_gemini_335.urdf.xarco
[0.076s] -- Up-to-date: /home/go2/ARX_X5/ros2_ws/install/orbbec_description/share/orbbec_description/urdf/test_gemini_336.urdf.xarco
[0.077s] -- Up-to-date: /home/go2/ARX_X5/ros2_ws/install/orbbec_description/share/orbbec_description/rviz
[0.077s] -- Up-to-date: /home/go2/ARX_X5/ros2_ws/install/orbbec_description/share/orbbec_description/rviz/urdf.rviz
[0.077s] -- Up-to-date: /home/go2/ARX_X5/ros2_ws/install/orbbec_description/share/ament_index/resource_index/package_run_dependencies/orbbec_description
[0.077s] -- Up-to-date: /home/go2/ARX_X5/ros2_ws/install/orbbec_description/share/ament_index/resource_index/parent_prefix_path/orbbec_description
[0.077s] -- Up-to-date: /home/go2/ARX_X5/ros2_ws/install/orbbec_description/share/orbbec_description/environment/ament_prefix_path.sh
[0.077s] -- Up-to-date: /home/go2/ARX_X5/ros2_ws/install/orbbec_description/share/orbbec_description/environment/ament_prefix_path.dsv
[0.078s] -- Up-to-date: /home/go2/ARX_X5/ros2_ws/install/orbbec_description/share/orbbec_description/environment/path.sh
[0.078s] -- Up-to-date: /home/go2/ARX_X5/ros2_ws/install/orbbec_description/share/orbbec_description/environment/path.dsv
[0.078s] -- Up-to-date: /home/go2/ARX_X5/ros2_ws/install/orbbec_description/share/orbbec_description/local_setup.bash
[0.078s] -- Up-to-date: /home/go2/ARX_X5/ros2_ws/install/orbbec_description/share/orbbec_description/local_setup.sh
[0.078s] -- Up-to-date: /home/go2/ARX_X5/ros2_ws/install/orbbec_description/share/orbbec_description/local_setup.zsh
[0.079s] -- Up-to-date: /home/go2/ARX_X5/ros2_ws/install/orbbec_description/share/orbbec_description/local_setup.dsv
[0.079s] -- Installing: /home/go2/ARX_X5/ros2_ws/install/orbbec_description/share/orbbec_description/package.dsv
[0.079s] -- Up-to-date: /home/go2/ARX_X5/ros2_ws/install/orbbec_description/share/ament_index/resource_index/packages/orbbec_description
[0.079s] -- Up-to-date: /home/go2/ARX_X5/ros2_ws/install/orbbec_description/share/orbbec_description/cmake/orbbec_descriptionConfig.cmake
[0.079s] -- Up-to-date: /home/go2/ARX_X5/ros2_ws/install/orbbec_description/share/orbbec_description/cmake/orbbec_descriptionConfig-version.cmake
[0.079s] -- Up-to-date: /home/go2/ARX_X5/ros2_ws/install/orbbec_description/share/orbbec_description/package.xml
[0.079s] Invoked command in '/home/go2/ARX_X5/ros2_ws/build/orbbec_description' returned '0': CMAKE_PREFIX_PATH=/home/go2/ARX_X5/ros2_ws/install/orbbec_description:/home/go2/ARX_X5/ros2_ws/install/orbbec_camera:/home/go2/ARX_X5/ros2_ws/install/orbbec_camera_msgs:/home/go2/piper_ros/install/piper_msgs:/home/go2/piper_ros/install/piper_description:/home/go2/ARX_X5/ROS2/X5_ws/install/arx_x5_controller:/home/go2/ARX_X5/ROS2/X5_ws/install/arx5_arm_msg:/home/go2/piper_ros/install/piper:/opt/ros/foxy:/home/go2/ARX_X5/ROS2/X5_ws/install/arm_control CONDA_PROMPT_MODIFIER=(ARX) /usr/bin/cmake --install /home/go2/ARX_X5/ros2_ws/build/orbbec_description
