[0.153s] DEBUG:colcon:Command line arguments: ['/usr/bin/colcon', 'build', '--event-handlers', 'console_direct+', '--cmake-args', '-DCMAKE_BUILD_TYPE=Release']
[0.153s] DEBUG:colcon:Parsed command line arguments: Namespace(allow_overriding=[], ament_cmake_args=None, base_paths=['.'], build_base='build', catkin_cmake_args=None, catkin_skip_building_tests=False, cmake_args=['-DCMAKE_BUILD_TYPE=Release'], cmake_clean_cache=False, cmake_clean_first=False, cmake_force_configure=False, cmake_target=None, cmake_target_skip_unavailable=False, continue_on_error=False, event_handlers=['console_direct+'], executor='parallel', ignore_user_meta=False, install_base='install', log_base=None, log_level=None, main=<bound method BuildVerb.main of <colcon_core.verb.build.BuildVerb object at 0x7f3b72244160>>, merge_install=False, metas=['./colcon.meta'], mixin=None, mixin_files=None, mixin_verb=('build',), packages_above=None, packages_above_and_dependencies=None, packages_above_depth=None, packages_end=None, packages_ignore=None, packages_ignore_regex=None, packages_select=None, packages_select_build_failed=False, packages_select_by_dep=None, packages_select_regex=None, packages_select_test_failures=False, packages_skip=None, packages_skip_build_finished=False, packages_skip_by_dep=None, packages_skip_regex=None, packages_skip_test_passed=False, packages_skip_up_to=None, packages_start=None, packages_up_to=None, packages_up_to_regex=None, parallel_workers=56, paths=None, symlink_install=False, test_result_base=None, verb_extension=<colcon_core.verb.build.BuildVerb object at 0x7f3b72244160>, verb_name='build', verb_parser=<colcon_mixin.mixin.mixin_argument.MixinArgumentDecorator object at 0x7f3b71e8ea90>)
[0.262s] Level 1:colcon.colcon_core.package_discovery:discover_packages(colcon_meta) check parameters
[0.263s] Level 1:colcon.colcon_core.package_discovery:discover_packages(recursive) check parameters
[0.263s] Level 1:colcon.colcon_core.package_discovery:discover_packages(ignore) check parameters
[0.263s] Level 1:colcon.colcon_core.package_discovery:discover_packages(path) check parameters
[0.263s] Level 1:colcon.colcon_core.package_discovery:discover_packages(colcon_meta) discover
[0.263s] Level 1:colcon.colcon_core.package_discovery:discover_packages(recursive) discover
[0.263s] INFO:colcon.colcon_core.package_discovery:Crawling recursively for packages in '/home/go2/ARX_X5/ros2_ws'
[0.263s] Level 1:colcon.colcon_core.package_identification:_identify(.) by extensions ['ignore', 'ignore_ament_install']
[0.263s] Level 1:colcon.colcon_core.package_identification:_identify(.) by extension 'ignore'
[0.263s] Level 1:colcon.colcon_core.package_identification:_identify(.) by extension 'ignore_ament_install'
[0.263s] Level 1:colcon.colcon_core.package_identification:_identify(.) by extensions ['colcon_pkg']
[0.263s] Level 1:colcon.colcon_core.package_identification:_identify(.) by extension 'colcon_pkg'
[0.263s] Level 1:colcon.colcon_core.package_identification:_identify(.) by extensions ['colcon_meta']
[0.263s] Level 1:colcon.colcon_core.package_identification:_identify(.) by extension 'colcon_meta'
[0.263s] Level 1:colcon.colcon_core.package_identification:_identify(.) by extensions ['ros']
[0.263s] Level 1:colcon.colcon_core.package_identification:_identify(.) by extension 'ros'
[0.272s] Level 1:colcon.colcon_core.package_identification:_identify(.) by extensions ['cmake', 'python']
[0.272s] Level 1:colcon.colcon_core.package_identification:_identify(.) by extension 'cmake'
[0.272s] Level 1:colcon.colcon_core.package_identification:_identify(.) by extension 'python'
[0.272s] Level 1:colcon.colcon_core.package_identification:_identify(.) by extensions ['python_setup_py']
[0.272s] Level 1:colcon.colcon_core.package_identification:_identify(.) by extension 'python_setup_py'
[0.272s] Level 1:colcon.colcon_core.package_identification:_identify(Log) by extensions ['ignore', 'ignore_ament_install']
[0.272s] Level 1:colcon.colcon_core.package_identification:_identify(Log) by extension 'ignore'
[0.273s] Level 1:colcon.colcon_core.package_identification:_identify(Log) by extension 'ignore_ament_install'
[0.273s] Level 1:colcon.colcon_core.package_identification:_identify(Log) by extensions ['colcon_pkg']
[0.273s] Level 1:colcon.colcon_core.package_identification:_identify(Log) by extension 'colcon_pkg'
[0.273s] Level 1:colcon.colcon_core.package_identification:_identify(Log) by extensions ['colcon_meta']
[0.273s] Level 1:colcon.colcon_core.package_identification:_identify(Log) by extension 'colcon_meta'
[0.273s] Level 1:colcon.colcon_core.package_identification:_identify(Log) by extensions ['ros']
[0.273s] Level 1:colcon.colcon_core.package_identification:_identify(Log) by extension 'ros'
[0.273s] Level 1:colcon.colcon_core.package_identification:_identify(Log) by extensions ['cmake', 'python']
[0.273s] Level 1:colcon.colcon_core.package_identification:_identify(Log) by extension 'cmake'
[0.273s] Level 1:colcon.colcon_core.package_identification:_identify(Log) by extension 'python'
[0.273s] Level 1:colcon.colcon_core.package_identification:_identify(Log) by extensions ['python_setup_py']
[0.273s] Level 1:colcon.colcon_core.package_identification:_identify(Log) by extension 'python_setup_py'
[0.273s] Level 1:colcon.colcon_core.package_identification:_identify(build) by extensions ['ignore', 'ignore_ament_install']
[0.273s] Level 1:colcon.colcon_core.package_identification:_identify(build) by extension 'ignore'
[0.273s] Level 1:colcon.colcon_core.package_identification:_identify(build) ignored
[0.273s] Level 1:colcon.colcon_core.package_identification:_identify(install) by extensions ['ignore', 'ignore_ament_install']
[0.273s] Level 1:colcon.colcon_core.package_identification:_identify(install) by extension 'ignore'
[0.273s] Level 1:colcon.colcon_core.package_identification:_identify(install) ignored
[0.273s] Level 1:colcon.colcon_core.package_identification:_identify(log) by extensions ['ignore', 'ignore_ament_install']
[0.273s] Level 1:colcon.colcon_core.package_identification:_identify(log) by extension 'ignore'
[0.273s] Level 1:colcon.colcon_core.package_identification:_identify(log) ignored
[0.273s] Level 1:colcon.colcon_core.package_identification:_identify(src) by extensions ['ignore', 'ignore_ament_install']
[0.273s] Level 1:colcon.colcon_core.package_identification:_identify(src) by extension 'ignore'
[0.273s] Level 1:colcon.colcon_core.package_identification:_identify(src) by extension 'ignore_ament_install'
[0.273s] Level 1:colcon.colcon_core.package_identification:_identify(src) by extensions ['colcon_pkg']
[0.274s] Level 1:colcon.colcon_core.package_identification:_identify(src) by extension 'colcon_pkg'
[0.274s] Level 1:colcon.colcon_core.package_identification:_identify(src) by extensions ['colcon_meta']
[0.274s] Level 1:colcon.colcon_core.package_identification:_identify(src) by extension 'colcon_meta'
[0.274s] Level 1:colcon.colcon_core.package_identification:_identify(src) by extensions ['ros']
[0.274s] Level 1:colcon.colcon_core.package_identification:_identify(src) by extension 'ros'
[0.274s] Level 1:colcon.colcon_core.package_identification:_identify(src) by extensions ['cmake', 'python']
[0.274s] Level 1:colcon.colcon_core.package_identification:_identify(src) by extension 'cmake'
[0.274s] Level 1:colcon.colcon_core.package_identification:_identify(src) by extension 'python'
[0.274s] Level 1:colcon.colcon_core.package_identification:_identify(src) by extensions ['python_setup_py']
[0.274s] Level 1:colcon.colcon_core.package_identification:_identify(src) by extension 'python_setup_py'
[0.274s] Level 1:colcon.colcon_core.package_identification:_identify(src/OrbbecSDK_ROS2) by extensions ['ignore', 'ignore_ament_install']
[0.274s] Level 1:colcon.colcon_core.package_identification:_identify(src/OrbbecSDK_ROS2) by extension 'ignore'
[0.274s] Level 1:colcon.colcon_core.package_identification:_identify(src/OrbbecSDK_ROS2) by extension 'ignore_ament_install'
[0.274s] Level 1:colcon.colcon_core.package_identification:_identify(src/OrbbecSDK_ROS2) by extensions ['colcon_pkg']
[0.274s] Level 1:colcon.colcon_core.package_identification:_identify(src/OrbbecSDK_ROS2) by extension 'colcon_pkg'
[0.274s] Level 1:colcon.colcon_core.package_identification:_identify(src/OrbbecSDK_ROS2) by extensions ['colcon_meta']
[0.274s] Level 1:colcon.colcon_core.package_identification:_identify(src/OrbbecSDK_ROS2) by extension 'colcon_meta'
[0.274s] Level 1:colcon.colcon_core.package_identification:_identify(src/OrbbecSDK_ROS2) by extensions ['ros']
[0.274s] Level 1:colcon.colcon_core.package_identification:_identify(src/OrbbecSDK_ROS2) by extension 'ros'
[0.274s] Level 1:colcon.colcon_core.package_identification:_identify(src/OrbbecSDK_ROS2) by extensions ['cmake', 'python']
[0.274s] Level 1:colcon.colcon_core.package_identification:_identify(src/OrbbecSDK_ROS2) by extension 'cmake'
[0.274s] Level 1:colcon.colcon_core.package_identification:_identify(src/OrbbecSDK_ROS2) by extension 'python'
[0.274s] Level 1:colcon.colcon_core.package_identification:_identify(src/OrbbecSDK_ROS2) by extensions ['python_setup_py']
[0.274s] Level 1:colcon.colcon_core.package_identification:_identify(src/OrbbecSDK_ROS2) by extension 'python_setup_py'
[0.274s] Level 1:colcon.colcon_core.package_identification:_identify(src/OrbbecSDK_ROS2/Log) by extensions ['ignore', 'ignore_ament_install']
[0.274s] Level 1:colcon.colcon_core.package_identification:_identify(src/OrbbecSDK_ROS2/Log) by extension 'ignore'
[0.274s] Level 1:colcon.colcon_core.package_identification:_identify(src/OrbbecSDK_ROS2/Log) by extension 'ignore_ament_install'
[0.274s] Level 1:colcon.colcon_core.package_identification:_identify(src/OrbbecSDK_ROS2/Log) by extensions ['colcon_pkg']
[0.274s] Level 1:colcon.colcon_core.package_identification:_identify(src/OrbbecSDK_ROS2/Log) by extension 'colcon_pkg'
[0.274s] Level 1:colcon.colcon_core.package_identification:_identify(src/OrbbecSDK_ROS2/Log) by extensions ['colcon_meta']
[0.274s] Level 1:colcon.colcon_core.package_identification:_identify(src/OrbbecSDK_ROS2/Log) by extension 'colcon_meta'
[0.274s] Level 1:colcon.colcon_core.package_identification:_identify(src/OrbbecSDK_ROS2/Log) by extensions ['ros']
[0.274s] Level 1:colcon.colcon_core.package_identification:_identify(src/OrbbecSDK_ROS2/Log) by extension 'ros'
[0.275s] Level 1:colcon.colcon_core.package_identification:_identify(src/OrbbecSDK_ROS2/Log) by extensions ['cmake', 'python']
[0.275s] Level 1:colcon.colcon_core.package_identification:_identify(src/OrbbecSDK_ROS2/Log) by extension 'cmake'
[0.275s] Level 1:colcon.colcon_core.package_identification:_identify(src/OrbbecSDK_ROS2/Log) by extension 'python'
[0.275s] Level 1:colcon.colcon_core.package_identification:_identify(src/OrbbecSDK_ROS2/Log) by extensions ['python_setup_py']
[0.275s] Level 1:colcon.colcon_core.package_identification:_identify(src/OrbbecSDK_ROS2/Log) by extension 'python_setup_py'
[0.275s] Level 1:colcon.colcon_core.package_identification:_identify(src/OrbbecSDK_ROS2/docs) by extensions ['ignore', 'ignore_ament_install']
[0.275s] Level 1:colcon.colcon_core.package_identification:_identify(src/OrbbecSDK_ROS2/docs) by extension 'ignore'
[0.275s] Level 1:colcon.colcon_core.package_identification:_identify(src/OrbbecSDK_ROS2/docs) by extension 'ignore_ament_install'
[0.275s] Level 1:colcon.colcon_core.package_identification:_identify(src/OrbbecSDK_ROS2/docs) by extensions ['colcon_pkg']
[0.275s] Level 1:colcon.colcon_core.package_identification:_identify(src/OrbbecSDK_ROS2/docs) by extension 'colcon_pkg'
[0.275s] Level 1:colcon.colcon_core.package_identification:_identify(src/OrbbecSDK_ROS2/docs) by extensions ['colcon_meta']
[0.275s] Level 1:colcon.colcon_core.package_identification:_identify(src/OrbbecSDK_ROS2/docs) by extension 'colcon_meta'
[0.275s] Level 1:colcon.colcon_core.package_identification:_identify(src/OrbbecSDK_ROS2/docs) by extensions ['ros']
[0.275s] Level 1:colcon.colcon_core.package_identification:_identify(src/OrbbecSDK_ROS2/docs) by extension 'ros'
[0.275s] Level 1:colcon.colcon_core.package_identification:_identify(src/OrbbecSDK_ROS2/docs) by extensions ['cmake', 'python']
[0.275s] Level 1:colcon.colcon_core.package_identification:_identify(src/OrbbecSDK_ROS2/docs) by extension 'cmake'
[0.275s] Level 1:colcon.colcon_core.package_identification:_identify(src/OrbbecSDK_ROS2/docs) by extension 'python'
[0.275s] Level 1:colcon.colcon_core.package_identification:_identify(src/OrbbecSDK_ROS2/docs) by extensions ['python_setup_py']
[0.275s] Level 1:colcon.colcon_core.package_identification:_identify(src/OrbbecSDK_ROS2/docs) by extension 'python_setup_py'
[0.275s] Level 1:colcon.colcon_core.package_identification:_identify(src/OrbbecSDK_ROS2/docs/images) by extensions ['ignore', 'ignore_ament_install']
[0.275s] Level 1:colcon.colcon_core.package_identification:_identify(src/OrbbecSDK_ROS2/docs/images) by extension 'ignore'
[0.275s] Level 1:colcon.colcon_core.package_identification:_identify(src/OrbbecSDK_ROS2/docs/images) by extension 'ignore_ament_install'
[0.275s] Level 1:colcon.colcon_core.package_identification:_identify(src/OrbbecSDK_ROS2/docs/images) by extensions ['colcon_pkg']
[0.275s] Level 1:colcon.colcon_core.package_identification:_identify(src/OrbbecSDK_ROS2/docs/images) by extension 'colcon_pkg'
[0.275s] Level 1:colcon.colcon_core.package_identification:_identify(src/OrbbecSDK_ROS2/docs/images) by extensions ['colcon_meta']
[0.275s] Level 1:colcon.colcon_core.package_identification:_identify(src/OrbbecSDK_ROS2/docs/images) by extension 'colcon_meta'
[0.275s] Level 1:colcon.colcon_core.package_identification:_identify(src/OrbbecSDK_ROS2/docs/images) by extensions ['ros']
[0.275s] Level 1:colcon.colcon_core.package_identification:_identify(src/OrbbecSDK_ROS2/docs/images) by extension 'ros'
[0.275s] Level 1:colcon.colcon_core.package_identification:_identify(src/OrbbecSDK_ROS2/docs/images) by extensions ['cmake', 'python']
[0.275s] Level 1:colcon.colcon_core.package_identification:_identify(src/OrbbecSDK_ROS2/docs/images) by extension 'cmake'
[0.275s] Level 1:colcon.colcon_core.package_identification:_identify(src/OrbbecSDK_ROS2/docs/images) by extension 'python'
[0.275s] Level 1:colcon.colcon_core.package_identification:_identify(src/OrbbecSDK_ROS2/docs/images) by extensions ['python_setup_py']
[0.275s] Level 1:colcon.colcon_core.package_identification:_identify(src/OrbbecSDK_ROS2/docs/images) by extension 'python_setup_py'
[0.276s] Level 1:colcon.colcon_core.package_identification:_identify(src/OrbbecSDK_ROS2/orbbec_camera) by extensions ['ignore', 'ignore_ament_install']
[0.276s] Level 1:colcon.colcon_core.package_identification:_identify(src/OrbbecSDK_ROS2/orbbec_camera) by extension 'ignore'
[0.276s] Level 1:colcon.colcon_core.package_identification:_identify(src/OrbbecSDK_ROS2/orbbec_camera) by extension 'ignore_ament_install'
[0.276s] Level 1:colcon.colcon_core.package_identification:_identify(src/OrbbecSDK_ROS2/orbbec_camera) by extensions ['colcon_pkg']
[0.276s] Level 1:colcon.colcon_core.package_identification:_identify(src/OrbbecSDK_ROS2/orbbec_camera) by extension 'colcon_pkg'
[0.276s] Level 1:colcon.colcon_core.package_identification:_identify(src/OrbbecSDK_ROS2/orbbec_camera) by extensions ['colcon_meta']
[0.276s] Level 1:colcon.colcon_core.package_identification:_identify(src/OrbbecSDK_ROS2/orbbec_camera) by extension 'colcon_meta'
[0.276s] Level 1:colcon.colcon_core.package_identification:_identify(src/OrbbecSDK_ROS2/orbbec_camera) by extensions ['ros']
[0.276s] Level 1:colcon.colcon_core.package_identification:_identify(src/OrbbecSDK_ROS2/orbbec_camera) by extension 'ros'
[0.279s] DEBUG:colcon.colcon_core.package_identification:Package 'src/OrbbecSDK_ROS2/orbbec_camera' with type 'ros.ament_cmake' and name 'orbbec_camera'
[0.279s] Level 1:colcon.colcon_core.package_identification:_identify(src/OrbbecSDK_ROS2/orbbec_camera_msgs) by extensions ['ignore', 'ignore_ament_install']
[0.280s] Level 1:colcon.colcon_core.package_identification:_identify(src/OrbbecSDK_ROS2/orbbec_camera_msgs) by extension 'ignore'
[0.280s] Level 1:colcon.colcon_core.package_identification:_identify(src/OrbbecSDK_ROS2/orbbec_camera_msgs) by extension 'ignore_ament_install'
[0.280s] Level 1:colcon.colcon_core.package_identification:_identify(src/OrbbecSDK_ROS2/orbbec_camera_msgs) by extensions ['colcon_pkg']
[0.280s] Level 1:colcon.colcon_core.package_identification:_identify(src/OrbbecSDK_ROS2/orbbec_camera_msgs) by extension 'colcon_pkg'
[0.280s] Level 1:colcon.colcon_core.package_identification:_identify(src/OrbbecSDK_ROS2/orbbec_camera_msgs) by extensions ['colcon_meta']
[0.280s] Level 1:colcon.colcon_core.package_identification:_identify(src/OrbbecSDK_ROS2/orbbec_camera_msgs) by extension 'colcon_meta'
[0.280s] Level 1:colcon.colcon_core.package_identification:_identify(src/OrbbecSDK_ROS2/orbbec_camera_msgs) by extensions ['ros']
[0.280s] Level 1:colcon.colcon_core.package_identification:_identify(src/OrbbecSDK_ROS2/orbbec_camera_msgs) by extension 'ros'
[0.280s] DEBUG:colcon.colcon_core.package_identification:Package 'src/OrbbecSDK_ROS2/orbbec_camera_msgs' with type 'ros.ament_cmake' and name 'orbbec_camera_msgs'
[0.280s] Level 1:colcon.colcon_core.package_identification:_identify(src/OrbbecSDK_ROS2/orbbec_description) by extensions ['ignore', 'ignore_ament_install']
[0.280s] Level 1:colcon.colcon_core.package_identification:_identify(src/OrbbecSDK_ROS2/orbbec_description) by extension 'ignore'
[0.280s] Level 1:colcon.colcon_core.package_identification:_identify(src/OrbbecSDK_ROS2/orbbec_description) by extension 'ignore_ament_install'
[0.280s] Level 1:colcon.colcon_core.package_identification:_identify(src/OrbbecSDK_ROS2/orbbec_description) by extensions ['colcon_pkg']
[0.280s] Level 1:colcon.colcon_core.package_identification:_identify(src/OrbbecSDK_ROS2/orbbec_description) by extension 'colcon_pkg'
[0.280s] Level 1:colcon.colcon_core.package_identification:_identify(src/OrbbecSDK_ROS2/orbbec_description) by extensions ['colcon_meta']
[0.280s] Level 1:colcon.colcon_core.package_identification:_identify(src/OrbbecSDK_ROS2/orbbec_description) by extension 'colcon_meta'
[0.281s] Level 1:colcon.colcon_core.package_identification:_identify(src/OrbbecSDK_ROS2/orbbec_description) by extensions ['ros']
[0.281s] Level 1:colcon.colcon_core.package_identification:_identify(src/OrbbecSDK_ROS2/orbbec_description) by extension 'ros'
[0.281s] DEBUG:colcon.colcon_core.package_identification:Package 'src/OrbbecSDK_ROS2/orbbec_description' with type 'ros.ament_cmake' and name 'orbbec_description'
[0.281s] Level 1:colcon.colcon_core.package_discovery:discover_packages(recursive) using defaults
[0.281s] Level 1:colcon.colcon_core.package_discovery:discover_packages(ignore) discover
[0.281s] Level 1:colcon.colcon_core.package_discovery:discover_packages(ignore) using defaults
[0.281s] Level 1:colcon.colcon_core.package_discovery:discover_packages(path) discover
[0.281s] Level 1:colcon.colcon_core.package_discovery:discover_packages(path) using defaults
[0.305s] Level 1:colcon.colcon_core.package_discovery:discover_packages(prefix_path) check parameters
[0.305s] Level 1:colcon.colcon_core.package_discovery:discover_packages(prefix_path) discover
[0.307s] DEBUG:colcon.colcon_installed_package_information.package_discovery:Found 3 installed packages in /home/go2/ARX_X5/ros2_ws/install
[0.307s] DEBUG:colcon.colcon_installed_package_information.package_discovery:Found 3 installed packages in /home/go2/piper_ros/install
[0.308s] DEBUG:colcon.colcon_installed_package_information.package_discovery:Found 3 installed packages in /home/go2/ARX_X5/ROS2/X5_ws/install
[0.309s] DEBUG:colcon.colcon_installed_package_information.package_discovery:Found 296 installed packages in /opt/ros/foxy
[0.310s] Level 1:colcon.colcon_core.package_discovery:discover_packages(prefix_path) using defaults
[0.350s] Level 5:colcon.colcon_core.verb:set package 'orbbec_camera_msgs' build argument 'cmake_args' from command line to '['-DCMAKE_BUILD_TYPE=Release']'
[0.350s] Level 5:colcon.colcon_core.verb:set package 'orbbec_camera_msgs' build argument 'cmake_target' from command line to 'None'
[0.350s] Level 5:colcon.colcon_core.verb:set package 'orbbec_camera_msgs' build argument 'cmake_target_skip_unavailable' from command line to 'False'
[0.350s] Level 5:colcon.colcon_core.verb:set package 'orbbec_camera_msgs' build argument 'cmake_clean_cache' from command line to 'False'
[0.350s] Level 5:colcon.colcon_core.verb:set package 'orbbec_camera_msgs' build argument 'cmake_clean_first' from command line to 'False'
[0.350s] Level 5:colcon.colcon_core.verb:set package 'orbbec_camera_msgs' build argument 'cmake_force_configure' from command line to 'False'
[0.350s] Level 5:colcon.colcon_core.verb:set package 'orbbec_camera_msgs' build argument 'ament_cmake_args' from command line to 'None'
[0.350s] Level 5:colcon.colcon_core.verb:set package 'orbbec_camera_msgs' build argument 'catkin_cmake_args' from command line to 'None'
[0.350s] Level 5:colcon.colcon_core.verb:set package 'orbbec_camera_msgs' build argument 'catkin_skip_building_tests' from command line to 'False'
[0.350s] DEBUG:colcon.colcon_core.verb:Building package 'orbbec_camera_msgs' with the following arguments: {'ament_cmake_args': None, 'build_base': '/home/go2/ARX_X5/ros2_ws/build/orbbec_camera_msgs', 'catkin_cmake_args': None, 'catkin_skip_building_tests': False, 'cmake_args': ['-DCMAKE_BUILD_TYPE=Release'], 'cmake_clean_cache': False, 'cmake_clean_first': False, 'cmake_force_configure': False, 'cmake_target': None, 'cmake_target_skip_unavailable': False, 'install_base': '/home/go2/ARX_X5/ros2_ws/install/orbbec_camera_msgs', 'merge_install': False, 'path': '/home/go2/ARX_X5/ros2_ws/src/OrbbecSDK_ROS2/orbbec_camera_msgs', 'symlink_install': False, 'test_result_base': None}
[0.350s] Level 5:colcon.colcon_core.verb:set package 'orbbec_description' build argument 'cmake_args' from command line to '['-DCMAKE_BUILD_TYPE=Release']'
[0.350s] Level 5:colcon.colcon_core.verb:set package 'orbbec_description' build argument 'cmake_target' from command line to 'None'
[0.350s] Level 5:colcon.colcon_core.verb:set package 'orbbec_description' build argument 'cmake_target_skip_unavailable' from command line to 'False'
[0.350s] Level 5:colcon.colcon_core.verb:set package 'orbbec_description' build argument 'cmake_clean_cache' from command line to 'False'
[0.350s] Level 5:colcon.colcon_core.verb:set package 'orbbec_description' build argument 'cmake_clean_first' from command line to 'False'
[0.350s] Level 5:colcon.colcon_core.verb:set package 'orbbec_description' build argument 'cmake_force_configure' from command line to 'False'
[0.350s] Level 5:colcon.colcon_core.verb:set package 'orbbec_description' build argument 'ament_cmake_args' from command line to 'None'
[0.350s] Level 5:colcon.colcon_core.verb:set package 'orbbec_description' build argument 'catkin_cmake_args' from command line to 'None'
[0.350s] Level 5:colcon.colcon_core.verb:set package 'orbbec_description' build argument 'catkin_skip_building_tests' from command line to 'False'
[0.350s] DEBUG:colcon.colcon_core.verb:Building package 'orbbec_description' with the following arguments: {'ament_cmake_args': None, 'build_base': '/home/go2/ARX_X5/ros2_ws/build/orbbec_description', 'catkin_cmake_args': None, 'catkin_skip_building_tests': False, 'cmake_args': ['-DCMAKE_BUILD_TYPE=Release'], 'cmake_clean_cache': False, 'cmake_clean_first': False, 'cmake_force_configure': False, 'cmake_target': None, 'cmake_target_skip_unavailable': False, 'install_base': '/home/go2/ARX_X5/ros2_ws/install/orbbec_description', 'merge_install': False, 'path': '/home/go2/ARX_X5/ros2_ws/src/OrbbecSDK_ROS2/orbbec_description', 'symlink_install': False, 'test_result_base': None}
[0.351s] Level 5:colcon.colcon_core.verb:set package 'orbbec_camera' build argument 'cmake_args' from command line to '['-DCMAKE_BUILD_TYPE=Release']'
[0.351s] Level 5:colcon.colcon_core.verb:set package 'orbbec_camera' build argument 'cmake_target' from command line to 'None'
[0.351s] Level 5:colcon.colcon_core.verb:set package 'orbbec_camera' build argument 'cmake_target_skip_unavailable' from command line to 'False'
[0.351s] Level 5:colcon.colcon_core.verb:set package 'orbbec_camera' build argument 'cmake_clean_cache' from command line to 'False'
[0.351s] Level 5:colcon.colcon_core.verb:set package 'orbbec_camera' build argument 'cmake_clean_first' from command line to 'False'
[0.351s] Level 5:colcon.colcon_core.verb:set package 'orbbec_camera' build argument 'cmake_force_configure' from command line to 'False'
[0.351s] Level 5:colcon.colcon_core.verb:set package 'orbbec_camera' build argument 'ament_cmake_args' from command line to 'None'
[0.351s] Level 5:colcon.colcon_core.verb:set package 'orbbec_camera' build argument 'catkin_cmake_args' from command line to 'None'
[0.351s] Level 5:colcon.colcon_core.verb:set package 'orbbec_camera' build argument 'catkin_skip_building_tests' from command line to 'False'
[0.351s] DEBUG:colcon.colcon_core.verb:Building package 'orbbec_camera' with the following arguments: {'ament_cmake_args': None, 'build_base': '/home/go2/ARX_X5/ros2_ws/build/orbbec_camera', 'catkin_cmake_args': None, 'catkin_skip_building_tests': False, 'cmake_args': ['-DCMAKE_BUILD_TYPE=Release'], 'cmake_clean_cache': False, 'cmake_clean_first': False, 'cmake_force_configure': False, 'cmake_target': None, 'cmake_target_skip_unavailable': False, 'install_base': '/home/go2/ARX_X5/ros2_ws/install/orbbec_camera', 'merge_install': False, 'path': '/home/go2/ARX_X5/ros2_ws/src/OrbbecSDK_ROS2/orbbec_camera', 'symlink_install': False, 'test_result_base': None}
[0.351s] INFO:colcon.colcon_core.executor:Executing jobs using 'parallel' executor
[0.352s] DEBUG:colcon.colcon_parallel_executor.executor.parallel:run_until_complete
[0.352s] INFO:colcon.colcon_ros.task.ament_cmake.build:Building ROS package in '/home/go2/ARX_X5/ros2_ws/src/OrbbecSDK_ROS2/orbbec_camera_msgs' with build type 'ament_cmake'
[0.352s] INFO:colcon.colcon_cmake.task.cmake.build:Building CMake package in '/home/go2/ARX_X5/ros2_ws/src/OrbbecSDK_ROS2/orbbec_camera_msgs'
[0.355s] INFO:colcon.colcon_core.plugin_system:Skipping extension 'colcon_core.shell.bat': Not used on non-Windows systems
[0.355s] INFO:colcon.colcon_core.shell:Skip shell extension 'powershell' for command environment: Not usable outside of PowerShell
[0.355s] DEBUG:colcon.colcon_core.shell:Skip shell extension 'dsv' for command environment
[0.360s] INFO:colcon.colcon_ros.task.ament_cmake.build:Building ROS package in '/home/go2/ARX_X5/ros2_ws/src/OrbbecSDK_ROS2/orbbec_description' with build type 'ament_cmake'
[0.360s] INFO:colcon.colcon_cmake.task.cmake.build:Building CMake package in '/home/go2/ARX_X5/ros2_ws/src/OrbbecSDK_ROS2/orbbec_description'
[0.361s] INFO:colcon.colcon_core.shell:Skip shell extension 'powershell' for command environment: Not usable outside of PowerShell
[0.361s] DEBUG:colcon.colcon_core.shell:Skip shell extension 'dsv' for command environment
[0.371s] DEBUG:colcon.colcon_core.event_handler.log_command:Invoking command in '/home/go2/ARX_X5/ros2_ws/build/orbbec_camera_msgs': CMAKE_PREFIX_PATH=/home/go2/ARX_X5/ros2_ws/install/orbbec_description:/home/go2/ARX_X5/ros2_ws/install/orbbec_camera:/home/go2/ARX_X5/ros2_ws/install/orbbec_camera_msgs:/home/go2/piper_ros/install/piper_msgs:/home/go2/piper_ros/install/piper_description:/home/go2/ARX_X5/ROS2/X5_ws/install/arx_x5_controller:/home/go2/ARX_X5/ROS2/X5_ws/install/arx5_arm_msg:/home/go2/piper_ros/install/piper:/opt/ros/foxy:/home/go2/ARX_X5/ROS2/X5_ws/install/arm_control CONDA_PROMPT_MODIFIER=(base) /usr/bin/cmake --build /home/go2/ARX_X5/ros2_ws/build/orbbec_camera_msgs -- -j56 -l56
[0.376s] DEBUG:colcon.colcon_core.event_handler.log_command:Invoking command in '/home/go2/ARX_X5/ros2_ws/build/orbbec_description': CMAKE_PREFIX_PATH=/home/go2/ARX_X5/ros2_ws/install/orbbec_description:/home/go2/ARX_X5/ros2_ws/install/orbbec_camera:/home/go2/ARX_X5/ros2_ws/install/orbbec_camera_msgs:/home/go2/piper_ros/install/piper_msgs:/home/go2/piper_ros/install/piper_description:/home/go2/ARX_X5/ROS2/X5_ws/install/arx_x5_controller:/home/go2/ARX_X5/ROS2/X5_ws/install/arx5_arm_msg:/home/go2/piper_ros/install/piper:/opt/ros/foxy:/home/go2/ARX_X5/ROS2/X5_ws/install/arm_control CONDA_PROMPT_MODIFIER=(base) /usr/bin/cmake --build /home/go2/ARX_X5/ros2_ws/build/orbbec_description -- -j56 -l56
[0.414s] DEBUG:colcon.colcon_core.event_handler.log_command:Invoked command in '/home/go2/ARX_X5/ros2_ws/build/orbbec_description' returned '0': CMAKE_PREFIX_PATH=/home/go2/ARX_X5/ros2_ws/install/orbbec_description:/home/go2/ARX_X5/ros2_ws/install/orbbec_camera:/home/go2/ARX_X5/ros2_ws/install/orbbec_camera_msgs:/home/go2/piper_ros/install/piper_msgs:/home/go2/piper_ros/install/piper_description:/home/go2/ARX_X5/ROS2/X5_ws/install/arx_x5_controller:/home/go2/ARX_X5/ROS2/X5_ws/install/arx5_arm_msg:/home/go2/piper_ros/install/piper:/opt/ros/foxy:/home/go2/ARX_X5/ROS2/X5_ws/install/arm_control CONDA_PROMPT_MODIFIER=(base) /usr/bin/cmake --build /home/go2/ARX_X5/ros2_ws/build/orbbec_description -- -j56 -l56
[0.426s] DEBUG:colcon.colcon_core.event_handler.log_command:Invoking command in '/home/go2/ARX_X5/ros2_ws/build/orbbec_description': CMAKE_PREFIX_PATH=/home/go2/ARX_X5/ros2_ws/install/orbbec_description:/home/go2/ARX_X5/ros2_ws/install/orbbec_camera:/home/go2/ARX_X5/ros2_ws/install/orbbec_camera_msgs:/home/go2/piper_ros/install/piper_msgs:/home/go2/piper_ros/install/piper_description:/home/go2/ARX_X5/ROS2/X5_ws/install/arx_x5_controller:/home/go2/ARX_X5/ROS2/X5_ws/install/arx5_arm_msg:/home/go2/piper_ros/install/piper:/opt/ros/foxy:/home/go2/ARX_X5/ROS2/X5_ws/install/arm_control CONDA_PROMPT_MODIFIER=(base) /usr/bin/cmake --install /home/go2/ARX_X5/ros2_ws/build/orbbec_description
[0.436s] Level 1:colcon.colcon_core.environment:create_environment_scripts_only(orbbec_description)
[0.437s] DEBUG:colcon.colcon_core.event_handler.log_command:Invoked command in '/home/go2/ARX_X5/ros2_ws/build/orbbec_description' returned '0': CMAKE_PREFIX_PATH=/home/go2/ARX_X5/ros2_ws/install/orbbec_description:/home/go2/ARX_X5/ros2_ws/install/orbbec_camera:/home/go2/ARX_X5/ros2_ws/install/orbbec_camera_msgs:/home/go2/piper_ros/install/piper_msgs:/home/go2/piper_ros/install/piper_description:/home/go2/ARX_X5/ROS2/X5_ws/install/arx_x5_controller:/home/go2/ARX_X5/ROS2/X5_ws/install/arx5_arm_msg:/home/go2/piper_ros/install/piper:/opt/ros/foxy:/home/go2/ARX_X5/ROS2/X5_ws/install/arm_control CONDA_PROMPT_MODIFIER=(base) /usr/bin/cmake --install /home/go2/ARX_X5/ros2_ws/build/orbbec_description
[0.439s] Level 1:colcon.colcon_core.environment:checking '/home/go2/ARX_X5/ros2_ws/install/orbbec_description' for CMake module files
[0.439s] Level 1:colcon.colcon_core.environment:checking '/home/go2/ARX_X5/ros2_ws/install/orbbec_description' for CMake config files
[0.439s] Level 1:colcon.colcon_core.shell:create_environment_hook('orbbec_description', 'cmake_prefix_path')
[0.439s] INFO:colcon.colcon_core.shell:Creating environment hook '/home/go2/ARX_X5/ros2_ws/install/orbbec_description/share/orbbec_description/hook/cmake_prefix_path.ps1'
[0.440s] INFO:colcon.colcon_core.shell:Creating environment descriptor '/home/go2/ARX_X5/ros2_ws/install/orbbec_description/share/orbbec_description/hook/cmake_prefix_path.dsv'
[0.440s] INFO:colcon.colcon_core.shell:Creating environment hook '/home/go2/ARX_X5/ros2_ws/install/orbbec_description/share/orbbec_description/hook/cmake_prefix_path.sh'
[0.441s] Level 1:colcon.colcon_core.environment:checking '/home/go2/ARX_X5/ros2_ws/install/orbbec_description/bin'
[0.441s] Level 1:colcon.colcon_core.environment:checking '/home/go2/ARX_X5/ros2_ws/install/orbbec_description/lib/pkgconfig/orbbec_description.pc'
[0.441s] Level 1:colcon.colcon_core.environment:checking '/home/go2/ARX_X5/ros2_ws/install/orbbec_description/lib/python3.8/site-packages'
[0.441s] Level 1:colcon.colcon_core.environment:checking '/home/go2/ARX_X5/ros2_ws/install/orbbec_description/bin'
[0.442s] INFO:colcon.colcon_core.shell:Creating package script '/home/go2/ARX_X5/ros2_ws/install/orbbec_description/share/orbbec_description/package.ps1'
[0.442s] INFO:colcon.colcon_core.shell:Creating package descriptor '/home/go2/ARX_X5/ros2_ws/install/orbbec_description/share/orbbec_description/package.dsv'
[0.443s] INFO:colcon.colcon_core.shell:Creating package script '/home/go2/ARX_X5/ros2_ws/install/orbbec_description/share/orbbec_description/package.sh'
[0.443s] INFO:colcon.colcon_core.shell:Creating package script '/home/go2/ARX_X5/ros2_ws/install/orbbec_description/share/orbbec_description/package.bash'
[0.444s] INFO:colcon.colcon_core.shell:Creating package script '/home/go2/ARX_X5/ros2_ws/install/orbbec_description/share/orbbec_description/package.zsh'
[0.444s] Level 1:colcon.colcon_core.environment:create_file_with_runtime_dependencies(/home/go2/ARX_X5/ros2_ws/install/orbbec_description/share/colcon-core/packages/orbbec_description)
[0.445s] Level 1:colcon.colcon_core.environment:create_environment_scripts_only(orbbec_description)
[0.445s] Level 1:colcon.colcon_core.environment:checking '/home/go2/ARX_X5/ros2_ws/install/orbbec_description' for CMake module files
[0.445s] Level 1:colcon.colcon_core.environment:checking '/home/go2/ARX_X5/ros2_ws/install/orbbec_description' for CMake config files
[0.445s] Level 1:colcon.colcon_core.shell:create_environment_hook('orbbec_description', 'cmake_prefix_path')
[0.445s] INFO:colcon.colcon_core.shell:Creating environment hook '/home/go2/ARX_X5/ros2_ws/install/orbbec_description/share/orbbec_description/hook/cmake_prefix_path.ps1'
[0.446s] INFO:colcon.colcon_core.shell:Creating environment descriptor '/home/go2/ARX_X5/ros2_ws/install/orbbec_description/share/orbbec_description/hook/cmake_prefix_path.dsv'
[0.446s] INFO:colcon.colcon_core.shell:Creating environment hook '/home/go2/ARX_X5/ros2_ws/install/orbbec_description/share/orbbec_description/hook/cmake_prefix_path.sh'
[0.446s] Level 1:colcon.colcon_core.environment:checking '/home/go2/ARX_X5/ros2_ws/install/orbbec_description/bin'
[0.446s] Level 1:colcon.colcon_core.environment:checking '/home/go2/ARX_X5/ros2_ws/install/orbbec_description/lib/pkgconfig/orbbec_description.pc'
[0.446s] Level 1:colcon.colcon_core.environment:checking '/home/go2/ARX_X5/ros2_ws/install/orbbec_description/lib/python3.8/site-packages'
[0.447s] Level 1:colcon.colcon_core.environment:checking '/home/go2/ARX_X5/ros2_ws/install/orbbec_description/bin'
[0.447s] INFO:colcon.colcon_core.shell:Creating package script '/home/go2/ARX_X5/ros2_ws/install/orbbec_description/share/orbbec_description/package.ps1'
[0.447s] INFO:colcon.colcon_core.shell:Creating package descriptor '/home/go2/ARX_X5/ros2_ws/install/orbbec_description/share/orbbec_description/package.dsv'
[0.447s] INFO:colcon.colcon_core.shell:Creating package script '/home/go2/ARX_X5/ros2_ws/install/orbbec_description/share/orbbec_description/package.sh'
[0.448s] INFO:colcon.colcon_core.shell:Creating package script '/home/go2/ARX_X5/ros2_ws/install/orbbec_description/share/orbbec_description/package.bash'
[0.448s] INFO:colcon.colcon_core.shell:Creating package script '/home/go2/ARX_X5/ros2_ws/install/orbbec_description/share/orbbec_description/package.zsh'
[0.448s] Level 1:colcon.colcon_core.environment:create_file_with_runtime_dependencies(/home/go2/ARX_X5/ros2_ws/install/orbbec_description/share/colcon-core/packages/orbbec_description)
[0.612s] DEBUG:colcon.colcon_core.event_handler.log_command:Invoked command in '/home/go2/ARX_X5/ros2_ws/build/orbbec_camera_msgs' returned '0': CMAKE_PREFIX_PATH=/home/go2/ARX_X5/ros2_ws/install/orbbec_description:/home/go2/ARX_X5/ros2_ws/install/orbbec_camera:/home/go2/ARX_X5/ros2_ws/install/orbbec_camera_msgs:/home/go2/piper_ros/install/piper_msgs:/home/go2/piper_ros/install/piper_description:/home/go2/ARX_X5/ROS2/X5_ws/install/arx_x5_controller:/home/go2/ARX_X5/ROS2/X5_ws/install/arx5_arm_msg:/home/go2/piper_ros/install/piper:/opt/ros/foxy:/home/go2/ARX_X5/ROS2/X5_ws/install/arm_control CONDA_PROMPT_MODIFIER=(base) /usr/bin/cmake --build /home/go2/ARX_X5/ros2_ws/build/orbbec_camera_msgs -- -j56 -l56
[0.613s] DEBUG:colcon.colcon_core.event_handler.log_command:Invoking command in '/home/go2/ARX_X5/ros2_ws/build/orbbec_camera_msgs': CMAKE_PREFIX_PATH=/home/go2/ARX_X5/ros2_ws/install/orbbec_description:/home/go2/ARX_X5/ros2_ws/install/orbbec_camera:/home/go2/ARX_X5/ros2_ws/install/orbbec_camera_msgs:/home/go2/piper_ros/install/piper_msgs:/home/go2/piper_ros/install/piper_description:/home/go2/ARX_X5/ROS2/X5_ws/install/arx_x5_controller:/home/go2/ARX_X5/ROS2/X5_ws/install/arx5_arm_msg:/home/go2/piper_ros/install/piper:/opt/ros/foxy:/home/go2/ARX_X5/ROS2/X5_ws/install/arm_control CONDA_PROMPT_MODIFIER=(base) /usr/bin/cmake --install /home/go2/ARX_X5/ros2_ws/build/orbbec_camera_msgs
[0.668s] Level 1:colcon.colcon_core.environment:create_environment_scripts_only(orbbec_camera_msgs)
[0.668s] Level 1:colcon.colcon_core.environment:checking '/home/go2/ARX_X5/ros2_ws/install/orbbec_camera_msgs' for CMake module files
[0.669s] DEBUG:colcon.colcon_core.event_handler.log_command:Invoked command in '/home/go2/ARX_X5/ros2_ws/build/orbbec_camera_msgs' returned '0': CMAKE_PREFIX_PATH=/home/go2/ARX_X5/ros2_ws/install/orbbec_description:/home/go2/ARX_X5/ros2_ws/install/orbbec_camera:/home/go2/ARX_X5/ros2_ws/install/orbbec_camera_msgs:/home/go2/piper_ros/install/piper_msgs:/home/go2/piper_ros/install/piper_description:/home/go2/ARX_X5/ROS2/X5_ws/install/arx_x5_controller:/home/go2/ARX_X5/ROS2/X5_ws/install/arx5_arm_msg:/home/go2/piper_ros/install/piper:/opt/ros/foxy:/home/go2/ARX_X5/ROS2/X5_ws/install/arm_control CONDA_PROMPT_MODIFIER=(base) /usr/bin/cmake --install /home/go2/ARX_X5/ros2_ws/build/orbbec_camera_msgs
[0.669s] Level 1:colcon.colcon_core.environment:checking '/home/go2/ARX_X5/ros2_ws/install/orbbec_camera_msgs' for CMake config files
[0.670s] Level 1:colcon.colcon_core.shell:create_environment_hook('orbbec_camera_msgs', 'cmake_prefix_path')
[0.670s] INFO:colcon.colcon_core.shell:Creating environment hook '/home/go2/ARX_X5/ros2_ws/install/orbbec_camera_msgs/share/orbbec_camera_msgs/hook/cmake_prefix_path.ps1'
[0.671s] INFO:colcon.colcon_core.shell:Creating environment descriptor '/home/go2/ARX_X5/ros2_ws/install/orbbec_camera_msgs/share/orbbec_camera_msgs/hook/cmake_prefix_path.dsv'
[0.671s] INFO:colcon.colcon_core.shell:Creating environment hook '/home/go2/ARX_X5/ros2_ws/install/orbbec_camera_msgs/share/orbbec_camera_msgs/hook/cmake_prefix_path.sh'
[0.671s] Level 1:colcon.colcon_core.environment:checking '/home/go2/ARX_X5/ros2_ws/install/orbbec_camera_msgs/lib'
[0.672s] Level 1:colcon.colcon_core.shell:create_environment_hook('orbbec_camera_msgs', 'ld_library_path_lib')
[0.672s] INFO:colcon.colcon_core.shell:Creating environment hook '/home/go2/ARX_X5/ros2_ws/install/orbbec_camera_msgs/share/orbbec_camera_msgs/hook/ld_library_path_lib.ps1'
[0.672s] INFO:colcon.colcon_core.shell:Creating environment descriptor '/home/go2/ARX_X5/ros2_ws/install/orbbec_camera_msgs/share/orbbec_camera_msgs/hook/ld_library_path_lib.dsv'
[0.672s] INFO:colcon.colcon_core.shell:Creating environment hook '/home/go2/ARX_X5/ros2_ws/install/orbbec_camera_msgs/share/orbbec_camera_msgs/hook/ld_library_path_lib.sh'
[0.672s] Level 1:colcon.colcon_core.environment:checking '/home/go2/ARX_X5/ros2_ws/install/orbbec_camera_msgs/bin'
[0.673s] Level 1:colcon.colcon_core.environment:checking '/home/go2/ARX_X5/ros2_ws/install/orbbec_camera_msgs/lib/pkgconfig/orbbec_camera_msgs.pc'
[0.673s] Level 1:colcon.colcon_core.environment:checking '/home/go2/ARX_X5/ros2_ws/install/orbbec_camera_msgs/lib/python3.8/site-packages'
[0.673s] Level 1:colcon.colcon_core.shell:create_environment_hook('orbbec_camera_msgs', 'pythonpath')
[0.673s] INFO:colcon.colcon_core.shell:Creating environment hook '/home/go2/ARX_X5/ros2_ws/install/orbbec_camera_msgs/share/orbbec_camera_msgs/hook/pythonpath.ps1'
[0.673s] INFO:colcon.colcon_core.shell:Creating environment descriptor '/home/go2/ARX_X5/ros2_ws/install/orbbec_camera_msgs/share/orbbec_camera_msgs/hook/pythonpath.dsv'
[0.673s] INFO:colcon.colcon_core.shell:Creating environment hook '/home/go2/ARX_X5/ros2_ws/install/orbbec_camera_msgs/share/orbbec_camera_msgs/hook/pythonpath.sh'
[0.674s] Level 1:colcon.colcon_core.environment:checking '/home/go2/ARX_X5/ros2_ws/install/orbbec_camera_msgs/bin'
[0.674s] INFO:colcon.colcon_core.shell:Creating package script '/home/go2/ARX_X5/ros2_ws/install/orbbec_camera_msgs/share/orbbec_camera_msgs/package.ps1'
[0.674s] INFO:colcon.colcon_core.shell:Creating package descriptor '/home/go2/ARX_X5/ros2_ws/install/orbbec_camera_msgs/share/orbbec_camera_msgs/package.dsv'
[0.675s] INFO:colcon.colcon_core.shell:Creating package script '/home/go2/ARX_X5/ros2_ws/install/orbbec_camera_msgs/share/orbbec_camera_msgs/package.sh'
[0.675s] INFO:colcon.colcon_core.shell:Creating package script '/home/go2/ARX_X5/ros2_ws/install/orbbec_camera_msgs/share/orbbec_camera_msgs/package.bash'
[0.675s] INFO:colcon.colcon_core.shell:Creating package script '/home/go2/ARX_X5/ros2_ws/install/orbbec_camera_msgs/share/orbbec_camera_msgs/package.zsh'
[0.675s] Level 1:colcon.colcon_core.environment:create_file_with_runtime_dependencies(/home/go2/ARX_X5/ros2_ws/install/orbbec_camera_msgs/share/colcon-core/packages/orbbec_camera_msgs)
[0.677s] Level 1:colcon.colcon_core.environment:create_environment_scripts_only(orbbec_camera_msgs)
[0.677s] Level 1:colcon.colcon_core.environment:checking '/home/go2/ARX_X5/ros2_ws/install/orbbec_camera_msgs' for CMake module files
[0.677s] Level 1:colcon.colcon_core.environment:checking '/home/go2/ARX_X5/ros2_ws/install/orbbec_camera_msgs' for CMake config files
[0.678s] Level 1:colcon.colcon_core.shell:create_environment_hook('orbbec_camera_msgs', 'cmake_prefix_path')
[0.678s] INFO:colcon.colcon_core.shell:Creating environment hook '/home/go2/ARX_X5/ros2_ws/install/orbbec_camera_msgs/share/orbbec_camera_msgs/hook/cmake_prefix_path.ps1'
[0.678s] INFO:colcon.colcon_core.shell:Creating environment descriptor '/home/go2/ARX_X5/ros2_ws/install/orbbec_camera_msgs/share/orbbec_camera_msgs/hook/cmake_prefix_path.dsv'
[0.678s] INFO:colcon.colcon_core.shell:Creating environment hook '/home/go2/ARX_X5/ros2_ws/install/orbbec_camera_msgs/share/orbbec_camera_msgs/hook/cmake_prefix_path.sh'
[0.679s] Level 1:colcon.colcon_core.environment:checking '/home/go2/ARX_X5/ros2_ws/install/orbbec_camera_msgs/lib'
[0.679s] Level 1:colcon.colcon_core.shell:create_environment_hook('orbbec_camera_msgs', 'ld_library_path_lib')
[0.679s] INFO:colcon.colcon_core.shell:Creating environment hook '/home/go2/ARX_X5/ros2_ws/install/orbbec_camera_msgs/share/orbbec_camera_msgs/hook/ld_library_path_lib.ps1'
[0.679s] INFO:colcon.colcon_core.shell:Creating environment descriptor '/home/go2/ARX_X5/ros2_ws/install/orbbec_camera_msgs/share/orbbec_camera_msgs/hook/ld_library_path_lib.dsv'
[0.680s] INFO:colcon.colcon_core.shell:Creating environment hook '/home/go2/ARX_X5/ros2_ws/install/orbbec_camera_msgs/share/orbbec_camera_msgs/hook/ld_library_path_lib.sh'
[0.680s] Level 1:colcon.colcon_core.environment:checking '/home/go2/ARX_X5/ros2_ws/install/orbbec_camera_msgs/bin'
[0.680s] Level 1:colcon.colcon_core.environment:checking '/home/go2/ARX_X5/ros2_ws/install/orbbec_camera_msgs/lib/pkgconfig/orbbec_camera_msgs.pc'
[0.680s] Level 1:colcon.colcon_core.environment:checking '/home/go2/ARX_X5/ros2_ws/install/orbbec_camera_msgs/lib/python3.8/site-packages'
[0.680s] Level 1:colcon.colcon_core.shell:create_environment_hook('orbbec_camera_msgs', 'pythonpath')
[0.680s] INFO:colcon.colcon_core.shell:Creating environment hook '/home/go2/ARX_X5/ros2_ws/install/orbbec_camera_msgs/share/orbbec_camera_msgs/hook/pythonpath.ps1'
[0.680s] INFO:colcon.colcon_core.shell:Creating environment descriptor '/home/go2/ARX_X5/ros2_ws/install/orbbec_camera_msgs/share/orbbec_camera_msgs/hook/pythonpath.dsv'
[0.681s] INFO:colcon.colcon_core.shell:Creating environment hook '/home/go2/ARX_X5/ros2_ws/install/orbbec_camera_msgs/share/orbbec_camera_msgs/hook/pythonpath.sh'
[0.681s] Level 1:colcon.colcon_core.environment:checking '/home/go2/ARX_X5/ros2_ws/install/orbbec_camera_msgs/bin'
[0.681s] INFO:colcon.colcon_core.shell:Creating package script '/home/go2/ARX_X5/ros2_ws/install/orbbec_camera_msgs/share/orbbec_camera_msgs/package.ps1'
[0.682s] INFO:colcon.colcon_core.shell:Creating package descriptor '/home/go2/ARX_X5/ros2_ws/install/orbbec_camera_msgs/share/orbbec_camera_msgs/package.dsv'
[0.682s] INFO:colcon.colcon_core.shell:Creating package script '/home/go2/ARX_X5/ros2_ws/install/orbbec_camera_msgs/share/orbbec_camera_msgs/package.sh'
[0.682s] INFO:colcon.colcon_core.shell:Creating package script '/home/go2/ARX_X5/ros2_ws/install/orbbec_camera_msgs/share/orbbec_camera_msgs/package.bash'
[0.682s] INFO:colcon.colcon_core.shell:Creating package script '/home/go2/ARX_X5/ros2_ws/install/orbbec_camera_msgs/share/orbbec_camera_msgs/package.zsh'
[0.683s] Level 1:colcon.colcon_core.environment:create_file_with_runtime_dependencies(/home/go2/ARX_X5/ros2_ws/install/orbbec_camera_msgs/share/colcon-core/packages/orbbec_camera_msgs)
[0.683s] INFO:colcon.colcon_ros.task.ament_cmake.build:Building ROS package in '/home/go2/ARX_X5/ros2_ws/src/OrbbecSDK_ROS2/orbbec_camera' with build type 'ament_cmake'
[0.683s] INFO:colcon.colcon_cmake.task.cmake.build:Building CMake package in '/home/go2/ARX_X5/ros2_ws/src/OrbbecSDK_ROS2/orbbec_camera'
[0.684s] INFO:colcon.colcon_core.shell:Skip shell extension 'powershell' for command environment: Not usable outside of PowerShell
[0.684s] DEBUG:colcon.colcon_core.shell:Skip shell extension 'dsv' for command environment
[0.700s] DEBUG:colcon.colcon_core.event_handler.log_command:Invoking command in '/home/go2/ARX_X5/ros2_ws/build/orbbec_camera': CMAKE_PREFIX_PATH=/home/go2/ARX_X5/ros2_ws/install/orbbec_camera_msgs:/home/go2/ARX_X5/ros2_ws/install/orbbec_description:/home/go2/ARX_X5/ros2_ws/install/orbbec_camera:/home/go2/piper_ros/install/piper_msgs:/home/go2/piper_ros/install/piper_description:/home/go2/ARX_X5/ROS2/X5_ws/install/arx_x5_controller:/home/go2/ARX_X5/ROS2/X5_ws/install/arx5_arm_msg:/home/go2/piper_ros/install/piper:/opt/ros/foxy:/home/go2/ARX_X5/ROS2/X5_ws/install/arm_control CONDA_PROMPT_MODIFIER=(base) LD_LIBRARY_PATH=/home/go2/ARX_X5/ros2_ws/install/orbbec_camera_msgs/lib:/usr/local/lib:/usr/local/cuda/lib64:/usr/local/lib:/usr/local/cuda/lib64:/home/go2/ARX_X5/ros2_ws/install/orbbec_camera/lib:/home/go2/piper_ros/install/piper_msgs/lib:/home/go2/ARX_X5/ROS2/X5_ws/install/arx_x5_controller/lib:/home/go2/ARX_X5/ROS2/X5_ws/install/arx5_arm_msg/lib:/home/go2/ARX_X5/ROS2/X5_ws/install/arm_control/lib:/opt/ros/foxy/opt/yaml_cpp_vendor/lib:/opt/ros/foxy/opt/rviz_ogre_vendor/lib:/opt/ros/foxy/lib/x86_64-linux-gnu:/opt/ros/foxy/lib:/usr/local/lib:/usr/local/cuda/lib64:/usr/local/lib:/usr/local/cuda/lib64 /usr/bin/cmake --build /home/go2/ARX_X5/ros2_ws/build/orbbec_camera -- -j56 -l56
[0.851s] DEBUG:colcon.colcon_core.event_handler.log_command:Invoked command in '/home/go2/ARX_X5/ros2_ws/build/orbbec_camera' returned '0': CMAKE_PREFIX_PATH=/home/go2/ARX_X5/ros2_ws/install/orbbec_camera_msgs:/home/go2/ARX_X5/ros2_ws/install/orbbec_description:/home/go2/ARX_X5/ros2_ws/install/orbbec_camera:/home/go2/piper_ros/install/piper_msgs:/home/go2/piper_ros/install/piper_description:/home/go2/ARX_X5/ROS2/X5_ws/install/arx_x5_controller:/home/go2/ARX_X5/ROS2/X5_ws/install/arx5_arm_msg:/home/go2/piper_ros/install/piper:/opt/ros/foxy:/home/go2/ARX_X5/ROS2/X5_ws/install/arm_control CONDA_PROMPT_MODIFIER=(base) LD_LIBRARY_PATH=/home/go2/ARX_X5/ros2_ws/install/orbbec_camera_msgs/lib:/usr/local/lib:/usr/local/cuda/lib64:/usr/local/lib:/usr/local/cuda/lib64:/home/go2/ARX_X5/ros2_ws/install/orbbec_camera/lib:/home/go2/piper_ros/install/piper_msgs/lib:/home/go2/ARX_X5/ROS2/X5_ws/install/arx_x5_controller/lib:/home/go2/ARX_X5/ROS2/X5_ws/install/arx5_arm_msg/lib:/home/go2/ARX_X5/ROS2/X5_ws/install/arm_control/lib:/opt/ros/foxy/opt/yaml_cpp_vendor/lib:/opt/ros/foxy/opt/rviz_ogre_vendor/lib:/opt/ros/foxy/lib/x86_64-linux-gnu:/opt/ros/foxy/lib:/usr/local/lib:/usr/local/cuda/lib64:/usr/local/lib:/usr/local/cuda/lib64 /usr/bin/cmake --build /home/go2/ARX_X5/ros2_ws/build/orbbec_camera -- -j56 -l56
[0.854s] DEBUG:colcon.colcon_core.event_handler.log_command:Invoking command in '/home/go2/ARX_X5/ros2_ws/build/orbbec_camera': CMAKE_PREFIX_PATH=/home/go2/ARX_X5/ros2_ws/install/orbbec_camera_msgs:/home/go2/ARX_X5/ros2_ws/install/orbbec_description:/home/go2/ARX_X5/ros2_ws/install/orbbec_camera:/home/go2/piper_ros/install/piper_msgs:/home/go2/piper_ros/install/piper_description:/home/go2/ARX_X5/ROS2/X5_ws/install/arx_x5_controller:/home/go2/ARX_X5/ROS2/X5_ws/install/arx5_arm_msg:/home/go2/piper_ros/install/piper:/opt/ros/foxy:/home/go2/ARX_X5/ROS2/X5_ws/install/arm_control CONDA_PROMPT_MODIFIER=(base) LD_LIBRARY_PATH=/home/go2/ARX_X5/ros2_ws/install/orbbec_camera_msgs/lib:/usr/local/lib:/usr/local/cuda/lib64:/usr/local/lib:/usr/local/cuda/lib64:/home/go2/ARX_X5/ros2_ws/install/orbbec_camera/lib:/home/go2/piper_ros/install/piper_msgs/lib:/home/go2/ARX_X5/ROS2/X5_ws/install/arx_x5_controller/lib:/home/go2/ARX_X5/ROS2/X5_ws/install/arx5_arm_msg/lib:/home/go2/ARX_X5/ROS2/X5_ws/install/arm_control/lib:/opt/ros/foxy/opt/yaml_cpp_vendor/lib:/opt/ros/foxy/opt/rviz_ogre_vendor/lib:/opt/ros/foxy/lib/x86_64-linux-gnu:/opt/ros/foxy/lib:/usr/local/lib:/usr/local/cuda/lib64:/usr/local/lib:/usr/local/cuda/lib64 /usr/bin/cmake --install /home/go2/ARX_X5/ros2_ws/build/orbbec_camera
[0.868s] Level 1:colcon.colcon_core.environment:create_environment_scripts_only(orbbec_camera)
[0.869s] Level 1:colcon.colcon_core.environment:checking '/home/go2/ARX_X5/ros2_ws/install/orbbec_camera' for CMake module files
[0.871s] Level 1:colcon.colcon_core.environment:checking '/home/go2/ARX_X5/ros2_ws/install/orbbec_camera' for CMake config files
[0.872s] DEBUG:colcon.colcon_core.event_handler.log_command:Invoked command in '/home/go2/ARX_X5/ros2_ws/build/orbbec_camera' returned '0': CMAKE_PREFIX_PATH=/home/go2/ARX_X5/ros2_ws/install/orbbec_camera_msgs:/home/go2/ARX_X5/ros2_ws/install/orbbec_description:/home/go2/ARX_X5/ros2_ws/install/orbbec_camera:/home/go2/piper_ros/install/piper_msgs:/home/go2/piper_ros/install/piper_description:/home/go2/ARX_X5/ROS2/X5_ws/install/arx_x5_controller:/home/go2/ARX_X5/ROS2/X5_ws/install/arx5_arm_msg:/home/go2/piper_ros/install/piper:/opt/ros/foxy:/home/go2/ARX_X5/ROS2/X5_ws/install/arm_control CONDA_PROMPT_MODIFIER=(base) LD_LIBRARY_PATH=/home/go2/ARX_X5/ros2_ws/install/orbbec_camera_msgs/lib:/usr/local/lib:/usr/local/cuda/lib64:/usr/local/lib:/usr/local/cuda/lib64:/home/go2/ARX_X5/ros2_ws/install/orbbec_camera/lib:/home/go2/piper_ros/install/piper_msgs/lib:/home/go2/ARX_X5/ROS2/X5_ws/install/arx_x5_controller/lib:/home/go2/ARX_X5/ROS2/X5_ws/install/arx5_arm_msg/lib:/home/go2/ARX_X5/ROS2/X5_ws/install/arm_control/lib:/opt/ros/foxy/opt/yaml_cpp_vendor/lib:/opt/ros/foxy/opt/rviz_ogre_vendor/lib:/opt/ros/foxy/lib/x86_64-linux-gnu:/opt/ros/foxy/lib:/usr/local/lib:/usr/local/cuda/lib64:/usr/local/lib:/usr/local/cuda/lib64 /usr/bin/cmake --install /home/go2/ARX_X5/ros2_ws/build/orbbec_camera
[0.872s] Level 1:colcon.colcon_core.shell:create_environment_hook('orbbec_camera', 'cmake_prefix_path')
[0.872s] INFO:colcon.colcon_core.shell:Creating environment hook '/home/go2/ARX_X5/ros2_ws/install/orbbec_camera/share/orbbec_camera/hook/cmake_prefix_path.ps1'
[0.873s] INFO:colcon.colcon_core.shell:Creating environment descriptor '/home/go2/ARX_X5/ros2_ws/install/orbbec_camera/share/orbbec_camera/hook/cmake_prefix_path.dsv'
[0.873s] INFO:colcon.colcon_core.shell:Creating environment hook '/home/go2/ARX_X5/ros2_ws/install/orbbec_camera/share/orbbec_camera/hook/cmake_prefix_path.sh'
[0.874s] Level 1:colcon.colcon_core.environment:checking '/home/go2/ARX_X5/ros2_ws/install/orbbec_camera/lib'
[0.874s] Level 1:colcon.colcon_core.shell:create_environment_hook('orbbec_camera', 'ld_library_path_lib')
[0.874s] INFO:colcon.colcon_core.shell:Creating environment hook '/home/go2/ARX_X5/ros2_ws/install/orbbec_camera/share/orbbec_camera/hook/ld_library_path_lib.ps1'
[0.874s] INFO:colcon.colcon_core.shell:Creating environment descriptor '/home/go2/ARX_X5/ros2_ws/install/orbbec_camera/share/orbbec_camera/hook/ld_library_path_lib.dsv'
[0.874s] INFO:colcon.colcon_core.shell:Creating environment hook '/home/go2/ARX_X5/ros2_ws/install/orbbec_camera/share/orbbec_camera/hook/ld_library_path_lib.sh'
[0.875s] Level 1:colcon.colcon_core.environment:checking '/home/go2/ARX_X5/ros2_ws/install/orbbec_camera/bin'
[0.875s] Level 1:colcon.colcon_core.environment:checking '/home/go2/ARX_X5/ros2_ws/install/orbbec_camera/lib/pkgconfig/orbbec_camera.pc'
[0.875s] Level 1:colcon.colcon_core.environment:checking '/home/go2/ARX_X5/ros2_ws/install/orbbec_camera/lib/python3.8/site-packages'
[0.875s] Level 1:colcon.colcon_core.environment:checking '/home/go2/ARX_X5/ros2_ws/install/orbbec_camera/bin'
[0.875s] INFO:colcon.colcon_core.shell:Creating package script '/home/go2/ARX_X5/ros2_ws/install/orbbec_camera/share/orbbec_camera/package.ps1'
[0.876s] INFO:colcon.colcon_core.shell:Creating package descriptor '/home/go2/ARX_X5/ros2_ws/install/orbbec_camera/share/orbbec_camera/package.dsv'
[0.876s] INFO:colcon.colcon_core.shell:Creating package script '/home/go2/ARX_X5/ros2_ws/install/orbbec_camera/share/orbbec_camera/package.sh'
[0.876s] INFO:colcon.colcon_core.shell:Creating package script '/home/go2/ARX_X5/ros2_ws/install/orbbec_camera/share/orbbec_camera/package.bash'
[0.876s] INFO:colcon.colcon_core.shell:Creating package script '/home/go2/ARX_X5/ros2_ws/install/orbbec_camera/share/orbbec_camera/package.zsh'
[0.877s] Level 1:colcon.colcon_core.environment:create_file_with_runtime_dependencies(/home/go2/ARX_X5/ros2_ws/install/orbbec_camera/share/colcon-core/packages/orbbec_camera)
[0.877s] Level 1:colcon.colcon_core.environment:create_environment_scripts_only(orbbec_camera)
[0.877s] Level 1:colcon.colcon_core.environment:checking '/home/go2/ARX_X5/ros2_ws/install/orbbec_camera' for CMake module files
[0.878s] Level 1:colcon.colcon_core.environment:checking '/home/go2/ARX_X5/ros2_ws/install/orbbec_camera' for CMake config files
[0.878s] Level 1:colcon.colcon_core.shell:create_environment_hook('orbbec_camera', 'cmake_prefix_path')
[0.878s] INFO:colcon.colcon_core.shell:Creating environment hook '/home/go2/ARX_X5/ros2_ws/install/orbbec_camera/share/orbbec_camera/hook/cmake_prefix_path.ps1'
[0.878s] INFO:colcon.colcon_core.shell:Creating environment descriptor '/home/go2/ARX_X5/ros2_ws/install/orbbec_camera/share/orbbec_camera/hook/cmake_prefix_path.dsv'
[0.879s] INFO:colcon.colcon_core.shell:Creating environment hook '/home/go2/ARX_X5/ros2_ws/install/orbbec_camera/share/orbbec_camera/hook/cmake_prefix_path.sh'
[0.879s] Level 1:colcon.colcon_core.environment:checking '/home/go2/ARX_X5/ros2_ws/install/orbbec_camera/lib'
[0.879s] Level 1:colcon.colcon_core.shell:create_environment_hook('orbbec_camera', 'ld_library_path_lib')
[0.879s] INFO:colcon.colcon_core.shell:Creating environment hook '/home/go2/ARX_X5/ros2_ws/install/orbbec_camera/share/orbbec_camera/hook/ld_library_path_lib.ps1'
[0.879s] INFO:colcon.colcon_core.shell:Creating environment descriptor '/home/go2/ARX_X5/ros2_ws/install/orbbec_camera/share/orbbec_camera/hook/ld_library_path_lib.dsv'
[0.880s] INFO:colcon.colcon_core.shell:Creating environment hook '/home/go2/ARX_X5/ros2_ws/install/orbbec_camera/share/orbbec_camera/hook/ld_library_path_lib.sh'
[0.880s] Level 1:colcon.colcon_core.environment:checking '/home/go2/ARX_X5/ros2_ws/install/orbbec_camera/bin'
[0.880s] Level 1:colcon.colcon_core.environment:checking '/home/go2/ARX_X5/ros2_ws/install/orbbec_camera/lib/pkgconfig/orbbec_camera.pc'
[0.880s] Level 1:colcon.colcon_core.environment:checking '/home/go2/ARX_X5/ros2_ws/install/orbbec_camera/lib/python3.8/site-packages'
[0.880s] Level 1:colcon.colcon_core.environment:checking '/home/go2/ARX_X5/ros2_ws/install/orbbec_camera/bin'
[0.880s] INFO:colcon.colcon_core.shell:Creating package script '/home/go2/ARX_X5/ros2_ws/install/orbbec_camera/share/orbbec_camera/package.ps1'
[0.881s] INFO:colcon.colcon_core.shell:Creating package descriptor '/home/go2/ARX_X5/ros2_ws/install/orbbec_camera/share/orbbec_camera/package.dsv'
[0.881s] INFO:colcon.colcon_core.shell:Creating package script '/home/go2/ARX_X5/ros2_ws/install/orbbec_camera/share/orbbec_camera/package.sh'
[0.881s] INFO:colcon.colcon_core.shell:Creating package script '/home/go2/ARX_X5/ros2_ws/install/orbbec_camera/share/orbbec_camera/package.bash'
[0.882s] INFO:colcon.colcon_core.shell:Creating package script '/home/go2/ARX_X5/ros2_ws/install/orbbec_camera/share/orbbec_camera/package.zsh'
[0.882s] Level 1:colcon.colcon_core.environment:create_file_with_runtime_dependencies(/home/go2/ARX_X5/ros2_ws/install/orbbec_camera/share/colcon-core/packages/orbbec_camera)
[0.882s] DEBUG:colcon.colcon_parallel_executor.executor.parallel:closing loop
[0.882s] DEBUG:colcon.colcon_parallel_executor.executor.parallel:loop closed
[0.883s] DEBUG:colcon.colcon_parallel_executor.executor.parallel:run_until_complete finished with '0'
[0.883s] DEBUG:colcon.colcon_core.event_reactor:joining thread
[0.887s] INFO:colcon.colcon_core.plugin_system:Skipping extension 'colcon_notification.desktop_notification.terminal_notifier': Not used on non-Darwin systems
[0.887s] INFO:colcon.colcon_core.plugin_system:Skipping extension 'colcon_notification.desktop_notification.win32': Not used on non-Windows systems
[0.887s] INFO:colcon.colcon_notification.desktop_notification:Sending desktop notification using 'notify2'
[0.898s] DEBUG:colcon.colcon_core.event_reactor:joined thread
[0.899s] INFO:colcon.colcon_core.shell:Creating prefix script '/home/go2/ARX_X5/ros2_ws/install/local_setup.ps1'
[0.901s] INFO:colcon.colcon_core.shell:Creating prefix util module '/home/go2/ARX_X5/ros2_ws/install/_local_setup_util_ps1.py'
[0.903s] INFO:colcon.colcon_core.shell:Creating prefix chain script '/home/go2/ARX_X5/ros2_ws/install/setup.ps1'
[0.904s] INFO:colcon.colcon_core.shell:Creating prefix script '/home/go2/ARX_X5/ros2_ws/install/local_setup.sh'
[0.904s] INFO:colcon.colcon_core.shell:Creating prefix util module '/home/go2/ARX_X5/ros2_ws/install/_local_setup_util_sh.py'
[0.905s] INFO:colcon.colcon_core.shell:Creating prefix chain script '/home/go2/ARX_X5/ros2_ws/install/setup.sh'
[0.906s] INFO:colcon.colcon_core.shell:Creating prefix script '/home/go2/ARX_X5/ros2_ws/install/local_setup.bash'
[0.906s] INFO:colcon.colcon_core.shell:Creating prefix chain script '/home/go2/ARX_X5/ros2_ws/install/setup.bash'
[0.907s] INFO:colcon.colcon_core.shell:Creating prefix script '/home/go2/ARX_X5/ros2_ws/install/local_setup.zsh'
[0.907s] INFO:colcon.colcon_core.shell:Creating prefix chain script '/home/go2/ARX_X5/ros2_ws/install/setup.zsh'
