-- The C compiler identification is GNU 9.4.0
-- The CXX compiler identification is GNU 9.4.0
-- Check for working C compiler: /usr/bin/cc
-- Check for working C compiler: /usr/bin/cc -- works
-- Detecting C compiler ABI info
-- Detecting C compiler ABI info - done
-- Detecting C compile features
-- Detecting C compile features - done
-- Check for working CXX compiler: /usr/bin/c++
-- Check for working CXX compiler: /usr/bin/c++ -- works
-- Detecting CXX compiler ABI info
-- Detecting CXX compiler ABI info - done
-- Detecting CXX compile features
-- Detecting CXX compile features - done
-- Found ament_cmake: 0.9.12 (/opt/ros/foxy/share/ament_cmake/cmake)
-- Found PythonInterp: /home/go2/miniconda3/envs/ARX/bin/python3 (found suitable version "3.8", minimum required is "3") 
-- Using PYTHON_EXECUTABLE: /home/go2/miniconda3/envs/ARX/bin/python3
-- Found rosidl_default_generators: 1.0.1 (/opt/ros/foxy/share/rosidl_default_generators/cmake)
-- Using all available rosidl_typesupport_c: rosidl_typesupport_fastrtps_c;rosidl_typesupport_introspection_c
-- Found rosidl_adapter: 1.3.1 (/opt/ros/foxy/share/rosidl_adapter/cmake)
-- Found OpenSSL: /usr/lib/x86_64-linux-gnu/libcrypto.so (found version "1.1.1f")  
-- Found FastRTPS: /opt/ros/foxy/include  
-- Using all available rosidl_typesupport_cpp: rosidl_typesupport_fastrtps_cpp;rosidl_typesupport_introspection_cpp
-- Found PythonInterp: /home/go2/miniconda3/envs/ARX/bin/python3 (found version "3.8") 
-- Found ament_cmake_ros: 0.9.2 (/opt/ros/foxy/share/ament_cmake_ros/cmake)
-- Using all available rosidl_typesupport_c: rosidl_typesupport_fastrtps_c;rosidl_typesupport_introspection_c
-- Using all available rosidl_typesupport_cpp: rosidl_typesupport_fastrtps_cpp;rosidl_typesupport_introspection_cpp
-- Found PythonInterp: /home/go2/miniconda3/envs/ARX/bin/python3 (found suitable version "3.8", minimum required is "3.5") 
-- Found python_cmake_module: 0.8.1 (/opt/ros/foxy/share/python_cmake_module/cmake)
-- Found PythonLibs: /home/go2/miniconda3/envs/ARX/lib/libpython3.8.so (found suitable version "3.8.0", minimum required is "3.5") 
-- Using PYTHON_EXECUTABLE: /home/go2/miniconda3/envs/ARX/bin/python3
-- Using PYTHON_INCLUDE_DIRS: /home/go2/miniconda3/envs/ARX/include/python3.8
-- Using PYTHON_LIBRARIES: /home/go2/miniconda3/envs/ARX/lib/libpython3.8.so
-- Found PythonExtra: .so  
-- Using numpy include directory: /home/go2/miniconda3/envs/ARX/lib/python3.8/site-packages/numpy/core/include
-- Configuring done
CMake Warning at /opt/ros/foxy/share/rosidl_generator_py/cmake/rosidl_generator_py_generate_interfaces.cmake:235 (add_library):
  Cannot generate a safe runtime search path for target
  arm_control__rosidl_typesupport_fastrtps_c__pyext because files in some
  directories may conflict with libraries in implicit directories:

    runtime library [libssl.so.1.1] in /usr/lib/x86_64-linux-gnu may be hidden by files in:
      /home/go2/miniconda3/envs/ARX/lib
    runtime library [libcrypto.so.1.1] in /usr/lib/x86_64-linux-gnu may be hidden by files in:
      /home/go2/miniconda3/envs/ARX/lib

  Some of these libraries may not be found correctly.
Call Stack (most recent call first):
  /opt/ros/foxy/share/ament_cmake_core/cmake/core/ament_execute_extensions.cmake:48 (include)
  /opt/ros/foxy/share/rosidl_cmake/cmake/rosidl_generate_interfaces.cmake:286 (ament_execute_extensions)
  CMakeLists.txt:12 (rosidl_generate_interfaces)


-- Generating done
-- Build files have been written to: /home/go2/ARX_X5/ARX_VR_SDK/ROS2/build/arm_control
[35m[1mScanning dependencies of target arm_control__cpp[0m
[  3%] [34m[1mGenerating C code for ROS interfaces[0m
[  6%] [34m[1mGenerating C++ code for ROS interfaces[0m
[  6%] Built target arm_control__cpp
[35m[1mScanning dependencies of target arm_control__rosidl_generator_c[0m
[  9%] [34m[1mGenerating C++ type support dispatch for ROS interfaces[0m
[ 12%] [34m[1mGenerating C++ introspection for ROS interfaces[0m
[ 16%] [34m[1mGenerating C++ type support for eProsima Fast-RTPS[0m
[ 19%] [32mBuilding C object CMakeFiles/arm_control__rosidl_generator_c.dir/rosidl_generator_c/arm_control/msg/detail/pos_cmd__functions.c.o[0m
[ 22%] [32m[1mLinking C shared library libarm_control__rosidl_generator_c.so[0m
[ 22%] Built target arm_control__rosidl_generator_c
[ 25%] [34m[1mGenerating C type support dispatch for ROS interfaces[0m
[ 29%] [34m[1mGenerating C introspection for ROS interfaces[0m
[35m[1mScanning dependencies of target arm_control__rosidl_typesupport_cpp[0m
[ 32%] [32mBuilding CXX object CMakeFiles/arm_control__rosidl_typesupport_cpp.dir/rosidl_typesupport_cpp/arm_control/msg/pos_cmd__type_support.cpp.o[0m
[35m[1mScanning dependencies of target arm_control__rosidl_typesupport_introspection_cpp[0m
[35m[1mScanning dependencies of target arm_control__rosidl_typesupport_fastrtps_cpp[0m
[ 35%] [32mBuilding CXX object CMakeFiles/arm_control__rosidl_typesupport_introspection_cpp.dir/rosidl_typesupport_introspection_cpp/arm_control/msg/detail/pos_cmd__type_support.cpp.o[0m
[ 38%] [32mBuilding CXX object CMakeFiles/arm_control__rosidl_typesupport_fastrtps_cpp.dir/rosidl_typesupport_fastrtps_cpp/arm_control/msg/detail/dds_fastrtps/pos_cmd__type_support.cpp.o[0m
[35m[1mScanning dependencies of target arm_control__rosidl_typesupport_c[0m
[ 41%] [32mBuilding CXX object CMakeFiles/arm_control__rosidl_typesupport_c.dir/rosidl_typesupport_c/arm_control/msg/pos_cmd__type_support.cpp.o[0m
[35m[1mScanning dependencies of target arm_control__rosidl_typesupport_introspection_c[0m
[ 45%] [32mBuilding C object CMakeFiles/arm_control__rosidl_typesupport_introspection_c.dir/rosidl_typesupport_introspection_c/arm_control/msg/detail/pos_cmd__type_support.c.o[0m
[ 48%] [32m[1mLinking CXX shared library libarm_control__rosidl_typesupport_c.so[0m
[ 51%] [32m[1mLinking C shared library libarm_control__rosidl_typesupport_introspection_c.so[0m
[ 51%] Built target arm_control__rosidl_typesupport_c
[ 54%] [32m[1mLinking CXX shared library libarm_control__rosidl_typesupport_cpp.so[0m
[ 54%] Built target arm_control__rosidl_typesupport_introspection_c
[ 58%] [32m[1mLinking CXX shared library libarm_control__rosidl_typesupport_introspection_cpp.so[0m
[ 58%] Built target arm_control__rosidl_typesupport_cpp
[ 58%] Built target arm_control__rosidl_typesupport_introspection_cpp
[ 61%] [32m[1mLinking CXX shared library libarm_control__rosidl_typesupport_fastrtps_cpp.so[0m
[ 61%] Built target arm_control__rosidl_typesupport_fastrtps_cpp
[ 64%] [34m[1mGenerating C type support for eProsima Fast-RTPS[0m
[35m[1mScanning dependencies of target arm_control__rosidl_typesupport_fastrtps_c[0m
[ 67%] [32mBuilding CXX object CMakeFiles/arm_control__rosidl_typesupport_fastrtps_c.dir/rosidl_typesupport_fastrtps_c/arm_control/msg/detail/pos_cmd__type_support_c.cpp.o[0m
[ 70%] [32m[1mLinking CXX shared library libarm_control__rosidl_typesupport_fastrtps_c.so[0m
[ 70%] Built target arm_control__rosidl_typesupport_fastrtps_c
[35m[1mScanning dependencies of target arm_control[0m
[ 70%] Built target arm_control
[35m[1mScanning dependencies of target arm_control__py[0m
[ 74%] [34m[1mGenerating Python code for ROS interfaces[0m
[ 74%] Built target arm_control__py
[35m[1mScanning dependencies of target arm_control__python[0m
[ 77%] [32mBuilding C object CMakeFiles/arm_control__python.dir/rosidl_generator_py/arm_control/msg/_pos_cmd_s.c.o[0m
[ 80%] [32m[1mLinking C shared library rosidl_generator_py/arm_control/libarm_control__python.so[0m
[ 80%] Built target arm_control__python
[35m[1mScanning dependencies of target arm_control__rosidl_typesupport_introspection_c__pyext[0m
[35m[1mScanning dependencies of target arm_control__rosidl_typesupport_fastrtps_c__pyext[0m
[35m[1mScanning dependencies of target arm_control__rosidl_typesupport_c__pyext[0m
[ 83%] [32mBuilding C object CMakeFiles/arm_control__rosidl_typesupport_fastrtps_c__pyext.dir/rosidl_generator_py/arm_control/_arm_control_s.ep.rosidl_typesupport_fastrtps_c.c.o[0m
[ 87%] [32mBuilding C object CMakeFiles/arm_control__rosidl_typesupport_c__pyext.dir/rosidl_generator_py/arm_control/_arm_control_s.ep.rosidl_typesupport_c.c.o[0m
[ 90%] [32mBuilding C object CMakeFiles/arm_control__rosidl_typesupport_introspection_c__pyext.dir/rosidl_generator_py/arm_control/_arm_control_s.ep.rosidl_typesupport_introspection_c.c.o[0m
[ 93%] [32m[1mLinking C shared library rosidl_generator_py/arm_control/arm_control_s__rosidl_typesupport_c.cpython-38-x86_64-linux-gnu.so[0m
[ 96%] [32m[1mLinking CXX shared library rosidl_generator_py/arm_control/arm_control_s__rosidl_typesupport_fastrtps_c.cpython-38-x86_64-linux-gnu.so[0m
[100%] [32m[1mLinking C shared library rosidl_generator_py/arm_control/arm_control_s__rosidl_typesupport_introspection_c.cpython-38-x86_64-linux-gnu.so[0m
[100%] Built target arm_control__rosidl_typesupport_c__pyext
[100%] Built target arm_control__rosidl_typesupport_introspection_c__pyext
[100%] Built target arm_control__rosidl_typesupport_fastrtps_c__pyext
-- Install configuration: ""
-- Installing: /home/go2/ARX_X5/ARX_VR_SDK/ROS2/install/arm_control/share/ament_index/resource_index/rosidl_interfaces/arm_control
-- Installing: /home/go2/ARX_X5/ARX_VR_SDK/ROS2/install/arm_control/include/arm_control
-- Installing: /home/go2/ARX_X5/ARX_VR_SDK/ROS2/install/arm_control/include/arm_control/msg
-- Installing: /home/go2/ARX_X5/ARX_VR_SDK/ROS2/install/arm_control/include/arm_control/msg/pos_cmd.h
-- Installing: /home/go2/ARX_X5/ARX_VR_SDK/ROS2/install/arm_control/include/arm_control/msg/rosidl_generator_c__visibility_control.h
-- Installing: /home/go2/ARX_X5/ARX_VR_SDK/ROS2/install/arm_control/include/arm_control/msg/detail
-- Installing: /home/go2/ARX_X5/ARX_VR_SDK/ROS2/install/arm_control/include/arm_control/msg/detail/pos_cmd__functions.c
-- Installing: /home/go2/ARX_X5/ARX_VR_SDK/ROS2/install/arm_control/include/arm_control/msg/detail/pos_cmd__struct.h
-- Installing: /home/go2/ARX_X5/ARX_VR_SDK/ROS2/install/arm_control/include/arm_control/msg/detail/pos_cmd__functions.h
-- Installing: /home/go2/ARX_X5/ARX_VR_SDK/ROS2/install/arm_control/include/arm_control/msg/detail/pos_cmd__type_support.h
-- Installing: /home/go2/ARX_X5/ARX_VR_SDK/ROS2/install/arm_control/share/arm_control/environment/library_path.sh
-- Installing: /home/go2/ARX_X5/ARX_VR_SDK/ROS2/install/arm_control/share/arm_control/environment/library_path.dsv
-- Installing: /home/go2/ARX_X5/ARX_VR_SDK/ROS2/install/arm_control/lib/libarm_control__rosidl_generator_c.so
-- Set runtime path of "/home/go2/ARX_X5/ARX_VR_SDK/ROS2/install/arm_control/lib/libarm_control__rosidl_generator_c.so" to ""
-- Up-to-date: /home/go2/ARX_X5/ARX_VR_SDK/ROS2/install/arm_control/include/arm_control
-- Up-to-date: /home/go2/ARX_X5/ARX_VR_SDK/ROS2/install/arm_control/include/arm_control/msg
-- Installing: /home/go2/ARX_X5/ARX_VR_SDK/ROS2/install/arm_control/include/arm_control/msg/rosidl_typesupport_fastrtps_c__visibility_control.h
-- Up-to-date: /home/go2/ARX_X5/ARX_VR_SDK/ROS2/install/arm_control/include/arm_control/msg/detail
-- Installing: /home/go2/ARX_X5/ARX_VR_SDK/ROS2/install/arm_control/include/arm_control/msg/detail/pos_cmd__rosidl_typesupport_fastrtps_c.h
-- Installing: /home/go2/ARX_X5/ARX_VR_SDK/ROS2/install/arm_control/lib/libarm_control__rosidl_typesupport_fastrtps_c.so
-- Set runtime path of "/home/go2/ARX_X5/ARX_VR_SDK/ROS2/install/arm_control/lib/libarm_control__rosidl_typesupport_fastrtps_c.so" to ""
-- Up-to-date: /home/go2/ARX_X5/ARX_VR_SDK/ROS2/install/arm_control/include/arm_control
-- Up-to-date: /home/go2/ARX_X5/ARX_VR_SDK/ROS2/install/arm_control/include/arm_control/msg
-- Installing: /home/go2/ARX_X5/ARX_VR_SDK/ROS2/install/arm_control/include/arm_control/msg/rosidl_typesupport_fastrtps_cpp__visibility_control.h
-- Up-to-date: /home/go2/ARX_X5/ARX_VR_SDK/ROS2/install/arm_control/include/arm_control/msg/detail
-- Installing: /home/go2/ARX_X5/ARX_VR_SDK/ROS2/install/arm_control/include/arm_control/msg/detail/pos_cmd__rosidl_typesupport_fastrtps_cpp.hpp
-- Installing: /home/go2/ARX_X5/ARX_VR_SDK/ROS2/install/arm_control/include/arm_control/msg/detail/dds_fastrtps
-- Installing: /home/go2/ARX_X5/ARX_VR_SDK/ROS2/install/arm_control/lib/libarm_control__rosidl_typesupport_fastrtps_cpp.so
-- Set runtime path of "/home/go2/ARX_X5/ARX_VR_SDK/ROS2/install/arm_control/lib/libarm_control__rosidl_typesupport_fastrtps_cpp.so" to ""
-- Up-to-date: /home/go2/ARX_X5/ARX_VR_SDK/ROS2/install/arm_control/include/arm_control
-- Up-to-date: /home/go2/ARX_X5/ARX_VR_SDK/ROS2/install/arm_control/include/arm_control/msg
-- Installing: /home/go2/ARX_X5/ARX_VR_SDK/ROS2/install/arm_control/include/arm_control/msg/rosidl_typesupport_introspection_c__visibility_control.h
-- Up-to-date: /home/go2/ARX_X5/ARX_VR_SDK/ROS2/install/arm_control/include/arm_control/msg/detail
-- Installing: /home/go2/ARX_X5/ARX_VR_SDK/ROS2/install/arm_control/include/arm_control/msg/detail/pos_cmd__rosidl_typesupport_introspection_c.h
-- Installing: /home/go2/ARX_X5/ARX_VR_SDK/ROS2/install/arm_control/include/arm_control/msg/detail/pos_cmd__type_support.c
-- Installing: /home/go2/ARX_X5/ARX_VR_SDK/ROS2/install/arm_control/lib/libarm_control__rosidl_typesupport_introspection_c.so
-- Set runtime path of "/home/go2/ARX_X5/ARX_VR_SDK/ROS2/install/arm_control/lib/libarm_control__rosidl_typesupport_introspection_c.so" to ""
-- Installing: /home/go2/ARX_X5/ARX_VR_SDK/ROS2/install/arm_control/lib/libarm_control__rosidl_typesupport_c.so
-- Set runtime path of "/home/go2/ARX_X5/ARX_VR_SDK/ROS2/install/arm_control/lib/libarm_control__rosidl_typesupport_c.so" to ""
-- Up-to-date: /home/go2/ARX_X5/ARX_VR_SDK/ROS2/install/arm_control/include/arm_control
-- Up-to-date: /home/go2/ARX_X5/ARX_VR_SDK/ROS2/install/arm_control/include/arm_control/msg
-- Installing: /home/go2/ARX_X5/ARX_VR_SDK/ROS2/install/arm_control/include/arm_control/msg/rosidl_generator_cpp__visibility_control.hpp
-- Installing: /home/go2/ARX_X5/ARX_VR_SDK/ROS2/install/arm_control/include/arm_control/msg/pos_cmd.hpp
-- Up-to-date: /home/go2/ARX_X5/ARX_VR_SDK/ROS2/install/arm_control/include/arm_control/msg/detail
-- Installing: /home/go2/ARX_X5/ARX_VR_SDK/ROS2/install/arm_control/include/arm_control/msg/detail/pos_cmd__builder.hpp
-- Installing: /home/go2/ARX_X5/ARX_VR_SDK/ROS2/install/arm_control/include/arm_control/msg/detail/pos_cmd__type_support.hpp
-- Installing: /home/go2/ARX_X5/ARX_VR_SDK/ROS2/install/arm_control/include/arm_control/msg/detail/pos_cmd__struct.hpp
-- Installing: /home/go2/ARX_X5/ARX_VR_SDK/ROS2/install/arm_control/include/arm_control/msg/detail/pos_cmd__traits.hpp
-- Up-to-date: /home/go2/ARX_X5/ARX_VR_SDK/ROS2/install/arm_control/include/arm_control
-- Up-to-date: /home/go2/ARX_X5/ARX_VR_SDK/ROS2/install/arm_control/include/arm_control/msg
-- Up-to-date: /home/go2/ARX_X5/ARX_VR_SDK/ROS2/install/arm_control/include/arm_control/msg/detail
-- Installing: /home/go2/ARX_X5/ARX_VR_SDK/ROS2/install/arm_control/include/arm_control/msg/detail/pos_cmd__rosidl_typesupport_introspection_cpp.hpp
-- Installing: /home/go2/ARX_X5/ARX_VR_SDK/ROS2/install/arm_control/include/arm_control/msg/detail/pos_cmd__type_support.cpp
-- Installing: /home/go2/ARX_X5/ARX_VR_SDK/ROS2/install/arm_control/lib/libarm_control__rosidl_typesupport_introspection_cpp.so
-- Set runtime path of "/home/go2/ARX_X5/ARX_VR_SDK/ROS2/install/arm_control/lib/libarm_control__rosidl_typesupport_introspection_cpp.so" to ""
-- Installing: /home/go2/ARX_X5/ARX_VR_SDK/ROS2/install/arm_control/lib/libarm_control__rosidl_typesupport_cpp.so
-- Set runtime path of "/home/go2/ARX_X5/ARX_VR_SDK/ROS2/install/arm_control/lib/libarm_control__rosidl_typesupport_cpp.so" to ""
-- Installing: /home/go2/ARX_X5/ARX_VR_SDK/ROS2/install/arm_control/share/arm_control/environment/pythonpath.sh
-- Installing: /home/go2/ARX_X5/ARX_VR_SDK/ROS2/install/arm_control/share/arm_control/environment/pythonpath.dsv
-- Installing: /home/go2/ARX_X5/ARX_VR_SDK/ROS2/install/arm_control/lib/python3.8/site-packages/arm_control/__init__.py
Compiling '/home/go2/ARX_X5/ARX_VR_SDK/ROS2/install/arm_control/lib/python3.8/site-packages/arm_control/__init__.py'...
-- Installing: /home/go2/ARX_X5/ARX_VR_SDK/ROS2/install/arm_control/lib/python3.8/site-packages/arm_control/msg
-- Installing: /home/go2/ARX_X5/ARX_VR_SDK/ROS2/install/arm_control/lib/python3.8/site-packages/arm_control/msg/_pos_cmd_s.c
-- Installing: /home/go2/ARX_X5/ARX_VR_SDK/ROS2/install/arm_control/lib/python3.8/site-packages/arm_control/msg/_pos_cmd.py
-- Installing: /home/go2/ARX_X5/ARX_VR_SDK/ROS2/install/arm_control/lib/python3.8/site-packages/arm_control/msg/__init__.py
-- Installing: /home/go2/ARX_X5/ARX_VR_SDK/ROS2/install/arm_control/lib/python3.8/site-packages/arm_control/arm_control_s__rosidl_typesupport_fastrtps_c.cpython-38-x86_64-linux-gnu.so
-- Set runtime path of "/home/go2/ARX_X5/ARX_VR_SDK/ROS2/install/arm_control/lib/python3.8/site-packages/arm_control/arm_control_s__rosidl_typesupport_fastrtps_c.cpython-38-x86_64-linux-gnu.so" to ""
-- Installing: /home/go2/ARX_X5/ARX_VR_SDK/ROS2/install/arm_control/lib/python3.8/site-packages/arm_control/arm_control_s__rosidl_typesupport_introspection_c.cpython-38-x86_64-linux-gnu.so
-- Set runtime path of "/home/go2/ARX_X5/ARX_VR_SDK/ROS2/install/arm_control/lib/python3.8/site-packages/arm_control/arm_control_s__rosidl_typesupport_introspection_c.cpython-38-x86_64-linux-gnu.so" to ""
-- Installing: /home/go2/ARX_X5/ARX_VR_SDK/ROS2/install/arm_control/lib/python3.8/site-packages/arm_control/arm_control_s__rosidl_typesupport_c.cpython-38-x86_64-linux-gnu.so
-- Set runtime path of "/home/go2/ARX_X5/ARX_VR_SDK/ROS2/install/arm_control/lib/python3.8/site-packages/arm_control/arm_control_s__rosidl_typesupport_c.cpython-38-x86_64-linux-gnu.so" to ""
-- Installing: /home/go2/ARX_X5/ARX_VR_SDK/ROS2/install/arm_control/lib/libarm_control__python.so
-- Set runtime path of "/home/go2/ARX_X5/ARX_VR_SDK/ROS2/install/arm_control/lib/libarm_control__python.so" to ""
-- Installing: /home/go2/ARX_X5/ARX_VR_SDK/ROS2/install/arm_control/share/arm_control/msg/PosCmd.idl
-- Installing: /home/go2/ARX_X5/ARX_VR_SDK/ROS2/install/arm_control/share/arm_control/msg/PosCmd.msg
-- Installing: /home/go2/ARX_X5/ARX_VR_SDK/ROS2/install/arm_control/share/ament_index/resource_index/package_run_dependencies/arm_control
-- Installing: /home/go2/ARX_X5/ARX_VR_SDK/ROS2/install/arm_control/share/ament_index/resource_index/parent_prefix_path/arm_control
-- Installing: /home/go2/ARX_X5/ARX_VR_SDK/ROS2/install/arm_control/share/arm_control/environment/ament_prefix_path.sh
-- Installing: /home/go2/ARX_X5/ARX_VR_SDK/ROS2/install/arm_control/share/arm_control/environment/ament_prefix_path.dsv
-- Installing: /home/go2/ARX_X5/ARX_VR_SDK/ROS2/install/arm_control/share/arm_control/environment/path.sh
-- Installing: /home/go2/ARX_X5/ARX_VR_SDK/ROS2/install/arm_control/share/arm_control/environment/path.dsv
-- Installing: /home/go2/ARX_X5/ARX_VR_SDK/ROS2/install/arm_control/share/arm_control/local_setup.bash
-- Installing: /home/go2/ARX_X5/ARX_VR_SDK/ROS2/install/arm_control/share/arm_control/local_setup.sh
-- Installing: /home/go2/ARX_X5/ARX_VR_SDK/ROS2/install/arm_control/share/arm_control/local_setup.zsh
-- Installing: /home/go2/ARX_X5/ARX_VR_SDK/ROS2/install/arm_control/share/arm_control/local_setup.dsv
-- Installing: /home/go2/ARX_X5/ARX_VR_SDK/ROS2/install/arm_control/share/arm_control/package.dsv
-- Installing: /home/go2/ARX_X5/ARX_VR_SDK/ROS2/install/arm_control/share/ament_index/resource_index/packages/arm_control
-- Installing: /home/go2/ARX_X5/ARX_VR_SDK/ROS2/install/arm_control/share/arm_control/cmake/arm_control__rosidl_generator_cExport.cmake
-- Installing: /home/go2/ARX_X5/ARX_VR_SDK/ROS2/install/arm_control/share/arm_control/cmake/arm_control__rosidl_generator_cExport-noconfig.cmake
-- Installing: /home/go2/ARX_X5/ARX_VR_SDK/ROS2/install/arm_control/share/arm_control/cmake/arm_control__rosidl_typesupport_introspection_cExport.cmake
-- Installing: /home/go2/ARX_X5/ARX_VR_SDK/ROS2/install/arm_control/share/arm_control/cmake/arm_control__rosidl_typesupport_introspection_cExport-noconfig.cmake
-- Installing: /home/go2/ARX_X5/ARX_VR_SDK/ROS2/install/arm_control/share/arm_control/cmake/arm_control__rosidl_typesupport_cExport.cmake
-- Installing: /home/go2/ARX_X5/ARX_VR_SDK/ROS2/install/arm_control/share/arm_control/cmake/arm_control__rosidl_typesupport_cExport-noconfig.cmake
-- Installing: /home/go2/ARX_X5/ARX_VR_SDK/ROS2/install/arm_control/share/arm_control/cmake/arm_control__rosidl_generator_cppExport.cmake
-- Installing: /home/go2/ARX_X5/ARX_VR_SDK/ROS2/install/arm_control/share/arm_control/cmake/arm_control__rosidl_typesupport_introspection_cppExport.cmake
-- Installing: /home/go2/ARX_X5/ARX_VR_SDK/ROS2/install/arm_control/share/arm_control/cmake/arm_control__rosidl_typesupport_introspection_cppExport-noconfig.cmake
-- Installing: /home/go2/ARX_X5/ARX_VR_SDK/ROS2/install/arm_control/share/arm_control/cmake/arm_control__rosidl_typesupport_cppExport.cmake
-- Installing: /home/go2/ARX_X5/ARX_VR_SDK/ROS2/install/arm_control/share/arm_control/cmake/arm_control__rosidl_typesupport_cppExport-noconfig.cmake
-- Installing: /home/go2/ARX_X5/ARX_VR_SDK/ROS2/install/arm_control/share/arm_control/cmake/rosidl_cmake-extras.cmake
-- Installing: /home/go2/ARX_X5/ARX_VR_SDK/ROS2/install/arm_control/share/arm_control/cmake/ament_cmake_export_dependencies-extras.cmake
-- Installing: /home/go2/ARX_X5/ARX_VR_SDK/ROS2/install/arm_control/share/arm_control/cmake/ament_cmake_export_libraries-extras.cmake
-- Installing: /home/go2/ARX_X5/ARX_VR_SDK/ROS2/install/arm_control/share/arm_control/cmake/ament_cmake_export_targets-extras.cmake
-- Installing: /home/go2/ARX_X5/ARX_VR_SDK/ROS2/install/arm_control/share/arm_control/cmake/ament_cmake_export_include_directories-extras.cmake
-- Installing: /home/go2/ARX_X5/ARX_VR_SDK/ROS2/install/arm_control/share/arm_control/cmake/rosidl_cmake_export_typesupport_libraries-extras.cmake
-- Installing: /home/go2/ARX_X5/ARX_VR_SDK/ROS2/install/arm_control/share/arm_control/cmake/rosidl_cmake_export_typesupport_targets-extras.cmake
-- Installing: /home/go2/ARX_X5/ARX_VR_SDK/ROS2/install/arm_control/share/arm_control/cmake/arm_controlConfig.cmake
-- Installing: /home/go2/ARX_X5/ARX_VR_SDK/ROS2/install/arm_control/share/arm_control/cmake/arm_controlConfig-version.cmake
-- Installing: /home/go2/ARX_X5/ARX_VR_SDK/ROS2/install/arm_control/share/arm_control/package.xml
