[0.017s] Invoking command in '/home/go2/ARX_X5/ARX_VR_SDK/ROS2/build/arm_control': CMAKE_PREFIX_PATH=/opt/ros/foxy CONDA_PROMPT_MODIFIER=(ARX) /usr/bin/cmake /home/go2/ARX_X5/ARX_VR_SDK/ROS2/src/arm_control -DCMAKE_INSTALL_PREFIX=/home/go2/ARX_X5/ARX_VR_SDK/ROS2/install/arm_control
[0.086s] -- The C compiler identification is GNU 9.4.0
[0.140s] -- The CXX compiler identification is GNU 9.4.0
[0.144s] -- Check for working C compiler: /usr/bin/cc
[0.223s] -- Check for working C compiler: /usr/bin/cc -- works
[0.224s] -- Detecting C compiler ABI info
[0.306s] -- Detecting C compiler ABI info - done
[0.315s] -- Detecting C compile features
[0.315s] -- Detecting C compile features - done
[0.317s] -- Check for working CXX compiler: /usr/bin/c++
[0.408s] -- Check for working CXX compiler: /usr/bin/c++ -- works
[0.410s] -- Detecting CXX compiler ABI info
[0.503s] -- Detecting CXX compiler ABI info - done
[0.511s] -- Detecting CXX compile features
[0.512s] -- Detecting CXX compile features - done
[0.513s] -- Found ament_cmake: 0.9.12 (/opt/ros/foxy/share/ament_cmake/cmake)
[0.536s] -- Found PythonInterp: /home/go2/miniconda3/envs/ARX/bin/python3 (found suitable version "3.8", minimum required is "3") 
[0.536s] -- Using PYTHON_EXECUTABLE: /home/go2/miniconda3/envs/ARX/bin/python3
[0.649s] -- Found rosidl_default_generators: 1.0.1 (/opt/ros/foxy/share/rosidl_default_generators/cmake)
[0.651s] -- Using all available rosidl_typesupport_c: rosidl_typesupport_fastrtps_c;rosidl_typesupport_introspection_c
[0.655s] -- Found rosidl_adapter: 1.3.1 (/opt/ros/foxy/share/rosidl_adapter/cmake)
[0.761s] -- Found OpenSSL: /usr/lib/x86_64-linux-gnu/libcrypto.so (found version "1.1.1f")  
[0.786s] -- Found FastRTPS: /opt/ros/foxy/include  
[0.848s] -- Using all available rosidl_typesupport_cpp: rosidl_typesupport_fastrtps_cpp;rosidl_typesupport_introspection_cpp
[0.894s] -- Found PythonInterp: /home/go2/miniconda3/envs/ARX/bin/python3 (found version "3.8") 
[1.012s] -- Found ament_cmake_ros: 0.9.2 (/opt/ros/foxy/share/ament_cmake_ros/cmake)
[1.097s] -- Using all available rosidl_typesupport_c: rosidl_typesupport_fastrtps_c;rosidl_typesupport_introspection_c
[1.101s] -- Using all available rosidl_typesupport_cpp: rosidl_typesupport_fastrtps_cpp;rosidl_typesupport_introspection_cpp
[1.121s] -- Found PythonInterp: /home/go2/miniconda3/envs/ARX/bin/python3 (found suitable version "3.8", minimum required is "3.5") 
[1.122s] -- Found python_cmake_module: 0.8.1 (/opt/ros/foxy/share/python_cmake_module/cmake)
[1.146s] -- Found PythonLibs: /home/go2/miniconda3/envs/ARX/lib/libpython3.8.so (found suitable version "3.8.0", minimum required is "3.5") 
[1.147s] -- Using PYTHON_EXECUTABLE: /home/go2/miniconda3/envs/ARX/bin/python3
[1.147s] -- Using PYTHON_INCLUDE_DIRS: /home/go2/miniconda3/envs/ARX/include/python3.8
[1.147s] -- Using PYTHON_LIBRARIES: /home/go2/miniconda3/envs/ARX/lib/libpython3.8.so
[1.164s] -- Found PythonExtra: .so  
[1.292s] -- Using numpy include directory: /home/go2/miniconda3/envs/ARX/lib/python3.8/site-packages/numpy/core/include
[1.303s] -- Configuring done
[1.308s] CMake Warning at /opt/ros/foxy/share/rosidl_generator_py/cmake/rosidl_generator_py_generate_interfaces.cmake:235 (add_library):
[1.308s]   Cannot generate a safe runtime search path for target
[1.308s]   arm_control__rosidl_typesupport_fastrtps_c__pyext because files in some
[1.309s]   directories may conflict with libraries in implicit directories:
[1.309s] 
[1.309s]     runtime library [libssl.so.1.1] in /usr/lib/x86_64-linux-gnu may be hidden by files in:
[1.309s]       /home/go2/miniconda3/envs/ARX/lib
[1.309s]     runtime library [libcrypto.so.1.1] in /usr/lib/x86_64-linux-gnu may be hidden by files in:
[1.309s]       /home/go2/miniconda3/envs/ARX/lib
[1.309s] 
[1.309s]   Some of these libraries may not be found correctly.
[1.309s] Call Stack (most recent call first):
[1.309s]   /opt/ros/foxy/share/ament_cmake_core/cmake/core/ament_execute_extensions.cmake:48 (include)
[1.309s]   /opt/ros/foxy/share/rosidl_cmake/cmake/rosidl_generate_interfaces.cmake:286 (ament_execute_extensions)
[1.309s]   CMakeLists.txt:12 (rosidl_generate_interfaces)
[1.310s] 
[1.310s] 
[1.322s] -- Generating done
[1.329s] -- Build files have been written to: /home/go2/ARX_X5/ARX_VR_SDK/ROS2/build/arm_control
[1.334s] Invoked command in '/home/go2/ARX_X5/ARX_VR_SDK/ROS2/build/arm_control' returned '0': CMAKE_PREFIX_PATH=/opt/ros/foxy CONDA_PROMPT_MODIFIER=(ARX) /usr/bin/cmake /home/go2/ARX_X5/ARX_VR_SDK/ROS2/src/arm_control -DCMAKE_INSTALL_PREFIX=/home/go2/ARX_X5/ARX_VR_SDK/ROS2/install/arm_control
[1.338s] Invoking command in '/home/go2/ARX_X5/ARX_VR_SDK/ROS2/build/arm_control': CMAKE_PREFIX_PATH=/opt/ros/foxy CONDA_PROMPT_MODIFIER=(ARX) /usr/bin/cmake --build /home/go2/ARX_X5/ARX_VR_SDK/ROS2/build/arm_control -- -j56 -l56
[1.381s] [35m[1mScanning dependencies of target arm_control__cpp[0m
[1.388s] [  3%] [34m[1mGenerating C code for ROS interfaces[0m
[1.393s] [  6%] [34m[1mGenerating C++ code for ROS interfaces[0m
[1.640s] [  6%] Built target arm_control__cpp
[1.642s] [35m[1mScanning dependencies of target arm_control__rosidl_generator_c[0m
[1.650s] [  9%] [34m[1mGenerating C++ type support dispatch for ROS interfaces[0m
[1.651s] [ 12%] [34m[1mGenerating C++ introspection for ROS interfaces[0m
[1.652s] [ 16%] [34m[1mGenerating C++ type support for eProsima Fast-RTPS[0m
[1.657s] [ 19%] [32mBuilding C object CMakeFiles/arm_control__rosidl_generator_c.dir/rosidl_generator_c/arm_control/msg/detail/pos_cmd__functions.c.o[0m
[1.703s] [ 22%] [32m[1mLinking C shared library libarm_control__rosidl_generator_c.so[0m
[1.743s] [ 22%] Built target arm_control__rosidl_generator_c
[1.754s] [ 25%] [34m[1mGenerating C type support dispatch for ROS interfaces[0m
[1.758s] [ 29%] [34m[1mGenerating C introspection for ROS interfaces[0m
[1.867s] [35m[1mScanning dependencies of target arm_control__rosidl_typesupport_cpp[0m
[1.881s] [ 32%] [32mBuilding CXX object CMakeFiles/arm_control__rosidl_typesupport_cpp.dir/rosidl_typesupport_cpp/arm_control/msg/pos_cmd__type_support.cpp.o[0m
[1.890s] [35m[1mScanning dependencies of target arm_control__rosidl_typesupport_introspection_cpp[0m
[1.892s] [35m[1mScanning dependencies of target arm_control__rosidl_typesupport_fastrtps_cpp[0m
[1.901s] [ 35%] [32mBuilding CXX object CMakeFiles/arm_control__rosidl_typesupport_introspection_cpp.dir/rosidl_typesupport_introspection_cpp/arm_control/msg/detail/pos_cmd__type_support.cpp.o[0m
[1.905s] [ 38%] [32mBuilding CXX object CMakeFiles/arm_control__rosidl_typesupport_fastrtps_cpp.dir/rosidl_typesupport_fastrtps_cpp/arm_control/msg/detail/dds_fastrtps/pos_cmd__type_support.cpp.o[0m
[1.973s] [35m[1mScanning dependencies of target arm_control__rosidl_typesupport_c[0m
[1.987s] [ 41%] [32mBuilding CXX object CMakeFiles/arm_control__rosidl_typesupport_c.dir/rosidl_typesupport_c/arm_control/msg/pos_cmd__type_support.cpp.o[0m
[1.996s] [35m[1mScanning dependencies of target arm_control__rosidl_typesupport_introspection_c[0m
[2.008s] [ 45%] [32mBuilding C object CMakeFiles/arm_control__rosidl_typesupport_introspection_c.dir/rosidl_typesupport_introspection_c/arm_control/msg/detail/pos_cmd__type_support.c.o[0m
[2.015s] [ 48%] [32m[1mLinking CXX shared library libarm_control__rosidl_typesupport_c.so[0m
[2.042s] [ 51%] [32m[1mLinking C shared library libarm_control__rosidl_typesupport_introspection_c.so[0m
[2.054s] [ 51%] Built target arm_control__rosidl_typesupport_c
[2.069s] [ 54%] [32m[1mLinking CXX shared library libarm_control__rosidl_typesupport_cpp.so[0m
[2.073s] [ 54%] Built target arm_control__rosidl_typesupport_introspection_c
[2.108s] [ 58%] [32m[1mLinking CXX shared library libarm_control__rosidl_typesupport_introspection_cpp.so[0m
[2.113s] [ 58%] Built target arm_control__rosidl_typesupport_cpp
[2.175s] [ 58%] Built target arm_control__rosidl_typesupport_introspection_cpp
[2.197s] [ 61%] [32m[1mLinking CXX shared library libarm_control__rosidl_typesupport_fastrtps_cpp.so[0m
[2.279s] [ 61%] Built target arm_control__rosidl_typesupport_fastrtps_cpp
[2.291s] [ 64%] [34m[1mGenerating C type support for eProsima Fast-RTPS[0m
[2.537s] [35m[1mScanning dependencies of target arm_control__rosidl_typesupport_fastrtps_c[0m
[2.553s] [ 67%] [32mBuilding CXX object CMakeFiles/arm_control__rosidl_typesupport_fastrtps_c.dir/rosidl_typesupport_fastrtps_c/arm_control/msg/detail/pos_cmd__type_support_c.cpp.o[0m
[2.792s] [ 70%] [32m[1mLinking CXX shared library libarm_control__rosidl_typesupport_fastrtps_c.so[0m
[2.868s] [ 70%] Built target arm_control__rosidl_typesupport_fastrtps_c
[2.881s] [35m[1mScanning dependencies of target arm_control[0m
[2.899s] [ 70%] Built target arm_control
[2.911s] [35m[1mScanning dependencies of target arm_control__py[0m
[2.928s] [ 74%] [34m[1mGenerating Python code for ROS interfaces[0m
[3.408s] [ 74%] Built target arm_control__py
[3.420s] [35m[1mScanning dependencies of target arm_control__python[0m
[3.439s] [ 77%] [32mBuilding C object CMakeFiles/arm_control__python.dir/rosidl_generator_py/arm_control/msg/_pos_cmd_s.c.o[0m
[3.533s] [ 80%] [32m[1mLinking C shared library rosidl_generator_py/arm_control/libarm_control__python.so[0m
[3.578s] [ 80%] Built target arm_control__python
[3.593s] [35m[1mScanning dependencies of target arm_control__rosidl_typesupport_introspection_c__pyext[0m
[3.595s] [35m[1mScanning dependencies of target arm_control__rosidl_typesupport_fastrtps_c__pyext[0m
[3.596s] [35m[1mScanning dependencies of target arm_control__rosidl_typesupport_c__pyext[0m
[3.615s] [ 83%] [32mBuilding C object CMakeFiles/arm_control__rosidl_typesupport_fastrtps_c__pyext.dir/rosidl_generator_py/arm_control/_arm_control_s.ep.rosidl_typesupport_fastrtps_c.c.o[0m
[3.615s] [ 87%] [32mBuilding C object CMakeFiles/arm_control__rosidl_typesupport_c__pyext.dir/rosidl_generator_py/arm_control/_arm_control_s.ep.rosidl_typesupport_c.c.o[0m
[3.617s] [ 90%] [32mBuilding C object CMakeFiles/arm_control__rosidl_typesupport_introspection_c__pyext.dir/rosidl_generator_py/arm_control/_arm_control_s.ep.rosidl_typesupport_introspection_c.c.o[0m
[3.679s] [ 93%] [32m[1mLinking C shared library rosidl_generator_py/arm_control/arm_control_s__rosidl_typesupport_c.cpython-38-x86_64-linux-gnu.so[0m
[3.680s] [ 96%] [32m[1mLinking CXX shared library rosidl_generator_py/arm_control/arm_control_s__rosidl_typesupport_fastrtps_c.cpython-38-x86_64-linux-gnu.so[0m
[3.687s] [100%] [32m[1mLinking C shared library rosidl_generator_py/arm_control/arm_control_s__rosidl_typesupport_introspection_c.cpython-38-x86_64-linux-gnu.so[0m
[3.717s] [100%] Built target arm_control__rosidl_typesupport_c__pyext
[3.726s] [100%] Built target arm_control__rosidl_typesupport_introspection_c__pyext
[3.735s] [100%] Built target arm_control__rosidl_typesupport_fastrtps_c__pyext
[3.746s] Invoked command in '/home/go2/ARX_X5/ARX_VR_SDK/ROS2/build/arm_control' returned '0': CMAKE_PREFIX_PATH=/opt/ros/foxy CONDA_PROMPT_MODIFIER=(ARX) /usr/bin/cmake --build /home/go2/ARX_X5/ARX_VR_SDK/ROS2/build/arm_control -- -j56 -l56
[3.757s] Invoking command in '/home/go2/ARX_X5/ARX_VR_SDK/ROS2/build/arm_control': CMAKE_PREFIX_PATH=/opt/ros/foxy CONDA_PROMPT_MODIFIER=(ARX) /usr/bin/cmake --install /home/go2/ARX_X5/ARX_VR_SDK/ROS2/build/arm_control
[3.767s] -- Install configuration: ""
[3.767s] -- Installing: /home/go2/ARX_X5/ARX_VR_SDK/ROS2/install/arm_control/share/ament_index/resource_index/rosidl_interfaces/arm_control
[3.768s] -- Installing: /home/go2/ARX_X5/ARX_VR_SDK/ROS2/install/arm_control/include/arm_control
[3.768s] -- Installing: /home/go2/ARX_X5/ARX_VR_SDK/ROS2/install/arm_control/include/arm_control/msg
[3.768s] -- Installing: /home/go2/ARX_X5/ARX_VR_SDK/ROS2/install/arm_control/include/arm_control/msg/pos_cmd.h
[3.768s] -- Installing: /home/go2/ARX_X5/ARX_VR_SDK/ROS2/install/arm_control/include/arm_control/msg/rosidl_generator_c__visibility_control.h
[3.768s] -- Installing: /home/go2/ARX_X5/ARX_VR_SDK/ROS2/install/arm_control/include/arm_control/msg/detail
[3.768s] -- Installing: /home/go2/ARX_X5/ARX_VR_SDK/ROS2/install/arm_control/include/arm_control/msg/detail/pos_cmd__functions.c
[3.768s] -- Installing: /home/go2/ARX_X5/ARX_VR_SDK/ROS2/install/arm_control/include/arm_control/msg/detail/pos_cmd__struct.h
[3.768s] -- Installing: /home/go2/ARX_X5/ARX_VR_SDK/ROS2/install/arm_control/include/arm_control/msg/detail/pos_cmd__functions.h
[3.768s] -- Installing: /home/go2/ARX_X5/ARX_VR_SDK/ROS2/install/arm_control/include/arm_control/msg/detail/pos_cmd__type_support.h
[3.768s] -- Installing: /home/go2/ARX_X5/ARX_VR_SDK/ROS2/install/arm_control/share/arm_control/environment/library_path.sh
[3.768s] -- Installing: /home/go2/ARX_X5/ARX_VR_SDK/ROS2/install/arm_control/share/arm_control/environment/library_path.dsv
[3.768s] -- Installing: /home/go2/ARX_X5/ARX_VR_SDK/ROS2/install/arm_control/lib/libarm_control__rosidl_generator_c.so
[3.768s] -- Set runtime path of "/home/go2/ARX_X5/ARX_VR_SDK/ROS2/install/arm_control/lib/libarm_control__rosidl_generator_c.so" to ""
[3.769s] -- Up-to-date: /home/go2/ARX_X5/ARX_VR_SDK/ROS2/install/arm_control/include/arm_control
[3.769s] -- Up-to-date: /home/go2/ARX_X5/ARX_VR_SDK/ROS2/install/arm_control/include/arm_control/msg
[3.769s] -- Installing: /home/go2/ARX_X5/ARX_VR_SDK/ROS2/install/arm_control/include/arm_control/msg/rosidl_typesupport_fastrtps_c__visibility_control.h
[3.769s] -- Up-to-date: /home/go2/ARX_X5/ARX_VR_SDK/ROS2/install/arm_control/include/arm_control/msg/detail
[3.769s] -- Installing: /home/go2/ARX_X5/ARX_VR_SDK/ROS2/install/arm_control/include/arm_control/msg/detail/pos_cmd__rosidl_typesupport_fastrtps_c.h
[3.769s] -- Installing: /home/go2/ARX_X5/ARX_VR_SDK/ROS2/install/arm_control/lib/libarm_control__rosidl_typesupport_fastrtps_c.so
[3.769s] -- Set runtime path of "/home/go2/ARX_X5/ARX_VR_SDK/ROS2/install/arm_control/lib/libarm_control__rosidl_typesupport_fastrtps_c.so" to ""
[3.769s] -- Up-to-date: /home/go2/ARX_X5/ARX_VR_SDK/ROS2/install/arm_control/include/arm_control
[3.769s] -- Up-to-date: /home/go2/ARX_X5/ARX_VR_SDK/ROS2/install/arm_control/include/arm_control/msg
[3.769s] -- Installing: /home/go2/ARX_X5/ARX_VR_SDK/ROS2/install/arm_control/include/arm_control/msg/rosidl_typesupport_fastrtps_cpp__visibility_control.h
[3.769s] -- Up-to-date: /home/go2/ARX_X5/ARX_VR_SDK/ROS2/install/arm_control/include/arm_control/msg/detail
[3.769s] -- Installing: /home/go2/ARX_X5/ARX_VR_SDK/ROS2/install/arm_control/include/arm_control/msg/detail/pos_cmd__rosidl_typesupport_fastrtps_cpp.hpp
[3.769s] -- Installing: /home/go2/ARX_X5/ARX_VR_SDK/ROS2/install/arm_control/include/arm_control/msg/detail/dds_fastrtps
[3.769s] -- Installing: /home/go2/ARX_X5/ARX_VR_SDK/ROS2/install/arm_control/lib/libarm_control__rosidl_typesupport_fastrtps_cpp.so
[3.769s] -- Set runtime path of "/home/go2/ARX_X5/ARX_VR_SDK/ROS2/install/arm_control/lib/libarm_control__rosidl_typesupport_fastrtps_cpp.so" to ""
[3.770s] -- Up-to-date: /home/go2/ARX_X5/ARX_VR_SDK/ROS2/install/arm_control/include/arm_control
[3.770s] -- Up-to-date: /home/go2/ARX_X5/ARX_VR_SDK/ROS2/install/arm_control/include/arm_control/msg
[3.770s] -- Installing: /home/go2/ARX_X5/ARX_VR_SDK/ROS2/install/arm_control/include/arm_control/msg/rosidl_typesupport_introspection_c__visibility_control.h
[3.770s] -- Up-to-date: /home/go2/ARX_X5/ARX_VR_SDK/ROS2/install/arm_control/include/arm_control/msg/detail
[3.770s] -- Installing: /home/go2/ARX_X5/ARX_VR_SDK/ROS2/install/arm_control/include/arm_control/msg/detail/pos_cmd__rosidl_typesupport_introspection_c.h
[3.770s] -- Installing: /home/go2/ARX_X5/ARX_VR_SDK/ROS2/install/arm_control/include/arm_control/msg/detail/pos_cmd__type_support.c
[3.770s] -- Installing: /home/go2/ARX_X5/ARX_VR_SDK/ROS2/install/arm_control/lib/libarm_control__rosidl_typesupport_introspection_c.so
[3.770s] -- Set runtime path of "/home/go2/ARX_X5/ARX_VR_SDK/ROS2/install/arm_control/lib/libarm_control__rosidl_typesupport_introspection_c.so" to ""
[3.770s] -- Installing: /home/go2/ARX_X5/ARX_VR_SDK/ROS2/install/arm_control/lib/libarm_control__rosidl_typesupport_c.so
[3.770s] -- Set runtime path of "/home/go2/ARX_X5/ARX_VR_SDK/ROS2/install/arm_control/lib/libarm_control__rosidl_typesupport_c.so" to ""
[3.770s] -- Up-to-date: /home/go2/ARX_X5/ARX_VR_SDK/ROS2/install/arm_control/include/arm_control
[3.770s] -- Up-to-date: /home/go2/ARX_X5/ARX_VR_SDK/ROS2/install/arm_control/include/arm_control/msg
[3.770s] -- Installing: /home/go2/ARX_X5/ARX_VR_SDK/ROS2/install/arm_control/include/arm_control/msg/rosidl_generator_cpp__visibility_control.hpp
[3.770s] -- Installing: /home/go2/ARX_X5/ARX_VR_SDK/ROS2/install/arm_control/include/arm_control/msg/pos_cmd.hpp
[3.770s] -- Up-to-date: /home/go2/ARX_X5/ARX_VR_SDK/ROS2/install/arm_control/include/arm_control/msg/detail
[3.771s] -- Installing: /home/go2/ARX_X5/ARX_VR_SDK/ROS2/install/arm_control/include/arm_control/msg/detail/pos_cmd__builder.hpp
[3.771s] -- Installing: /home/go2/ARX_X5/ARX_VR_SDK/ROS2/install/arm_control/include/arm_control/msg/detail/pos_cmd__type_support.hpp
[3.771s] -- Installing: /home/go2/ARX_X5/ARX_VR_SDK/ROS2/install/arm_control/include/arm_control/msg/detail/pos_cmd__struct.hpp
[3.771s] -- Installing: /home/go2/ARX_X5/ARX_VR_SDK/ROS2/install/arm_control/include/arm_control/msg/detail/pos_cmd__traits.hpp
[3.771s] -- Up-to-date: /home/go2/ARX_X5/ARX_VR_SDK/ROS2/install/arm_control/include/arm_control
[3.771s] -- Up-to-date: /home/go2/ARX_X5/ARX_VR_SDK/ROS2/install/arm_control/include/arm_control/msg
[3.771s] -- Up-to-date: /home/go2/ARX_X5/ARX_VR_SDK/ROS2/install/arm_control/include/arm_control/msg/detail
[3.771s] -- Installing: /home/go2/ARX_X5/ARX_VR_SDK/ROS2/install/arm_control/include/arm_control/msg/detail/pos_cmd__rosidl_typesupport_introspection_cpp.hpp
[3.771s] -- Installing: /home/go2/ARX_X5/ARX_VR_SDK/ROS2/install/arm_control/include/arm_control/msg/detail/pos_cmd__type_support.cpp
[3.771s] -- Installing: /home/go2/ARX_X5/ARX_VR_SDK/ROS2/install/arm_control/lib/libarm_control__rosidl_typesupport_introspection_cpp.so
[3.771s] -- Set runtime path of "/home/go2/ARX_X5/ARX_VR_SDK/ROS2/install/arm_control/lib/libarm_control__rosidl_typesupport_introspection_cpp.so" to ""
[3.771s] -- Installing: /home/go2/ARX_X5/ARX_VR_SDK/ROS2/install/arm_control/lib/libarm_control__rosidl_typesupport_cpp.so
[3.771s] -- Set runtime path of "/home/go2/ARX_X5/ARX_VR_SDK/ROS2/install/arm_control/lib/libarm_control__rosidl_typesupport_cpp.so" to ""
[3.771s] -- Installing: /home/go2/ARX_X5/ARX_VR_SDK/ROS2/install/arm_control/share/arm_control/environment/pythonpath.sh
[3.771s] -- Installing: /home/go2/ARX_X5/ARX_VR_SDK/ROS2/install/arm_control/share/arm_control/environment/pythonpath.dsv
[3.771s] -- Installing: /home/go2/ARX_X5/ARX_VR_SDK/ROS2/install/arm_control/lib/python3.8/site-packages/arm_control/__init__.py
[3.796s] Compiling '/home/go2/ARX_X5/ARX_VR_SDK/ROS2/install/arm_control/lib/python3.8/site-packages/arm_control/__init__.py'...
[3.800s] -- Installing: /home/go2/ARX_X5/ARX_VR_SDK/ROS2/install/arm_control/lib/python3.8/site-packages/arm_control/msg
[3.800s] -- Installing: /home/go2/ARX_X5/ARX_VR_SDK/ROS2/install/arm_control/lib/python3.8/site-packages/arm_control/msg/_pos_cmd_s.c
[3.800s] -- Installing: /home/go2/ARX_X5/ARX_VR_SDK/ROS2/install/arm_control/lib/python3.8/site-packages/arm_control/msg/_pos_cmd.py
[3.801s] -- Installing: /home/go2/ARX_X5/ARX_VR_SDK/ROS2/install/arm_control/lib/python3.8/site-packages/arm_control/msg/__init__.py
[3.801s] -- Installing: /home/go2/ARX_X5/ARX_VR_SDK/ROS2/install/arm_control/lib/python3.8/site-packages/arm_control/arm_control_s__rosidl_typesupport_fastrtps_c.cpython-38-x86_64-linux-gnu.so
[3.802s] -- Set runtime path of "/home/go2/ARX_X5/ARX_VR_SDK/ROS2/install/arm_control/lib/python3.8/site-packages/arm_control/arm_control_s__rosidl_typesupport_fastrtps_c.cpython-38-x86_64-linux-gnu.so" to ""
[3.802s] -- Installing: /home/go2/ARX_X5/ARX_VR_SDK/ROS2/install/arm_control/lib/python3.8/site-packages/arm_control/arm_control_s__rosidl_typesupport_introspection_c.cpython-38-x86_64-linux-gnu.so
[3.802s] -- Set runtime path of "/home/go2/ARX_X5/ARX_VR_SDK/ROS2/install/arm_control/lib/python3.8/site-packages/arm_control/arm_control_s__rosidl_typesupport_introspection_c.cpython-38-x86_64-linux-gnu.so" to ""
[3.802s] -- Installing: /home/go2/ARX_X5/ARX_VR_SDK/ROS2/install/arm_control/lib/python3.8/site-packages/arm_control/arm_control_s__rosidl_typesupport_c.cpython-38-x86_64-linux-gnu.so
[3.803s] -- Set runtime path of "/home/go2/ARX_X5/ARX_VR_SDK/ROS2/install/arm_control/lib/python3.8/site-packages/arm_control/arm_control_s__rosidl_typesupport_c.cpython-38-x86_64-linux-gnu.so" to ""
[3.803s] -- Installing: /home/go2/ARX_X5/ARX_VR_SDK/ROS2/install/arm_control/lib/libarm_control__python.so
[3.803s] -- Set runtime path of "/home/go2/ARX_X5/ARX_VR_SDK/ROS2/install/arm_control/lib/libarm_control__python.so" to ""
[3.803s] -- Installing: /home/go2/ARX_X5/ARX_VR_SDK/ROS2/install/arm_control/share/arm_control/msg/PosCmd.idl
[3.803s] -- Installing: /home/go2/ARX_X5/ARX_VR_SDK/ROS2/install/arm_control/share/arm_control/msg/PosCmd.msg
[3.803s] -- Installing: /home/go2/ARX_X5/ARX_VR_SDK/ROS2/install/arm_control/share/ament_index/resource_index/package_run_dependencies/arm_control
[3.803s] -- Installing: /home/go2/ARX_X5/ARX_VR_SDK/ROS2/install/arm_control/share/ament_index/resource_index/parent_prefix_path/arm_control
[3.804s] -- Installing: /home/go2/ARX_X5/ARX_VR_SDK/ROS2/install/arm_control/share/arm_control/environment/ament_prefix_path.sh
[3.804s] -- Installing: /home/go2/ARX_X5/ARX_VR_SDK/ROS2/install/arm_control/share/arm_control/environment/ament_prefix_path.dsv
[3.804s] -- Installing: /home/go2/ARX_X5/ARX_VR_SDK/ROS2/install/arm_control/share/arm_control/environment/path.sh
[3.804s] -- Installing: /home/go2/ARX_X5/ARX_VR_SDK/ROS2/install/arm_control/share/arm_control/environment/path.dsv
[3.804s] -- Installing: /home/go2/ARX_X5/ARX_VR_SDK/ROS2/install/arm_control/share/arm_control/local_setup.bash
[3.804s] -- Installing: /home/go2/ARX_X5/ARX_VR_SDK/ROS2/install/arm_control/share/arm_control/local_setup.sh
[3.804s] -- Installing: /home/go2/ARX_X5/ARX_VR_SDK/ROS2/install/arm_control/share/arm_control/local_setup.zsh
[3.804s] -- Installing: /home/go2/ARX_X5/ARX_VR_SDK/ROS2/install/arm_control/share/arm_control/local_setup.dsv
[3.804s] -- Installing: /home/go2/ARX_X5/ARX_VR_SDK/ROS2/install/arm_control/share/arm_control/package.dsv
[3.804s] -- Installing: /home/go2/ARX_X5/ARX_VR_SDK/ROS2/install/arm_control/share/ament_index/resource_index/packages/arm_control
[3.804s] -- Installing: /home/go2/ARX_X5/ARX_VR_SDK/ROS2/install/arm_control/share/arm_control/cmake/arm_control__rosidl_generator_cExport.cmake
[3.804s] -- Installing: /home/go2/ARX_X5/ARX_VR_SDK/ROS2/install/arm_control/share/arm_control/cmake/arm_control__rosidl_generator_cExport-noconfig.cmake
[3.805s] -- Installing: /home/go2/ARX_X5/ARX_VR_SDK/ROS2/install/arm_control/share/arm_control/cmake/arm_control__rosidl_typesupport_introspection_cExport.cmake
[3.805s] -- Installing: /home/go2/ARX_X5/ARX_VR_SDK/ROS2/install/arm_control/share/arm_control/cmake/arm_control__rosidl_typesupport_introspection_cExport-noconfig.cmake
[3.805s] -- Installing: /home/go2/ARX_X5/ARX_VR_SDK/ROS2/install/arm_control/share/arm_control/cmake/arm_control__rosidl_typesupport_cExport.cmake
[3.805s] -- Installing: /home/go2/ARX_X5/ARX_VR_SDK/ROS2/install/arm_control/share/arm_control/cmake/arm_control__rosidl_typesupport_cExport-noconfig.cmake
[3.805s] -- Installing: /home/go2/ARX_X5/ARX_VR_SDK/ROS2/install/arm_control/share/arm_control/cmake/arm_control__rosidl_generator_cppExport.cmake
[3.805s] -- Installing: /home/go2/ARX_X5/ARX_VR_SDK/ROS2/install/arm_control/share/arm_control/cmake/arm_control__rosidl_typesupport_introspection_cppExport.cmake
[3.805s] -- Installing: /home/go2/ARX_X5/ARX_VR_SDK/ROS2/install/arm_control/share/arm_control/cmake/arm_control__rosidl_typesupport_introspection_cppExport-noconfig.cmake
[3.805s] -- Installing: /home/go2/ARX_X5/ARX_VR_SDK/ROS2/install/arm_control/share/arm_control/cmake/arm_control__rosidl_typesupport_cppExport.cmake
[3.805s] -- Installing: /home/go2/ARX_X5/ARX_VR_SDK/ROS2/install/arm_control/share/arm_control/cmake/arm_control__rosidl_typesupport_cppExport-noconfig.cmake
[3.805s] -- Installing: /home/go2/ARX_X5/ARX_VR_SDK/ROS2/install/arm_control/share/arm_control/cmake/rosidl_cmake-extras.cmake
[3.805s] -- Installing: /home/go2/ARX_X5/ARX_VR_SDK/ROS2/install/arm_control/share/arm_control/cmake/ament_cmake_export_dependencies-extras.cmake
[3.806s] -- Installing: /home/go2/ARX_X5/ARX_VR_SDK/ROS2/install/arm_control/share/arm_control/cmake/ament_cmake_export_libraries-extras.cmake
[3.806s] -- Installing: /home/go2/ARX_X5/ARX_VR_SDK/ROS2/install/arm_control/share/arm_control/cmake/ament_cmake_export_targets-extras.cmake
[3.806s] -- Installing: /home/go2/ARX_X5/ARX_VR_SDK/ROS2/install/arm_control/share/arm_control/cmake/ament_cmake_export_include_directories-extras.cmake
[3.806s] -- Installing: /home/go2/ARX_X5/ARX_VR_SDK/ROS2/install/arm_control/share/arm_control/cmake/rosidl_cmake_export_typesupport_libraries-extras.cmake
[3.806s] -- Installing: /home/go2/ARX_X5/ARX_VR_SDK/ROS2/install/arm_control/share/arm_control/cmake/rosidl_cmake_export_typesupport_targets-extras.cmake
[3.806s] -- Installing: /home/go2/ARX_X5/ARX_VR_SDK/ROS2/install/arm_control/share/arm_control/cmake/arm_controlConfig.cmake
[3.806s] -- Installing: /home/go2/ARX_X5/ARX_VR_SDK/ROS2/install/arm_control/share/arm_control/cmake/arm_controlConfig-version.cmake
[3.806s] -- Installing: /home/go2/ARX_X5/ARX_VR_SDK/ROS2/install/arm_control/share/arm_control/package.xml
[3.808s] Invoked command in '/home/go2/ARX_X5/ARX_VR_SDK/ROS2/build/arm_control' returned '0': CMAKE_PREFIX_PATH=/opt/ros/foxy CONDA_PROMPT_MODIFIER=(ARX) /usr/bin/cmake --install /home/go2/ARX_X5/ARX_VR_SDK/ROS2/build/arm_control
