[0.186s] DEBUG:colcon:Command line arguments: ['/usr/bin/colcon', 'build']
[0.186s] DEBUG:colcon:Parsed command line arguments: Namespace(allow_overriding=[], ament_cmake_args=None, base_paths=['.'], build_base='build', catkin_cmake_args=None, catkin_skip_building_tests=False, cmake_args=None, cmake_clean_cache=False, cmake_clean_first=False, cmake_force_configure=False, cmake_target=None, cmake_target_skip_unavailable=False, continue_on_error=False, event_handlers=None, executor='parallel', ignore_user_meta=False, install_base='install', log_base=None, log_level=None, main=<bound method BuildVerb.main of <colcon_core.verb.build.BuildVerb object at 0x7fb0ed228190>>, merge_install=False, metas=['./colcon.meta'], mixin=None, mixin_files=None, mixin_verb=('build',), packages_above=None, packages_above_and_dependencies=None, packages_above_depth=None, packages_end=None, packages_ignore=None, packages_ignore_regex=None, packages_select=None, packages_select_build_failed=False, packages_select_by_dep=None, packages_select_regex=None, packages_select_test_failures=False, packages_skip=None, packages_skip_build_finished=False, packages_skip_by_dep=None, packages_skip_regex=None, packages_skip_test_passed=False, packages_skip_up_to=None, packages_start=None, packages_up_to=None, packages_up_to_regex=None, parallel_workers=56, paths=None, symlink_install=False, test_result_base=None, verb_extension=<colcon_core.verb.build.BuildVerb object at 0x7fb0ed228190>, verb_name='build', verb_parser=<colcon_mixin.mixin.mixin_argument.MixinArgumentDecorator object at 0x7fb0ece72be0>)
[0.301s] Level 1:colcon.colcon_core.package_discovery:discover_packages(colcon_meta) check parameters
[0.301s] Level 1:colcon.colcon_core.package_discovery:discover_packages(recursive) check parameters
[0.302s] Level 1:colcon.colcon_core.package_discovery:discover_packages(ignore) check parameters
[0.302s] Level 1:colcon.colcon_core.package_discovery:discover_packages(path) check parameters
[0.302s] Level 1:colcon.colcon_core.package_discovery:discover_packages(colcon_meta) discover
[0.302s] Level 1:colcon.colcon_core.package_discovery:discover_packages(recursive) discover
[0.302s] INFO:colcon.colcon_core.package_discovery:Crawling recursively for packages in '/home/go2/ARX_X5/ROS2/X5_ws'
[0.302s] Level 1:colcon.colcon_core.package_identification:_identify(.) by extensions ['ignore', 'ignore_ament_install']
[0.302s] Level 1:colcon.colcon_core.package_identification:_identify(.) by extension 'ignore'
[0.302s] Level 1:colcon.colcon_core.package_identification:_identify(.) by extension 'ignore_ament_install'
[0.302s] Level 1:colcon.colcon_core.package_identification:_identify(.) by extensions ['colcon_pkg']
[0.302s] Level 1:colcon.colcon_core.package_identification:_identify(.) by extension 'colcon_pkg'
[0.302s] Level 1:colcon.colcon_core.package_identification:_identify(.) by extensions ['colcon_meta']
[0.302s] Level 1:colcon.colcon_core.package_identification:_identify(.) by extension 'colcon_meta'
[0.302s] Level 1:colcon.colcon_core.package_identification:_identify(.) by extensions ['ros']
[0.302s] Level 1:colcon.colcon_core.package_identification:_identify(.) by extension 'ros'
[0.312s] Level 1:colcon.colcon_core.package_identification:_identify(.) by extensions ['cmake', 'python']
[0.312s] Level 1:colcon.colcon_core.package_identification:_identify(.) by extension 'cmake'
[0.312s] Level 1:colcon.colcon_core.package_identification:_identify(.) by extension 'python'
[0.312s] Level 1:colcon.colcon_core.package_identification:_identify(.) by extensions ['python_setup_py']
[0.312s] Level 1:colcon.colcon_core.package_identification:_identify(.) by extension 'python_setup_py'
[0.312s] Level 1:colcon.colcon_core.package_identification:_identify(build) by extensions ['ignore', 'ignore_ament_install']
[0.313s] Level 1:colcon.colcon_core.package_identification:_identify(build) by extension 'ignore'
[0.313s] Level 1:colcon.colcon_core.package_identification:_identify(build) ignored
[0.313s] Level 1:colcon.colcon_core.package_identification:_identify(install) by extensions ['ignore', 'ignore_ament_install']
[0.313s] Level 1:colcon.colcon_core.package_identification:_identify(install) by extension 'ignore'
[0.313s] Level 1:colcon.colcon_core.package_identification:_identify(install) ignored
[0.313s] Level 1:colcon.colcon_core.package_identification:_identify(log) by extensions ['ignore', 'ignore_ament_install']
[0.313s] Level 1:colcon.colcon_core.package_identification:_identify(log) by extension 'ignore'
[0.313s] Level 1:colcon.colcon_core.package_identification:_identify(log) ignored
[0.313s] Level 1:colcon.colcon_core.package_identification:_identify(src) by extensions ['ignore', 'ignore_ament_install']
[0.313s] Level 1:colcon.colcon_core.package_identification:_identify(src) by extension 'ignore'
[0.313s] Level 1:colcon.colcon_core.package_identification:_identify(src) by extension 'ignore_ament_install'
[0.313s] Level 1:colcon.colcon_core.package_identification:_identify(src) by extensions ['colcon_pkg']
[0.313s] Level 1:colcon.colcon_core.package_identification:_identify(src) by extension 'colcon_pkg'
[0.313s] Level 1:colcon.colcon_core.package_identification:_identify(src) by extensions ['colcon_meta']
[0.313s] Level 1:colcon.colcon_core.package_identification:_identify(src) by extension 'colcon_meta'
[0.313s] Level 1:colcon.colcon_core.package_identification:_identify(src) by extensions ['ros']
[0.313s] Level 1:colcon.colcon_core.package_identification:_identify(src) by extension 'ros'
[0.313s] Level 1:colcon.colcon_core.package_identification:_identify(src) by extensions ['cmake', 'python']
[0.313s] Level 1:colcon.colcon_core.package_identification:_identify(src) by extension 'cmake'
[0.313s] Level 1:colcon.colcon_core.package_identification:_identify(src) by extension 'python'
[0.313s] Level 1:colcon.colcon_core.package_identification:_identify(src) by extensions ['python_setup_py']
[0.313s] Level 1:colcon.colcon_core.package_identification:_identify(src) by extension 'python_setup_py'
[0.313s] Level 1:colcon.colcon_core.package_identification:_identify(src/arx_x5_ros2) by extensions ['ignore', 'ignore_ament_install']
[0.313s] Level 1:colcon.colcon_core.package_identification:_identify(src/arx_x5_ros2) by extension 'ignore'
[0.313s] Level 1:colcon.colcon_core.package_identification:_identify(src/arx_x5_ros2) by extension 'ignore_ament_install'
[0.313s] Level 1:colcon.colcon_core.package_identification:_identify(src/arx_x5_ros2) by extensions ['colcon_pkg']
[0.313s] Level 1:colcon.colcon_core.package_identification:_identify(src/arx_x5_ros2) by extension 'colcon_pkg'
[0.313s] Level 1:colcon.colcon_core.package_identification:_identify(src/arx_x5_ros2) by extensions ['colcon_meta']
[0.314s] Level 1:colcon.colcon_core.package_identification:_identify(src/arx_x5_ros2) by extension 'colcon_meta'
[0.314s] Level 1:colcon.colcon_core.package_identification:_identify(src/arx_x5_ros2) by extensions ['ros']
[0.314s] Level 1:colcon.colcon_core.package_identification:_identify(src/arx_x5_ros2) by extension 'ros'
[0.314s] Level 1:colcon.colcon_core.package_identification:_identify(src/arx_x5_ros2) by extensions ['cmake', 'python']
[0.314s] Level 1:colcon.colcon_core.package_identification:_identify(src/arx_x5_ros2) by extension 'cmake'
[0.314s] Level 1:colcon.colcon_core.package_identification:_identify(src/arx_x5_ros2) by extension 'python'
[0.314s] Level 1:colcon.colcon_core.package_identification:_identify(src/arx_x5_ros2) by extensions ['python_setup_py']
[0.314s] Level 1:colcon.colcon_core.package_identification:_identify(src/arx_x5_ros2) by extension 'python_setup_py'
[0.314s] Level 1:colcon.colcon_core.package_identification:_identify(src/arx_x5_ros2/arx_x5_controller) by extensions ['ignore', 'ignore_ament_install']
[0.314s] Level 1:colcon.colcon_core.package_identification:_identify(src/arx_x5_ros2/arx_x5_controller) by extension 'ignore'
[0.314s] Level 1:colcon.colcon_core.package_identification:_identify(src/arx_x5_ros2/arx_x5_controller) by extension 'ignore_ament_install'
[0.314s] Level 1:colcon.colcon_core.package_identification:_identify(src/arx_x5_ros2/arx_x5_controller) by extensions ['colcon_pkg']
[0.314s] Level 1:colcon.colcon_core.package_identification:_identify(src/arx_x5_ros2/arx_x5_controller) by extension 'colcon_pkg'
[0.314s] Level 1:colcon.colcon_core.package_identification:_identify(src/arx_x5_ros2/arx_x5_controller) by extensions ['colcon_meta']
[0.314s] Level 1:colcon.colcon_core.package_identification:_identify(src/arx_x5_ros2/arx_x5_controller) by extension 'colcon_meta'
[0.314s] Level 1:colcon.colcon_core.package_identification:_identify(src/arx_x5_ros2/arx_x5_controller) by extensions ['ros']
[0.314s] Level 1:colcon.colcon_core.package_identification:_identify(src/arx_x5_ros2/arx_x5_controller) by extension 'ros'
[0.317s] DEBUG:colcon.colcon_core.package_identification:Package 'src/arx_x5_ros2/arx_x5_controller' with type 'ros.ament_cmake' and name 'arx_x5_controller'
[0.317s] Level 1:colcon.colcon_core.package_identification:_identify(src/arxmsgros2) by extensions ['ignore', 'ignore_ament_install']
[0.317s] Level 1:colcon.colcon_core.package_identification:_identify(src/arxmsgros2) by extension 'ignore'
[0.317s] Level 1:colcon.colcon_core.package_identification:_identify(src/arxmsgros2) by extension 'ignore_ament_install'
[0.317s] Level 1:colcon.colcon_core.package_identification:_identify(src/arxmsgros2) by extensions ['colcon_pkg']
[0.317s] Level 1:colcon.colcon_core.package_identification:_identify(src/arxmsgros2) by extension 'colcon_pkg'
[0.317s] Level 1:colcon.colcon_core.package_identification:_identify(src/arxmsgros2) by extensions ['colcon_meta']
[0.317s] Level 1:colcon.colcon_core.package_identification:_identify(src/arxmsgros2) by extension 'colcon_meta'
[0.317s] Level 1:colcon.colcon_core.package_identification:_identify(src/arxmsgros2) by extensions ['ros']
[0.317s] Level 1:colcon.colcon_core.package_identification:_identify(src/arxmsgros2) by extension 'ros'
[0.318s] Level 1:colcon.colcon_core.package_identification:_identify(src/arxmsgros2) by extensions ['cmake', 'python']
[0.318s] Level 1:colcon.colcon_core.package_identification:_identify(src/arxmsgros2) by extension 'cmake'
[0.318s] Level 1:colcon.colcon_core.package_identification:_identify(src/arxmsgros2) by extension 'python'
[0.318s] Level 1:colcon.colcon_core.package_identification:_identify(src/arxmsgros2) by extensions ['python_setup_py']
[0.318s] Level 1:colcon.colcon_core.package_identification:_identify(src/arxmsgros2) by extension 'python_setup_py'
[0.318s] Level 1:colcon.colcon_core.package_identification:_identify(src/arxmsgros2/arm_control) by extensions ['ignore', 'ignore_ament_install']
[0.318s] Level 1:colcon.colcon_core.package_identification:_identify(src/arxmsgros2/arm_control) by extension 'ignore'
[0.318s] Level 1:colcon.colcon_core.package_identification:_identify(src/arxmsgros2/arm_control) by extension 'ignore_ament_install'
[0.318s] Level 1:colcon.colcon_core.package_identification:_identify(src/arxmsgros2/arm_control) by extensions ['colcon_pkg']
[0.318s] Level 1:colcon.colcon_core.package_identification:_identify(src/arxmsgros2/arm_control) by extension 'colcon_pkg'
[0.318s] Level 1:colcon.colcon_core.package_identification:_identify(src/arxmsgros2/arm_control) by extensions ['colcon_meta']
[0.318s] Level 1:colcon.colcon_core.package_identification:_identify(src/arxmsgros2/arm_control) by extension 'colcon_meta'
[0.318s] Level 1:colcon.colcon_core.package_identification:_identify(src/arxmsgros2/arm_control) by extensions ['ros']
[0.318s] Level 1:colcon.colcon_core.package_identification:_identify(src/arxmsgros2/arm_control) by extension 'ros'
[0.319s] DEBUG:colcon.colcon_core.package_identification:Package 'src/arxmsgros2/arm_control' with type 'ros.catkin' and name 'arm_control'
[0.319s] Level 1:colcon.colcon_core.package_identification:_identify(src/arxmsgros2/arx5_arm_msg) by extensions ['ignore', 'ignore_ament_install']
[0.319s] Level 1:colcon.colcon_core.package_identification:_identify(src/arxmsgros2/arx5_arm_msg) by extension 'ignore'
[0.319s] Level 1:colcon.colcon_core.package_identification:_identify(src/arxmsgros2/arx5_arm_msg) by extension 'ignore_ament_install'
[0.319s] Level 1:colcon.colcon_core.package_identification:_identify(src/arxmsgros2/arx5_arm_msg) by extensions ['colcon_pkg']
[0.319s] Level 1:colcon.colcon_core.package_identification:_identify(src/arxmsgros2/arx5_arm_msg) by extension 'colcon_pkg'
[0.319s] Level 1:colcon.colcon_core.package_identification:_identify(src/arxmsgros2/arx5_arm_msg) by extensions ['colcon_meta']
[0.319s] Level 1:colcon.colcon_core.package_identification:_identify(src/arxmsgros2/arx5_arm_msg) by extension 'colcon_meta'
[0.319s] Level 1:colcon.colcon_core.package_identification:_identify(src/arxmsgros2/arx5_arm_msg) by extensions ['ros']
[0.319s] Level 1:colcon.colcon_core.package_identification:_identify(src/arxmsgros2/arx5_arm_msg) by extension 'ros'
[0.320s] DEBUG:colcon.colcon_core.package_identification:Package 'src/arxmsgros2/arx5_arm_msg' with type 'ros.ament_cmake' and name 'arx5_arm_msg'
[0.320s] Level 1:colcon.colcon_core.package_discovery:discover_packages(recursive) using defaults
[0.320s] Level 1:colcon.colcon_core.package_discovery:discover_packages(ignore) discover
[0.320s] Level 1:colcon.colcon_core.package_discovery:discover_packages(ignore) using defaults
[0.320s] Level 1:colcon.colcon_core.package_discovery:discover_packages(path) discover
[0.320s] Level 1:colcon.colcon_core.package_discovery:discover_packages(path) using defaults
[0.335s] Level 1:colcon.colcon_core.package_discovery:discover_packages(prefix_path) check parameters
[0.335s] Level 1:colcon.colcon_core.package_discovery:discover_packages(prefix_path) discover
[0.337s] DEBUG:colcon.colcon_installed_package_information.package_discovery:Found 292 installed packages in /opt/ros/foxy
[0.348s] Level 1:colcon.colcon_core.package_discovery:discover_packages(prefix_path) using defaults
[0.395s] Level 5:colcon.colcon_core.verb:set package 'arm_control' build argument 'cmake_args' from command line to 'None'
[0.395s] Level 5:colcon.colcon_core.verb:set package 'arm_control' build argument 'cmake_target' from command line to 'None'
[0.395s] Level 5:colcon.colcon_core.verb:set package 'arm_control' build argument 'cmake_target_skip_unavailable' from command line to 'False'
[0.395s] Level 5:colcon.colcon_core.verb:set package 'arm_control' build argument 'cmake_clean_cache' from command line to 'False'
[0.395s] Level 5:colcon.colcon_core.verb:set package 'arm_control' build argument 'cmake_clean_first' from command line to 'False'
[0.395s] Level 5:colcon.colcon_core.verb:set package 'arm_control' build argument 'cmake_force_configure' from command line to 'False'
[0.395s] Level 5:colcon.colcon_core.verb:set package 'arm_control' build argument 'ament_cmake_args' from command line to 'None'
[0.395s] Level 5:colcon.colcon_core.verb:set package 'arm_control' build argument 'catkin_cmake_args' from command line to 'None'
[0.395s] Level 5:colcon.colcon_core.verb:set package 'arm_control' build argument 'catkin_skip_building_tests' from command line to 'False'
[0.395s] DEBUG:colcon.colcon_core.verb:Building package 'arm_control' with the following arguments: {'ament_cmake_args': None, 'build_base': '/home/go2/ARX_X5/ROS2/X5_ws/build/arm_control', 'catkin_cmake_args': None, 'catkin_skip_building_tests': False, 'cmake_args': None, 'cmake_clean_cache': False, 'cmake_clean_first': False, 'cmake_force_configure': False, 'cmake_target': None, 'cmake_target_skip_unavailable': False, 'install_base': '/home/go2/ARX_X5/ROS2/X5_ws/install/arm_control', 'merge_install': False, 'path': '/home/go2/ARX_X5/ROS2/X5_ws/src/arxmsgros2/arm_control', 'symlink_install': False, 'test_result_base': None}
[0.395s] Level 5:colcon.colcon_core.verb:set package 'arx5_arm_msg' build argument 'cmake_args' from command line to 'None'
[0.395s] Level 5:colcon.colcon_core.verb:set package 'arx5_arm_msg' build argument 'cmake_target' from command line to 'None'
[0.395s] Level 5:colcon.colcon_core.verb:set package 'arx5_arm_msg' build argument 'cmake_target_skip_unavailable' from command line to 'False'
[0.395s] Level 5:colcon.colcon_core.verb:set package 'arx5_arm_msg' build argument 'cmake_clean_cache' from command line to 'False'
[0.395s] Level 5:colcon.colcon_core.verb:set package 'arx5_arm_msg' build argument 'cmake_clean_first' from command line to 'False'
[0.395s] Level 5:colcon.colcon_core.verb:set package 'arx5_arm_msg' build argument 'cmake_force_configure' from command line to 'False'
[0.395s] Level 5:colcon.colcon_core.verb:set package 'arx5_arm_msg' build argument 'ament_cmake_args' from command line to 'None'
[0.396s] Level 5:colcon.colcon_core.verb:set package 'arx5_arm_msg' build argument 'catkin_cmake_args' from command line to 'None'
[0.396s] Level 5:colcon.colcon_core.verb:set package 'arx5_arm_msg' build argument 'catkin_skip_building_tests' from command line to 'False'
[0.396s] DEBUG:colcon.colcon_core.verb:Building package 'arx5_arm_msg' with the following arguments: {'ament_cmake_args': None, 'build_base': '/home/go2/ARX_X5/ROS2/X5_ws/build/arx5_arm_msg', 'catkin_cmake_args': None, 'catkin_skip_building_tests': False, 'cmake_args': None, 'cmake_clean_cache': False, 'cmake_clean_first': False, 'cmake_force_configure': False, 'cmake_target': None, 'cmake_target_skip_unavailable': False, 'install_base': '/home/go2/ARX_X5/ROS2/X5_ws/install/arx5_arm_msg', 'merge_install': False, 'path': '/home/go2/ARX_X5/ROS2/X5_ws/src/arxmsgros2/arx5_arm_msg', 'symlink_install': False, 'test_result_base': None}
[0.396s] Level 5:colcon.colcon_core.verb:set package 'arx_x5_controller' build argument 'cmake_args' from command line to 'None'
[0.396s] Level 5:colcon.colcon_core.verb:set package 'arx_x5_controller' build argument 'cmake_target' from command line to 'None'
[0.396s] Level 5:colcon.colcon_core.verb:set package 'arx_x5_controller' build argument 'cmake_target_skip_unavailable' from command line to 'False'
[0.396s] Level 5:colcon.colcon_core.verb:set package 'arx_x5_controller' build argument 'cmake_clean_cache' from command line to 'False'
[0.396s] Level 5:colcon.colcon_core.verb:set package 'arx_x5_controller' build argument 'cmake_clean_first' from command line to 'False'
[0.396s] Level 5:colcon.colcon_core.verb:set package 'arx_x5_controller' build argument 'cmake_force_configure' from command line to 'False'
[0.396s] Level 5:colcon.colcon_core.verb:set package 'arx_x5_controller' build argument 'ament_cmake_args' from command line to 'None'
[0.396s] Level 5:colcon.colcon_core.verb:set package 'arx_x5_controller' build argument 'catkin_cmake_args' from command line to 'None'
[0.396s] Level 5:colcon.colcon_core.verb:set package 'arx_x5_controller' build argument 'catkin_skip_building_tests' from command line to 'False'
[0.396s] DEBUG:colcon.colcon_core.verb:Building package 'arx_x5_controller' with the following arguments: {'ament_cmake_args': None, 'build_base': '/home/go2/ARX_X5/ROS2/X5_ws/build/arx_x5_controller', 'catkin_cmake_args': None, 'catkin_skip_building_tests': False, 'cmake_args': None, 'cmake_clean_cache': False, 'cmake_clean_first': False, 'cmake_force_configure': False, 'cmake_target': None, 'cmake_target_skip_unavailable': False, 'install_base': '/home/go2/ARX_X5/ROS2/X5_ws/install/arx_x5_controller', 'merge_install': False, 'path': '/home/go2/ARX_X5/ROS2/X5_ws/src/arx_x5_ros2/arx_x5_controller', 'symlink_install': False, 'test_result_base': None}
[0.396s] INFO:colcon.colcon_core.executor:Executing jobs using 'parallel' executor
[0.397s] DEBUG:colcon.colcon_parallel_executor.executor.parallel:run_until_complete
[0.398s] INFO:colcon.colcon_ros.task.catkin.build:Building ROS package in '/home/go2/ARX_X5/ROS2/X5_ws/src/arxmsgros2/arm_control' with build type 'catkin'
[0.398s] INFO:colcon.colcon_cmake.task.cmake.build:Building CMake package in '/home/go2/ARX_X5/ROS2/X5_ws/src/arxmsgros2/arm_control'
[0.400s] INFO:colcon.colcon_core.plugin_system:Skipping extension 'colcon_core.shell.bat': Not used on non-Windows systems
[0.401s] INFO:colcon.colcon_core.shell:Skip shell extension 'powershell' for command environment: Not usable outside of PowerShell
[0.401s] DEBUG:colcon.colcon_core.shell:Skip shell extension 'dsv' for command environment
[0.405s] INFO:colcon.colcon_ros.task.ament_cmake.build:Building ROS package in '/home/go2/ARX_X5/ROS2/X5_ws/src/arxmsgros2/arx5_arm_msg' with build type 'ament_cmake'
[0.405s] INFO:colcon.colcon_cmake.task.cmake.build:Building CMake package in '/home/go2/ARX_X5/ROS2/X5_ws/src/arxmsgros2/arx5_arm_msg'
[0.406s] INFO:colcon.colcon_core.shell:Skip shell extension 'powershell' for command environment: Not usable outside of PowerShell
[0.406s] DEBUG:colcon.colcon_core.shell:Skip shell extension 'dsv' for command environment
[0.416s] DEBUG:colcon.colcon_core.event_handler.log_command:Invoking command in '/home/go2/ARX_X5/ROS2/X5_ws/build/arm_control': CONDA_PROMPT_MODIFIER=(ARX) /usr/bin/cmake /home/go2/ARX_X5/ROS2/X5_ws/src/arxmsgros2/arm_control -DCATKIN_INSTALL_INTO_PREFIX_ROOT=0 -DCMAKE_INSTALL_PREFIX=/home/go2/ARX_X5/ROS2/X5_ws/install/arm_control
[0.422s] DEBUG:colcon.colcon_core.event_handler.log_command:Invoking command in '/home/go2/ARX_X5/ROS2/X5_ws/build/arx5_arm_msg': CMAKE_PREFIX_PATH=/opt/ros/foxy CONDA_PROMPT_MODIFIER=(ARX) /usr/bin/cmake /home/go2/ARX_X5/ROS2/X5_ws/src/arxmsgros2/arx5_arm_msg -DCMAKE_INSTALL_PREFIX=/home/go2/ARX_X5/ROS2/X5_ws/install/arx5_arm_msg
[2.714s] DEBUG:colcon.colcon_core.event_handler.log_command:Invoked command in '/home/go2/ARX_X5/ROS2/X5_ws/build/arm_control' returned '0': CONDA_PROMPT_MODIFIER=(ARX) /usr/bin/cmake /home/go2/ARX_X5/ROS2/X5_ws/src/arxmsgros2/arm_control -DCATKIN_INSTALL_INTO_PREFIX_ROOT=0 -DCMAKE_INSTALL_PREFIX=/home/go2/ARX_X5/ROS2/X5_ws/install/arm_control
[2.715s] DEBUG:colcon.colcon_core.event_handler.log_command:Invoking command in '/home/go2/ARX_X5/ROS2/X5_ws/build/arm_control': CONDA_PROMPT_MODIFIER=(ARX) /usr/bin/cmake --build /home/go2/ARX_X5/ROS2/X5_ws/build/arm_control -- -j56 -l56
[2.910s] DEBUG:colcon.colcon_core.event_handler.log_command:Invoked command in '/home/go2/ARX_X5/ROS2/X5_ws/build/arx5_arm_msg' returned '0': CMAKE_PREFIX_PATH=/opt/ros/foxy CONDA_PROMPT_MODIFIER=(ARX) /usr/bin/cmake /home/go2/ARX_X5/ROS2/X5_ws/src/arxmsgros2/arx5_arm_msg -DCMAKE_INSTALL_PREFIX=/home/go2/ARX_X5/ROS2/X5_ws/install/arx5_arm_msg
[2.913s] DEBUG:colcon.colcon_core.event_handler.log_command:Invoking command in '/home/go2/ARX_X5/ROS2/X5_ws/build/arx5_arm_msg': CMAKE_PREFIX_PATH=/opt/ros/foxy CONDA_PROMPT_MODIFIER=(ARX) /usr/bin/cmake --build /home/go2/ARX_X5/ROS2/X5_ws/build/arx5_arm_msg -- -j56 -l56
[5.210s] DEBUG:colcon.colcon_core.event_handler.log_command:Invoked command in '/home/go2/ARX_X5/ROS2/X5_ws/build/arm_control' returned '0': CONDA_PROMPT_MODIFIER=(ARX) /usr/bin/cmake --build /home/go2/ARX_X5/ROS2/X5_ws/build/arm_control -- -j56 -l56
[5.222s] DEBUG:colcon.colcon_core.event_handler.log_command:Invoking command in '/home/go2/ARX_X5/ROS2/X5_ws/build/arm_control': CONDA_PROMPT_MODIFIER=(ARX) /usr/bin/cmake --install /home/go2/ARX_X5/ROS2/X5_ws/build/arm_control
[5.272s] DEBUG:colcon.colcon_core.event_handler.log_command:Invoked command in '/home/go2/ARX_X5/ROS2/X5_ws/build/arm_control' returned '0': CONDA_PROMPT_MODIFIER=(ARX) /usr/bin/cmake --install /home/go2/ARX_X5/ROS2/X5_ws/build/arm_control
[5.272s] Level 1:colcon.colcon_core.shell:create_environment_hook('arm_control', 'ros_package_path')
[5.273s] INFO:colcon.colcon_core.shell:Creating environment hook '/home/go2/ARX_X5/ROS2/X5_ws/install/arm_control/share/arm_control/hook/ros_package_path.ps1'
[5.273s] INFO:colcon.colcon_core.shell:Creating environment descriptor '/home/go2/ARX_X5/ROS2/X5_ws/install/arm_control/share/arm_control/hook/ros_package_path.dsv'
[5.274s] INFO:colcon.colcon_core.shell:Creating environment hook '/home/go2/ARX_X5/ROS2/X5_ws/install/arm_control/share/arm_control/hook/ros_package_path.sh'
[5.274s] Level 1:colcon.colcon_ros.task.catkin:checking '/home/go2/ARX_X5/ROS2/X5_ws/install/arm_control/lib/python3.8/site-packages'
[5.275s] Level 1:colcon.colcon_core.shell:create_environment_hook('arm_control', 'catkin_pythonpath')
[5.275s] INFO:colcon.colcon_core.shell:Creating environment hook '/home/go2/ARX_X5/ROS2/X5_ws/install/arm_control/share/arm_control/hook/catkin_pythonpath.ps1'
[5.275s] INFO:colcon.colcon_core.shell:Creating environment descriptor '/home/go2/ARX_X5/ROS2/X5_ws/install/arm_control/share/arm_control/hook/catkin_pythonpath.dsv'
[5.275s] INFO:colcon.colcon_core.shell:Creating environment hook '/home/go2/ARX_X5/ROS2/X5_ws/install/arm_control/share/arm_control/hook/catkin_pythonpath.sh'
[5.275s] Level 1:colcon.colcon_core.shell:create_environment_hook('arm_control', 'pkg_config_path')
[5.276s] INFO:colcon.colcon_core.shell:Creating environment hook '/home/go2/ARX_X5/ROS2/X5_ws/install/arm_control/share/arm_control/hook/pkg_config_path.ps1'
[5.276s] INFO:colcon.colcon_core.shell:Creating environment descriptor '/home/go2/ARX_X5/ROS2/X5_ws/install/arm_control/share/arm_control/hook/pkg_config_path.dsv'
[5.276s] INFO:colcon.colcon_core.shell:Creating environment hook '/home/go2/ARX_X5/ROS2/X5_ws/install/arm_control/share/arm_control/hook/pkg_config_path.sh'
[5.281s] Level 1:colcon.colcon_core.shell:create_environment_hook('arm_control', 'pkg_config_path_multiarch')
[5.282s] INFO:colcon.colcon_core.shell:Creating environment hook '/home/go2/ARX_X5/ROS2/X5_ws/install/arm_control/share/arm_control/hook/pkg_config_path_multiarch.ps1'
[5.282s] INFO:colcon.colcon_core.shell:Creating environment descriptor '/home/go2/ARX_X5/ROS2/X5_ws/install/arm_control/share/arm_control/hook/pkg_config_path_multiarch.dsv'
[5.282s] INFO:colcon.colcon_core.shell:Creating environment hook '/home/go2/ARX_X5/ROS2/X5_ws/install/arm_control/share/arm_control/hook/pkg_config_path_multiarch.sh'
[5.283s] Level 1:colcon.colcon_core.environment:create_environment_scripts_only(arm_control)
[5.287s] Level 1:colcon.colcon_core.environment:checking '/home/go2/ARX_X5/ROS2/X5_ws/install/arm_control' for CMake module files
[5.287s] Level 1:colcon.colcon_core.environment:checking '/home/go2/ARX_X5/ROS2/X5_ws/install/arm_control' for CMake config files
[5.288s] Level 1:colcon.colcon_core.shell:create_environment_hook('arm_control', 'cmake_prefix_path')
[5.288s] INFO:colcon.colcon_core.shell:Creating environment hook '/home/go2/ARX_X5/ROS2/X5_ws/install/arm_control/share/arm_control/hook/cmake_prefix_path.ps1'
[5.288s] INFO:colcon.colcon_core.shell:Creating environment descriptor '/home/go2/ARX_X5/ROS2/X5_ws/install/arm_control/share/arm_control/hook/cmake_prefix_path.dsv'
[5.288s] INFO:colcon.colcon_core.shell:Creating environment hook '/home/go2/ARX_X5/ROS2/X5_ws/install/arm_control/share/arm_control/hook/cmake_prefix_path.sh'
[5.289s] Level 1:colcon.colcon_core.environment:checking '/home/go2/ARX_X5/ROS2/X5_ws/install/arm_control/lib'
[5.289s] Level 1:colcon.colcon_core.shell:create_environment_hook('arm_control', 'ld_library_path_lib')
[5.289s] INFO:colcon.colcon_core.shell:Creating environment hook '/home/go2/ARX_X5/ROS2/X5_ws/install/arm_control/share/arm_control/hook/ld_library_path_lib.ps1'
[5.289s] INFO:colcon.colcon_core.shell:Creating environment descriptor '/home/go2/ARX_X5/ROS2/X5_ws/install/arm_control/share/arm_control/hook/ld_library_path_lib.dsv'
[5.290s] INFO:colcon.colcon_core.shell:Creating environment hook '/home/go2/ARX_X5/ROS2/X5_ws/install/arm_control/share/arm_control/hook/ld_library_path_lib.sh'
[5.290s] Level 1:colcon.colcon_core.environment:checking '/home/go2/ARX_X5/ROS2/X5_ws/install/arm_control/bin'
[5.290s] Level 1:colcon.colcon_core.environment:checking '/home/go2/ARX_X5/ROS2/X5_ws/install/arm_control/lib/pkgconfig/arm_control.pc'
[5.290s] Level 1:colcon.colcon_core.environment:checking '/home/go2/ARX_X5/ROS2/X5_ws/install/arm_control/lib/python3.8/site-packages'
[5.290s] Level 1:colcon.colcon_core.shell:create_environment_hook('arm_control', 'pythonpath')
[5.290s] INFO:colcon.colcon_core.shell:Creating environment hook '/home/go2/ARX_X5/ROS2/X5_ws/install/arm_control/share/arm_control/hook/pythonpath.ps1'
[5.291s] INFO:colcon.colcon_core.shell:Creating environment descriptor '/home/go2/ARX_X5/ROS2/X5_ws/install/arm_control/share/arm_control/hook/pythonpath.dsv'
[5.291s] INFO:colcon.colcon_core.shell:Creating environment hook '/home/go2/ARX_X5/ROS2/X5_ws/install/arm_control/share/arm_control/hook/pythonpath.sh'
[5.291s] Level 1:colcon.colcon_core.environment:checking '/home/go2/ARX_X5/ROS2/X5_ws/install/arm_control/bin'
[5.291s] INFO:colcon.colcon_core.shell:Creating package script '/home/go2/ARX_X5/ROS2/X5_ws/install/arm_control/share/arm_control/package.ps1'
[5.292s] INFO:colcon.colcon_core.shell:Creating package descriptor '/home/go2/ARX_X5/ROS2/X5_ws/install/arm_control/share/arm_control/package.dsv'
[5.293s] INFO:colcon.colcon_core.shell:Creating package script '/home/go2/ARX_X5/ROS2/X5_ws/install/arm_control/share/arm_control/package.sh'
[5.294s] INFO:colcon.colcon_core.shell:Creating package script '/home/go2/ARX_X5/ROS2/X5_ws/install/arm_control/share/arm_control/package.bash'
[5.296s] INFO:colcon.colcon_core.shell:Creating package script '/home/go2/ARX_X5/ROS2/X5_ws/install/arm_control/share/arm_control/package.zsh'
[5.297s] Level 1:colcon.colcon_core.environment:create_file_with_runtime_dependencies(/home/go2/ARX_X5/ROS2/X5_ws/install/arm_control/share/colcon-core/packages/arm_control)
[5.426s] DEBUG:colcon.colcon_core.event_handler.log_command:Invoked command in '/home/go2/ARX_X5/ROS2/X5_ws/build/arx5_arm_msg' returned '0': CMAKE_PREFIX_PATH=/opt/ros/foxy CONDA_PROMPT_MODIFIER=(ARX) /usr/bin/cmake --build /home/go2/ARX_X5/ROS2/X5_ws/build/arx5_arm_msg -- -j56 -l56
[5.427s] DEBUG:colcon.colcon_core.event_handler.log_command:Invoking command in '/home/go2/ARX_X5/ROS2/X5_ws/build/arx5_arm_msg': CMAKE_PREFIX_PATH=/opt/ros/foxy CONDA_PROMPT_MODIFIER=(ARX) /usr/bin/cmake --install /home/go2/ARX_X5/ROS2/X5_ws/build/arx5_arm_msg
[5.477s] Level 1:colcon.colcon_core.environment:create_environment_scripts_only(arx5_arm_msg)
[5.478s] Level 1:colcon.colcon_core.environment:checking '/home/go2/ARX_X5/ROS2/X5_ws/install/arx5_arm_msg' for CMake module files
[5.479s] DEBUG:colcon.colcon_core.event_handler.log_command:Invoked command in '/home/go2/ARX_X5/ROS2/X5_ws/build/arx5_arm_msg' returned '0': CMAKE_PREFIX_PATH=/opt/ros/foxy CONDA_PROMPT_MODIFIER=(ARX) /usr/bin/cmake --install /home/go2/ARX_X5/ROS2/X5_ws/build/arx5_arm_msg
[5.479s] Level 1:colcon.colcon_core.environment:checking '/home/go2/ARX_X5/ROS2/X5_ws/install/arx5_arm_msg' for CMake config files
[5.479s] Level 1:colcon.colcon_core.shell:create_environment_hook('arx5_arm_msg', 'cmake_prefix_path')
[5.480s] INFO:colcon.colcon_core.shell:Creating environment hook '/home/go2/ARX_X5/ROS2/X5_ws/install/arx5_arm_msg/share/arx5_arm_msg/hook/cmake_prefix_path.ps1'
[5.480s] INFO:colcon.colcon_core.shell:Creating environment descriptor '/home/go2/ARX_X5/ROS2/X5_ws/install/arx5_arm_msg/share/arx5_arm_msg/hook/cmake_prefix_path.dsv'
[5.480s] INFO:colcon.colcon_core.shell:Creating environment hook '/home/go2/ARX_X5/ROS2/X5_ws/install/arx5_arm_msg/share/arx5_arm_msg/hook/cmake_prefix_path.sh'
[5.481s] Level 1:colcon.colcon_core.environment:checking '/home/go2/ARX_X5/ROS2/X5_ws/install/arx5_arm_msg/lib'
[5.481s] Level 1:colcon.colcon_core.shell:create_environment_hook('arx5_arm_msg', 'ld_library_path_lib')
[5.481s] INFO:colcon.colcon_core.shell:Creating environment hook '/home/go2/ARX_X5/ROS2/X5_ws/install/arx5_arm_msg/share/arx5_arm_msg/hook/ld_library_path_lib.ps1'
[5.481s] INFO:colcon.colcon_core.shell:Creating environment descriptor '/home/go2/ARX_X5/ROS2/X5_ws/install/arx5_arm_msg/share/arx5_arm_msg/hook/ld_library_path_lib.dsv'
[5.481s] INFO:colcon.colcon_core.shell:Creating environment hook '/home/go2/ARX_X5/ROS2/X5_ws/install/arx5_arm_msg/share/arx5_arm_msg/hook/ld_library_path_lib.sh'
[5.482s] Level 1:colcon.colcon_core.environment:checking '/home/go2/ARX_X5/ROS2/X5_ws/install/arx5_arm_msg/bin'
[5.482s] Level 1:colcon.colcon_core.environment:checking '/home/go2/ARX_X5/ROS2/X5_ws/install/arx5_arm_msg/lib/pkgconfig/arx5_arm_msg.pc'
[5.482s] Level 1:colcon.colcon_core.environment:checking '/home/go2/ARX_X5/ROS2/X5_ws/install/arx5_arm_msg/lib/python3.8/site-packages'
[5.482s] Level 1:colcon.colcon_core.shell:create_environment_hook('arx5_arm_msg', 'pythonpath')
[5.482s] INFO:colcon.colcon_core.shell:Creating environment hook '/home/go2/ARX_X5/ROS2/X5_ws/install/arx5_arm_msg/share/arx5_arm_msg/hook/pythonpath.ps1'
[5.482s] INFO:colcon.colcon_core.shell:Creating environment descriptor '/home/go2/ARX_X5/ROS2/X5_ws/install/arx5_arm_msg/share/arx5_arm_msg/hook/pythonpath.dsv'
[5.483s] INFO:colcon.colcon_core.shell:Creating environment hook '/home/go2/ARX_X5/ROS2/X5_ws/install/arx5_arm_msg/share/arx5_arm_msg/hook/pythonpath.sh'
[5.485s] Level 1:colcon.colcon_core.environment:checking '/home/go2/ARX_X5/ROS2/X5_ws/install/arx5_arm_msg/bin'
[5.485s] INFO:colcon.colcon_core.shell:Creating package script '/home/go2/ARX_X5/ROS2/X5_ws/install/arx5_arm_msg/share/arx5_arm_msg/package.ps1'
[5.486s] INFO:colcon.colcon_core.shell:Creating package descriptor '/home/go2/ARX_X5/ROS2/X5_ws/install/arx5_arm_msg/share/arx5_arm_msg/package.dsv'
[5.486s] INFO:colcon.colcon_core.shell:Creating package script '/home/go2/ARX_X5/ROS2/X5_ws/install/arx5_arm_msg/share/arx5_arm_msg/package.sh'
[5.487s] INFO:colcon.colcon_core.shell:Creating package script '/home/go2/ARX_X5/ROS2/X5_ws/install/arx5_arm_msg/share/arx5_arm_msg/package.bash'
[5.487s] INFO:colcon.colcon_core.shell:Creating package script '/home/go2/ARX_X5/ROS2/X5_ws/install/arx5_arm_msg/share/arx5_arm_msg/package.zsh'
[5.487s] Level 1:colcon.colcon_core.environment:create_file_with_runtime_dependencies(/home/go2/ARX_X5/ROS2/X5_ws/install/arx5_arm_msg/share/colcon-core/packages/arx5_arm_msg)
[5.488s] Level 1:colcon.colcon_core.environment:create_environment_scripts_only(arx5_arm_msg)
[5.488s] Level 1:colcon.colcon_core.environment:checking '/home/go2/ARX_X5/ROS2/X5_ws/install/arx5_arm_msg' for CMake module files
[5.488s] Level 1:colcon.colcon_core.environment:checking '/home/go2/ARX_X5/ROS2/X5_ws/install/arx5_arm_msg' for CMake config files
[5.489s] Level 1:colcon.colcon_core.shell:create_environment_hook('arx5_arm_msg', 'cmake_prefix_path')
[5.489s] INFO:colcon.colcon_core.shell:Creating environment hook '/home/go2/ARX_X5/ROS2/X5_ws/install/arx5_arm_msg/share/arx5_arm_msg/hook/cmake_prefix_path.ps1'
[5.489s] INFO:colcon.colcon_core.shell:Creating environment descriptor '/home/go2/ARX_X5/ROS2/X5_ws/install/arx5_arm_msg/share/arx5_arm_msg/hook/cmake_prefix_path.dsv'
[5.489s] INFO:colcon.colcon_core.shell:Creating environment hook '/home/go2/ARX_X5/ROS2/X5_ws/install/arx5_arm_msg/share/arx5_arm_msg/hook/cmake_prefix_path.sh'
[5.490s] Level 1:colcon.colcon_core.environment:checking '/home/go2/ARX_X5/ROS2/X5_ws/install/arx5_arm_msg/lib'
[5.490s] Level 1:colcon.colcon_core.shell:create_environment_hook('arx5_arm_msg', 'ld_library_path_lib')
[5.490s] INFO:colcon.colcon_core.shell:Creating environment hook '/home/go2/ARX_X5/ROS2/X5_ws/install/arx5_arm_msg/share/arx5_arm_msg/hook/ld_library_path_lib.ps1'
[5.490s] INFO:colcon.colcon_core.shell:Creating environment descriptor '/home/go2/ARX_X5/ROS2/X5_ws/install/arx5_arm_msg/share/arx5_arm_msg/hook/ld_library_path_lib.dsv'
[5.491s] INFO:colcon.colcon_core.shell:Creating environment hook '/home/go2/ARX_X5/ROS2/X5_ws/install/arx5_arm_msg/share/arx5_arm_msg/hook/ld_library_path_lib.sh'
[5.491s] Level 1:colcon.colcon_core.environment:checking '/home/go2/ARX_X5/ROS2/X5_ws/install/arx5_arm_msg/bin'
[5.491s] Level 1:colcon.colcon_core.environment:checking '/home/go2/ARX_X5/ROS2/X5_ws/install/arx5_arm_msg/lib/pkgconfig/arx5_arm_msg.pc'
[5.491s] Level 1:colcon.colcon_core.environment:checking '/home/go2/ARX_X5/ROS2/X5_ws/install/arx5_arm_msg/lib/python3.8/site-packages'
[5.491s] Level 1:colcon.colcon_core.shell:create_environment_hook('arx5_arm_msg', 'pythonpath')
[5.491s] INFO:colcon.colcon_core.shell:Creating environment hook '/home/go2/ARX_X5/ROS2/X5_ws/install/arx5_arm_msg/share/arx5_arm_msg/hook/pythonpath.ps1'
[5.491s] INFO:colcon.colcon_core.shell:Creating environment descriptor '/home/go2/ARX_X5/ROS2/X5_ws/install/arx5_arm_msg/share/arx5_arm_msg/hook/pythonpath.dsv'
[5.492s] INFO:colcon.colcon_core.shell:Creating environment hook '/home/go2/ARX_X5/ROS2/X5_ws/install/arx5_arm_msg/share/arx5_arm_msg/hook/pythonpath.sh'
[5.492s] Level 1:colcon.colcon_core.environment:checking '/home/go2/ARX_X5/ROS2/X5_ws/install/arx5_arm_msg/bin'
[5.492s] INFO:colcon.colcon_core.shell:Creating package script '/home/go2/ARX_X5/ROS2/X5_ws/install/arx5_arm_msg/share/arx5_arm_msg/package.ps1'
[5.493s] INFO:colcon.colcon_core.shell:Creating package descriptor '/home/go2/ARX_X5/ROS2/X5_ws/install/arx5_arm_msg/share/arx5_arm_msg/package.dsv'
[5.493s] INFO:colcon.colcon_core.shell:Creating package script '/home/go2/ARX_X5/ROS2/X5_ws/install/arx5_arm_msg/share/arx5_arm_msg/package.sh'
[5.493s] INFO:colcon.colcon_core.shell:Creating package script '/home/go2/ARX_X5/ROS2/X5_ws/install/arx5_arm_msg/share/arx5_arm_msg/package.bash'
[5.493s] INFO:colcon.colcon_core.shell:Creating package script '/home/go2/ARX_X5/ROS2/X5_ws/install/arx5_arm_msg/share/arx5_arm_msg/package.zsh'
[5.494s] Level 1:colcon.colcon_core.environment:create_file_with_runtime_dependencies(/home/go2/ARX_X5/ROS2/X5_ws/install/arx5_arm_msg/share/colcon-core/packages/arx5_arm_msg)
[5.494s] INFO:colcon.colcon_ros.task.ament_cmake.build:Building ROS package in '/home/go2/ARX_X5/ROS2/X5_ws/src/arx_x5_ros2/arx_x5_controller' with build type 'ament_cmake'
[5.494s] INFO:colcon.colcon_cmake.task.cmake.build:Building CMake package in '/home/go2/ARX_X5/ROS2/X5_ws/src/arx_x5_ros2/arx_x5_controller'
[5.494s] INFO:colcon.colcon_core.shell:Skip shell extension 'powershell' for command environment: Not usable outside of PowerShell
[5.494s] DEBUG:colcon.colcon_core.shell:Skip shell extension 'dsv' for command environment
[5.518s] DEBUG:colcon.colcon_core.event_handler.log_command:Invoking command in '/home/go2/ARX_X5/ROS2/X5_ws/build/arx_x5_controller': AMENT_PREFIX_PATH=/home/go2/ARX_X5/ROS2/X5_ws/install/arx5_arm_msg:${AMENT_PREFIX_PATH} CMAKE_PREFIX_PATH=/home/go2/ARX_X5/ROS2/X5_ws/install/arx5_arm_msg:/opt/ros/foxy:/home/go2/ARX_X5/ROS2/X5_ws/install/arm_control CONDA_PROMPT_MODIFIER=(ARX) LD_LIBRARY_PATH=/home/go2/ARX_X5/ROS2/X5_ws/install/arx5_arm_msg/lib:/home/go2/ARX_X5/ROS2/X5_ws/install/arm_control/lib:${LD_LIBRARY_PATH} PKG_CONFIG_PATH=/home/go2/ARX_X5/ROS2/X5_ws/install/arm_control/lib/x86_64-linux-gnu/pkgconfig:/home/go2/ARX_X5/ROS2/X5_ws/install/arm_control/lib/pkgconfig PYTHONPATH=/home/go2/ARX_X5/ROS2/X5_ws/install/arx5_arm_msg/lib/python3.8/site-packages:/home/go2/ARX_X5/ROS2/X5_ws/install/arm_control/lib/python3.8/site-packages:${PYTHONPATH} ROS_PACKAGE_PATH=/home/go2/ARX_X5/ROS2/X5_ws/install/arm_control/share /usr/bin/cmake /home/go2/ARX_X5/ROS2/X5_ws/src/arx_x5_ros2/arx_x5_controller -DCMAKE_INSTALL_PREFIX=/home/go2/ARX_X5/ROS2/X5_ws/install/arx_x5_controller
[7.202s] DEBUG:colcon.colcon_core.event_handler.log_command:Invoked command in '/home/go2/ARX_X5/ROS2/X5_ws/build/arx_x5_controller' returned '0': AMENT_PREFIX_PATH=/home/go2/ARX_X5/ROS2/X5_ws/install/arx5_arm_msg:${AMENT_PREFIX_PATH} CMAKE_PREFIX_PATH=/home/go2/ARX_X5/ROS2/X5_ws/install/arx5_arm_msg:/opt/ros/foxy:/home/go2/ARX_X5/ROS2/X5_ws/install/arm_control CONDA_PROMPT_MODIFIER=(ARX) LD_LIBRARY_PATH=/home/go2/ARX_X5/ROS2/X5_ws/install/arx5_arm_msg/lib:/home/go2/ARX_X5/ROS2/X5_ws/install/arm_control/lib:${LD_LIBRARY_PATH} PKG_CONFIG_PATH=/home/go2/ARX_X5/ROS2/X5_ws/install/arm_control/lib/x86_64-linux-gnu/pkgconfig:/home/go2/ARX_X5/ROS2/X5_ws/install/arm_control/lib/pkgconfig PYTHONPATH=/home/go2/ARX_X5/ROS2/X5_ws/install/arx5_arm_msg/lib/python3.8/site-packages:/home/go2/ARX_X5/ROS2/X5_ws/install/arm_control/lib/python3.8/site-packages:${PYTHONPATH} ROS_PACKAGE_PATH=/home/go2/ARX_X5/ROS2/X5_ws/install/arm_control/share /usr/bin/cmake /home/go2/ARX_X5/ROS2/X5_ws/src/arx_x5_ros2/arx_x5_controller -DCMAKE_INSTALL_PREFIX=/home/go2/ARX_X5/ROS2/X5_ws/install/arx_x5_controller
[7.206s] DEBUG:colcon.colcon_core.event_handler.log_command:Invoking command in '/home/go2/ARX_X5/ROS2/X5_ws/build/arx_x5_controller': AMENT_PREFIX_PATH=/home/go2/ARX_X5/ROS2/X5_ws/install/arx5_arm_msg:${AMENT_PREFIX_PATH} CMAKE_PREFIX_PATH=/home/go2/ARX_X5/ROS2/X5_ws/install/arx5_arm_msg:/opt/ros/foxy:/home/go2/ARX_X5/ROS2/X5_ws/install/arm_control CONDA_PROMPT_MODIFIER=(ARX) LD_LIBRARY_PATH=/home/go2/ARX_X5/ROS2/X5_ws/install/arx5_arm_msg/lib:/home/go2/ARX_X5/ROS2/X5_ws/install/arm_control/lib:${LD_LIBRARY_PATH} PKG_CONFIG_PATH=/home/go2/ARX_X5/ROS2/X5_ws/install/arm_control/lib/x86_64-linux-gnu/pkgconfig:/home/go2/ARX_X5/ROS2/X5_ws/install/arm_control/lib/pkgconfig PYTHONPATH=/home/go2/ARX_X5/ROS2/X5_ws/install/arx5_arm_msg/lib/python3.8/site-packages:/home/go2/ARX_X5/ROS2/X5_ws/install/arm_control/lib/python3.8/site-packages:${PYTHONPATH} ROS_PACKAGE_PATH=/home/go2/ARX_X5/ROS2/X5_ws/install/arm_control/share /usr/bin/cmake --build /home/go2/ARX_X5/ROS2/X5_ws/build/arx_x5_controller -- -j56 -l56
[14.566s] DEBUG:colcon.colcon_core.event_handler.log_command:Invoked command in '/home/go2/ARX_X5/ROS2/X5_ws/build/arx_x5_controller' returned '0': AMENT_PREFIX_PATH=/home/go2/ARX_X5/ROS2/X5_ws/install/arx5_arm_msg:${AMENT_PREFIX_PATH} CMAKE_PREFIX_PATH=/home/go2/ARX_X5/ROS2/X5_ws/install/arx5_arm_msg:/opt/ros/foxy:/home/go2/ARX_X5/ROS2/X5_ws/install/arm_control CONDA_PROMPT_MODIFIER=(ARX) LD_LIBRARY_PATH=/home/go2/ARX_X5/ROS2/X5_ws/install/arx5_arm_msg/lib:/home/go2/ARX_X5/ROS2/X5_ws/install/arm_control/lib:${LD_LIBRARY_PATH} PKG_CONFIG_PATH=/home/go2/ARX_X5/ROS2/X5_ws/install/arm_control/lib/x86_64-linux-gnu/pkgconfig:/home/go2/ARX_X5/ROS2/X5_ws/install/arm_control/lib/pkgconfig PYTHONPATH=/home/go2/ARX_X5/ROS2/X5_ws/install/arx5_arm_msg/lib/python3.8/site-packages:/home/go2/ARX_X5/ROS2/X5_ws/install/arm_control/lib/python3.8/site-packages:${PYTHONPATH} ROS_PACKAGE_PATH=/home/go2/ARX_X5/ROS2/X5_ws/install/arm_control/share /usr/bin/cmake --build /home/go2/ARX_X5/ROS2/X5_ws/build/arx_x5_controller -- -j56 -l56
[14.569s] DEBUG:colcon.colcon_core.event_handler.log_command:Invoking command in '/home/go2/ARX_X5/ROS2/X5_ws/build/arx_x5_controller': AMENT_PREFIX_PATH=/home/go2/ARX_X5/ROS2/X5_ws/install/arx5_arm_msg:${AMENT_PREFIX_PATH} CMAKE_PREFIX_PATH=/home/go2/ARX_X5/ROS2/X5_ws/install/arx5_arm_msg:/opt/ros/foxy:/home/go2/ARX_X5/ROS2/X5_ws/install/arm_control CONDA_PROMPT_MODIFIER=(ARX) LD_LIBRARY_PATH=/home/go2/ARX_X5/ROS2/X5_ws/install/arx5_arm_msg/lib:/home/go2/ARX_X5/ROS2/X5_ws/install/arm_control/lib:${LD_LIBRARY_PATH} PKG_CONFIG_PATH=/home/go2/ARX_X5/ROS2/X5_ws/install/arm_control/lib/x86_64-linux-gnu/pkgconfig:/home/go2/ARX_X5/ROS2/X5_ws/install/arm_control/lib/pkgconfig PYTHONPATH=/home/go2/ARX_X5/ROS2/X5_ws/install/arx5_arm_msg/lib/python3.8/site-packages:/home/go2/ARX_X5/ROS2/X5_ws/install/arm_control/lib/python3.8/site-packages:${PYTHONPATH} ROS_PACKAGE_PATH=/home/go2/ARX_X5/ROS2/X5_ws/install/arm_control/share /usr/bin/cmake --install /home/go2/ARX_X5/ROS2/X5_ws/build/arx_x5_controller
[14.629s] Level 1:colcon.colcon_core.environment:create_environment_scripts_only(arx_x5_controller)
[14.629s] DEBUG:colcon.colcon_core.event_handler.log_command:Invoked command in '/home/go2/ARX_X5/ROS2/X5_ws/build/arx_x5_controller' returned '0': AMENT_PREFIX_PATH=/home/go2/ARX_X5/ROS2/X5_ws/install/arx5_arm_msg:${AMENT_PREFIX_PATH} CMAKE_PREFIX_PATH=/home/go2/ARX_X5/ROS2/X5_ws/install/arx5_arm_msg:/opt/ros/foxy:/home/go2/ARX_X5/ROS2/X5_ws/install/arm_control CONDA_PROMPT_MODIFIER=(ARX) LD_LIBRARY_PATH=/home/go2/ARX_X5/ROS2/X5_ws/install/arx5_arm_msg/lib:/home/go2/ARX_X5/ROS2/X5_ws/install/arm_control/lib:${LD_LIBRARY_PATH} PKG_CONFIG_PATH=/home/go2/ARX_X5/ROS2/X5_ws/install/arm_control/lib/x86_64-linux-gnu/pkgconfig:/home/go2/ARX_X5/ROS2/X5_ws/install/arm_control/lib/pkgconfig PYTHONPATH=/home/go2/ARX_X5/ROS2/X5_ws/install/arx5_arm_msg/lib/python3.8/site-packages:/home/go2/ARX_X5/ROS2/X5_ws/install/arm_control/lib/python3.8/site-packages:${PYTHONPATH} ROS_PACKAGE_PATH=/home/go2/ARX_X5/ROS2/X5_ws/install/arm_control/share /usr/bin/cmake --install /home/go2/ARX_X5/ROS2/X5_ws/build/arx_x5_controller
[14.630s] Level 1:colcon.colcon_core.environment:checking '/home/go2/ARX_X5/ROS2/X5_ws/install/arx_x5_controller' for CMake module files
[14.631s] Level 1:colcon.colcon_core.environment:checking '/home/go2/ARX_X5/ROS2/X5_ws/install/arx_x5_controller' for CMake config files
[14.631s] Level 1:colcon.colcon_core.shell:create_environment_hook('arx_x5_controller', 'cmake_prefix_path')
[14.631s] INFO:colcon.colcon_core.shell:Creating environment hook '/home/go2/ARX_X5/ROS2/X5_ws/install/arx_x5_controller/share/arx_x5_controller/hook/cmake_prefix_path.ps1'
[14.632s] INFO:colcon.colcon_core.shell:Creating environment descriptor '/home/go2/ARX_X5/ROS2/X5_ws/install/arx_x5_controller/share/arx_x5_controller/hook/cmake_prefix_path.dsv'
[14.632s] INFO:colcon.colcon_core.shell:Creating environment hook '/home/go2/ARX_X5/ROS2/X5_ws/install/arx_x5_controller/share/arx_x5_controller/hook/cmake_prefix_path.sh'
[14.632s] Level 1:colcon.colcon_core.environment:checking '/home/go2/ARX_X5/ROS2/X5_ws/install/arx_x5_controller/lib'
[14.632s] Level 1:colcon.colcon_core.shell:create_environment_hook('arx_x5_controller', 'ld_library_path_lib')
[14.632s] INFO:colcon.colcon_core.shell:Creating environment hook '/home/go2/ARX_X5/ROS2/X5_ws/install/arx_x5_controller/share/arx_x5_controller/hook/ld_library_path_lib.ps1'
[14.633s] INFO:colcon.colcon_core.shell:Creating environment descriptor '/home/go2/ARX_X5/ROS2/X5_ws/install/arx_x5_controller/share/arx_x5_controller/hook/ld_library_path_lib.dsv'
[14.633s] INFO:colcon.colcon_core.shell:Creating environment hook '/home/go2/ARX_X5/ROS2/X5_ws/install/arx_x5_controller/share/arx_x5_controller/hook/ld_library_path_lib.sh'
[14.633s] Level 1:colcon.colcon_core.environment:checking '/home/go2/ARX_X5/ROS2/X5_ws/install/arx_x5_controller/bin'
[14.633s] Level 1:colcon.colcon_core.environment:checking '/home/go2/ARX_X5/ROS2/X5_ws/install/arx_x5_controller/lib/pkgconfig/arx_x5_controller.pc'
[14.633s] Level 1:colcon.colcon_core.environment:checking '/home/go2/ARX_X5/ROS2/X5_ws/install/arx_x5_controller/lib/python3.8/site-packages'
[14.633s] Level 1:colcon.colcon_core.environment:checking '/home/go2/ARX_X5/ROS2/X5_ws/install/arx_x5_controller/bin'
[14.634s] INFO:colcon.colcon_core.shell:Creating package script '/home/go2/ARX_X5/ROS2/X5_ws/install/arx_x5_controller/share/arx_x5_controller/package.ps1'
[14.634s] INFO:colcon.colcon_core.shell:Creating package descriptor '/home/go2/ARX_X5/ROS2/X5_ws/install/arx_x5_controller/share/arx_x5_controller/package.dsv'
[14.634s] INFO:colcon.colcon_core.shell:Creating package script '/home/go2/ARX_X5/ROS2/X5_ws/install/arx_x5_controller/share/arx_x5_controller/package.sh'
[14.635s] INFO:colcon.colcon_core.shell:Creating package script '/home/go2/ARX_X5/ROS2/X5_ws/install/arx_x5_controller/share/arx_x5_controller/package.bash'
[14.635s] INFO:colcon.colcon_core.shell:Creating package script '/home/go2/ARX_X5/ROS2/X5_ws/install/arx_x5_controller/share/arx_x5_controller/package.zsh'
[14.635s] Level 1:colcon.colcon_core.environment:create_file_with_runtime_dependencies(/home/go2/ARX_X5/ROS2/X5_ws/install/arx_x5_controller/share/colcon-core/packages/arx_x5_controller)
[14.636s] Level 1:colcon.colcon_core.environment:create_environment_scripts_only(arx_x5_controller)
[14.636s] Level 1:colcon.colcon_core.environment:checking '/home/go2/ARX_X5/ROS2/X5_ws/install/arx_x5_controller' for CMake module files
[14.636s] Level 1:colcon.colcon_core.environment:checking '/home/go2/ARX_X5/ROS2/X5_ws/install/arx_x5_controller' for CMake config files
[14.636s] Level 1:colcon.colcon_core.shell:create_environment_hook('arx_x5_controller', 'cmake_prefix_path')
[14.636s] INFO:colcon.colcon_core.shell:Creating environment hook '/home/go2/ARX_X5/ROS2/X5_ws/install/arx_x5_controller/share/arx_x5_controller/hook/cmake_prefix_path.ps1'
[14.637s] INFO:colcon.colcon_core.shell:Creating environment descriptor '/home/go2/ARX_X5/ROS2/X5_ws/install/arx_x5_controller/share/arx_x5_controller/hook/cmake_prefix_path.dsv'
[14.637s] INFO:colcon.colcon_core.shell:Creating environment hook '/home/go2/ARX_X5/ROS2/X5_ws/install/arx_x5_controller/share/arx_x5_controller/hook/cmake_prefix_path.sh'
[14.637s] Level 1:colcon.colcon_core.environment:checking '/home/go2/ARX_X5/ROS2/X5_ws/install/arx_x5_controller/lib'
[14.637s] Level 1:colcon.colcon_core.shell:create_environment_hook('arx_x5_controller', 'ld_library_path_lib')
[14.637s] INFO:colcon.colcon_core.shell:Creating environment hook '/home/go2/ARX_X5/ROS2/X5_ws/install/arx_x5_controller/share/arx_x5_controller/hook/ld_library_path_lib.ps1'
[14.638s] INFO:colcon.colcon_core.shell:Creating environment descriptor '/home/go2/ARX_X5/ROS2/X5_ws/install/arx_x5_controller/share/arx_x5_controller/hook/ld_library_path_lib.dsv'
[14.638s] INFO:colcon.colcon_core.shell:Creating environment hook '/home/go2/ARX_X5/ROS2/X5_ws/install/arx_x5_controller/share/arx_x5_controller/hook/ld_library_path_lib.sh'
[14.638s] Level 1:colcon.colcon_core.environment:checking '/home/go2/ARX_X5/ROS2/X5_ws/install/arx_x5_controller/bin'
[14.638s] Level 1:colcon.colcon_core.environment:checking '/home/go2/ARX_X5/ROS2/X5_ws/install/arx_x5_controller/lib/pkgconfig/arx_x5_controller.pc'
[14.638s] Level 1:colcon.colcon_core.environment:checking '/home/go2/ARX_X5/ROS2/X5_ws/install/arx_x5_controller/lib/python3.8/site-packages'
[14.639s] Level 1:colcon.colcon_core.environment:checking '/home/go2/ARX_X5/ROS2/X5_ws/install/arx_x5_controller/bin'
[14.639s] INFO:colcon.colcon_core.shell:Creating package script '/home/go2/ARX_X5/ROS2/X5_ws/install/arx_x5_controller/share/arx_x5_controller/package.ps1'
[14.641s] INFO:colcon.colcon_core.shell:Creating package descriptor '/home/go2/ARX_X5/ROS2/X5_ws/install/arx_x5_controller/share/arx_x5_controller/package.dsv'
[14.641s] INFO:colcon.colcon_core.shell:Creating package script '/home/go2/ARX_X5/ROS2/X5_ws/install/arx_x5_controller/share/arx_x5_controller/package.sh'
[14.641s] INFO:colcon.colcon_core.shell:Creating package script '/home/go2/ARX_X5/ROS2/X5_ws/install/arx_x5_controller/share/arx_x5_controller/package.bash'
[14.642s] INFO:colcon.colcon_core.shell:Creating package script '/home/go2/ARX_X5/ROS2/X5_ws/install/arx_x5_controller/share/arx_x5_controller/package.zsh'
[14.642s] Level 1:colcon.colcon_core.environment:create_file_with_runtime_dependencies(/home/go2/ARX_X5/ROS2/X5_ws/install/arx_x5_controller/share/colcon-core/packages/arx_x5_controller)
[14.642s] DEBUG:colcon.colcon_parallel_executor.executor.parallel:closing loop
[14.642s] DEBUG:colcon.colcon_parallel_executor.executor.parallel:loop closed
[14.642s] DEBUG:colcon.colcon_parallel_executor.executor.parallel:run_until_complete finished with '0'
[14.643s] DEBUG:colcon.colcon_core.event_reactor:joining thread
[14.649s] INFO:colcon.colcon_core.plugin_system:Skipping extension 'colcon_notification.desktop_notification.terminal_notifier': Not used on non-Darwin systems
[14.649s] INFO:colcon.colcon_core.plugin_system:Skipping extension 'colcon_notification.desktop_notification.win32': Not used on non-Windows systems
[14.649s] INFO:colcon.colcon_notification.desktop_notification:Sending desktop notification using 'notify2'
[14.663s] DEBUG:colcon.colcon_core.event_reactor:joined thread
[14.663s] INFO:colcon.colcon_core.shell:Creating prefix script '/home/go2/ARX_X5/ROS2/X5_ws/install/local_setup.ps1'
[14.664s] INFO:colcon.colcon_core.shell:Creating prefix util module '/home/go2/ARX_X5/ROS2/X5_ws/install/_local_setup_util_ps1.py'
[14.665s] INFO:colcon.colcon_core.shell:Creating prefix chain script '/home/go2/ARX_X5/ROS2/X5_ws/install/setup.ps1'
[14.666s] INFO:colcon.colcon_core.shell:Creating prefix script '/home/go2/ARX_X5/ROS2/X5_ws/install/local_setup.sh'
[14.667s] INFO:colcon.colcon_core.shell:Creating prefix util module '/home/go2/ARX_X5/ROS2/X5_ws/install/_local_setup_util_sh.py'
[14.667s] INFO:colcon.colcon_core.shell:Creating prefix chain script '/home/go2/ARX_X5/ROS2/X5_ws/install/setup.sh'
[14.668s] INFO:colcon.colcon_core.shell:Creating prefix script '/home/go2/ARX_X5/ROS2/X5_ws/install/local_setup.bash'
[14.668s] INFO:colcon.colcon_core.shell:Creating prefix chain script '/home/go2/ARX_X5/ROS2/X5_ws/install/setup.bash'
[14.669s] INFO:colcon.colcon_core.shell:Creating prefix script '/home/go2/ARX_X5/ROS2/X5_ws/install/local_setup.zsh'
[14.670s] INFO:colcon.colcon_core.shell:Creating prefix chain script '/home/go2/ARX_X5/ROS2/X5_ws/install/setup.zsh'
