[0.017s] Invoking command in '/home/go2/ARX_X5/ros2_ws/build/orbbec_description': CMAKE_PREFIX_PATH=/home/go2/piper_ros/install/piper_msgs:/home/go2/piper_ros/install/piper_description:/home/go2/ARX_X5/ROS2/X5_ws/install/arx_x5_controller:/home/go2/ARX_X5/ROS2/X5_ws/install/arx5_arm_msg:/home/go2/piper_ros/install/piper:/opt/ros/foxy:/home/go2/ARX_X5/ROS2/X5_ws/install/arm_control CONDA_PROMPT_MODIFIER=(ARX) /usr/bin/cmake /home/go2/ARX_X5/ros2_ws/src/OrbbecSDK_ROS2/orbbec_description -DCMAKE_BUILD_TYPE=Release -DCMAKE_INSTALL_PREFIX=/home/go2/ARX_X5/ros2_ws/install/orbbec_description
[0.079s] -- The C compiler identification is GNU 9.4.0
[0.136s] -- The CXX compiler identification is GNU 9.4.0
[0.140s] -- Check for working C compiler: /usr/bin/cc
[0.222s] -- Check for working C compiler: /usr/bin/cc -- works
[0.223s] -- Detecting C compiler ABI info
[0.315s] -- Detecting C compiler ABI info - done
[0.324s] -- Detecting C compile features
[0.325s] -- Detecting C compile features - done
[0.326s] -- Check for working CXX compiler: /usr/bin/c++
[0.427s] -- Check for working CXX compiler: /usr/bin/c++ -- works
[0.428s] -- Detecting CXX compiler ABI info
[0.529s] -- Detecting CXX compiler ABI info - done
[0.539s] -- Detecting CXX compile features
[0.540s] -- Detecting CXX compile features - done
[0.541s] -- Found ament_cmake: 0.9.12 (/opt/ros/foxy/share/ament_cmake/cmake)
[0.559s] -- Found PythonInterp: /home/go2/miniconda3/envs/ARX/bin/python3 (found suitable version "3.8", minimum required is "3") 
[0.559s] -- Using PYTHON_EXECUTABLE: /home/go2/miniconda3/envs/ARX/bin/python3
[0.734s] -- Configuring done
[0.735s] -- Generating done
[0.735s] -- Build files have been written to: /home/go2/ARX_X5/ros2_ws/build/orbbec_description
[0.739s] Invoked command in '/home/go2/ARX_X5/ros2_ws/build/orbbec_description' returned '0': CMAKE_PREFIX_PATH=/home/go2/piper_ros/install/piper_msgs:/home/go2/piper_ros/install/piper_description:/home/go2/ARX_X5/ROS2/X5_ws/install/arx_x5_controller:/home/go2/ARX_X5/ROS2/X5_ws/install/arx5_arm_msg:/home/go2/piper_ros/install/piper:/opt/ros/foxy:/home/go2/ARX_X5/ROS2/X5_ws/install/arm_control CONDA_PROMPT_MODIFIER=(ARX) /usr/bin/cmake /home/go2/ARX_X5/ros2_ws/src/OrbbecSDK_ROS2/orbbec_description -DCMAKE_BUILD_TYPE=Release -DCMAKE_INSTALL_PREFIX=/home/go2/ARX_X5/ros2_ws/install/orbbec_description
[0.742s] Invoking command in '/home/go2/ARX_X5/ros2_ws/build/orbbec_description': CMAKE_PREFIX_PATH=/home/go2/piper_ros/install/piper_msgs:/home/go2/piper_ros/install/piper_description:/home/go2/ARX_X5/ROS2/X5_ws/install/arx_x5_controller:/home/go2/ARX_X5/ROS2/X5_ws/install/arx5_arm_msg:/home/go2/piper_ros/install/piper:/opt/ros/foxy:/home/go2/ARX_X5/ROS2/X5_ws/install/arm_control CONDA_PROMPT_MODIFIER=(ARX) /usr/bin/cmake --build /home/go2/ARX_X5/ros2_ws/build/orbbec_description -- -j56 -l56
[0.787s] Invoked command in '/home/go2/ARX_X5/ros2_ws/build/orbbec_description' returned '0': CMAKE_PREFIX_PATH=/home/go2/piper_ros/install/piper_msgs:/home/go2/piper_ros/install/piper_description:/home/go2/ARX_X5/ROS2/X5_ws/install/arx_x5_controller:/home/go2/ARX_X5/ROS2/X5_ws/install/arx5_arm_msg:/home/go2/piper_ros/install/piper:/opt/ros/foxy:/home/go2/ARX_X5/ROS2/X5_ws/install/arm_control CONDA_PROMPT_MODIFIER=(ARX) /usr/bin/cmake --build /home/go2/ARX_X5/ros2_ws/build/orbbec_description -- -j56 -l56
[0.799s] Invoking command in '/home/go2/ARX_X5/ros2_ws/build/orbbec_description': CMAKE_PREFIX_PATH=/home/go2/piper_ros/install/piper_msgs:/home/go2/piper_ros/install/piper_description:/home/go2/ARX_X5/ROS2/X5_ws/install/arx_x5_controller:/home/go2/ARX_X5/ROS2/X5_ws/install/arx5_arm_msg:/home/go2/piper_ros/install/piper:/opt/ros/foxy:/home/go2/ARX_X5/ROS2/X5_ws/install/arm_control CONDA_PROMPT_MODIFIER=(ARX) /usr/bin/cmake --install /home/go2/ARX_X5/ros2_ws/build/orbbec_description
[0.809s] -- Install configuration: "Release"
[0.809s] -- Installing: /home/go2/ARX_X5/ros2_ws/install/orbbec_description/share/orbbec_description/launch
[0.809s] -- Installing: /home/go2/ARX_X5/ros2_ws/install/orbbec_description/share/orbbec_description/launch/view_model.launch.py
[0.809s] -- Installing: /home/go2/ARX_X5/ros2_ws/install/orbbec_description/share/orbbec_description/launch/launch_utils.py
[0.809s] -- Installing: /home/go2/ARX_X5/ros2_ws/install/orbbec_description/share/orbbec_description/meshes
[0.810s] -- Installing: /home/go2/ARX_X5/ros2_ws/install/orbbec_description/share/orbbec_description/meshes/femto_bolt
[0.810s] -- Installing: /home/go2/ARX_X5/ros2_ws/install/orbbec_description/share/orbbec_description/meshes/femto_bolt/femto_bolt.stl
[0.810s] -- Installing: /home/go2/ARX_X5/ros2_ws/install/orbbec_description/share/orbbec_description/meshes/gemini335_336
[0.810s] -- Installing: /home/go2/ARX_X5/ros2_ws/install/orbbec_description/share/orbbec_description/meshes/gemini335_336/camera_color_frame.STL
[0.810s] -- Installing: /home/go2/ARX_X5/ros2_ws/install/orbbec_description/share/orbbec_description/meshes/gemini335_336/camera_depth_optical_frame.STL
[0.810s] -- Installing: /home/go2/ARX_X5/ros2_ws/install/orbbec_description/share/orbbec_description/meshes/gemini335_336/camera_infra2_frame.STL
[0.812s] -- Installing: /home/go2/ARX_X5/ros2_ws/install/orbbec_description/share/orbbec_description/meshes/gemini335_336/camera_bottom_screw_frame.STL
[0.813s] -- Installing: /home/go2/ARX_X5/ros2_ws/install/orbbec_description/share/orbbec_description/meshes/gemini335_336/camera_link.STL
[0.815s] -- Installing: /home/go2/ARX_X5/ros2_ws/install/orbbec_description/share/orbbec_description/meshes/gemini335_336/camera_depth_frame.STL
[0.815s] -- Installing: /home/go2/ARX_X5/ros2_ws/install/orbbec_description/share/orbbec_description/meshes/gemini335_336/camera_infra2_optical_frame.STL
[0.816s] -- Installing: /home/go2/ARX_X5/ros2_ws/install/orbbec_description/share/orbbec_description/meshes/gemini335_336/camera_color_optical_frame.STL
[0.816s] -- Installing: /home/go2/ARX_X5/ros2_ws/install/orbbec_description/share/orbbec_description/meshes/gemini335_336/camera_infra_1_frame.STL
[0.816s] -- Installing: /home/go2/ARX_X5/ros2_ws/install/orbbec_description/share/orbbec_description/meshes/gemini335_336/camera_infra_1_optical_frame.STL
[0.817s] -- Installing: /home/go2/ARX_X5/ros2_ws/install/orbbec_description/share/orbbec_description/meshes/AstraPlus.stl
[0.839s] -- Installing: /home/go2/ARX_X5/ros2_ws/install/orbbec_description/share/orbbec_description/urdf
[0.839s] -- Installing: /home/go2/ARX_X5/ros2_ws/install/orbbec_description/share/orbbec_description/urdf/_gemini_335_336.urdf.xacro
[0.840s] -- Installing: /home/go2/ARX_X5/ros2_ws/install/orbbec_description/share/orbbec_description/urdf/femto_bolt.urdf.xacro
[0.840s] -- Installing: /home/go2/ARX_X5/ros2_ws/install/orbbec_description/share/orbbec_description/urdf/test_gemini_335.urdf.xarco
[0.840s] -- Installing: /home/go2/ARX_X5/ros2_ws/install/orbbec_description/share/orbbec_description/urdf/test_gemini_336.urdf.xarco
[0.840s] -- Installing: /home/go2/ARX_X5/ros2_ws/install/orbbec_description/share/orbbec_description/rviz
[0.840s] -- Installing: /home/go2/ARX_X5/ros2_ws/install/orbbec_description/share/orbbec_description/rviz/urdf.rviz
[0.841s] -- Installing: /home/go2/ARX_X5/ros2_ws/install/orbbec_description/share/ament_index/resource_index/package_run_dependencies/orbbec_description
[0.841s] -- Installing: /home/go2/ARX_X5/ros2_ws/install/orbbec_description/share/ament_index/resource_index/parent_prefix_path/orbbec_description
[0.841s] -- Installing: /home/go2/ARX_X5/ros2_ws/install/orbbec_description/share/orbbec_description/environment/ament_prefix_path.sh
[0.841s] -- Installing: /home/go2/ARX_X5/ros2_ws/install/orbbec_description/share/orbbec_description/environment/ament_prefix_path.dsv
[0.841s] -- Installing: /home/go2/ARX_X5/ros2_ws/install/orbbec_description/share/orbbec_description/environment/path.sh
[0.841s] -- Installing: /home/go2/ARX_X5/ros2_ws/install/orbbec_description/share/orbbec_description/environment/path.dsv
[0.842s] -- Installing: /home/go2/ARX_X5/ros2_ws/install/orbbec_description/share/orbbec_description/local_setup.bash
[0.842s] -- Installing: /home/go2/ARX_X5/ros2_ws/install/orbbec_description/share/orbbec_description/local_setup.sh
[0.842s] -- Installing: /home/go2/ARX_X5/ros2_ws/install/orbbec_description/share/orbbec_description/local_setup.zsh
[0.842s] -- Installing: /home/go2/ARX_X5/ros2_ws/install/orbbec_description/share/orbbec_description/local_setup.dsv
[0.842s] -- Installing: /home/go2/ARX_X5/ros2_ws/install/orbbec_description/share/orbbec_description/package.dsv
[0.842s] -- Installing: /home/go2/ARX_X5/ros2_ws/install/orbbec_description/share/ament_index/resource_index/packages/orbbec_description
[0.842s] -- Installing: /home/go2/ARX_X5/ros2_ws/install/orbbec_description/share/orbbec_description/cmake/orbbec_descriptionConfig.cmake
[0.842s] -- Installing: /home/go2/ARX_X5/ros2_ws/install/orbbec_description/share/orbbec_description/cmake/orbbec_descriptionConfig-version.cmake
[0.843s] -- Installing: /home/go2/ARX_X5/ros2_ws/install/orbbec_description/share/orbbec_description/package.xml
[0.844s] Invoked command in '/home/go2/ARX_X5/ros2_ws/build/orbbec_description' returned '0': CMAKE_PREFIX_PATH=/home/go2/piper_ros/install/piper_msgs:/home/go2/piper_ros/install/piper_description:/home/go2/ARX_X5/ROS2/X5_ws/install/arx_x5_controller:/home/go2/ARX_X5/ROS2/X5_ws/install/arx5_arm_msg:/home/go2/piper_ros/install/piper:/opt/ros/foxy:/home/go2/ARX_X5/ROS2/X5_ws/install/arm_control CONDA_PROMPT_MODIFIER=(ARX) /usr/bin/cmake --install /home/go2/ARX_X5/ros2_ws/build/orbbec_description
