[0.019s] Invoking command in '/home/go2/ARX_X5/ros2_ws/build/orbbec_camera_msgs': CMAKE_PREFIX_PATH=/home/go2/piper_ros/install/piper_msgs:/home/go2/piper_ros/install/piper_description:/home/go2/ARX_X5/ROS2/X5_ws/install/arx_x5_controller:/home/go2/ARX_X5/ROS2/X5_ws/install/arx5_arm_msg:/home/go2/piper_ros/install/piper:/opt/ros/foxy:/home/go2/ARX_X5/ROS2/X5_ws/install/arm_control CONDA_PROMPT_MODIFIER=(ARX) /usr/bin/cmake /home/go2/ARX_X5/ros2_ws/src/OrbbecSDK_ROS2/orbbec_camera_msgs -DCMAKE_BUILD_TYPE=Release -DCMAKE_INSTALL_PREFIX=/home/go2/ARX_X5/ros2_ws/install/orbbec_camera_msgs
[0.090s] -- The C compiler identification is GNU 9.4.0
[0.147s] -- The CXX compiler identification is GNU 9.4.0
[0.150s] -- Check for working C compiler: /usr/bin/cc
[0.235s] -- Check for working C compiler: /usr/bin/cc -- works
[0.237s] -- Detecting C compiler ABI info
[0.322s] -- Detecting C compiler ABI info - done
[0.329s] -- Detecting C compile features
[0.329s] -- Detecting C compile features - done
[0.331s] -- Check for working CXX compiler: /usr/bin/c++
[0.436s] -- Check for working CXX compiler: /usr/bin/c++ -- works
[0.439s] -- Detecting CXX compiler ABI info
[0.535s] -- Detecting CXX compiler ABI info - done
[0.542s] -- Detecting CXX compile features
[0.543s] -- Detecting CXX compile features - done
[0.544s] -- Found ament_cmake: 0.9.12 (/opt/ros/foxy/share/ament_cmake/cmake)
[0.563s] -- Found PythonInterp: /home/go2/miniconda3/envs/ARX/bin/python3 (found suitable version "3.8", minimum required is "3") 
[0.564s] -- Using PYTHON_EXECUTABLE: /home/go2/miniconda3/envs/ARX/bin/python3
[0.679s] -- Found rosidl_default_generators: 1.0.1 (/opt/ros/foxy/share/rosidl_default_generators/cmake)
[0.681s] -- Using all available rosidl_typesupport_c: rosidl_typesupport_fastrtps_c;rosidl_typesupport_introspection_c
[0.686s] -- Found rosidl_adapter: 1.3.1 (/opt/ros/foxy/share/rosidl_adapter/cmake)
[0.803s] -- Found OpenSSL: /usr/lib/x86_64-linux-gnu/libcrypto.so (found version "1.1.1f")  
[0.832s] -- Found FastRTPS: /opt/ros/foxy/include  
[0.898s] -- Using all available rosidl_typesupport_cpp: rosidl_typesupport_fastrtps_cpp;rosidl_typesupport_introspection_cpp
[0.919s] -- Found sensor_msgs: 2.0.5 (/opt/ros/foxy/share/sensor_msgs/cmake)
[1.041s] -- Found PythonInterp: /home/go2/miniconda3/envs/ARX/bin/python3 (found version "3.8") 
[1.280s] -- Found ament_cmake_ros: 0.9.2 (/opt/ros/foxy/share/ament_cmake_ros/cmake)
[1.509s] -- Using all available rosidl_typesupport_c: rosidl_typesupport_fastrtps_c;rosidl_typesupport_introspection_c
[1.612s] -- Using all available rosidl_typesupport_cpp: rosidl_typesupport_fastrtps_cpp;rosidl_typesupport_introspection_cpp
[1.632s] -- Found PythonInterp: /home/go2/miniconda3/envs/ARX/bin/python3 (found suitable version "3.8", minimum required is "3.5") 
[1.634s] -- Found python_cmake_module: 0.8.1 (/opt/ros/foxy/share/python_cmake_module/cmake)
[1.652s] -- Found PythonLibs: /home/go2/miniconda3/envs/ARX/lib/libpython3.8.so (found suitable version "3.8.0", minimum required is "3.5") 
[1.652s] -- Using PYTHON_EXECUTABLE: /home/go2/miniconda3/envs/ARX/bin/python3
[1.652s] -- Using PYTHON_INCLUDE_DIRS: /home/go2/miniconda3/envs/ARX/include/python3.8
[1.652s] -- Using PYTHON_LIBRARIES: /home/go2/miniconda3/envs/ARX/lib/libpython3.8.so
[1.673s] -- Found PythonExtra: .so  
[1.830s] -- Using numpy include directory: /home/go2/miniconda3/envs/ARX/lib/python3.8/site-packages/numpy/core/include
[1.844s] -- Found ament_lint_auto: 0.9.8 (/opt/ros/foxy/share/ament_lint_auto/cmake)
[1.867s] -- Added test 'copyright' to check source files copyright and LICENSE
[1.868s] -- Added test 'lint_cmake' to check CMake code style
[1.869s] -- Added test 'xmllint' to check XML markup files
[1.873s] -- Configuring done
[1.894s] CMake Warning at /opt/ros/foxy/share/rosidl_generator_py/cmake/rosidl_generator_py_generate_interfaces.cmake:235 (add_library):
[1.895s]   Cannot generate a safe runtime search path for target
[1.895s]   orbbec_camera_msgs__rosidl_typesupport_fastrtps_c__pyext because files in
[1.895s]   some directories may conflict with libraries in implicit directories:
[1.895s] 
[1.895s]     runtime library [libssl.so.1.1] in /usr/lib/x86_64-linux-gnu may be hidden by files in:
[1.895s]       /home/go2/miniconda3/envs/ARX/lib
[1.896s]     runtime library [libcrypto.so.1.1] in /usr/lib/x86_64-linux-gnu may be hidden by files in:
[1.896s]       /home/go2/miniconda3/envs/ARX/lib
[1.896s] 
[1.896s]   Some of these libraries may not be found correctly.
[1.896s] Call Stack (most recent call first):
[1.896s]   /opt/ros/foxy/share/ament_cmake_core/cmake/core/ament_execute_extensions.cmake:48 (include)
[1.896s]   /opt/ros/foxy/share/rosidl_cmake/cmake/rosidl_generate_interfaces.cmake:286 (ament_execute_extensions)
[1.897s]   CMakeLists.txt:17 (rosidl_generate_interfaces)
[1.897s] 
[1.897s] 
[1.939s] -- Generating done
[1.956s] -- Build files have been written to: /home/go2/ARX_X5/ros2_ws/build/orbbec_camera_msgs
[1.962s] Invoked command in '/home/go2/ARX_X5/ros2_ws/build/orbbec_camera_msgs' returned '0': CMAKE_PREFIX_PATH=/home/go2/piper_ros/install/piper_msgs:/home/go2/piper_ros/install/piper_description:/home/go2/ARX_X5/ROS2/X5_ws/install/arx_x5_controller:/home/go2/ARX_X5/ROS2/X5_ws/install/arx5_arm_msg:/home/go2/piper_ros/install/piper:/opt/ros/foxy:/home/go2/ARX_X5/ROS2/X5_ws/install/arm_control CONDA_PROMPT_MODIFIER=(ARX) /usr/bin/cmake /home/go2/ARX_X5/ros2_ws/src/OrbbecSDK_ROS2/orbbec_camera_msgs -DCMAKE_BUILD_TYPE=Release -DCMAKE_INSTALL_PREFIX=/home/go2/ARX_X5/ros2_ws/install/orbbec_camera_msgs
[1.966s] Invoking command in '/home/go2/ARX_X5/ros2_ws/build/orbbec_camera_msgs': CMAKE_PREFIX_PATH=/home/go2/piper_ros/install/piper_msgs:/home/go2/piper_ros/install/piper_description:/home/go2/ARX_X5/ROS2/X5_ws/install/arx_x5_controller:/home/go2/ARX_X5/ROS2/X5_ws/install/arx5_arm_msg:/home/go2/piper_ros/install/piper:/opt/ros/foxy:/home/go2/ARX_X5/ROS2/X5_ws/install/arm_control CONDA_PROMPT_MODIFIER=(ARX) /usr/bin/cmake --build /home/go2/ARX_X5/ros2_ws/build/orbbec_camera_msgs -- -j56 -l56
[2.024s] [35m[1mScanning dependencies of target orbbec_camera_msgs__cpp[0m
[2.026s] [  1%] [34m[1mGenerating C code for ROS interfaces[0m
[2.038s] [  1%] [34m[1mGenerating C++ code for ROS interfaces[0m
[2.769s] [  1%] Built target orbbec_camera_msgs__cpp
[2.782s] [  2%] [34m[1mGenerating C++ introspection for ROS interfaces[0m
[2.785s] [  3%] [34m[1mGenerating C++ type support dispatch for ROS interfaces[0m
[2.786s] [  3%] [34m[1mGenerating C++ type support for eProsima Fast-RTPS[0m
[2.818s] [35m[1mScanning dependencies of target orbbec_camera_msgs__rosidl_generator_c[0m
[2.847s] [  5%] [32mBuilding C object CMakeFiles/orbbec_camera_msgs__rosidl_generator_c.dir/rosidl_generator_c/orbbec_camera_msgs/msg/detail/imu_info__functions.c.o[0m
[2.847s] [  5%] [32mBuilding C object CMakeFiles/orbbec_camera_msgs__rosidl_generator_c.dir/rosidl_generator_c/orbbec_camera_msgs/msg/detail/metadata__functions.c.o[0m
[2.847s] [  6%] [32mBuilding C object CMakeFiles/orbbec_camera_msgs__rosidl_generator_c.dir/rosidl_generator_c/orbbec_camera_msgs/msg/detail/extrinsics__functions.c.o[0m
[2.847s] [  6%] [32mBuilding C object CMakeFiles/orbbec_camera_msgs__rosidl_generator_c.dir/rosidl_generator_c/orbbec_camera_msgs/msg/detail/device_info__functions.c.o[0m
[2.847s] [  7%] [32mBuilding C object CMakeFiles/orbbec_camera_msgs__rosidl_generator_c.dir/rosidl_generator_c/orbbec_camera_msgs/msg/detail/rgbd__functions.c.o[0m
[2.848s] [  8%] [32mBuilding C object CMakeFiles/orbbec_camera_msgs__rosidl_generator_c.dir/rosidl_generator_c/orbbec_camera_msgs/srv/detail/set_string__functions.c.o[0m
[2.848s] [ 10%] [32mBuilding C object CMakeFiles/orbbec_camera_msgs__rosidl_generator_c.dir/rosidl_generator_c/orbbec_camera_msgs/srv/detail/get_bool__functions.c.o[0m
[2.848s] [ 10%] [32mBuilding C object CMakeFiles/orbbec_camera_msgs__rosidl_generator_c.dir/rosidl_generator_c/orbbec_camera_msgs/srv/detail/set_int32__functions.c.o[0m
[2.850s] [ 11%] [32mBuilding C object CMakeFiles/orbbec_camera_msgs__rosidl_generator_c.dir/rosidl_generator_c/orbbec_camera_msgs/srv/detail/get_camera_info__functions.c.o[0m
[2.850s] [ 11%] [32mBuilding C object CMakeFiles/orbbec_camera_msgs__rosidl_generator_c.dir/rosidl_generator_c/orbbec_camera_msgs/srv/detail/get_string__functions.c.o[0m
[2.850s] [ 12%] [32mBuilding C object CMakeFiles/orbbec_camera_msgs__rosidl_generator_c.dir/rosidl_generator_c/orbbec_camera_msgs/srv/detail/get_device_info__functions.c.o[0m
[2.850s] [ 13%] [32mBuilding C object CMakeFiles/orbbec_camera_msgs__rosidl_generator_c.dir/rosidl_generator_c/orbbec_camera_msgs/srv/detail/get_int32__functions.c.o[0m
[2.971s] [ 14%] [32m[1mLinking C shared library liborbbec_camera_msgs__rosidl_generator_c.so[0m
[3.028s] [ 14%] Built target orbbec_camera_msgs__rosidl_generator_c
[3.041s] [ 15%] [34m[1mGenerating C type support dispatch for ROS interfaces[0m
[3.045s] [ 16%] [34m[1mGenerating C introspection for ROS interfaces[0m
[3.287s] [35m[1mScanning dependencies of target orbbec_camera_msgs__rosidl_typesupport_cpp[0m
[3.311s] [ 17%] [32mBuilding CXX object CMakeFiles/orbbec_camera_msgs__rosidl_typesupport_cpp.dir/rosidl_typesupport_cpp/orbbec_camera_msgs/msg/device_info__type_support.cpp.o[0m
[3.312s] [ 18%] [32mBuilding CXX object CMakeFiles/orbbec_camera_msgs__rosidl_typesupport_cpp.dir/rosidl_typesupport_cpp/orbbec_camera_msgs/msg/metadata__type_support.cpp.o[0m
[3.313s] [ 19%] [32mBuilding CXX object CMakeFiles/orbbec_camera_msgs__rosidl_typesupport_cpp.dir/rosidl_typesupport_cpp/orbbec_camera_msgs/srv/get_string__type_support.cpp.o[0m
[3.313s] [ 20%] [32mBuilding CXX object CMakeFiles/orbbec_camera_msgs__rosidl_typesupport_cpp.dir/rosidl_typesupport_cpp/orbbec_camera_msgs/srv/set_string__type_support.cpp.o[0m
[3.313s] [ 20%] [32mBuilding CXX object CMakeFiles/orbbec_camera_msgs__rosidl_typesupport_cpp.dir/rosidl_typesupport_cpp/orbbec_camera_msgs/srv/set_int32__type_support.cpp.o[0m
[3.313s] [ 21%] [32mBuilding CXX object CMakeFiles/orbbec_camera_msgs__rosidl_typesupport_cpp.dir/rosidl_typesupport_cpp/orbbec_camera_msgs/msg/extrinsics__type_support.cpp.o[0m
[3.314s] [ 21%] [32mBuilding CXX object CMakeFiles/orbbec_camera_msgs__rosidl_typesupport_cpp.dir/rosidl_typesupport_cpp/orbbec_camera_msgs/msg/rgbd__type_support.cpp.o[0m
[3.314s] [ 22%] [32mBuilding CXX object CMakeFiles/orbbec_camera_msgs__rosidl_typesupport_cpp.dir/rosidl_typesupport_cpp/orbbec_camera_msgs/srv/get_int32__type_support.cpp.o[0m
[3.314s] [ 23%] [32mBuilding CXX object CMakeFiles/orbbec_camera_msgs__rosidl_typesupport_cpp.dir/rosidl_typesupport_cpp/orbbec_camera_msgs/srv/get_bool__type_support.cpp.o[0m
[3.314s] [ 24%] [32mBuilding CXX object CMakeFiles/orbbec_camera_msgs__rosidl_typesupport_cpp.dir/rosidl_typesupport_cpp/orbbec_camera_msgs/srv/get_camera_info__type_support.cpp.o[0m
[3.314s] [ 25%] [32mBuilding CXX object CMakeFiles/orbbec_camera_msgs__rosidl_typesupport_cpp.dir/rosidl_typesupport_cpp/orbbec_camera_msgs/srv/get_device_info__type_support.cpp.o[0m
[3.315s] [ 26%] [32mBuilding CXX object CMakeFiles/orbbec_camera_msgs__rosidl_typesupport_cpp.dir/rosidl_typesupport_cpp/orbbec_camera_msgs/msg/imu_info__type_support.cpp.o[0m
[3.365s] [35m[1mScanning dependencies of target orbbec_camera_msgs__rosidl_typesupport_introspection_cpp[0m
[3.385s] [ 28%] [32mBuilding CXX object CMakeFiles/orbbec_camera_msgs__rosidl_typesupport_introspection_cpp.dir/rosidl_typesupport_introspection_cpp/orbbec_camera_msgs/msg/detail/imu_info__type_support.cpp.o[0m
[3.385s] [ 28%] [32mBuilding CXX object CMakeFiles/orbbec_camera_msgs__rosidl_typesupport_introspection_cpp.dir/rosidl_typesupport_introspection_cpp/orbbec_camera_msgs/msg/detail/metadata__type_support.cpp.o[0m
[3.385s] [ 29%] [32mBuilding CXX object CMakeFiles/orbbec_camera_msgs__rosidl_typesupport_introspection_cpp.dir/rosidl_typesupport_introspection_cpp/orbbec_camera_msgs/msg/detail/rgbd__type_support.cpp.o[0m
[3.386s] [ 30%] [32mBuilding CXX object CMakeFiles/orbbec_camera_msgs__rosidl_typesupport_introspection_cpp.dir/rosidl_typesupport_introspection_cpp/orbbec_camera_msgs/msg/detail/extrinsics__type_support.cpp.o[0m
[3.386s] [ 30%] [32mBuilding CXX object CMakeFiles/orbbec_camera_msgs__rosidl_typesupport_introspection_cpp.dir/rosidl_typesupport_introspection_cpp/orbbec_camera_msgs/msg/detail/device_info__type_support.cpp.o[0m
[3.386s] [ 32%] [32mBuilding CXX object CMakeFiles/orbbec_camera_msgs__rosidl_typesupport_introspection_cpp.dir/rosidl_typesupport_introspection_cpp/orbbec_camera_msgs/srv/detail/get_bool__type_support.cpp.o[0m
[3.386s] [ 32%] [32mBuilding CXX object CMakeFiles/orbbec_camera_msgs__rosidl_typesupport_introspection_cpp.dir/rosidl_typesupport_introspection_cpp/orbbec_camera_msgs/srv/detail/set_int32__type_support.cpp.o[0m
[3.387s] [ 33%] [32mBuilding CXX object CMakeFiles/orbbec_camera_msgs__rosidl_typesupport_introspection_cpp.dir/rosidl_typesupport_introspection_cpp/orbbec_camera_msgs/srv/detail/set_string__type_support.cpp.o[0m
[3.387s] [ 34%] [32mBuilding CXX object CMakeFiles/orbbec_camera_msgs__rosidl_typesupport_introspection_cpp.dir/rosidl_typesupport_introspection_cpp/orbbec_camera_msgs/srv/detail/get_string__type_support.cpp.o[0m
[3.388s] [ 34%] [32mBuilding CXX object CMakeFiles/orbbec_camera_msgs__rosidl_typesupport_introspection_cpp.dir/rosidl_typesupport_introspection_cpp/orbbec_camera_msgs/srv/detail/get_device_info__type_support.cpp.o[0m
[3.388s] [ 35%] [32mBuilding CXX object CMakeFiles/orbbec_camera_msgs__rosidl_typesupport_introspection_cpp.dir/rosidl_typesupport_introspection_cpp/orbbec_camera_msgs/srv/detail/get_camera_info__type_support.cpp.o[0m
[3.388s] [ 36%] [32mBuilding CXX object CMakeFiles/orbbec_camera_msgs__rosidl_typesupport_introspection_cpp.dir/rosidl_typesupport_introspection_cpp/orbbec_camera_msgs/srv/detail/get_int32__type_support.cpp.o[0m
[3.475s] [35m[1mScanning dependencies of target orbbec_camera_msgs__rosidl_typesupport_fastrtps_cpp[0m
[3.504s] [ 37%] [32mBuilding CXX object CMakeFiles/orbbec_camera_msgs__rosidl_typesupport_fastrtps_cpp.dir/rosidl_typesupport_fastrtps_cpp/orbbec_camera_msgs/msg/detail/dds_fastrtps/rgbd__type_support.cpp.o[0m
[3.504s] [ 38%] [32mBuilding CXX object CMakeFiles/orbbec_camera_msgs__rosidl_typesupport_fastrtps_cpp.dir/rosidl_typesupport_fastrtps_cpp/orbbec_camera_msgs/msg/detail/dds_fastrtps/imu_info__type_support.cpp.o[0m
[3.506s] [ 39%] [32mBuilding CXX object CMakeFiles/orbbec_camera_msgs__rosidl_typesupport_fastrtps_cpp.dir/rosidl_typesupport_fastrtps_cpp/orbbec_camera_msgs/msg/detail/dds_fastrtps/metadata__type_support.cpp.o[0m
[3.506s] [ 40%] [32mBuilding CXX object CMakeFiles/orbbec_camera_msgs__rosidl_typesupport_fastrtps_cpp.dir/rosidl_typesupport_fastrtps_cpp/orbbec_camera_msgs/msg/detail/dds_fastrtps/extrinsics__type_support.cpp.o[0m
[3.507s] [ 41%] [32mBuilding CXX object CMakeFiles/orbbec_camera_msgs__rosidl_typesupport_fastrtps_cpp.dir/rosidl_typesupport_fastrtps_cpp/orbbec_camera_msgs/msg/detail/dds_fastrtps/device_info__type_support.cpp.o[0m
[3.507s] [ 41%] [32mBuilding CXX object CMakeFiles/orbbec_camera_msgs__rosidl_typesupport_fastrtps_cpp.dir/rosidl_typesupport_fastrtps_cpp/orbbec_camera_msgs/srv/detail/dds_fastrtps/get_bool__type_support.cpp.o[0m
[3.507s] [ 42%] [32mBuilding CXX object CMakeFiles/orbbec_camera_msgs__rosidl_typesupport_fastrtps_cpp.dir/rosidl_typesupport_fastrtps_cpp/orbbec_camera_msgs/srv/detail/dds_fastrtps/get_device_info__type_support.cpp.o[0m
[3.508s] [ 43%] [32mBuilding CXX object CMakeFiles/orbbec_camera_msgs__rosidl_typesupport_fastrtps_cpp.dir/rosidl_typesupport_fastrtps_cpp/orbbec_camera_msgs/srv/detail/dds_fastrtps/get_int32__type_support.cpp.o[0m
[3.508s] [ 44%] [32mBuilding CXX object CMakeFiles/orbbec_camera_msgs__rosidl_typesupport_fastrtps_cpp.dir/rosidl_typesupport_fastrtps_cpp/orbbec_camera_msgs/srv/detail/dds_fastrtps/get_camera_info__type_support.cpp.o[0m
[3.508s] [ 45%] [32mBuilding CXX object CMakeFiles/orbbec_camera_msgs__rosidl_typesupport_fastrtps_cpp.dir/rosidl_typesupport_fastrtps_cpp/orbbec_camera_msgs/srv/detail/dds_fastrtps/get_string__type_support.cpp.o[0m
[3.508s] [ 46%] [32mBuilding CXX object CMakeFiles/orbbec_camera_msgs__rosidl_typesupport_fastrtps_cpp.dir/rosidl_typesupport_fastrtps_cpp/orbbec_camera_msgs/srv/detail/dds_fastrtps/set_int32__type_support.cpp.o[0m
[3.508s] [ 46%] [32mBuilding CXX object CMakeFiles/orbbec_camera_msgs__rosidl_typesupport_fastrtps_cpp.dir/rosidl_typesupport_fastrtps_cpp/orbbec_camera_msgs/srv/detail/dds_fastrtps/set_string__type_support.cpp.o[0m
[3.533s] [35m[1mScanning dependencies of target orbbec_camera_msgs__rosidl_typesupport_c[0m
[3.553s] [ 47%] [32mBuilding CXX object CMakeFiles/orbbec_camera_msgs__rosidl_typesupport_c.dir/rosidl_typesupport_c/orbbec_camera_msgs/srv/get_bool__type_support.cpp.o[0m
[3.553s] [ 48%] [32mBuilding CXX object CMakeFiles/orbbec_camera_msgs__rosidl_typesupport_c.dir/rosidl_typesupport_c/orbbec_camera_msgs/msg/extrinsics__type_support.cpp.o[0m
[3.554s] [ 48%] [32mBuilding CXX object CMakeFiles/orbbec_camera_msgs__rosidl_typesupport_c.dir/rosidl_typesupport_c/orbbec_camera_msgs/srv/get_string__type_support.cpp.o[0m
[3.554s] [ 49%] [32mBuilding CXX object CMakeFiles/orbbec_camera_msgs__rosidl_typesupport_c.dir/rosidl_typesupport_c/orbbec_camera_msgs/msg/imu_info__type_support.cpp.o[0m
[3.554s] [ 50%] [32mBuilding CXX object CMakeFiles/orbbec_camera_msgs__rosidl_typesupport_c.dir/rosidl_typesupport_c/orbbec_camera_msgs/msg/device_info__type_support.cpp.o[0m
[3.554s] [ 51%] [32mBuilding CXX object CMakeFiles/orbbec_camera_msgs__rosidl_typesupport_c.dir/rosidl_typesupport_c/orbbec_camera_msgs/srv/get_device_info__type_support.cpp.o[0m
[3.555s] [ 52%] [32mBuilding CXX object CMakeFiles/orbbec_camera_msgs__rosidl_typesupport_c.dir/rosidl_typesupport_c/orbbec_camera_msgs/msg/metadata__type_support.cpp.o[0m
[3.555s] [ 53%] [32mBuilding CXX object CMakeFiles/orbbec_camera_msgs__rosidl_typesupport_c.dir/rosidl_typesupport_c/orbbec_camera_msgs/msg/rgbd__type_support.cpp.o[0m
[3.556s] [ 53%] [32mBuilding CXX object CMakeFiles/orbbec_camera_msgs__rosidl_typesupport_c.dir/rosidl_typesupport_c/orbbec_camera_msgs/srv/get_camera_info__type_support.cpp.o[0m
[3.556s] [ 54%] [32mBuilding CXX object CMakeFiles/orbbec_camera_msgs__rosidl_typesupport_c.dir/rosidl_typesupport_c/orbbec_camera_msgs/srv/set_string__type_support.cpp.o[0m
[3.556s] [ 55%] [32mBuilding CXX object CMakeFiles/orbbec_camera_msgs__rosidl_typesupport_c.dir/rosidl_typesupport_c/orbbec_camera_msgs/srv/set_int32__type_support.cpp.o[0m
[3.557s] [ 56%] [32mBuilding CXX object CMakeFiles/orbbec_camera_msgs__rosidl_typesupport_c.dir/rosidl_typesupport_c/orbbec_camera_msgs/srv/get_int32__type_support.cpp.o[0m
[3.598s] [ 57%] [32m[1mLinking CXX shared library liborbbec_camera_msgs__rosidl_typesupport_c.so[0m
[3.623s] [ 58%] [32m[1mLinking CXX shared library liborbbec_camera_msgs__rosidl_typesupport_cpp.so[0m
[3.643s] [ 58%] Built target orbbec_camera_msgs__rosidl_typesupport_c
[3.671s] [ 58%] Built target orbbec_camera_msgs__rosidl_typesupport_cpp
[3.676s] [ 59%] [32m[1mLinking CXX shared library liborbbec_camera_msgs__rosidl_typesupport_introspection_cpp.so[0m
[3.693s] [35m[1mScanning dependencies of target orbbec_camera_msgs__rosidl_typesupport_introspection_c[0m
[3.715s] [ 60%] [32mBuilding C object CMakeFiles/orbbec_camera_msgs__rosidl_typesupport_introspection_c.dir/rosidl_typesupport_introspection_c/orbbec_camera_msgs/msg/detail/device_info__type_support.c.o[0m
[3.716s] [ 61%] [32mBuilding C object CMakeFiles/orbbec_camera_msgs__rosidl_typesupport_introspection_c.dir/rosidl_typesupport_introspection_c/orbbec_camera_msgs/msg/detail/metadata__type_support.c.o[0m
[3.716s] [ 61%] [32mBuilding C object CMakeFiles/orbbec_camera_msgs__rosidl_typesupport_introspection_c.dir/rosidl_typesupport_introspection_c/orbbec_camera_msgs/msg/detail/imu_info__type_support.c.o[0m
[3.717s] [ 63%] [32mBuilding C object CMakeFiles/orbbec_camera_msgs__rosidl_typesupport_introspection_c.dir/rosidl_typesupport_introspection_c/orbbec_camera_msgs/msg/detail/extrinsics__type_support.c.o[0m
[3.717s] [ 63%] [32mBuilding C object CMakeFiles/orbbec_camera_msgs__rosidl_typesupport_introspection_c.dir/rosidl_typesupport_introspection_c/orbbec_camera_msgs/srv/detail/get_int32__type_support.c.o[0m
[3.717s] [ 64%] [32mBuilding C object CMakeFiles/orbbec_camera_msgs__rosidl_typesupport_introspection_c.dir/rosidl_typesupport_introspection_c/orbbec_camera_msgs/srv/detail/get_bool__type_support.c.o[0m
[3.717s] [ 65%] [32mBuilding C object CMakeFiles/orbbec_camera_msgs__rosidl_typesupport_introspection_c.dir/rosidl_typesupport_introspection_c/orbbec_camera_msgs/msg/detail/rgbd__type_support.c.o[0m
[3.717s] [ 66%] [32mBuilding C object CMakeFiles/orbbec_camera_msgs__rosidl_typesupport_introspection_c.dir/rosidl_typesupport_introspection_c/orbbec_camera_msgs/srv/detail/get_device_info__type_support.c.o[0m
[3.718s] [ 67%] [32mBuilding C object CMakeFiles/orbbec_camera_msgs__rosidl_typesupport_introspection_c.dir/rosidl_typesupport_introspection_c/orbbec_camera_msgs/srv/detail/get_string__type_support.c.o[0m
[3.718s] [ 68%] [32mBuilding C object CMakeFiles/orbbec_camera_msgs__rosidl_typesupport_introspection_c.dir/rosidl_typesupport_introspection_c/orbbec_camera_msgs/srv/detail/get_camera_info__type_support.c.o[0m
[3.719s] [ 68%] [32mBuilding C object CMakeFiles/orbbec_camera_msgs__rosidl_typesupport_introspection_c.dir/rosidl_typesupport_introspection_c/orbbec_camera_msgs/srv/detail/set_int32__type_support.c.o[0m
[3.720s] [ 69%] [32mBuilding C object CMakeFiles/orbbec_camera_msgs__rosidl_typesupport_introspection_c.dir/rosidl_typesupport_introspection_c/orbbec_camera_msgs/srv/detail/set_string__type_support.c.o[0m
[3.740s] [ 69%] Built target orbbec_camera_msgs__rosidl_typesupport_introspection_cpp
[3.760s] [ 70%] [32m[1mLinking C shared library liborbbec_camera_msgs__rosidl_typesupport_introspection_c.so[0m
[3.806s] [ 70%] Built target orbbec_camera_msgs__rosidl_typesupport_introspection_c
[4.025s] [ 71%] [32m[1mLinking CXX shared library liborbbec_camera_msgs__rosidl_typesupport_fastrtps_cpp.so[0m
[4.115s] [ 71%] Built target orbbec_camera_msgs__rosidl_typesupport_fastrtps_cpp
[4.134s] [ 72%] [34m[1mGenerating C type support for eProsima Fast-RTPS[0m
[4.786s] [35m[1mScanning dependencies of target orbbec_camera_msgs__rosidl_typesupport_fastrtps_c[0m
[4.826s] [ 74%] [32mBuilding CXX object CMakeFiles/orbbec_camera_msgs__rosidl_typesupport_fastrtps_c.dir/rosidl_typesupport_fastrtps_c/orbbec_camera_msgs/msg/detail/extrinsics__type_support_c.cpp.o[0m
[4.826s] [ 74%] [32mBuilding CXX object CMakeFiles/orbbec_camera_msgs__rosidl_typesupport_fastrtps_c.dir/rosidl_typesupport_fastrtps_c/orbbec_camera_msgs/msg/detail/metadata__type_support_c.cpp.o[0m
[4.826s] [ 74%] [32mBuilding CXX object CMakeFiles/orbbec_camera_msgs__rosidl_typesupport_fastrtps_c.dir/rosidl_typesupport_fastrtps_c/orbbec_camera_msgs/msg/detail/device_info__type_support_c.cpp.o[0m
[4.826s] [ 75%] [32mBuilding CXX object CMakeFiles/orbbec_camera_msgs__rosidl_typesupport_fastrtps_c.dir/rosidl_typesupport_fastrtps_c/orbbec_camera_msgs/srv/detail/get_bool__type_support_c.cpp.o[0m
[4.827s] [ 76%] [32mBuilding CXX object CMakeFiles/orbbec_camera_msgs__rosidl_typesupport_fastrtps_c.dir/rosidl_typesupport_fastrtps_c/orbbec_camera_msgs/srv/detail/set_string__type_support_c.cpp.o[0m
[4.828s] [ 77%] [32mBuilding CXX object CMakeFiles/orbbec_camera_msgs__rosidl_typesupport_fastrtps_c.dir/rosidl_typesupport_fastrtps_c/orbbec_camera_msgs/msg/detail/imu_info__type_support_c.cpp.o[0m
[4.828s] [ 78%] [32mBuilding CXX object CMakeFiles/orbbec_camera_msgs__rosidl_typesupport_fastrtps_c.dir/rosidl_typesupport_fastrtps_c/orbbec_camera_msgs/msg/detail/rgbd__type_support_c.cpp.o[0m
[4.829s] [ 79%] [32mBuilding CXX object CMakeFiles/orbbec_camera_msgs__rosidl_typesupport_fastrtps_c.dir/rosidl_typesupport_fastrtps_c/orbbec_camera_msgs/srv/detail/get_device_info__type_support_c.cpp.o[0m
[4.829s] [ 80%] [32mBuilding CXX object CMakeFiles/orbbec_camera_msgs__rosidl_typesupport_fastrtps_c.dir/rosidl_typesupport_fastrtps_c/orbbec_camera_msgs/srv/detail/get_camera_info__type_support_c.cpp.o[0m
[4.829s] [ 81%] [32mBuilding CXX object CMakeFiles/orbbec_camera_msgs__rosidl_typesupport_fastrtps_c.dir/rosidl_typesupport_fastrtps_c/orbbec_camera_msgs/srv/detail/get_string__type_support_c.cpp.o[0m
[4.830s] [ 81%] [32mBuilding CXX object CMakeFiles/orbbec_camera_msgs__rosidl_typesupport_fastrtps_c.dir/rosidl_typesupport_fastrtps_c/orbbec_camera_msgs/srv/detail/get_int32__type_support_c.cpp.o[0m
[4.831s] [ 82%] [32mBuilding CXX object CMakeFiles/orbbec_camera_msgs__rosidl_typesupport_fastrtps_c.dir/rosidl_typesupport_fastrtps_c/orbbec_camera_msgs/srv/detail/set_int32__type_support_c.cpp.o[0m
[5.136s] [ 83%] [32m[1mLinking CXX shared library liborbbec_camera_msgs__rosidl_typesupport_fastrtps_c.so[0m
[5.229s] [ 83%] Built target orbbec_camera_msgs__rosidl_typesupport_fastrtps_c
[5.245s] [35m[1mScanning dependencies of target orbbec_camera_msgs[0m
[5.262s] [ 83%] Built target orbbec_camera_msgs
[5.278s] [35m[1mScanning dependencies of target orbbec_camera_msgs__py[0m
[5.292s] [ 84%] [34m[1mGenerating Python code for ROS interfaces[0m
[6.753s] [ 84%] Built target orbbec_camera_msgs__py
[6.766s] [35m[1mScanning dependencies of target orbbec_camera_msgs__python[0m
[6.819s] [ 85%] [32mBuilding C object CMakeFiles/orbbec_camera_msgs__python.dir/rosidl_generator_py/orbbec_camera_msgs/srv/_get_camera_info_s.c.o[0m
[6.820s] [ 86%] [32mBuilding C object CMakeFiles/orbbec_camera_msgs__python.dir/rosidl_generator_py/orbbec_camera_msgs/msg/_imu_info_s.c.o[0m
[6.820s] [ 87%] [32mBuilding C object CMakeFiles/orbbec_camera_msgs__python.dir/rosidl_generator_py/orbbec_camera_msgs/srv/_get_string_s.c.o[0m
[6.821s] [ 88%] [32mBuilding C object CMakeFiles/orbbec_camera_msgs__python.dir/rosidl_generator_py/orbbec_camera_msgs/msg/_device_info_s.c.o[0m
[6.821s] [ 89%] [32mBuilding C object CMakeFiles/orbbec_camera_msgs__python.dir/rosidl_generator_py/orbbec_camera_msgs/msg/_extrinsics_s.c.o[0m
[6.821s] [ 90%] [32mBuilding C object CMakeFiles/orbbec_camera_msgs__python.dir/rosidl_generator_py/orbbec_camera_msgs/srv/_get_int32_s.c.o[0m
[6.821s] [ 91%] [32mBuilding C object CMakeFiles/orbbec_camera_msgs__python.dir/rosidl_generator_py/orbbec_camera_msgs/msg/_rgbd_s.c.o[0m
[6.821s] [ 91%] [32mBuilding C object CMakeFiles/orbbec_camera_msgs__python.dir/rosidl_generator_py/orbbec_camera_msgs/msg/_metadata_s.c.o[0m
[6.821s] [ 92%] [32mBuilding C object CMakeFiles/orbbec_camera_msgs__python.dir/rosidl_generator_py/orbbec_camera_msgs/srv/_get_device_info_s.c.o[0m
[6.821s] [ 92%] [32mBuilding C object CMakeFiles/orbbec_camera_msgs__python.dir/rosidl_generator_py/orbbec_camera_msgs/srv/_set_int32_s.c.o[0m
[6.822s] [ 94%] [32mBuilding C object CMakeFiles/orbbec_camera_msgs__python.dir/rosidl_generator_py/orbbec_camera_msgs/srv/_get_bool_s.c.o[0m
[6.822s] [ 94%] [32mBuilding C object CMakeFiles/orbbec_camera_msgs__python.dir/rosidl_generator_py/orbbec_camera_msgs/srv/_set_string_s.c.o[0m
[6.938s] [ 95%] [32m[1mLinking C shared library rosidl_generator_py/orbbec_camera_msgs/liborbbec_camera_msgs__python.so[0m
[6.990s] [ 95%] Built target orbbec_camera_msgs__python
[7.005s] [35m[1mScanning dependencies of target orbbec_camera_msgs__rosidl_typesupport_c__pyext[0m
[7.005s] [35m[1mScanning dependencies of target orbbec_camera_msgs__rosidl_typesupport_fastrtps_c__pyext[0m
[7.008s] [35m[1mScanning dependencies of target orbbec_camera_msgs__rosidl_typesupport_introspection_c__pyext[0m
[7.026s] [ 95%] [32mBuilding C object CMakeFiles/orbbec_camera_msgs__rosidl_typesupport_c__pyext.dir/rosidl_generator_py/orbbec_camera_msgs/_orbbec_camera_msgs_s.ep.rosidl_typesupport_c.c.o[0m
[7.027s] [ 96%] [32mBuilding C object CMakeFiles/orbbec_camera_msgs__rosidl_typesupport_introspection_c__pyext.dir/rosidl_generator_py/orbbec_camera_msgs/_orbbec_camera_msgs_s.ep.rosidl_typesupport_introspection_c.c.o[0m
[7.032s] [ 97%] [32mBuilding C object CMakeFiles/orbbec_camera_msgs__rosidl_typesupport_fastrtps_c__pyext.dir/rosidl_generator_py/orbbec_camera_msgs/_orbbec_camera_msgs_s.ep.rosidl_typesupport_fastrtps_c.c.o[0m
[7.282s] [ 98%] [32m[1mLinking C shared library rosidl_generator_py/orbbec_camera_msgs/orbbec_camera_msgs_s__rosidl_typesupport_introspection_c.cpython-38-x86_64-linux-gnu.so[0m
[7.285s] [ 99%] [32m[1mLinking CXX shared library rosidl_generator_py/orbbec_camera_msgs/orbbec_camera_msgs_s__rosidl_typesupport_fastrtps_c.cpython-38-x86_64-linux-gnu.so[0m
[7.287s] [100%] [32m[1mLinking C shared library rosidl_generator_py/orbbec_camera_msgs/orbbec_camera_msgs_s__rosidl_typesupport_c.cpython-38-x86_64-linux-gnu.so[0m
[7.331s] [100%] Built target orbbec_camera_msgs__rosidl_typesupport_introspection_c__pyext
[7.334s] [100%] Built target orbbec_camera_msgs__rosidl_typesupport_c__pyext
[7.352s] [100%] Built target orbbec_camera_msgs__rosidl_typesupport_fastrtps_c__pyext
[7.365s] Invoked command in '/home/go2/ARX_X5/ros2_ws/build/orbbec_camera_msgs' returned '0': CMAKE_PREFIX_PATH=/home/go2/piper_ros/install/piper_msgs:/home/go2/piper_ros/install/piper_description:/home/go2/ARX_X5/ROS2/X5_ws/install/arx_x5_controller:/home/go2/ARX_X5/ROS2/X5_ws/install/arx5_arm_msg:/home/go2/piper_ros/install/piper:/opt/ros/foxy:/home/go2/ARX_X5/ROS2/X5_ws/install/arm_control CONDA_PROMPT_MODIFIER=(ARX) /usr/bin/cmake --build /home/go2/ARX_X5/ros2_ws/build/orbbec_camera_msgs -- -j56 -l56
[7.367s] Invoking command in '/home/go2/ARX_X5/ros2_ws/build/orbbec_camera_msgs': CMAKE_PREFIX_PATH=/home/go2/piper_ros/install/piper_msgs:/home/go2/piper_ros/install/piper_description:/home/go2/ARX_X5/ROS2/X5_ws/install/arx_x5_controller:/home/go2/ARX_X5/ROS2/X5_ws/install/arx5_arm_msg:/home/go2/piper_ros/install/piper:/opt/ros/foxy:/home/go2/ARX_X5/ROS2/X5_ws/install/arm_control CONDA_PROMPT_MODIFIER=(ARX) /usr/bin/cmake --install /home/go2/ARX_X5/ros2_ws/build/orbbec_camera_msgs
[7.378s] -- Install configuration: "Release"
[7.378s] -- Installing: /home/go2/ARX_X5/ros2_ws/install/orbbec_camera_msgs/share/ament_index/resource_index/rosidl_interfaces/orbbec_camera_msgs
[7.378s] -- Installing: /home/go2/ARX_X5/ros2_ws/install/orbbec_camera_msgs/include/orbbec_camera_msgs
[7.378s] -- Installing: /home/go2/ARX_X5/ros2_ws/install/orbbec_camera_msgs/include/orbbec_camera_msgs/msg
[7.379s] -- Installing: /home/go2/ARX_X5/ros2_ws/install/orbbec_camera_msgs/include/orbbec_camera_msgs/msg/imu_info.h
[7.379s] -- Installing: /home/go2/ARX_X5/ros2_ws/install/orbbec_camera_msgs/include/orbbec_camera_msgs/msg/rosidl_generator_c__visibility_control.h
[7.379s] -- Installing: /home/go2/ARX_X5/ros2_ws/install/orbbec_camera_msgs/include/orbbec_camera_msgs/msg/rgbd.h
[7.379s] -- Installing: /home/go2/ARX_X5/ros2_ws/install/orbbec_camera_msgs/include/orbbec_camera_msgs/msg/metadata.h
[7.379s] -- Installing: /home/go2/ARX_X5/ros2_ws/install/orbbec_camera_msgs/include/orbbec_camera_msgs/msg/extrinsics.h
[7.379s] -- Installing: /home/go2/ARX_X5/ros2_ws/install/orbbec_camera_msgs/include/orbbec_camera_msgs/msg/device_info.h
[7.380s] -- Installing: /home/go2/ARX_X5/ros2_ws/install/orbbec_camera_msgs/include/orbbec_camera_msgs/msg/detail
[7.380s] -- Installing: /home/go2/ARX_X5/ros2_ws/install/orbbec_camera_msgs/include/orbbec_camera_msgs/msg/detail/extrinsics__type_support.h
[7.380s] -- Installing: /home/go2/ARX_X5/ros2_ws/install/orbbec_camera_msgs/include/orbbec_camera_msgs/msg/detail/rgbd__type_support.h
[7.380s] -- Installing: /home/go2/ARX_X5/ros2_ws/install/orbbec_camera_msgs/include/orbbec_camera_msgs/msg/detail/imu_info__struct.h
[7.380s] -- Installing: /home/go2/ARX_X5/ros2_ws/install/orbbec_camera_msgs/include/orbbec_camera_msgs/msg/detail/extrinsics__functions.h
[7.380s] -- Installing: /home/go2/ARX_X5/ros2_ws/install/orbbec_camera_msgs/include/orbbec_camera_msgs/msg/detail/rgbd__struct.h
[7.380s] -- Installing: /home/go2/ARX_X5/ros2_ws/install/orbbec_camera_msgs/include/orbbec_camera_msgs/msg/detail/device_info__functions.c
[7.380s] -- Installing: /home/go2/ARX_X5/ros2_ws/install/orbbec_camera_msgs/include/orbbec_camera_msgs/msg/detail/imu_info__functions.h
[7.380s] -- Installing: /home/go2/ARX_X5/ros2_ws/install/orbbec_camera_msgs/include/orbbec_camera_msgs/msg/detail/metadata__type_support.h
[7.380s] -- Installing: /home/go2/ARX_X5/ros2_ws/install/orbbec_camera_msgs/include/orbbec_camera_msgs/msg/detail/device_info__struct.h
[7.381s] -- Installing: /home/go2/ARX_X5/ros2_ws/install/orbbec_camera_msgs/include/orbbec_camera_msgs/msg/detail/metadata__functions.c
[7.381s] -- Installing: /home/go2/ARX_X5/ros2_ws/install/orbbec_camera_msgs/include/orbbec_camera_msgs/msg/detail/extrinsics__functions.c
[7.381s] -- Installing: /home/go2/ARX_X5/ros2_ws/install/orbbec_camera_msgs/include/orbbec_camera_msgs/msg/detail/rgbd__functions.h
[7.381s] -- Installing: /home/go2/ARX_X5/ros2_ws/install/orbbec_camera_msgs/include/orbbec_camera_msgs/msg/detail/imu_info__functions.c
[7.381s] -- Installing: /home/go2/ARX_X5/ros2_ws/install/orbbec_camera_msgs/include/orbbec_camera_msgs/msg/detail/metadata__struct.h
[7.381s] -- Installing: /home/go2/ARX_X5/ros2_ws/install/orbbec_camera_msgs/include/orbbec_camera_msgs/msg/detail/extrinsics__struct.h
[7.381s] -- Installing: /home/go2/ARX_X5/ros2_ws/install/orbbec_camera_msgs/include/orbbec_camera_msgs/msg/detail/device_info__functions.h
[7.381s] -- Installing: /home/go2/ARX_X5/ros2_ws/install/orbbec_camera_msgs/include/orbbec_camera_msgs/msg/detail/device_info__type_support.h
[7.381s] -- Installing: /home/go2/ARX_X5/ros2_ws/install/orbbec_camera_msgs/include/orbbec_camera_msgs/msg/detail/metadata__functions.h
[7.381s] -- Installing: /home/go2/ARX_X5/ros2_ws/install/orbbec_camera_msgs/include/orbbec_camera_msgs/msg/detail/imu_info__type_support.h
[7.381s] -- Installing: /home/go2/ARX_X5/ros2_ws/install/orbbec_camera_msgs/include/orbbec_camera_msgs/msg/detail/rgbd__functions.c
[7.381s] -- Installing: /home/go2/ARX_X5/ros2_ws/install/orbbec_camera_msgs/include/orbbec_camera_msgs/srv
[7.381s] -- Installing: /home/go2/ARX_X5/ros2_ws/install/orbbec_camera_msgs/include/orbbec_camera_msgs/srv/get_int32.h
[7.381s] -- Installing: /home/go2/ARX_X5/ros2_ws/install/orbbec_camera_msgs/include/orbbec_camera_msgs/srv/get_string.h
[7.381s] -- Installing: /home/go2/ARX_X5/ros2_ws/install/orbbec_camera_msgs/include/orbbec_camera_msgs/srv/get_device_info.h
[7.381s] -- Installing: /home/go2/ARX_X5/ros2_ws/install/orbbec_camera_msgs/include/orbbec_camera_msgs/srv/set_int32.h
[7.381s] -- Installing: /home/go2/ARX_X5/ros2_ws/install/orbbec_camera_msgs/include/orbbec_camera_msgs/srv/detail
[7.382s] -- Installing: /home/go2/ARX_X5/ros2_ws/install/orbbec_camera_msgs/include/orbbec_camera_msgs/srv/detail/get_int32__functions.h
[7.382s] -- Installing: /home/go2/ARX_X5/ros2_ws/install/orbbec_camera_msgs/include/orbbec_camera_msgs/srv/detail/set_int32__functions.h
[7.382s] -- Installing: /home/go2/ARX_X5/ros2_ws/install/orbbec_camera_msgs/include/orbbec_camera_msgs/srv/detail/get_camera_info__functions.h
[7.382s] -- Installing: /home/go2/ARX_X5/ros2_ws/install/orbbec_camera_msgs/include/orbbec_camera_msgs/srv/detail/set_string__struct.h
[7.382s] -- Installing: /home/go2/ARX_X5/ros2_ws/install/orbbec_camera_msgs/include/orbbec_camera_msgs/srv/detail/get_device_info__type_support.h
[7.382s] -- Installing: /home/go2/ARX_X5/ros2_ws/install/orbbec_camera_msgs/include/orbbec_camera_msgs/srv/detail/get_string__functions.h
[7.382s] -- Installing: /home/go2/ARX_X5/ros2_ws/install/orbbec_camera_msgs/include/orbbec_camera_msgs/srv/detail/get_int32__struct.h
[7.382s] -- Installing: /home/go2/ARX_X5/ros2_ws/install/orbbec_camera_msgs/include/orbbec_camera_msgs/srv/detail/set_int32__functions.c
[7.382s] -- Installing: /home/go2/ARX_X5/ros2_ws/install/orbbec_camera_msgs/include/orbbec_camera_msgs/srv/detail/get_camera_info__struct.h
[7.382s] -- Installing: /home/go2/ARX_X5/ros2_ws/install/orbbec_camera_msgs/include/orbbec_camera_msgs/srv/detail/get_device_info__functions.c
[7.382s] -- Installing: /home/go2/ARX_X5/ros2_ws/install/orbbec_camera_msgs/include/orbbec_camera_msgs/srv/detail/get_camera_info__type_support.h
[7.382s] -- Installing: /home/go2/ARX_X5/ros2_ws/install/orbbec_camera_msgs/include/orbbec_camera_msgs/srv/detail/get_string__type_support.h
[7.382s] -- Installing: /home/go2/ARX_X5/ros2_ws/install/orbbec_camera_msgs/include/orbbec_camera_msgs/srv/detail/set_int32__struct.h
[7.382s] -- Installing: /home/go2/ARX_X5/ros2_ws/install/orbbec_camera_msgs/include/orbbec_camera_msgs/srv/detail/get_camera_info__functions.c
[7.382s] -- Installing: /home/go2/ARX_X5/ros2_ws/install/orbbec_camera_msgs/include/orbbec_camera_msgs/srv/detail/set_string__functions.h
[7.382s] -- Installing: /home/go2/ARX_X5/ros2_ws/install/orbbec_camera_msgs/include/orbbec_camera_msgs/srv/detail/get_bool__struct.h
[7.382s] -- Installing: /home/go2/ARX_X5/ros2_ws/install/orbbec_camera_msgs/include/orbbec_camera_msgs/srv/detail/get_bool__type_support.h
[7.383s] -- Installing: /home/go2/ARX_X5/ros2_ws/install/orbbec_camera_msgs/include/orbbec_camera_msgs/srv/detail/get_int32__type_support.h
[7.383s] -- Installing: /home/go2/ARX_X5/ros2_ws/install/orbbec_camera_msgs/include/orbbec_camera_msgs/srv/detail/set_int32__type_support.h
[7.383s] -- Installing: /home/go2/ARX_X5/ros2_ws/install/orbbec_camera_msgs/include/orbbec_camera_msgs/srv/detail/get_device_info__struct.h
[7.383s] -- Installing: /home/go2/ARX_X5/ros2_ws/install/orbbec_camera_msgs/include/orbbec_camera_msgs/srv/detail/get_bool__functions.c
[7.383s] -- Installing: /home/go2/ARX_X5/ros2_ws/install/orbbec_camera_msgs/include/orbbec_camera_msgs/srv/detail/set_string__functions.c
[7.383s] -- Installing: /home/go2/ARX_X5/ros2_ws/install/orbbec_camera_msgs/include/orbbec_camera_msgs/srv/detail/get_device_info__functions.h
[7.383s] -- Installing: /home/go2/ARX_X5/ros2_ws/install/orbbec_camera_msgs/include/orbbec_camera_msgs/srv/detail/set_string__type_support.h
[7.383s] -- Installing: /home/go2/ARX_X5/ros2_ws/install/orbbec_camera_msgs/include/orbbec_camera_msgs/srv/detail/get_string__struct.h
[7.383s] -- Installing: /home/go2/ARX_X5/ros2_ws/install/orbbec_camera_msgs/include/orbbec_camera_msgs/srv/detail/get_bool__functions.h
[7.383s] -- Installing: /home/go2/ARX_X5/ros2_ws/install/orbbec_camera_msgs/include/orbbec_camera_msgs/srv/detail/get_string__functions.c
[7.383s] -- Installing: /home/go2/ARX_X5/ros2_ws/install/orbbec_camera_msgs/include/orbbec_camera_msgs/srv/detail/get_int32__functions.c
[7.383s] -- Installing: /home/go2/ARX_X5/ros2_ws/install/orbbec_camera_msgs/include/orbbec_camera_msgs/srv/get_camera_info.h
[7.383s] -- Installing: /home/go2/ARX_X5/ros2_ws/install/orbbec_camera_msgs/include/orbbec_camera_msgs/srv/get_bool.h
[7.383s] -- Installing: /home/go2/ARX_X5/ros2_ws/install/orbbec_camera_msgs/include/orbbec_camera_msgs/srv/set_string.h
[7.383s] -- Installing: /home/go2/ARX_X5/ros2_ws/install/orbbec_camera_msgs/share/orbbec_camera_msgs/environment/library_path.sh
[7.383s] -- Installing: /home/go2/ARX_X5/ros2_ws/install/orbbec_camera_msgs/share/orbbec_camera_msgs/environment/library_path.dsv
[7.383s] -- Installing: /home/go2/ARX_X5/ros2_ws/install/orbbec_camera_msgs/lib/liborbbec_camera_msgs__rosidl_generator_c.so
[7.383s] -- Set runtime path of "/home/go2/ARX_X5/ros2_ws/install/orbbec_camera_msgs/lib/liborbbec_camera_msgs__rosidl_generator_c.so" to ""
[7.384s] -- Up-to-date: /home/go2/ARX_X5/ros2_ws/install/orbbec_camera_msgs/include/orbbec_camera_msgs
[7.384s] -- Up-to-date: /home/go2/ARX_X5/ros2_ws/install/orbbec_camera_msgs/include/orbbec_camera_msgs/msg
[7.384s] -- Installing: /home/go2/ARX_X5/ros2_ws/install/orbbec_camera_msgs/include/orbbec_camera_msgs/msg/rosidl_typesupport_fastrtps_c__visibility_control.h
[7.384s] -- Up-to-date: /home/go2/ARX_X5/ros2_ws/install/orbbec_camera_msgs/include/orbbec_camera_msgs/msg/detail
[7.384s] -- Installing: /home/go2/ARX_X5/ros2_ws/install/orbbec_camera_msgs/include/orbbec_camera_msgs/msg/detail/extrinsics__rosidl_typesupport_fastrtps_c.h
[7.384s] -- Installing: /home/go2/ARX_X5/ros2_ws/install/orbbec_camera_msgs/include/orbbec_camera_msgs/msg/detail/imu_info__rosidl_typesupport_fastrtps_c.h
[7.384s] -- Installing: /home/go2/ARX_X5/ros2_ws/install/orbbec_camera_msgs/include/orbbec_camera_msgs/msg/detail/rgbd__rosidl_typesupport_fastrtps_c.h
[7.384s] -- Installing: /home/go2/ARX_X5/ros2_ws/install/orbbec_camera_msgs/include/orbbec_camera_msgs/msg/detail/metadata__rosidl_typesupport_fastrtps_c.h
[7.384s] -- Installing: /home/go2/ARX_X5/ros2_ws/install/orbbec_camera_msgs/include/orbbec_camera_msgs/msg/detail/device_info__rosidl_typesupport_fastrtps_c.h
[7.384s] -- Up-to-date: /home/go2/ARX_X5/ros2_ws/install/orbbec_camera_msgs/include/orbbec_camera_msgs/srv
[7.384s] -- Up-to-date: /home/go2/ARX_X5/ros2_ws/install/orbbec_camera_msgs/include/orbbec_camera_msgs/srv/detail
[7.384s] -- Installing: /home/go2/ARX_X5/ros2_ws/install/orbbec_camera_msgs/include/orbbec_camera_msgs/srv/detail/get_int32__rosidl_typesupport_fastrtps_c.h
[7.384s] -- Installing: /home/go2/ARX_X5/ros2_ws/install/orbbec_camera_msgs/include/orbbec_camera_msgs/srv/detail/get_camera_info__rosidl_typesupport_fastrtps_c.h
[7.384s] -- Installing: /home/go2/ARX_X5/ros2_ws/install/orbbec_camera_msgs/include/orbbec_camera_msgs/srv/detail/get_bool__rosidl_typesupport_fastrtps_c.h
[7.384s] -- Installing: /home/go2/ARX_X5/ros2_ws/install/orbbec_camera_msgs/include/orbbec_camera_msgs/srv/detail/get_device_info__rosidl_typesupport_fastrtps_c.h
[7.384s] -- Installing: /home/go2/ARX_X5/ros2_ws/install/orbbec_camera_msgs/include/orbbec_camera_msgs/srv/detail/set_string__rosidl_typesupport_fastrtps_c.h
[7.384s] -- Installing: /home/go2/ARX_X5/ros2_ws/install/orbbec_camera_msgs/include/orbbec_camera_msgs/srv/detail/get_string__rosidl_typesupport_fastrtps_c.h
[7.385s] -- Installing: /home/go2/ARX_X5/ros2_ws/install/orbbec_camera_msgs/include/orbbec_camera_msgs/srv/detail/set_int32__rosidl_typesupport_fastrtps_c.h
[7.385s] -- Installing: /home/go2/ARX_X5/ros2_ws/install/orbbec_camera_msgs/lib/liborbbec_camera_msgs__rosidl_typesupport_fastrtps_c.so
[7.385s] -- Set runtime path of "/home/go2/ARX_X5/ros2_ws/install/orbbec_camera_msgs/lib/liborbbec_camera_msgs__rosidl_typesupport_fastrtps_c.so" to ""
[7.385s] -- Up-to-date: /home/go2/ARX_X5/ros2_ws/install/orbbec_camera_msgs/include/orbbec_camera_msgs
[7.385s] -- Up-to-date: /home/go2/ARX_X5/ros2_ws/install/orbbec_camera_msgs/include/orbbec_camera_msgs/msg
[7.385s] -- Installing: /home/go2/ARX_X5/ros2_ws/install/orbbec_camera_msgs/include/orbbec_camera_msgs/msg/rosidl_typesupport_fastrtps_cpp__visibility_control.h
[7.385s] -- Up-to-date: /home/go2/ARX_X5/ros2_ws/install/orbbec_camera_msgs/include/orbbec_camera_msgs/msg/detail
[7.385s] -- Installing: /home/go2/ARX_X5/ros2_ws/install/orbbec_camera_msgs/include/orbbec_camera_msgs/msg/detail/dds_fastrtps
[7.385s] -- Installing: /home/go2/ARX_X5/ros2_ws/install/orbbec_camera_msgs/include/orbbec_camera_msgs/msg/detail/imu_info__rosidl_typesupport_fastrtps_cpp.hpp
[7.385s] -- Installing: /home/go2/ARX_X5/ros2_ws/install/orbbec_camera_msgs/include/orbbec_camera_msgs/msg/detail/device_info__rosidl_typesupport_fastrtps_cpp.hpp
[7.385s] -- Installing: /home/go2/ARX_X5/ros2_ws/install/orbbec_camera_msgs/include/orbbec_camera_msgs/msg/detail/metadata__rosidl_typesupport_fastrtps_cpp.hpp
[7.385s] -- Installing: /home/go2/ARX_X5/ros2_ws/install/orbbec_camera_msgs/include/orbbec_camera_msgs/msg/detail/extrinsics__rosidl_typesupport_fastrtps_cpp.hpp
[7.386s] -- Installing: /home/go2/ARX_X5/ros2_ws/install/orbbec_camera_msgs/include/orbbec_camera_msgs/msg/detail/rgbd__rosidl_typesupport_fastrtps_cpp.hpp
[7.386s] -- Up-to-date: /home/go2/ARX_X5/ros2_ws/install/orbbec_camera_msgs/include/orbbec_camera_msgs/srv
[7.386s] -- Up-to-date: /home/go2/ARX_X5/ros2_ws/install/orbbec_camera_msgs/include/orbbec_camera_msgs/srv/detail
[7.386s] -- Installing: /home/go2/ARX_X5/ros2_ws/install/orbbec_camera_msgs/include/orbbec_camera_msgs/srv/detail/get_device_info__rosidl_typesupport_fastrtps_cpp.hpp
[7.387s] -- Installing: /home/go2/ARX_X5/ros2_ws/install/orbbec_camera_msgs/include/orbbec_camera_msgs/srv/detail/dds_fastrtps
[7.387s] -- Installing: /home/go2/ARX_X5/ros2_ws/install/orbbec_camera_msgs/include/orbbec_camera_msgs/srv/detail/set_string__rosidl_typesupport_fastrtps_cpp.hpp
[7.387s] -- Installing: /home/go2/ARX_X5/ros2_ws/install/orbbec_camera_msgs/include/orbbec_camera_msgs/srv/detail/get_bool__rosidl_typesupport_fastrtps_cpp.hpp
[7.387s] -- Installing: /home/go2/ARX_X5/ros2_ws/install/orbbec_camera_msgs/include/orbbec_camera_msgs/srv/detail/get_int32__rosidl_typesupport_fastrtps_cpp.hpp
[7.387s] -- Installing: /home/go2/ARX_X5/ros2_ws/install/orbbec_camera_msgs/include/orbbec_camera_msgs/srv/detail/set_int32__rosidl_typesupport_fastrtps_cpp.hpp
[7.387s] -- Installing: /home/go2/ARX_X5/ros2_ws/install/orbbec_camera_msgs/include/orbbec_camera_msgs/srv/detail/get_camera_info__rosidl_typesupport_fastrtps_cpp.hpp
[7.387s] -- Installing: /home/go2/ARX_X5/ros2_ws/install/orbbec_camera_msgs/include/orbbec_camera_msgs/srv/detail/get_string__rosidl_typesupport_fastrtps_cpp.hpp
[7.387s] -- Installing: /home/go2/ARX_X5/ros2_ws/install/orbbec_camera_msgs/lib/liborbbec_camera_msgs__rosidl_typesupport_fastrtps_cpp.so
[7.387s] -- Set runtime path of "/home/go2/ARX_X5/ros2_ws/install/orbbec_camera_msgs/lib/liborbbec_camera_msgs__rosidl_typesupport_fastrtps_cpp.so" to ""
[7.387s] -- Up-to-date: /home/go2/ARX_X5/ros2_ws/install/orbbec_camera_msgs/include/orbbec_camera_msgs
[7.388s] -- Up-to-date: /home/go2/ARX_X5/ros2_ws/install/orbbec_camera_msgs/include/orbbec_camera_msgs/msg
[7.388s] -- Installing: /home/go2/ARX_X5/ros2_ws/install/orbbec_camera_msgs/include/orbbec_camera_msgs/msg/rosidl_typesupport_introspection_c__visibility_control.h
[7.388s] -- Up-to-date: /home/go2/ARX_X5/ros2_ws/install/orbbec_camera_msgs/include/orbbec_camera_msgs/msg/detail
[7.388s] -- Installing: /home/go2/ARX_X5/ros2_ws/install/orbbec_camera_msgs/include/orbbec_camera_msgs/msg/detail/imu_info__rosidl_typesupport_introspection_c.h
[7.388s] -- Installing: /home/go2/ARX_X5/ros2_ws/install/orbbec_camera_msgs/include/orbbec_camera_msgs/msg/detail/rgbd__rosidl_typesupport_introspection_c.h
[7.388s] -- Installing: /home/go2/ARX_X5/ros2_ws/install/orbbec_camera_msgs/include/orbbec_camera_msgs/msg/detail/metadata__type_support.c
[7.388s] -- Installing: /home/go2/ARX_X5/ros2_ws/install/orbbec_camera_msgs/include/orbbec_camera_msgs/msg/detail/metadata__rosidl_typesupport_introspection_c.h
[7.388s] -- Installing: /home/go2/ARX_X5/ros2_ws/install/orbbec_camera_msgs/include/orbbec_camera_msgs/msg/detail/device_info__rosidl_typesupport_introspection_c.h
[7.388s] -- Installing: /home/go2/ARX_X5/ros2_ws/install/orbbec_camera_msgs/include/orbbec_camera_msgs/msg/detail/extrinsics__rosidl_typesupport_introspection_c.h
[7.388s] -- Installing: /home/go2/ARX_X5/ros2_ws/install/orbbec_camera_msgs/include/orbbec_camera_msgs/msg/detail/device_info__type_support.c
[7.388s] -- Installing: /home/go2/ARX_X5/ros2_ws/install/orbbec_camera_msgs/include/orbbec_camera_msgs/msg/detail/imu_info__type_support.c
[7.388s] -- Installing: /home/go2/ARX_X5/ros2_ws/install/orbbec_camera_msgs/include/orbbec_camera_msgs/msg/detail/extrinsics__type_support.c
[7.389s] -- Installing: /home/go2/ARX_X5/ros2_ws/install/orbbec_camera_msgs/include/orbbec_camera_msgs/msg/detail/rgbd__type_support.c
[7.389s] -- Up-to-date: /home/go2/ARX_X5/ros2_ws/install/orbbec_camera_msgs/include/orbbec_camera_msgs/srv
[7.389s] -- Up-to-date: /home/go2/ARX_X5/ros2_ws/install/orbbec_camera_msgs/include/orbbec_camera_msgs/srv/detail
[7.389s] -- Installing: /home/go2/ARX_X5/ros2_ws/install/orbbec_camera_msgs/include/orbbec_camera_msgs/srv/detail/get_int32__type_support.c
[7.389s] -- Installing: /home/go2/ARX_X5/ros2_ws/install/orbbec_camera_msgs/include/orbbec_camera_msgs/srv/detail/get_bool__type_support.c
[7.389s] -- Installing: /home/go2/ARX_X5/ros2_ws/install/orbbec_camera_msgs/include/orbbec_camera_msgs/srv/detail/get_device_info__type_support.c
[7.389s] -- Installing: /home/go2/ARX_X5/ros2_ws/install/orbbec_camera_msgs/include/orbbec_camera_msgs/srv/detail/get_camera_info__rosidl_typesupport_introspection_c.h
[7.389s] -- Installing: /home/go2/ARX_X5/ros2_ws/install/orbbec_camera_msgs/include/orbbec_camera_msgs/srv/detail/get_int32__rosidl_typesupport_introspection_c.h
[7.389s] -- Installing: /home/go2/ARX_X5/ros2_ws/install/orbbec_camera_msgs/include/orbbec_camera_msgs/srv/detail/set_string__type_support.c
[7.389s] -- Installing: /home/go2/ARX_X5/ros2_ws/install/orbbec_camera_msgs/include/orbbec_camera_msgs/srv/detail/set_int32__type_support.c
[7.389s] -- Installing: /home/go2/ARX_X5/ros2_ws/install/orbbec_camera_msgs/include/orbbec_camera_msgs/srv/detail/set_int32__rosidl_typesupport_introspection_c.h
[7.389s] -- Installing: /home/go2/ARX_X5/ros2_ws/install/orbbec_camera_msgs/include/orbbec_camera_msgs/srv/detail/get_device_info__rosidl_typesupport_introspection_c.h
[7.389s] -- Installing: /home/go2/ARX_X5/ros2_ws/install/orbbec_camera_msgs/include/orbbec_camera_msgs/srv/detail/get_string__rosidl_typesupport_introspection_c.h
[7.390s] -- Installing: /home/go2/ARX_X5/ros2_ws/install/orbbec_camera_msgs/include/orbbec_camera_msgs/srv/detail/get_bool__rosidl_typesupport_introspection_c.h
[7.390s] -- Installing: /home/go2/ARX_X5/ros2_ws/install/orbbec_camera_msgs/include/orbbec_camera_msgs/srv/detail/get_string__type_support.c
[7.390s] -- Installing: /home/go2/ARX_X5/ros2_ws/install/orbbec_camera_msgs/include/orbbec_camera_msgs/srv/detail/get_camera_info__type_support.c
[7.390s] -- Installing: /home/go2/ARX_X5/ros2_ws/install/orbbec_camera_msgs/include/orbbec_camera_msgs/srv/detail/set_string__rosidl_typesupport_introspection_c.h
[7.390s] -- Installing: /home/go2/ARX_X5/ros2_ws/install/orbbec_camera_msgs/lib/liborbbec_camera_msgs__rosidl_typesupport_introspection_c.so
[7.390s] -- Set runtime path of "/home/go2/ARX_X5/ros2_ws/install/orbbec_camera_msgs/lib/liborbbec_camera_msgs__rosidl_typesupport_introspection_c.so" to ""
[7.390s] -- Installing: /home/go2/ARX_X5/ros2_ws/install/orbbec_camera_msgs/lib/liborbbec_camera_msgs__rosidl_typesupport_c.so
[7.390s] -- Set runtime path of "/home/go2/ARX_X5/ros2_ws/install/orbbec_camera_msgs/lib/liborbbec_camera_msgs__rosidl_typesupport_c.so" to ""
[7.390s] -- Up-to-date: /home/go2/ARX_X5/ros2_ws/install/orbbec_camera_msgs/include/orbbec_camera_msgs
[7.390s] -- Up-to-date: /home/go2/ARX_X5/ros2_ws/install/orbbec_camera_msgs/include/orbbec_camera_msgs/msg
[7.390s] -- Installing: /home/go2/ARX_X5/ros2_ws/install/orbbec_camera_msgs/include/orbbec_camera_msgs/msg/device_info.hpp
[7.390s] -- Installing: /home/go2/ARX_X5/ros2_ws/install/orbbec_camera_msgs/include/orbbec_camera_msgs/msg/imu_info.hpp
[7.390s] -- Installing: /home/go2/ARX_X5/ros2_ws/install/orbbec_camera_msgs/include/orbbec_camera_msgs/msg/extrinsics.hpp
[7.390s] -- Installing: /home/go2/ARX_X5/ros2_ws/install/orbbec_camera_msgs/include/orbbec_camera_msgs/msg/rosidl_generator_cpp__visibility_control.hpp
[7.391s] -- Installing: /home/go2/ARX_X5/ros2_ws/install/orbbec_camera_msgs/include/orbbec_camera_msgs/msg/rgbd.hpp
[7.391s] -- Up-to-date: /home/go2/ARX_X5/ros2_ws/install/orbbec_camera_msgs/include/orbbec_camera_msgs/msg/detail
[7.391s] -- Installing: /home/go2/ARX_X5/ros2_ws/install/orbbec_camera_msgs/include/orbbec_camera_msgs/msg/detail/device_info__struct.hpp
[7.391s] -- Installing: /home/go2/ARX_X5/ros2_ws/install/orbbec_camera_msgs/include/orbbec_camera_msgs/msg/detail/rgbd__type_support.hpp
[7.391s] -- Installing: /home/go2/ARX_X5/ros2_ws/install/orbbec_camera_msgs/include/orbbec_camera_msgs/msg/detail/device_info__type_support.hpp
[7.391s] -- Installing: /home/go2/ARX_X5/ros2_ws/install/orbbec_camera_msgs/include/orbbec_camera_msgs/msg/detail/imu_info__type_support.hpp
[7.391s] -- Installing: /home/go2/ARX_X5/ros2_ws/install/orbbec_camera_msgs/include/orbbec_camera_msgs/msg/detail/extrinsics__builder.hpp
[7.391s] -- Installing: /home/go2/ARX_X5/ros2_ws/install/orbbec_camera_msgs/include/orbbec_camera_msgs/msg/detail/rgbd__builder.hpp
[7.391s] -- Installing: /home/go2/ARX_X5/ros2_ws/install/orbbec_camera_msgs/include/orbbec_camera_msgs/msg/detail/extrinsics__type_support.hpp
[7.391s] -- Installing: /home/go2/ARX_X5/ros2_ws/install/orbbec_camera_msgs/include/orbbec_camera_msgs/msg/detail/imu_info__struct.hpp
[7.391s] -- Installing: /home/go2/ARX_X5/ros2_ws/install/orbbec_camera_msgs/include/orbbec_camera_msgs/msg/detail/metadata__struct.hpp
[7.391s] -- Installing: /home/go2/ARX_X5/ros2_ws/install/orbbec_camera_msgs/include/orbbec_camera_msgs/msg/detail/rgbd__traits.hpp
[7.391s] -- Installing: /home/go2/ARX_X5/ros2_ws/install/orbbec_camera_msgs/include/orbbec_camera_msgs/msg/detail/metadata__builder.hpp
[7.391s] -- Installing: /home/go2/ARX_X5/ros2_ws/install/orbbec_camera_msgs/include/orbbec_camera_msgs/msg/detail/metadata__traits.hpp
[7.391s] -- Installing: /home/go2/ARX_X5/ros2_ws/install/orbbec_camera_msgs/include/orbbec_camera_msgs/msg/detail/rgbd__struct.hpp
[7.391s] -- Installing: /home/go2/ARX_X5/ros2_ws/install/orbbec_camera_msgs/include/orbbec_camera_msgs/msg/detail/imu_info__builder.hpp
[7.392s] -- Installing: /home/go2/ARX_X5/ros2_ws/install/orbbec_camera_msgs/include/orbbec_camera_msgs/msg/detail/device_info__builder.hpp
[7.392s] -- Installing: /home/go2/ARX_X5/ros2_ws/install/orbbec_camera_msgs/include/orbbec_camera_msgs/msg/detail/extrinsics__struct.hpp
[7.392s] -- Installing: /home/go2/ARX_X5/ros2_ws/install/orbbec_camera_msgs/include/orbbec_camera_msgs/msg/detail/metadata__type_support.hpp
[7.392s] -- Installing: /home/go2/ARX_X5/ros2_ws/install/orbbec_camera_msgs/include/orbbec_camera_msgs/msg/detail/imu_info__traits.hpp
[7.392s] -- Installing: /home/go2/ARX_X5/ros2_ws/install/orbbec_camera_msgs/include/orbbec_camera_msgs/msg/detail/extrinsics__traits.hpp
[7.392s] -- Installing: /home/go2/ARX_X5/ros2_ws/install/orbbec_camera_msgs/include/orbbec_camera_msgs/msg/detail/device_info__traits.hpp
[7.392s] -- Installing: /home/go2/ARX_X5/ros2_ws/install/orbbec_camera_msgs/include/orbbec_camera_msgs/msg/metadata.hpp
[7.392s] -- Up-to-date: /home/go2/ARX_X5/ros2_ws/install/orbbec_camera_msgs/include/orbbec_camera_msgs/srv
[7.392s] -- Installing: /home/go2/ARX_X5/ros2_ws/install/orbbec_camera_msgs/include/orbbec_camera_msgs/srv/get_device_info.hpp
[7.392s] -- Installing: /home/go2/ARX_X5/ros2_ws/install/orbbec_camera_msgs/include/orbbec_camera_msgs/srv/set_string.hpp
[7.392s] -- Installing: /home/go2/ARX_X5/ros2_ws/install/orbbec_camera_msgs/include/orbbec_camera_msgs/srv/get_int32.hpp
[7.392s] -- Installing: /home/go2/ARX_X5/ros2_ws/install/orbbec_camera_msgs/include/orbbec_camera_msgs/srv/get_camera_info.hpp
[7.392s] -- Installing: /home/go2/ARX_X5/ros2_ws/install/orbbec_camera_msgs/include/orbbec_camera_msgs/srv/set_int32.hpp
[7.392s] -- Installing: /home/go2/ARX_X5/ros2_ws/install/orbbec_camera_msgs/include/orbbec_camera_msgs/srv/get_bool.hpp
[7.392s] -- Installing: /home/go2/ARX_X5/ros2_ws/install/orbbec_camera_msgs/include/orbbec_camera_msgs/srv/get_string.hpp
[7.392s] -- Up-to-date: /home/go2/ARX_X5/ros2_ws/install/orbbec_camera_msgs/include/orbbec_camera_msgs/srv/detail
[7.392s] -- Installing: /home/go2/ARX_X5/ros2_ws/install/orbbec_camera_msgs/include/orbbec_camera_msgs/srv/detail/get_int32__builder.hpp
[7.393s] -- Installing: /home/go2/ARX_X5/ros2_ws/install/orbbec_camera_msgs/include/orbbec_camera_msgs/srv/detail/set_string__struct.hpp
[7.393s] -- Installing: /home/go2/ARX_X5/ros2_ws/install/orbbec_camera_msgs/include/orbbec_camera_msgs/srv/detail/get_bool__traits.hpp
[7.393s] -- Installing: /home/go2/ARX_X5/ros2_ws/install/orbbec_camera_msgs/include/orbbec_camera_msgs/srv/detail/get_camera_info__struct.hpp
[7.393s] -- Installing: /home/go2/ARX_X5/ros2_ws/install/orbbec_camera_msgs/include/orbbec_camera_msgs/srv/detail/get_device_info__traits.hpp
[7.393s] -- Installing: /home/go2/ARX_X5/ros2_ws/install/orbbec_camera_msgs/include/orbbec_camera_msgs/srv/detail/get_camera_info__builder.hpp
[7.393s] -- Installing: /home/go2/ARX_X5/ros2_ws/install/orbbec_camera_msgs/include/orbbec_camera_msgs/srv/detail/get_string__struct.hpp
[7.393s] -- Installing: /home/go2/ARX_X5/ros2_ws/install/orbbec_camera_msgs/include/orbbec_camera_msgs/srv/detail/get_bool__type_support.hpp
[7.393s] -- Installing: /home/go2/ARX_X5/ros2_ws/install/orbbec_camera_msgs/include/orbbec_camera_msgs/srv/detail/get_camera_info__type_support.hpp
[7.393s] -- Installing: /home/go2/ARX_X5/ros2_ws/install/orbbec_camera_msgs/include/orbbec_camera_msgs/srv/detail/get_string__type_support.hpp
[7.393s] -- Installing: /home/go2/ARX_X5/ros2_ws/install/orbbec_camera_msgs/include/orbbec_camera_msgs/srv/detail/get_int32__type_support.hpp
[7.393s] -- Installing: /home/go2/ARX_X5/ros2_ws/install/orbbec_camera_msgs/include/orbbec_camera_msgs/srv/detail/set_string__traits.hpp
[7.393s] -- Installing: /home/go2/ARX_X5/ros2_ws/install/orbbec_camera_msgs/include/orbbec_camera_msgs/srv/detail/get_bool__builder.hpp
[7.393s] -- Installing: /home/go2/ARX_X5/ros2_ws/install/orbbec_camera_msgs/include/orbbec_camera_msgs/srv/detail/set_int32__builder.hpp
[7.393s] -- Installing: /home/go2/ARX_X5/ros2_ws/install/orbbec_camera_msgs/include/orbbec_camera_msgs/srv/detail/get_bool__struct.hpp
[7.393s] -- Installing: /home/go2/ARX_X5/ros2_ws/install/orbbec_camera_msgs/include/orbbec_camera_msgs/srv/detail/set_string__builder.hpp
[7.393s] -- Installing: /home/go2/ARX_X5/ros2_ws/install/orbbec_camera_msgs/include/orbbec_camera_msgs/srv/detail/get_int32__traits.hpp
[7.393s] -- Installing: /home/go2/ARX_X5/ros2_ws/install/orbbec_camera_msgs/include/orbbec_camera_msgs/srv/detail/set_int32__traits.hpp
[7.393s] -- Installing: /home/go2/ARX_X5/ros2_ws/install/orbbec_camera_msgs/include/orbbec_camera_msgs/srv/detail/get_int32__struct.hpp
[7.393s] -- Installing: /home/go2/ARX_X5/ros2_ws/install/orbbec_camera_msgs/include/orbbec_camera_msgs/srv/detail/get_string__traits.hpp
[7.393s] -- Installing: /home/go2/ARX_X5/ros2_ws/install/orbbec_camera_msgs/include/orbbec_camera_msgs/srv/detail/get_camera_info__traits.hpp
[7.393s] -- Installing: /home/go2/ARX_X5/ros2_ws/install/orbbec_camera_msgs/include/orbbec_camera_msgs/srv/detail/get_string__builder.hpp
[7.394s] -- Installing: /home/go2/ARX_X5/ros2_ws/install/orbbec_camera_msgs/include/orbbec_camera_msgs/srv/detail/get_device_info__type_support.hpp
[7.394s] -- Installing: /home/go2/ARX_X5/ros2_ws/install/orbbec_camera_msgs/include/orbbec_camera_msgs/srv/detail/get_device_info__struct.hpp
[7.394s] -- Installing: /home/go2/ARX_X5/ros2_ws/install/orbbec_camera_msgs/include/orbbec_camera_msgs/srv/detail/set_int32__struct.hpp
[7.394s] -- Installing: /home/go2/ARX_X5/ros2_ws/install/orbbec_camera_msgs/include/orbbec_camera_msgs/srv/detail/set_string__type_support.hpp
[7.394s] -- Installing: /home/go2/ARX_X5/ros2_ws/install/orbbec_camera_msgs/include/orbbec_camera_msgs/srv/detail/set_int32__type_support.hpp
[7.394s] -- Installing: /home/go2/ARX_X5/ros2_ws/install/orbbec_camera_msgs/include/orbbec_camera_msgs/srv/detail/get_device_info__builder.hpp
[7.394s] -- Up-to-date: /home/go2/ARX_X5/ros2_ws/install/orbbec_camera_msgs/include/orbbec_camera_msgs
[7.394s] -- Up-to-date: /home/go2/ARX_X5/ros2_ws/install/orbbec_camera_msgs/include/orbbec_camera_msgs/msg
[7.394s] -- Up-to-date: /home/go2/ARX_X5/ros2_ws/install/orbbec_camera_msgs/include/orbbec_camera_msgs/msg/detail
[7.394s] -- Installing: /home/go2/ARX_X5/ros2_ws/install/orbbec_camera_msgs/include/orbbec_camera_msgs/msg/detail/device_info__rosidl_typesupport_introspection_cpp.hpp
[7.394s] -- Installing: /home/go2/ARX_X5/ros2_ws/install/orbbec_camera_msgs/include/orbbec_camera_msgs/msg/detail/metadata__rosidl_typesupport_introspection_cpp.hpp
[7.394s] -- Installing: /home/go2/ARX_X5/ros2_ws/install/orbbec_camera_msgs/include/orbbec_camera_msgs/msg/detail/extrinsics__rosidl_typesupport_introspection_cpp.hpp
[7.394s] -- Installing: /home/go2/ARX_X5/ros2_ws/install/orbbec_camera_msgs/include/orbbec_camera_msgs/msg/detail/rgbd__rosidl_typesupport_introspection_cpp.hpp
[7.394s] -- Installing: /home/go2/ARX_X5/ros2_ws/install/orbbec_camera_msgs/include/orbbec_camera_msgs/msg/detail/imu_info__rosidl_typesupport_introspection_cpp.hpp
[7.394s] -- Installing: /home/go2/ARX_X5/ros2_ws/install/orbbec_camera_msgs/include/orbbec_camera_msgs/msg/detail/rgbd__type_support.cpp
[7.394s] -- Installing: /home/go2/ARX_X5/ros2_ws/install/orbbec_camera_msgs/include/orbbec_camera_msgs/msg/detail/imu_info__type_support.cpp
[7.394s] -- Installing: /home/go2/ARX_X5/ros2_ws/install/orbbec_camera_msgs/include/orbbec_camera_msgs/msg/detail/extrinsics__type_support.cpp
[7.394s] -- Installing: /home/go2/ARX_X5/ros2_ws/install/orbbec_camera_msgs/include/orbbec_camera_msgs/msg/detail/device_info__type_support.cpp
[7.394s] -- Installing: /home/go2/ARX_X5/ros2_ws/install/orbbec_camera_msgs/include/orbbec_camera_msgs/msg/detail/metadata__type_support.cpp
[7.394s] -- Up-to-date: /home/go2/ARX_X5/ros2_ws/install/orbbec_camera_msgs/include/orbbec_camera_msgs/srv
[7.394s] -- Up-to-date: /home/go2/ARX_X5/ros2_ws/install/orbbec_camera_msgs/include/orbbec_camera_msgs/srv/detail
[7.394s] -- Installing: /home/go2/ARX_X5/ros2_ws/install/orbbec_camera_msgs/include/orbbec_camera_msgs/srv/detail/get_int32__rosidl_typesupport_introspection_cpp.hpp
[7.394s] -- Installing: /home/go2/ARX_X5/ros2_ws/install/orbbec_camera_msgs/include/orbbec_camera_msgs/srv/detail/set_int32__type_support.cpp
[7.394s] -- Installing: /home/go2/ARX_X5/ros2_ws/install/orbbec_camera_msgs/include/orbbec_camera_msgs/srv/detail/get_bool__type_support.cpp
[7.394s] -- Installing: /home/go2/ARX_X5/ros2_ws/install/orbbec_camera_msgs/include/orbbec_camera_msgs/srv/detail/get_int32__type_support.cpp
[7.394s] -- Installing: /home/go2/ARX_X5/ros2_ws/install/orbbec_camera_msgs/include/orbbec_camera_msgs/srv/detail/set_string__type_support.cpp
[7.394s] -- Installing: /home/go2/ARX_X5/ros2_ws/install/orbbec_camera_msgs/include/orbbec_camera_msgs/srv/detail/get_device_info__rosidl_typesupport_introspection_cpp.hpp
[7.395s] -- Installing: /home/go2/ARX_X5/ros2_ws/install/orbbec_camera_msgs/include/orbbec_camera_msgs/srv/detail/get_camera_info__type_support.cpp
[7.395s] -- Installing: /home/go2/ARX_X5/ros2_ws/install/orbbec_camera_msgs/include/orbbec_camera_msgs/srv/detail/get_camera_info__rosidl_typesupport_introspection_cpp.hpp
[7.395s] -- Installing: /home/go2/ARX_X5/ros2_ws/install/orbbec_camera_msgs/include/orbbec_camera_msgs/srv/detail/get_string__rosidl_typesupport_introspection_cpp.hpp
[7.395s] -- Installing: /home/go2/ARX_X5/ros2_ws/install/orbbec_camera_msgs/include/orbbec_camera_msgs/srv/detail/set_int32__rosidl_typesupport_introspection_cpp.hpp
[7.395s] -- Installing: /home/go2/ARX_X5/ros2_ws/install/orbbec_camera_msgs/include/orbbec_camera_msgs/srv/detail/get_string__type_support.cpp
[7.395s] -- Installing: /home/go2/ARX_X5/ros2_ws/install/orbbec_camera_msgs/include/orbbec_camera_msgs/srv/detail/set_string__rosidl_typesupport_introspection_cpp.hpp
[7.395s] -- Installing: /home/go2/ARX_X5/ros2_ws/install/orbbec_camera_msgs/include/orbbec_camera_msgs/srv/detail/get_device_info__type_support.cpp
[7.395s] -- Installing: /home/go2/ARX_X5/ros2_ws/install/orbbec_camera_msgs/include/orbbec_camera_msgs/srv/detail/get_bool__rosidl_typesupport_introspection_cpp.hpp
[7.395s] -- Installing: /home/go2/ARX_X5/ros2_ws/install/orbbec_camera_msgs/lib/liborbbec_camera_msgs__rosidl_typesupport_introspection_cpp.so
[7.395s] -- Set runtime path of "/home/go2/ARX_X5/ros2_ws/install/orbbec_camera_msgs/lib/liborbbec_camera_msgs__rosidl_typesupport_introspection_cpp.so" to ""
[7.395s] -- Installing: /home/go2/ARX_X5/ros2_ws/install/orbbec_camera_msgs/lib/liborbbec_camera_msgs__rosidl_typesupport_cpp.so
[7.395s] -- Set runtime path of "/home/go2/ARX_X5/ros2_ws/install/orbbec_camera_msgs/lib/liborbbec_camera_msgs__rosidl_typesupport_cpp.so" to ""
[7.395s] -- Installing: /home/go2/ARX_X5/ros2_ws/install/orbbec_camera_msgs/share/orbbec_camera_msgs/environment/pythonpath.sh
[7.395s] -- Installing: /home/go2/ARX_X5/ros2_ws/install/orbbec_camera_msgs/share/orbbec_camera_msgs/environment/pythonpath.dsv
[7.395s] -- Installing: /home/go2/ARX_X5/ros2_ws/install/orbbec_camera_msgs/lib/python3.8/site-packages/orbbec_camera_msgs/__init__.py
[7.422s] Compiling '/home/go2/ARX_X5/ros2_ws/install/orbbec_camera_msgs/lib/python3.8/site-packages/orbbec_camera_msgs/__init__.py'...
[7.425s] -- Installing: /home/go2/ARX_X5/ros2_ws/install/orbbec_camera_msgs/lib/python3.8/site-packages/orbbec_camera_msgs/msg
[7.425s] -- Installing: /home/go2/ARX_X5/ros2_ws/install/orbbec_camera_msgs/lib/python3.8/site-packages/orbbec_camera_msgs/msg/_metadata_s.c
[7.426s] -- Installing: /home/go2/ARX_X5/ros2_ws/install/orbbec_camera_msgs/lib/python3.8/site-packages/orbbec_camera_msgs/msg/_imu_info_s.c
[7.426s] -- Installing: /home/go2/ARX_X5/ros2_ws/install/orbbec_camera_msgs/lib/python3.8/site-packages/orbbec_camera_msgs/msg/_rgbd.py
[7.426s] -- Installing: /home/go2/ARX_X5/ros2_ws/install/orbbec_camera_msgs/lib/python3.8/site-packages/orbbec_camera_msgs/msg/_metadata.py
[7.426s] -- Installing: /home/go2/ARX_X5/ros2_ws/install/orbbec_camera_msgs/lib/python3.8/site-packages/orbbec_camera_msgs/msg/_extrinsics.py
[7.426s] -- Installing: /home/go2/ARX_X5/ros2_ws/install/orbbec_camera_msgs/lib/python3.8/site-packages/orbbec_camera_msgs/msg/_extrinsics_s.c
[7.427s] -- Installing: /home/go2/ARX_X5/ros2_ws/install/orbbec_camera_msgs/lib/python3.8/site-packages/orbbec_camera_msgs/msg/_device_info_s.c
[7.427s] -- Installing: /home/go2/ARX_X5/ros2_ws/install/orbbec_camera_msgs/lib/python3.8/site-packages/orbbec_camera_msgs/msg/_imu_info.py
[7.427s] -- Installing: /home/go2/ARX_X5/ros2_ws/install/orbbec_camera_msgs/lib/python3.8/site-packages/orbbec_camera_msgs/msg/_device_info.py
[7.427s] -- Installing: /home/go2/ARX_X5/ros2_ws/install/orbbec_camera_msgs/lib/python3.8/site-packages/orbbec_camera_msgs/msg/_rgbd_s.c
[7.427s] -- Installing: /home/go2/ARX_X5/ros2_ws/install/orbbec_camera_msgs/lib/python3.8/site-packages/orbbec_camera_msgs/msg/__init__.py
[7.427s] -- Installing: /home/go2/ARX_X5/ros2_ws/install/orbbec_camera_msgs/lib/python3.8/site-packages/orbbec_camera_msgs/srv
[7.427s] -- Installing: /home/go2/ARX_X5/ros2_ws/install/orbbec_camera_msgs/lib/python3.8/site-packages/orbbec_camera_msgs/srv/_get_bool_s.c
[7.427s] -- Installing: /home/go2/ARX_X5/ros2_ws/install/orbbec_camera_msgs/lib/python3.8/site-packages/orbbec_camera_msgs/srv/_get_camera_info.py
[7.427s] -- Installing: /home/go2/ARX_X5/ros2_ws/install/orbbec_camera_msgs/lib/python3.8/site-packages/orbbec_camera_msgs/srv/_get_bool.py
[7.428s] -- Installing: /home/go2/ARX_X5/ros2_ws/install/orbbec_camera_msgs/lib/python3.8/site-packages/orbbec_camera_msgs/srv/_set_int32_s.c
[7.428s] -- Installing: /home/go2/ARX_X5/ros2_ws/install/orbbec_camera_msgs/lib/python3.8/site-packages/orbbec_camera_msgs/srv/_set_string_s.c
[7.428s] -- Installing: /home/go2/ARX_X5/ros2_ws/install/orbbec_camera_msgs/lib/python3.8/site-packages/orbbec_camera_msgs/srv/_set_string.py
[7.428s] -- Installing: /home/go2/ARX_X5/ros2_ws/install/orbbec_camera_msgs/lib/python3.8/site-packages/orbbec_camera_msgs/srv/_get_int32_s.c
[7.428s] -- Installing: /home/go2/ARX_X5/ros2_ws/install/orbbec_camera_msgs/lib/python3.8/site-packages/orbbec_camera_msgs/srv/_get_string_s.c
[7.428s] -- Installing: /home/go2/ARX_X5/ros2_ws/install/orbbec_camera_msgs/lib/python3.8/site-packages/orbbec_camera_msgs/srv/_get_device_info.py
[7.428s] -- Installing: /home/go2/ARX_X5/ros2_ws/install/orbbec_camera_msgs/lib/python3.8/site-packages/orbbec_camera_msgs/srv/_set_int32.py
[7.428s] -- Installing: /home/go2/ARX_X5/ros2_ws/install/orbbec_camera_msgs/lib/python3.8/site-packages/orbbec_camera_msgs/srv/_get_camera_info_s.c
[7.428s] -- Installing: /home/go2/ARX_X5/ros2_ws/install/orbbec_camera_msgs/lib/python3.8/site-packages/orbbec_camera_msgs/srv/_get_int32.py
[7.428s] -- Installing: /home/go2/ARX_X5/ros2_ws/install/orbbec_camera_msgs/lib/python3.8/site-packages/orbbec_camera_msgs/srv/_get_string.py
[7.428s] -- Installing: /home/go2/ARX_X5/ros2_ws/install/orbbec_camera_msgs/lib/python3.8/site-packages/orbbec_camera_msgs/srv/__init__.py
[7.428s] -- Installing: /home/go2/ARX_X5/ros2_ws/install/orbbec_camera_msgs/lib/python3.8/site-packages/orbbec_camera_msgs/srv/_get_device_info_s.c
[7.428s] -- Installing: /home/go2/ARX_X5/ros2_ws/install/orbbec_camera_msgs/lib/python3.8/site-packages/orbbec_camera_msgs/orbbec_camera_msgs_s__rosidl_typesupport_fastrtps_c.cpython-38-x86_64-linux-gnu.so
[7.428s] -- Set runtime path of "/home/go2/ARX_X5/ros2_ws/install/orbbec_camera_msgs/lib/python3.8/site-packages/orbbec_camera_msgs/orbbec_camera_msgs_s__rosidl_typesupport_fastrtps_c.cpython-38-x86_64-linux-gnu.so" to ""
[7.429s] -- Installing: /home/go2/ARX_X5/ros2_ws/install/orbbec_camera_msgs/lib/python3.8/site-packages/orbbec_camera_msgs/orbbec_camera_msgs_s__rosidl_typesupport_introspection_c.cpython-38-x86_64-linux-gnu.so
[7.429s] -- Set runtime path of "/home/go2/ARX_X5/ros2_ws/install/orbbec_camera_msgs/lib/python3.8/site-packages/orbbec_camera_msgs/orbbec_camera_msgs_s__rosidl_typesupport_introspection_c.cpython-38-x86_64-linux-gnu.so" to ""
[7.429s] -- Installing: /home/go2/ARX_X5/ros2_ws/install/orbbec_camera_msgs/lib/python3.8/site-packages/orbbec_camera_msgs/orbbec_camera_msgs_s__rosidl_typesupport_c.cpython-38-x86_64-linux-gnu.so
[7.430s] -- Set runtime path of "/home/go2/ARX_X5/ros2_ws/install/orbbec_camera_msgs/lib/python3.8/site-packages/orbbec_camera_msgs/orbbec_camera_msgs_s__rosidl_typesupport_c.cpython-38-x86_64-linux-gnu.so" to ""
[7.430s] -- Installing: /home/go2/ARX_X5/ros2_ws/install/orbbec_camera_msgs/lib/liborbbec_camera_msgs__python.so
[7.430s] -- Set runtime path of "/home/go2/ARX_X5/ros2_ws/install/orbbec_camera_msgs/lib/liborbbec_camera_msgs__python.so" to ""
[7.430s] -- Installing: /home/go2/ARX_X5/ros2_ws/install/orbbec_camera_msgs/share/orbbec_camera_msgs/msg/DeviceInfo.idl
[7.430s] -- Installing: /home/go2/ARX_X5/ros2_ws/install/orbbec_camera_msgs/share/orbbec_camera_msgs/msg/Extrinsics.idl
[7.430s] -- Installing: /home/go2/ARX_X5/ros2_ws/install/orbbec_camera_msgs/share/orbbec_camera_msgs/msg/Metadata.idl
[7.430s] -- Installing: /home/go2/ARX_X5/ros2_ws/install/orbbec_camera_msgs/share/orbbec_camera_msgs/msg/IMUInfo.idl
[7.430s] -- Installing: /home/go2/ARX_X5/ros2_ws/install/orbbec_camera_msgs/share/orbbec_camera_msgs/msg/RGBD.idl
[7.430s] -- Installing: /home/go2/ARX_X5/ros2_ws/install/orbbec_camera_msgs/share/orbbec_camera_msgs/srv/GetBool.idl
[7.430s] -- Installing: /home/go2/ARX_X5/ros2_ws/install/orbbec_camera_msgs/share/orbbec_camera_msgs/srv/GetDeviceInfo.idl
[7.430s] -- Installing: /home/go2/ARX_X5/ros2_ws/install/orbbec_camera_msgs/share/orbbec_camera_msgs/srv/GetCameraInfo.idl
[7.430s] -- Installing: /home/go2/ARX_X5/ros2_ws/install/orbbec_camera_msgs/share/orbbec_camera_msgs/srv/GetInt32.idl
[7.431s] -- Installing: /home/go2/ARX_X5/ros2_ws/install/orbbec_camera_msgs/share/orbbec_camera_msgs/srv/GetString.idl
[7.431s] -- Installing: /home/go2/ARX_X5/ros2_ws/install/orbbec_camera_msgs/share/orbbec_camera_msgs/srv/SetInt32.idl
[7.431s] -- Installing: /home/go2/ARX_X5/ros2_ws/install/orbbec_camera_msgs/share/orbbec_camera_msgs/srv/SetString.idl
[7.431s] -- Installing: /home/go2/ARX_X5/ros2_ws/install/orbbec_camera_msgs/share/orbbec_camera_msgs/msg/DeviceInfo.msg
[7.431s] -- Installing: /home/go2/ARX_X5/ros2_ws/install/orbbec_camera_msgs/share/orbbec_camera_msgs/msg/Extrinsics.msg
[7.431s] -- Installing: /home/go2/ARX_X5/ros2_ws/install/orbbec_camera_msgs/share/orbbec_camera_msgs/msg/Metadata.msg
[7.431s] -- Installing: /home/go2/ARX_X5/ros2_ws/install/orbbec_camera_msgs/share/orbbec_camera_msgs/msg/IMUInfo.msg
[7.431s] -- Installing: /home/go2/ARX_X5/ros2_ws/install/orbbec_camera_msgs/share/orbbec_camera_msgs/msg/RGBD.msg
[7.431s] -- Installing: /home/go2/ARX_X5/ros2_ws/install/orbbec_camera_msgs/share/orbbec_camera_msgs/srv/GetBool.srv
[7.431s] -- Installing: /home/go2/ARX_X5/ros2_ws/install/orbbec_camera_msgs/share/orbbec_camera_msgs/srv/GetBool_Request.msg
[7.431s] -- Installing: /home/go2/ARX_X5/ros2_ws/install/orbbec_camera_msgs/share/orbbec_camera_msgs/srv/GetBool_Response.msg
[7.431s] -- Installing: /home/go2/ARX_X5/ros2_ws/install/orbbec_camera_msgs/share/orbbec_camera_msgs/srv/GetDeviceInfo.srv
[7.431s] -- Installing: /home/go2/ARX_X5/ros2_ws/install/orbbec_camera_msgs/share/orbbec_camera_msgs/srv/GetDeviceInfo_Request.msg
[7.431s] -- Installing: /home/go2/ARX_X5/ros2_ws/install/orbbec_camera_msgs/share/orbbec_camera_msgs/srv/GetDeviceInfo_Response.msg
[7.431s] -- Installing: /home/go2/ARX_X5/ros2_ws/install/orbbec_camera_msgs/share/orbbec_camera_msgs/srv/GetCameraInfo.srv
[7.431s] -- Installing: /home/go2/ARX_X5/ros2_ws/install/orbbec_camera_msgs/share/orbbec_camera_msgs/srv/GetCameraInfo_Request.msg
[7.432s] -- Installing: /home/go2/ARX_X5/ros2_ws/install/orbbec_camera_msgs/share/orbbec_camera_msgs/srv/GetCameraInfo_Response.msg
[7.432s] -- Installing: /home/go2/ARX_X5/ros2_ws/install/orbbec_camera_msgs/share/orbbec_camera_msgs/srv/GetInt32.srv
[7.432s] -- Installing: /home/go2/ARX_X5/ros2_ws/install/orbbec_camera_msgs/share/orbbec_camera_msgs/srv/GetInt32_Request.msg
[7.432s] -- Installing: /home/go2/ARX_X5/ros2_ws/install/orbbec_camera_msgs/share/orbbec_camera_msgs/srv/GetInt32_Response.msg
[7.432s] -- Installing: /home/go2/ARX_X5/ros2_ws/install/orbbec_camera_msgs/share/orbbec_camera_msgs/srv/GetString.srv
[7.432s] -- Installing: /home/go2/ARX_X5/ros2_ws/install/orbbec_camera_msgs/share/orbbec_camera_msgs/srv/GetString_Request.msg
[7.432s] -- Installing: /home/go2/ARX_X5/ros2_ws/install/orbbec_camera_msgs/share/orbbec_camera_msgs/srv/GetString_Response.msg
[7.432s] -- Installing: /home/go2/ARX_X5/ros2_ws/install/orbbec_camera_msgs/share/orbbec_camera_msgs/srv/SetInt32.srv
[7.432s] -- Installing: /home/go2/ARX_X5/ros2_ws/install/orbbec_camera_msgs/share/orbbec_camera_msgs/srv/SetInt32_Request.msg
[7.432s] -- Installing: /home/go2/ARX_X5/ros2_ws/install/orbbec_camera_msgs/share/orbbec_camera_msgs/srv/SetInt32_Response.msg
[7.432s] -- Installing: /home/go2/ARX_X5/ros2_ws/install/orbbec_camera_msgs/share/orbbec_camera_msgs/srv/SetString.srv
[7.432s] -- Installing: /home/go2/ARX_X5/ros2_ws/install/orbbec_camera_msgs/share/orbbec_camera_msgs/srv/SetString_Request.msg
[7.432s] -- Installing: /home/go2/ARX_X5/ros2_ws/install/orbbec_camera_msgs/share/orbbec_camera_msgs/srv/SetString_Response.msg
[7.432s] -- Installing: /home/go2/ARX_X5/ros2_ws/install/orbbec_camera_msgs/share/ament_index/resource_index/package_run_dependencies/orbbec_camera_msgs
[7.432s] -- Installing: /home/go2/ARX_X5/ros2_ws/install/orbbec_camera_msgs/share/ament_index/resource_index/parent_prefix_path/orbbec_camera_msgs
[7.432s] -- Installing: /home/go2/ARX_X5/ros2_ws/install/orbbec_camera_msgs/share/orbbec_camera_msgs/environment/ament_prefix_path.sh
[7.433s] -- Installing: /home/go2/ARX_X5/ros2_ws/install/orbbec_camera_msgs/share/orbbec_camera_msgs/environment/ament_prefix_path.dsv
[7.433s] -- Installing: /home/go2/ARX_X5/ros2_ws/install/orbbec_camera_msgs/share/orbbec_camera_msgs/environment/path.sh
[7.433s] -- Installing: /home/go2/ARX_X5/ros2_ws/install/orbbec_camera_msgs/share/orbbec_camera_msgs/environment/path.dsv
[7.433s] -- Installing: /home/go2/ARX_X5/ros2_ws/install/orbbec_camera_msgs/share/orbbec_camera_msgs/local_setup.bash
[7.433s] -- Installing: /home/go2/ARX_X5/ros2_ws/install/orbbec_camera_msgs/share/orbbec_camera_msgs/local_setup.sh
[7.433s] -- Installing: /home/go2/ARX_X5/ros2_ws/install/orbbec_camera_msgs/share/orbbec_camera_msgs/local_setup.zsh
[7.433s] -- Installing: /home/go2/ARX_X5/ros2_ws/install/orbbec_camera_msgs/share/orbbec_camera_msgs/local_setup.dsv
[7.433s] -- Installing: /home/go2/ARX_X5/ros2_ws/install/orbbec_camera_msgs/share/orbbec_camera_msgs/package.dsv
[7.433s] -- Installing: /home/go2/ARX_X5/ros2_ws/install/orbbec_camera_msgs/share/ament_index/resource_index/packages/orbbec_camera_msgs
[7.433s] -- Installing: /home/go2/ARX_X5/ros2_ws/install/orbbec_camera_msgs/share/orbbec_camera_msgs/cmake/orbbec_camera_msgs__rosidl_generator_cExport.cmake
[7.433s] -- Installing: /home/go2/ARX_X5/ros2_ws/install/orbbec_camera_msgs/share/orbbec_camera_msgs/cmake/orbbec_camera_msgs__rosidl_generator_cExport-release.cmake
[7.433s] -- Installing: /home/go2/ARX_X5/ros2_ws/install/orbbec_camera_msgs/share/orbbec_camera_msgs/cmake/orbbec_camera_msgs__rosidl_typesupport_introspection_cExport.cmake
[7.434s] -- Installing: /home/go2/ARX_X5/ros2_ws/install/orbbec_camera_msgs/share/orbbec_camera_msgs/cmake/orbbec_camera_msgs__rosidl_typesupport_introspection_cExport-release.cmake
[7.434s] -- Installing: /home/go2/ARX_X5/ros2_ws/install/orbbec_camera_msgs/share/orbbec_camera_msgs/cmake/orbbec_camera_msgs__rosidl_typesupport_cExport.cmake
[7.434s] -- Installing: /home/go2/ARX_X5/ros2_ws/install/orbbec_camera_msgs/share/orbbec_camera_msgs/cmake/orbbec_camera_msgs__rosidl_typesupport_cExport-release.cmake
[7.434s] -- Installing: /home/go2/ARX_X5/ros2_ws/install/orbbec_camera_msgs/share/orbbec_camera_msgs/cmake/orbbec_camera_msgs__rosidl_generator_cppExport.cmake
[7.434s] -- Installing: /home/go2/ARX_X5/ros2_ws/install/orbbec_camera_msgs/share/orbbec_camera_msgs/cmake/orbbec_camera_msgs__rosidl_typesupport_introspection_cppExport.cmake
[7.434s] -- Installing: /home/go2/ARX_X5/ros2_ws/install/orbbec_camera_msgs/share/orbbec_camera_msgs/cmake/orbbec_camera_msgs__rosidl_typesupport_introspection_cppExport-release.cmake
[7.434s] -- Installing: /home/go2/ARX_X5/ros2_ws/install/orbbec_camera_msgs/share/orbbec_camera_msgs/cmake/orbbec_camera_msgs__rosidl_typesupport_cppExport.cmake
[7.434s] -- Installing: /home/go2/ARX_X5/ros2_ws/install/orbbec_camera_msgs/share/orbbec_camera_msgs/cmake/orbbec_camera_msgs__rosidl_typesupport_cppExport-release.cmake
[7.434s] -- Installing: /home/go2/ARX_X5/ros2_ws/install/orbbec_camera_msgs/share/orbbec_camera_msgs/cmake/rosidl_cmake-extras.cmake
[7.434s] -- Installing: /home/go2/ARX_X5/ros2_ws/install/orbbec_camera_msgs/share/orbbec_camera_msgs/cmake/ament_cmake_export_dependencies-extras.cmake
[7.434s] -- Installing: /home/go2/ARX_X5/ros2_ws/install/orbbec_camera_msgs/share/orbbec_camera_msgs/cmake/ament_cmake_export_libraries-extras.cmake
[7.434s] -- Installing: /home/go2/ARX_X5/ros2_ws/install/orbbec_camera_msgs/share/orbbec_camera_msgs/cmake/ament_cmake_export_targets-extras.cmake
[7.435s] -- Installing: /home/go2/ARX_X5/ros2_ws/install/orbbec_camera_msgs/share/orbbec_camera_msgs/cmake/ament_cmake_export_include_directories-extras.cmake
[7.435s] -- Installing: /home/go2/ARX_X5/ros2_ws/install/orbbec_camera_msgs/share/orbbec_camera_msgs/cmake/rosidl_cmake_export_typesupport_libraries-extras.cmake
[7.435s] -- Installing: /home/go2/ARX_X5/ros2_ws/install/orbbec_camera_msgs/share/orbbec_camera_msgs/cmake/rosidl_cmake_export_typesupport_targets-extras.cmake
[7.435s] -- Installing: /home/go2/ARX_X5/ros2_ws/install/orbbec_camera_msgs/share/orbbec_camera_msgs/cmake/orbbec_camera_msgsConfig.cmake
[7.435s] -- Installing: /home/go2/ARX_X5/ros2_ws/install/orbbec_camera_msgs/share/orbbec_camera_msgs/cmake/orbbec_camera_msgsConfig-version.cmake
[7.435s] -- Installing: /home/go2/ARX_X5/ros2_ws/install/orbbec_camera_msgs/share/orbbec_camera_msgs/package.xml
[7.438s] Invoked command in '/home/go2/ARX_X5/ros2_ws/build/orbbec_camera_msgs' returned '0': CMAKE_PREFIX_PATH=/home/go2/piper_ros/install/piper_msgs:/home/go2/piper_ros/install/piper_description:/home/go2/ARX_X5/ROS2/X5_ws/install/arx_x5_controller:/home/go2/ARX_X5/ROS2/X5_ws/install/arx5_arm_msg:/home/go2/piper_ros/install/piper:/opt/ros/foxy:/home/go2/ARX_X5/ROS2/X5_ws/install/arm_control CONDA_PROMPT_MODIFIER=(ARX) /usr/bin/cmake --install /home/go2/ARX_X5/ros2_ws/build/orbbec_camera_msgs
