Performing C SOURCE FILE Test CMAKE_HAVE_LIBC_PTHREAD failed with the following output:
Change Dir: /home/go2/ARX_X5/ROS2/X5_ws/build/arm_control/CMakeFiles/CMakeTmp

Run Build Command(s):/usr/bin/make cmTC_dcd9d/fast && /usr/bin/make -f CMakeFiles/cmTC_dcd9d.dir/build.make CMakeFiles/cmTC_dcd9d.dir/build
make[1]: 进入目录“/home/go2/ARX_X5/ROS2/X5_ws/build/arm_control/CMakeFiles/CMakeTmp”
Building C object CMakeFiles/cmTC_dcd9d.dir/src.c.o
/usr/bin/cc   -DCMAKE_HAVE_LIBC_PTHREAD   -o CMakeFiles/cmTC_dcd9d.dir/src.c.o   -c /home/go2/ARX_X5/ROS2/X5_ws/build/arm_control/CMakeFiles/CMakeTmp/src.c
Linking C executable cmTC_dcd9d
/usr/bin/cmake -E cmake_link_script CMakeFiles/cmTC_dcd9d.dir/link.txt --verbose=1
/usr/bin/cc  -DCMAKE_HAVE_LIBC_PTHREAD    CMakeFiles/cmTC_dcd9d.dir/src.c.o  -o cmTC_dcd9d 
/usr/bin/ld: CMakeFiles/cmTC_dcd9d.dir/src.c.o: in function `main':
src.c:(.text+0x46): undefined reference to `pthread_create'
/usr/bin/ld: src.c:(.text+0x52): undefined reference to `pthread_detach'
/usr/bin/ld: src.c:(.text+0x63): undefined reference to `pthread_join'
collect2: error: ld returned 1 exit status
make[1]: *** [CMakeFiles/cmTC_dcd9d.dir/build.make:87：cmTC_dcd9d] 错误 1
make[1]: 离开目录“/home/go2/ARX_X5/ROS2/X5_ws/build/arm_control/CMakeFiles/CMakeTmp”
make: *** [Makefile:121：cmTC_dcd9d/fast] 错误 2


Source file was:
#include <pthread.h>

void* test_func(void* data)
{
  return data;
}

int main(void)
{
  pthread_t thread;
  pthread_create(&thread, NULL, test_func, NULL);
  pthread_detach(thread);
  pthread_join(thread, NULL);
  pthread_atfork(NULL, NULL, NULL);
  pthread_exit(NULL);

  return 0;
}

Determining if the function pthread_create exists in the pthreads failed with the following output:
Change Dir: /home/go2/ARX_X5/ROS2/X5_ws/build/arm_control/CMakeFiles/CMakeTmp

Run Build Command(s):/usr/bin/make cmTC_055eb/fast && /usr/bin/make -f CMakeFiles/cmTC_055eb.dir/build.make CMakeFiles/cmTC_055eb.dir/build
make[1]: 进入目录“/home/go2/ARX_X5/ROS2/X5_ws/build/arm_control/CMakeFiles/CMakeTmp”
Building C object CMakeFiles/cmTC_055eb.dir/CheckFunctionExists.c.o
/usr/bin/cc   -DCHECK_FUNCTION_EXISTS=pthread_create   -o CMakeFiles/cmTC_055eb.dir/CheckFunctionExists.c.o   -c /usr/share/cmake-3.16/Modules/CheckFunctionExists.c
Linking C executable cmTC_055eb
/usr/bin/cmake -E cmake_link_script CMakeFiles/cmTC_055eb.dir/link.txt --verbose=1
/usr/bin/cc  -DCHECK_FUNCTION_EXISTS=pthread_create    CMakeFiles/cmTC_055eb.dir/CheckFunctionExists.c.o  -o cmTC_055eb  -lpthreads 
/usr/bin/ld: 找不到 -lpthreads
collect2: error: ld returned 1 exit status
make[1]: *** [CMakeFiles/cmTC_055eb.dir/build.make:87：cmTC_055eb] 错误 1
make[1]: 离开目录“/home/go2/ARX_X5/ROS2/X5_ws/build/arm_control/CMakeFiles/CMakeTmp”
make: *** [Makefile:121：cmTC_055eb/fast] 错误 2



