[0.017s] Invoking command in '/home/go2/ARX_X5/ROS2/X5_ws/build/arm_control': CONDA_PROMPT_MODIFIER=(ARX) /usr/bin/cmake /home/go2/ARX_X5/ROS2/X5_ws/src/arxmsgros2/arm_control -DCATKIN_INSTALL_INTO_PREFIX_ROOT=0 -DCMAKE_INSTALL_PREFIX=/home/go2/ARX_X5/ROS2/X5_ws/install/arm_control
[0.152s] -- The C compiler identification is GNU 9.4.0
[0.253s] -- The CXX compiler identification is GNU 9.4.0
[0.259s] -- Check for working C compiler: /usr/bin/cc
[0.337s] -- Check for working C compiler: /usr/bin/cc -- works
[0.339s] -- Detecting C compiler ABI info
[0.419s] -- Detecting C compiler ABI info - done
[0.429s] -- Detecting C compile features
[0.429s] -- Detecting C compile features - done
[0.431s] -- Check for working CXX compiler: /usr/bin/c++
[0.518s] -- Check for working CXX compiler: /usr/bin/c++ -- works
[0.520s] -- Detecting CXX compiler ABI info
[0.609s] -- Detecting CXX compiler ABI info - done
[0.619s] -- Detecting CXX compile features
[0.619s] -- Detecting CXX compile features - done
[0.621s] -- Found ament_cmake: 0.9.12 (/opt/ros/foxy/share/ament_cmake/cmake)
[0.647s] -- Found PythonInterp: /home/go2/miniconda3/envs/ARX/bin/python3 (found suitable version "3.8", minimum required is "3") 
[0.648s] -- Using PYTHON_EXECUTABLE: /home/go2/miniconda3/envs/ARX/bin/python3
[0.786s] -- Found rclcpp: 2.4.3 (/opt/ros/foxy/share/rclcpp/cmake)
[0.827s] -- Using all available rosidl_typesupport_c: rosidl_typesupport_fastrtps_c;rosidl_typesupport_introspection_c
[0.832s] -- Found rosidl_adapter: 1.3.1 (/opt/ros/foxy/share/rosidl_adapter/cmake)
[0.929s] -- Found OpenSSL: /usr/lib/x86_64-linux-gnu/libcrypto.so (found version "1.1.1f")  
[0.956s] -- Found FastRTPS: /opt/ros/foxy/include  
[1.024s] -- Using all available rosidl_typesupport_cpp: rosidl_typesupport_fastrtps_cpp;rosidl_typesupport_introspection_cpp
[1.071s] -- Found rmw_implementation_cmake: 1.0.4 (/opt/ros/foxy/share/rmw_implementation_cmake/cmake)
[1.072s] -- Using RMW implementation 'rmw_fastrtps_cpp' as default
[1.073s] -- Looking for pthread.h
[1.164s] -- Looking for pthread.h - found
[1.165s] -- Performing Test CMAKE_HAVE_LIBC_PTHREAD
[1.252s] -- Performing Test CMAKE_HAVE_LIBC_PTHREAD - Failed
[1.252s] -- Looking for pthread_create in pthreads
[1.328s] -- Looking for pthread_create in pthreads - not found
[1.329s] -- Looking for pthread_create in pthread
[1.411s] -- Looking for pthread_create in pthread - found
[1.414s] -- Found Threads: TRUE  
[1.521s] -- Found rosidl_default_generators: 1.0.1 (/opt/ros/foxy/share/rosidl_default_generators/cmake)
[1.549s] -- Found PythonInterp: /home/go2/miniconda3/envs/ARX/bin/python3 (found version "3.8") 
[1.706s] -- Found ament_cmake_ros: 0.9.2 (/opt/ros/foxy/share/ament_cmake_ros/cmake)
[1.855s] -- Using all available rosidl_typesupport_c: rosidl_typesupport_fastrtps_c;rosidl_typesupport_introspection_c
[1.899s] -- Using all available rosidl_typesupport_cpp: rosidl_typesupport_fastrtps_cpp;rosidl_typesupport_introspection_cpp
[1.925s] -- Found PythonInterp: /home/go2/miniconda3/envs/ARX/bin/python3 (found suitable version "3.8", minimum required is "3.5") 
[1.926s] -- Found python_cmake_module: 0.8.1 (/opt/ros/foxy/share/python_cmake_module/cmake)
[1.952s] -- Found PythonLibs: /home/go2/miniconda3/envs/ARX/lib/libpython3.8.so (found suitable version "3.8.0", minimum required is "3.5") 
[1.953s] -- Using PYTHON_EXECUTABLE: /home/go2/miniconda3/envs/ARX/bin/python3
[1.953s] -- Using PYTHON_INCLUDE_DIRS: /home/go2/miniconda3/envs/ARX/include/python3.8
[1.953s] -- Using PYTHON_LIBRARIES: /home/go2/miniconda3/envs/ARX/lib/libpython3.8.so
[1.979s] -- Found PythonExtra: .so  
[2.243s] -- Using numpy include directory: /home/go2/miniconda3/envs/ARX/lib/python3.8/site-packages/numpy/core/include
[2.262s] -- Configuring done
[2.274s] CMake Warning at /opt/ros/foxy/share/rosidl_generator_py/cmake/rosidl_generator_py_generate_interfaces.cmake:235 (add_library):
[2.274s]   Cannot generate a safe runtime search path for target
[2.274s]   arm_control__rosidl_typesupport_fastrtps_c__pyext because files in some
[2.274s]   directories may conflict with libraries in implicit directories:
[2.274s] 
[2.274s]     runtime library [libssl.so.1.1] in /usr/lib/x86_64-linux-gnu may be hidden by files in:
[2.275s]       /home/go2/miniconda3/envs/ARX/lib
[2.275s]     runtime library [libcrypto.so.1.1] in /usr/lib/x86_64-linux-gnu may be hidden by files in:
[2.275s]       /home/go2/miniconda3/envs/ARX/lib
[2.275s] 
[2.275s]   Some of these libraries may not be found correctly.
[2.275s] Call Stack (most recent call first):
[2.275s]   /opt/ros/foxy/share/ament_cmake_core/cmake/core/ament_execute_extensions.cmake:48 (include)
[2.275s]   /opt/ros/foxy/share/rosidl_cmake/cmake/rosidl_generate_interfaces.cmake:286 (ament_execute_extensions)
[2.275s]   CMakeLists.txt:11 (rosidl_generate_interfaces)
[2.275s] 
[2.276s] 
[2.295s] -- Generating done
[2.296s] CMake Warning:
[2.296s]   Manually-specified variables were not used by the project:
[2.297s] 
[2.297s]     CATKIN_INSTALL_INTO_PREFIX_ROOT
[2.297s] 
[2.297s] 
[2.305s] -- Build files have been written to: /home/go2/ARX_X5/ROS2/X5_ws/build/arm_control
[2.312s] Invoked command in '/home/go2/ARX_X5/ROS2/X5_ws/build/arm_control' returned '0': CONDA_PROMPT_MODIFIER=(ARX) /usr/bin/cmake /home/go2/ARX_X5/ROS2/X5_ws/src/arxmsgros2/arm_control -DCATKIN_INSTALL_INTO_PREFIX_ROOT=0 -DCMAKE_INSTALL_PREFIX=/home/go2/ARX_X5/ROS2/X5_ws/install/arm_control
[2.316s] Invoking command in '/home/go2/ARX_X5/ROS2/X5_ws/build/arm_control': CONDA_PROMPT_MODIFIER=(ARX) /usr/bin/cmake --build /home/go2/ARX_X5/ROS2/X5_ws/build/arm_control -- -j56 -l56
[2.361s] [35m[1mScanning dependencies of target arm_control__cpp[0m
[2.362s] [  3%] [34m[1mGenerating C code for ROS interfaces[0m
[2.386s] [  6%] [34m[1mGenerating C++ code for ROS interfaces[0m
[2.648s] [  6%] Built target arm_control__cpp
[2.650s] [35m[1mScanning dependencies of target arm_control__rosidl_generator_c[0m
[2.658s] [  9%] [34m[1mGenerating C++ type support dispatch for ROS interfaces[0m
[2.659s] [ 12%] [34m[1mGenerating C++ introspection for ROS interfaces[0m
[2.662s] [ 16%] [34m[1mGenerating C++ type support for eProsima Fast-RTPS[0m
[2.665s] [ 19%] [32mBuilding C object CMakeFiles/arm_control__rosidl_generator_c.dir/rosidl_generator_c/arm_control/msg/detail/pos_cmd__functions.c.o[0m
[2.719s] [ 22%] [32m[1mLinking C shared library libarm_control__rosidl_generator_c.so[0m
[2.759s] [ 22%] Built target arm_control__rosidl_generator_c
[2.772s] [ 25%] [34m[1mGenerating C type support dispatch for ROS interfaces[0m
[2.776s] [ 29%] [34m[1mGenerating C introspection for ROS interfaces[0m
[2.872s] [35m[1mScanning dependencies of target arm_control__rosidl_typesupport_cpp[0m
[2.885s] [ 32%] [32mBuilding CXX object CMakeFiles/arm_control__rosidl_typesupport_cpp.dir/rosidl_typesupport_cpp/arm_control/msg/pos_cmd__type_support.cpp.o[0m
[2.890s] [35m[1mScanning dependencies of target arm_control__rosidl_typesupport_introspection_cpp[0m
[2.902s] [ 35%] [32mBuilding CXX object CMakeFiles/arm_control__rosidl_typesupport_introspection_cpp.dir/rosidl_typesupport_introspection_cpp/arm_control/msg/detail/pos_cmd__type_support.cpp.o[0m
[2.903s] [35m[1mScanning dependencies of target arm_control__rosidl_typesupport_fastrtps_cpp[0m
[2.918s] [ 38%] [32mBuilding CXX object CMakeFiles/arm_control__rosidl_typesupport_fastrtps_cpp.dir/rosidl_typesupport_fastrtps_cpp/arm_control/msg/detail/dds_fastrtps/pos_cmd__type_support.cpp.o[0m
[2.997s] [35m[1mScanning dependencies of target arm_control__rosidl_typesupport_c[0m
[3.007s] [35m[1mScanning dependencies of target arm_control__rosidl_typesupport_introspection_c[0m
[3.008s] [ 41%] [32mBuilding CXX object CMakeFiles/arm_control__rosidl_typesupport_c.dir/rosidl_typesupport_c/arm_control/msg/pos_cmd__type_support.cpp.o[0m
[3.022s] [ 45%] [32mBuilding C object CMakeFiles/arm_control__rosidl_typesupport_introspection_c.dir/rosidl_typesupport_introspection_c/arm_control/msg/detail/pos_cmd__type_support.c.o[0m
[3.037s] [ 48%] [32m[1mLinking CXX shared library libarm_control__rosidl_typesupport_c.so[0m
[3.059s] [ 51%] [32m[1mLinking C shared library libarm_control__rosidl_typesupport_introspection_c.so[0m
[3.075s] [ 51%] Built target arm_control__rosidl_typesupport_c
[3.088s] [ 54%] [32m[1mLinking CXX shared library libarm_control__rosidl_typesupport_cpp.so[0m
[3.090s] [ 54%] Built target arm_control__rosidl_typesupport_introspection_c
[3.105s] [ 58%] [32m[1mLinking CXX shared library libarm_control__rosidl_typesupport_introspection_cpp.so[0m
[3.128s] [ 58%] Built target arm_control__rosidl_typesupport_cpp
[3.169s] [ 58%] Built target arm_control__rosidl_typesupport_introspection_cpp
[3.211s] [ 61%] [32m[1mLinking CXX shared library libarm_control__rosidl_typesupport_fastrtps_cpp.so[0m
[3.287s] [ 61%] Built target arm_control__rosidl_typesupport_fastrtps_cpp
[3.298s] [ 64%] [34m[1mGenerating C type support for eProsima Fast-RTPS[0m
[3.542s] [35m[1mScanning dependencies of target arm_control__rosidl_typesupport_fastrtps_c[0m
[3.560s] [ 67%] [32mBuilding CXX object CMakeFiles/arm_control__rosidl_typesupport_fastrtps_c.dir/rosidl_typesupport_fastrtps_c/arm_control/msg/detail/pos_cmd__type_support_c.cpp.o[0m
[3.797s] [ 70%] [32m[1mLinking CXX shared library libarm_control__rosidl_typesupport_fastrtps_c.so[0m
[3.878s] [ 70%] Built target arm_control__rosidl_typesupport_fastrtps_c
[3.889s] [35m[1mScanning dependencies of target arm_control[0m
[3.904s] [ 70%] Built target arm_control
[3.914s] [35m[1mScanning dependencies of target arm_control__py[0m
[3.929s] [ 74%] [34m[1mGenerating Python code for ROS interfaces[0m
[4.414s] [ 74%] Built target arm_control__py
[4.426s] [35m[1mScanning dependencies of target arm_control__python[0m
[4.482s] [ 77%] [32mBuilding C object CMakeFiles/arm_control__python.dir/rosidl_generator_py/arm_control/msg/_pos_cmd_s.c.o[0m
[4.598s] [ 80%] [32m[1mLinking C shared library rosidl_generator_py/arm_control/libarm_control__python.so[0m
[4.645s] [ 80%] Built target arm_control__python
[4.657s] [35m[1mScanning dependencies of target arm_control__rosidl_typesupport_c__pyext[0m
[4.657s] [35m[1mScanning dependencies of target arm_control__rosidl_typesupport_fastrtps_c__pyext[0m
[4.658s] [35m[1mScanning dependencies of target arm_control__rosidl_typesupport_introspection_c__pyext[0m
[4.673s] [ 83%] [32mBuilding C object CMakeFiles/arm_control__rosidl_typesupport_c__pyext.dir/rosidl_generator_py/arm_control/_arm_control_s.ep.rosidl_typesupport_c.c.o[0m
[4.674s] [ 87%] [32mBuilding C object CMakeFiles/arm_control__rosidl_typesupport_introspection_c__pyext.dir/rosidl_generator_py/arm_control/_arm_control_s.ep.rosidl_typesupport_introspection_c.c.o[0m
[4.675s] [ 90%] [32mBuilding C object CMakeFiles/arm_control__rosidl_typesupport_fastrtps_c__pyext.dir/rosidl_generator_py/arm_control/_arm_control_s.ep.rosidl_typesupport_fastrtps_c.c.o[0m
[4.738s] [ 93%] [32m[1mLinking C shared library rosidl_generator_py/arm_control/arm_control_s__rosidl_typesupport_introspection_c.cpython-38-x86_64-linux-gnu.so[0m
[4.740s] [ 96%] [32m[1mLinking CXX shared library rosidl_generator_py/arm_control/arm_control_s__rosidl_typesupport_fastrtps_c.cpython-38-x86_64-linux-gnu.so[0m
[4.740s] [100%] [32m[1mLinking C shared library rosidl_generator_py/arm_control/arm_control_s__rosidl_typesupport_c.cpython-38-x86_64-linux-gnu.so[0m
[4.780s] [100%] Built target arm_control__rosidl_typesupport_c__pyext
[4.781s] [100%] Built target arm_control__rosidl_typesupport_introspection_c__pyext
[4.800s] [100%] Built target arm_control__rosidl_typesupport_fastrtps_c__pyext
[4.811s] Invoked command in '/home/go2/ARX_X5/ROS2/X5_ws/build/arm_control' returned '0': CONDA_PROMPT_MODIFIER=(ARX) /usr/bin/cmake --build /home/go2/ARX_X5/ROS2/X5_ws/build/arm_control -- -j56 -l56
[4.823s] Invoking command in '/home/go2/ARX_X5/ROS2/X5_ws/build/arm_control': CONDA_PROMPT_MODIFIER=(ARX) /usr/bin/cmake --install /home/go2/ARX_X5/ROS2/X5_ws/build/arm_control
[4.832s] -- Install configuration: ""
[4.832s] -- Installing: /home/go2/ARX_X5/ROS2/X5_ws/install/arm_control/share/ament_index/resource_index/rosidl_interfaces/arm_control
[4.833s] -- Installing: /home/go2/ARX_X5/ROS2/X5_ws/install/arm_control/include/arm_control
[4.833s] -- Installing: /home/go2/ARX_X5/ROS2/X5_ws/install/arm_control/include/arm_control/msg
[4.833s] -- Installing: /home/go2/ARX_X5/ROS2/X5_ws/install/arm_control/include/arm_control/msg/pos_cmd.h
[4.833s] -- Installing: /home/go2/ARX_X5/ROS2/X5_ws/install/arm_control/include/arm_control/msg/rosidl_generator_c__visibility_control.h
[4.833s] -- Installing: /home/go2/ARX_X5/ROS2/X5_ws/install/arm_control/include/arm_control/msg/detail
[4.833s] -- Installing: /home/go2/ARX_X5/ROS2/X5_ws/install/arm_control/include/arm_control/msg/detail/pos_cmd__functions.c
[4.833s] -- Installing: /home/go2/ARX_X5/ROS2/X5_ws/install/arm_control/include/arm_control/msg/detail/pos_cmd__struct.h
[4.833s] -- Installing: /home/go2/ARX_X5/ROS2/X5_ws/install/arm_control/include/arm_control/msg/detail/pos_cmd__functions.h
[4.833s] -- Installing: /home/go2/ARX_X5/ROS2/X5_ws/install/arm_control/include/arm_control/msg/detail/pos_cmd__type_support.h
[4.833s] -- Installing: /home/go2/ARX_X5/ROS2/X5_ws/install/arm_control/share/arm_control/environment/library_path.sh
[4.833s] -- Installing: /home/go2/ARX_X5/ROS2/X5_ws/install/arm_control/share/arm_control/environment/library_path.dsv
[4.833s] -- Installing: /home/go2/ARX_X5/ROS2/X5_ws/install/arm_control/lib/libarm_control__rosidl_generator_c.so
[4.834s] -- Set runtime path of "/home/go2/ARX_X5/ROS2/X5_ws/install/arm_control/lib/libarm_control__rosidl_generator_c.so" to ""
[4.834s] -- Up-to-date: /home/go2/ARX_X5/ROS2/X5_ws/install/arm_control/include/arm_control
[4.834s] -- Up-to-date: /home/go2/ARX_X5/ROS2/X5_ws/install/arm_control/include/arm_control/msg
[4.834s] -- Installing: /home/go2/ARX_X5/ROS2/X5_ws/install/arm_control/include/arm_control/msg/rosidl_typesupport_fastrtps_c__visibility_control.h
[4.834s] -- Up-to-date: /home/go2/ARX_X5/ROS2/X5_ws/install/arm_control/include/arm_control/msg/detail
[4.834s] -- Installing: /home/go2/ARX_X5/ROS2/X5_ws/install/arm_control/include/arm_control/msg/detail/pos_cmd__rosidl_typesupport_fastrtps_c.h
[4.834s] -- Installing: /home/go2/ARX_X5/ROS2/X5_ws/install/arm_control/lib/libarm_control__rosidl_typesupport_fastrtps_c.so
[4.834s] -- Set runtime path of "/home/go2/ARX_X5/ROS2/X5_ws/install/arm_control/lib/libarm_control__rosidl_typesupport_fastrtps_c.so" to ""
[4.834s] -- Up-to-date: /home/go2/ARX_X5/ROS2/X5_ws/install/arm_control/include/arm_control
[4.834s] -- Up-to-date: /home/go2/ARX_X5/ROS2/X5_ws/install/arm_control/include/arm_control/msg
[4.834s] -- Installing: /home/go2/ARX_X5/ROS2/X5_ws/install/arm_control/include/arm_control/msg/rosidl_typesupport_fastrtps_cpp__visibility_control.h
[4.834s] -- Up-to-date: /home/go2/ARX_X5/ROS2/X5_ws/install/arm_control/include/arm_control/msg/detail
[4.834s] -- Installing: /home/go2/ARX_X5/ROS2/X5_ws/install/arm_control/include/arm_control/msg/detail/pos_cmd__rosidl_typesupport_fastrtps_cpp.hpp
[4.835s] -- Installing: /home/go2/ARX_X5/ROS2/X5_ws/install/arm_control/include/arm_control/msg/detail/dds_fastrtps
[4.835s] -- Installing: /home/go2/ARX_X5/ROS2/X5_ws/install/arm_control/lib/libarm_control__rosidl_typesupport_fastrtps_cpp.so
[4.835s] -- Set runtime path of "/home/go2/ARX_X5/ROS2/X5_ws/install/arm_control/lib/libarm_control__rosidl_typesupport_fastrtps_cpp.so" to ""
[4.835s] -- Up-to-date: /home/go2/ARX_X5/ROS2/X5_ws/install/arm_control/include/arm_control
[4.835s] -- Up-to-date: /home/go2/ARX_X5/ROS2/X5_ws/install/arm_control/include/arm_control/msg
[4.835s] -- Installing: /home/go2/ARX_X5/ROS2/X5_ws/install/arm_control/include/arm_control/msg/rosidl_typesupport_introspection_c__visibility_control.h
[4.835s] -- Up-to-date: /home/go2/ARX_X5/ROS2/X5_ws/install/arm_control/include/arm_control/msg/detail
[4.835s] -- Installing: /home/go2/ARX_X5/ROS2/X5_ws/install/arm_control/include/arm_control/msg/detail/pos_cmd__rosidl_typesupport_introspection_c.h
[4.835s] -- Installing: /home/go2/ARX_X5/ROS2/X5_ws/install/arm_control/include/arm_control/msg/detail/pos_cmd__type_support.c
[4.835s] -- Installing: /home/go2/ARX_X5/ROS2/X5_ws/install/arm_control/lib/libarm_control__rosidl_typesupport_introspection_c.so
[4.835s] -- Set runtime path of "/home/go2/ARX_X5/ROS2/X5_ws/install/arm_control/lib/libarm_control__rosidl_typesupport_introspection_c.so" to ""
[4.835s] -- Installing: /home/go2/ARX_X5/ROS2/X5_ws/install/arm_control/lib/libarm_control__rosidl_typesupport_c.so
[4.835s] -- Set runtime path of "/home/go2/ARX_X5/ROS2/X5_ws/install/arm_control/lib/libarm_control__rosidl_typesupport_c.so" to ""
[4.835s] -- Up-to-date: /home/go2/ARX_X5/ROS2/X5_ws/install/arm_control/include/arm_control
[4.835s] -- Up-to-date: /home/go2/ARX_X5/ROS2/X5_ws/install/arm_control/include/arm_control/msg
[4.836s] -- Installing: /home/go2/ARX_X5/ROS2/X5_ws/install/arm_control/include/arm_control/msg/rosidl_generator_cpp__visibility_control.hpp
[4.836s] -- Installing: /home/go2/ARX_X5/ROS2/X5_ws/install/arm_control/include/arm_control/msg/pos_cmd.hpp
[4.836s] -- Up-to-date: /home/go2/ARX_X5/ROS2/X5_ws/install/arm_control/include/arm_control/msg/detail
[4.836s] -- Installing: /home/go2/ARX_X5/ROS2/X5_ws/install/arm_control/include/arm_control/msg/detail/pos_cmd__builder.hpp
[4.836s] -- Installing: /home/go2/ARX_X5/ROS2/X5_ws/install/arm_control/include/arm_control/msg/detail/pos_cmd__type_support.hpp
[4.836s] -- Installing: /home/go2/ARX_X5/ROS2/X5_ws/install/arm_control/include/arm_control/msg/detail/pos_cmd__struct.hpp
[4.836s] -- Installing: /home/go2/ARX_X5/ROS2/X5_ws/install/arm_control/include/arm_control/msg/detail/pos_cmd__traits.hpp
[4.836s] -- Up-to-date: /home/go2/ARX_X5/ROS2/X5_ws/install/arm_control/include/arm_control
[4.836s] -- Up-to-date: /home/go2/ARX_X5/ROS2/X5_ws/install/arm_control/include/arm_control/msg
[4.836s] -- Up-to-date: /home/go2/ARX_X5/ROS2/X5_ws/install/arm_control/include/arm_control/msg/detail
[4.836s] -- Installing: /home/go2/ARX_X5/ROS2/X5_ws/install/arm_control/include/arm_control/msg/detail/pos_cmd__rosidl_typesupport_introspection_cpp.hpp
[4.836s] -- Installing: /home/go2/ARX_X5/ROS2/X5_ws/install/arm_control/include/arm_control/msg/detail/pos_cmd__type_support.cpp
[4.836s] -- Installing: /home/go2/ARX_X5/ROS2/X5_ws/install/arm_control/lib/libarm_control__rosidl_typesupport_introspection_cpp.so
[4.836s] -- Set runtime path of "/home/go2/ARX_X5/ROS2/X5_ws/install/arm_control/lib/libarm_control__rosidl_typesupport_introspection_cpp.so" to ""
[4.836s] -- Installing: /home/go2/ARX_X5/ROS2/X5_ws/install/arm_control/lib/libarm_control__rosidl_typesupport_cpp.so
[4.836s] -- Set runtime path of "/home/go2/ARX_X5/ROS2/X5_ws/install/arm_control/lib/libarm_control__rosidl_typesupport_cpp.so" to ""
[4.836s] -- Installing: /home/go2/ARX_X5/ROS2/X5_ws/install/arm_control/share/arm_control/environment/pythonpath.sh
[4.836s] -- Installing: /home/go2/ARX_X5/ROS2/X5_ws/install/arm_control/share/arm_control/environment/pythonpath.dsv
[4.836s] -- Installing: /home/go2/ARX_X5/ROS2/X5_ws/install/arm_control/lib/python3.8/site-packages/arm_control/__init__.py
[4.863s] Compiling '/home/go2/ARX_X5/ROS2/X5_ws/install/arm_control/lib/python3.8/site-packages/arm_control/__init__.py'...
[4.866s] -- Installing: /home/go2/ARX_X5/ROS2/X5_ws/install/arm_control/lib/python3.8/site-packages/arm_control/msg
[4.866s] -- Installing: /home/go2/ARX_X5/ROS2/X5_ws/install/arm_control/lib/python3.8/site-packages/arm_control/msg/_pos_cmd_s.c
[4.867s] -- Installing: /home/go2/ARX_X5/ROS2/X5_ws/install/arm_control/lib/python3.8/site-packages/arm_control/msg/_pos_cmd.py
[4.867s] -- Installing: /home/go2/ARX_X5/ROS2/X5_ws/install/arm_control/lib/python3.8/site-packages/arm_control/msg/__init__.py
[4.867s] -- Installing: /home/go2/ARX_X5/ROS2/X5_ws/install/arm_control/lib/python3.8/site-packages/arm_control/arm_control_s__rosidl_typesupport_fastrtps_c.cpython-38-x86_64-linux-gnu.so
[4.867s] -- Set runtime path of "/home/go2/ARX_X5/ROS2/X5_ws/install/arm_control/lib/python3.8/site-packages/arm_control/arm_control_s__rosidl_typesupport_fastrtps_c.cpython-38-x86_64-linux-gnu.so" to ""
[4.867s] -- Installing: /home/go2/ARX_X5/ROS2/X5_ws/install/arm_control/lib/python3.8/site-packages/arm_control/arm_control_s__rosidl_typesupport_introspection_c.cpython-38-x86_64-linux-gnu.so
[4.868s] -- Set runtime path of "/home/go2/ARX_X5/ROS2/X5_ws/install/arm_control/lib/python3.8/site-packages/arm_control/arm_control_s__rosidl_typesupport_introspection_c.cpython-38-x86_64-linux-gnu.so" to ""
[4.868s] -- Installing: /home/go2/ARX_X5/ROS2/X5_ws/install/arm_control/lib/python3.8/site-packages/arm_control/arm_control_s__rosidl_typesupport_c.cpython-38-x86_64-linux-gnu.so
[4.868s] -- Set runtime path of "/home/go2/ARX_X5/ROS2/X5_ws/install/arm_control/lib/python3.8/site-packages/arm_control/arm_control_s__rosidl_typesupport_c.cpython-38-x86_64-linux-gnu.so" to ""
[4.868s] -- Installing: /home/go2/ARX_X5/ROS2/X5_ws/install/arm_control/lib/libarm_control__python.so
[4.868s] -- Set runtime path of "/home/go2/ARX_X5/ROS2/X5_ws/install/arm_control/lib/libarm_control__python.so" to ""
[4.868s] -- Installing: /home/go2/ARX_X5/ROS2/X5_ws/install/arm_control/share/arm_control/msg/PosCmd.idl
[4.868s] -- Installing: /home/go2/ARX_X5/ROS2/X5_ws/install/arm_control/share/arm_control/msg/PosCmd.msg
[4.868s] -- Installing: /home/go2/ARX_X5/ROS2/X5_ws/install/arm_control/share/ament_index/resource_index/package_run_dependencies/arm_control
[4.869s] -- Installing: /home/go2/ARX_X5/ROS2/X5_ws/install/arm_control/share/ament_index/resource_index/parent_prefix_path/arm_control
[4.869s] -- Installing: /home/go2/ARX_X5/ROS2/X5_ws/install/arm_control/share/arm_control/environment/ament_prefix_path.sh
[4.869s] -- Installing: /home/go2/ARX_X5/ROS2/X5_ws/install/arm_control/share/arm_control/environment/ament_prefix_path.dsv
[4.869s] -- Installing: /home/go2/ARX_X5/ROS2/X5_ws/install/arm_control/share/arm_control/environment/path.sh
[4.869s] -- Installing: /home/go2/ARX_X5/ROS2/X5_ws/install/arm_control/share/arm_control/environment/path.dsv
[4.869s] -- Installing: /home/go2/ARX_X5/ROS2/X5_ws/install/arm_control/share/arm_control/local_setup.bash
[4.869s] -- Installing: /home/go2/ARX_X5/ROS2/X5_ws/install/arm_control/share/arm_control/local_setup.sh
[4.869s] -- Installing: /home/go2/ARX_X5/ROS2/X5_ws/install/arm_control/share/arm_control/local_setup.zsh
[4.869s] -- Installing: /home/go2/ARX_X5/ROS2/X5_ws/install/arm_control/share/arm_control/local_setup.dsv
[4.869s] -- Installing: /home/go2/ARX_X5/ROS2/X5_ws/install/arm_control/share/arm_control/package.dsv
[4.870s] -- Installing: /home/go2/ARX_X5/ROS2/X5_ws/install/arm_control/share/ament_index/resource_index/packages/arm_control
[4.870s] -- Installing: /home/go2/ARX_X5/ROS2/X5_ws/install/arm_control/share/arm_control/cmake/arm_control__rosidl_generator_cExport.cmake
[4.870s] -- Installing: /home/go2/ARX_X5/ROS2/X5_ws/install/arm_control/share/arm_control/cmake/arm_control__rosidl_generator_cExport-noconfig.cmake
[4.870s] -- Installing: /home/go2/ARX_X5/ROS2/X5_ws/install/arm_control/share/arm_control/cmake/arm_control__rosidl_typesupport_introspection_cExport.cmake
[4.870s] -- Installing: /home/go2/ARX_X5/ROS2/X5_ws/install/arm_control/share/arm_control/cmake/arm_control__rosidl_typesupport_introspection_cExport-noconfig.cmake
[4.870s] -- Installing: /home/go2/ARX_X5/ROS2/X5_ws/install/arm_control/share/arm_control/cmake/arm_control__rosidl_typesupport_cExport.cmake
[4.870s] -- Installing: /home/go2/ARX_X5/ROS2/X5_ws/install/arm_control/share/arm_control/cmake/arm_control__rosidl_typesupport_cExport-noconfig.cmake
[4.870s] -- Installing: /home/go2/ARX_X5/ROS2/X5_ws/install/arm_control/share/arm_control/cmake/arm_control__rosidl_generator_cppExport.cmake
[4.870s] -- Installing: /home/go2/ARX_X5/ROS2/X5_ws/install/arm_control/share/arm_control/cmake/arm_control__rosidl_typesupport_introspection_cppExport.cmake
[4.870s] -- Installing: /home/go2/ARX_X5/ROS2/X5_ws/install/arm_control/share/arm_control/cmake/arm_control__rosidl_typesupport_introspection_cppExport-noconfig.cmake
[4.870s] -- Installing: /home/go2/ARX_X5/ROS2/X5_ws/install/arm_control/share/arm_control/cmake/arm_control__rosidl_typesupport_cppExport.cmake
[4.871s] -- Installing: /home/go2/ARX_X5/ROS2/X5_ws/install/arm_control/share/arm_control/cmake/arm_control__rosidl_typesupport_cppExport-noconfig.cmake
[4.871s] -- Installing: /home/go2/ARX_X5/ROS2/X5_ws/install/arm_control/share/arm_control/cmake/rosidl_cmake-extras.cmake
[4.871s] -- Installing: /home/go2/ARX_X5/ROS2/X5_ws/install/arm_control/share/arm_control/cmake/ament_cmake_export_dependencies-extras.cmake
[4.871s] -- Installing: /home/go2/ARX_X5/ROS2/X5_ws/install/arm_control/share/arm_control/cmake/ament_cmake_export_libraries-extras.cmake
[4.871s] -- Installing: /home/go2/ARX_X5/ROS2/X5_ws/install/arm_control/share/arm_control/cmake/ament_cmake_export_targets-extras.cmake
[4.871s] -- Installing: /home/go2/ARX_X5/ROS2/X5_ws/install/arm_control/share/arm_control/cmake/ament_cmake_export_include_directories-extras.cmake
[4.871s] -- Installing: /home/go2/ARX_X5/ROS2/X5_ws/install/arm_control/share/arm_control/cmake/rosidl_cmake_export_typesupport_libraries-extras.cmake
[4.871s] -- Installing: /home/go2/ARX_X5/ROS2/X5_ws/install/arm_control/share/arm_control/cmake/rosidl_cmake_export_typesupport_targets-extras.cmake
[4.871s] -- Installing: /home/go2/ARX_X5/ROS2/X5_ws/install/arm_control/share/arm_control/cmake/arm_controlConfig.cmake
[4.871s] -- Installing: /home/go2/ARX_X5/ROS2/X5_ws/install/arm_control/share/arm_control/cmake/arm_controlConfig-version.cmake
[4.871s] -- Installing: /home/go2/ARX_X5/ROS2/X5_ws/install/arm_control/share/arm_control/package.xml
[4.873s] Invoked command in '/home/go2/ARX_X5/ROS2/X5_ws/build/arm_control' returned '0': CONDA_PROMPT_MODIFIER=(ARX) /usr/bin/cmake --install /home/go2/ARX_X5/ROS2/X5_ws/build/arm_control
