[0.016s] Invoking command in '/home/go2/ARX_X5/ros2_ws/build/orbbec_camera': CMAKE_PREFIX_PATH=/home/go2/ARX_X5/ros2_ws/install/orbbec_camera_msgs:/home/go2/ARX_X5/ros2_ws/install/orbbec_description:/home/go2/ARX_X5/ros2_ws/install/orbbec_camera:/home/go2/piper_ros/install/piper_msgs:/home/go2/piper_ros/install/piper_description:/home/go2/ARX_X5/ROS2/X5_ws/install/arx_x5_controller:/home/go2/ARX_X5/ROS2/X5_ws/install/arx5_arm_msg:/home/go2/piper_ros/install/piper:/opt/ros/foxy:/home/go2/ARX_X5/ROS2/X5_ws/install/arm_control CONDA_PROMPT_MODIFIER=(ARX) LD_LIBRARY_PATH=/home/go2/ARX_X5/ros2_ws/install/orbbec_camera_msgs/lib:/usr/local/lib:/usr/local/cuda/lib64:/usr/local/lib:/usr/local/cuda/lib64:/home/go2/ARX_X5/ros2_ws/install/orbbec_camera/lib:/home/go2/piper_ros/install/piper_msgs/lib:/home/go2/ARX_X5/ROS2/X5_ws/install/arx_x5_controller/lib:/home/go2/ARX_X5/ROS2/X5_ws/install/arx5_arm_msg/lib:/home/go2/ARX_X5/ROS2/X5_ws/install/arm_control/lib:/opt/ros/foxy/opt/yaml_cpp_vendor/lib:/opt/ros/foxy/opt/rviz_ogre_vendor/lib:/opt/ros/foxy/lib/x86_64-linux-gnu:/opt/ros/foxy/lib:/usr/local/lib:/usr/local/cuda/lib64:/usr/local/lib:/usr/local/cuda/lib64 /usr/bin/cmake --build /home/go2/ARX_X5/ros2_ws/build/orbbec_camera -- -j56 -l56
[0.077s] [  8%] Built target frame_latency_node
[0.079s] [ 16%] Built target orbbec_camera_node
[0.081s] [ 24%] Built target frame_latency
[0.117s] [ 68%] Built target orbbec_camera
[0.150s] [ 76%] Built target topic_statistics_node
[0.157s] [ 84%] Built target list_camera_profile_mode_node
[0.159s] [ 92%] Built target list_depth_work_mode_node
[0.160s] [100%] Built target list_devices_node
[0.171s] Invoked command in '/home/go2/ARX_X5/ros2_ws/build/orbbec_camera' returned '0': CMAKE_PREFIX_PATH=/home/go2/ARX_X5/ros2_ws/install/orbbec_camera_msgs:/home/go2/ARX_X5/ros2_ws/install/orbbec_description:/home/go2/ARX_X5/ros2_ws/install/orbbec_camera:/home/go2/piper_ros/install/piper_msgs:/home/go2/piper_ros/install/piper_description:/home/go2/ARX_X5/ROS2/X5_ws/install/arx_x5_controller:/home/go2/ARX_X5/ROS2/X5_ws/install/arx5_arm_msg:/home/go2/piper_ros/install/piper:/opt/ros/foxy:/home/go2/ARX_X5/ROS2/X5_ws/install/arm_control CONDA_PROMPT_MODIFIER=(ARX) LD_LIBRARY_PATH=/home/go2/ARX_X5/ros2_ws/install/orbbec_camera_msgs/lib:/usr/local/lib:/usr/local/cuda/lib64:/usr/local/lib:/usr/local/cuda/lib64:/home/go2/ARX_X5/ros2_ws/install/orbbec_camera/lib:/home/go2/piper_ros/install/piper_msgs/lib:/home/go2/ARX_X5/ROS2/X5_ws/install/arx_x5_controller/lib:/home/go2/ARX_X5/ROS2/X5_ws/install/arx5_arm_msg/lib:/home/go2/ARX_X5/ROS2/X5_ws/install/arm_control/lib:/opt/ros/foxy/opt/yaml_cpp_vendor/lib:/opt/ros/foxy/opt/rviz_ogre_vendor/lib:/opt/ros/foxy/lib/x86_64-linux-gnu:/opt/ros/foxy/lib:/usr/local/lib:/usr/local/cuda/lib64:/usr/local/lib:/usr/local/cuda/lib64 /usr/bin/cmake --build /home/go2/ARX_X5/ros2_ws/build/orbbec_camera -- -j56 -l56
[0.174s] Invoking command in '/home/go2/ARX_X5/ros2_ws/build/orbbec_camera': CMAKE_PREFIX_PATH=/home/go2/ARX_X5/ros2_ws/install/orbbec_camera_msgs:/home/go2/ARX_X5/ros2_ws/install/orbbec_description:/home/go2/ARX_X5/ros2_ws/install/orbbec_camera:/home/go2/piper_ros/install/piper_msgs:/home/go2/piper_ros/install/piper_description:/home/go2/ARX_X5/ROS2/X5_ws/install/arx_x5_controller:/home/go2/ARX_X5/ROS2/X5_ws/install/arx5_arm_msg:/home/go2/piper_ros/install/piper:/opt/ros/foxy:/home/go2/ARX_X5/ROS2/X5_ws/install/arm_control CONDA_PROMPT_MODIFIER=(ARX) LD_LIBRARY_PATH=/home/go2/ARX_X5/ros2_ws/install/orbbec_camera_msgs/lib:/usr/local/lib:/usr/local/cuda/lib64:/usr/local/lib:/usr/local/cuda/lib64:/home/go2/ARX_X5/ros2_ws/install/orbbec_camera/lib:/home/go2/piper_ros/install/piper_msgs/lib:/home/go2/ARX_X5/ROS2/X5_ws/install/arx_x5_controller/lib:/home/go2/ARX_X5/ROS2/X5_ws/install/arx5_arm_msg/lib:/home/go2/ARX_X5/ROS2/X5_ws/install/arm_control/lib:/opt/ros/foxy/opt/yaml_cpp_vendor/lib:/opt/ros/foxy/opt/rviz_ogre_vendor/lib:/opt/ros/foxy/lib/x86_64-linux-gnu:/opt/ros/foxy/lib:/usr/local/lib:/usr/local/cuda/lib64:/usr/local/lib:/usr/local/cuda/lib64 /usr/bin/cmake --install /home/go2/ARX_X5/ros2_ws/build/orbbec_camera
[0.180s] -- Install configuration: "Release"
[0.180s] -- Up-to-date: /home/go2/ARX_X5/ros2_ws/install/orbbec_camera/lib/orbbec_camera/orbbec_camera_node
[0.181s] -- Up-to-date: /home/go2/ARX_X5/ros2_ws/install/orbbec_camera/lib/orbbec_camera/frame_latency_node
[0.181s] -- Up-to-date: /home/go2/ARX_X5/ros2_ws/install/orbbec_camera/lib/liborbbec_camera.so
[0.181s] -- Up-to-date: /home/go2/ARX_X5/ros2_ws/install/orbbec_camera/lib/libframe_latency.so
[0.181s] -- Up-to-date: /home/go2/ARX_X5/ros2_ws/install/orbbec_camera/include
[0.181s] -- Up-to-date: /home/go2/ARX_X5/ros2_ws/install/orbbec_camera/include/orbbec_camera
[0.181s] -- Up-to-date: /home/go2/ARX_X5/ros2_ws/install/orbbec_camera/include/orbbec_camera/synced_imu_publisher.h
[0.182s] -- Up-to-date: /home/go2/ARX_X5/ros2_ws/install/orbbec_camera/include/orbbec_camera/constants.h
[0.182s] -- Up-to-date: /home/go2/ARX_X5/ros2_ws/install/orbbec_camera/include/orbbec_camera/ros_param_backend.h
[0.182s] -- Up-to-date: /home/go2/ARX_X5/ros2_ws/install/orbbec_camera/include/orbbec_camera/jpeg_decoder.h
[0.182s] -- Up-to-date: /home/go2/ARX_X5/ros2_ws/install/orbbec_camera/include/orbbec_camera/dynamic_params.h
[0.182s] -- Up-to-date: /home/go2/ARX_X5/ros2_ws/install/orbbec_camera/include/orbbec_camera/rk_mpp_decoder.h
[0.182s] -- Up-to-date: /home/go2/ARX_X5/ros2_ws/install/orbbec_camera/include/orbbec_camera/ob_camera_node.h
[0.182s] -- Up-to-date: /home/go2/ARX_X5/ros2_ws/install/orbbec_camera/include/orbbec_camera/utils.h
[0.182s] -- Up-to-date: /home/go2/ARX_X5/ros2_ws/install/orbbec_camera/include/orbbec_camera/ob_camera_node_driver.h
[0.182s] -- Up-to-date: /home/go2/ARX_X5/ros2_ws/install/orbbec_camera/include/orbbec_camera/d2c_viewer.h
[0.182s] -- Up-to-date: /home/go2/ARX_X5/ros2_ws/install/orbbec_camera/include/orbbec_camera/image_publisher.h
[0.182s] -- Up-to-date: /home/go2/ARX_X5/ros2_ws/install/orbbec_camera/include/orbbec_camera/jetson_nv_decoder.h
[0.182s] -- Up-to-date: /home/go2/ARX_X5/ros2_ws/install/orbbec_camera/include/magic_enum
[0.183s] -- Up-to-date: /home/go2/ARX_X5/ros2_ws/install/orbbec_camera/include/magic_enum/magic_enum.hpp
[0.183s] -- Up-to-date: /home/go2/ARX_X5/ros2_ws/install/orbbec_camera/share/orbbec_camera//launch
[0.183s] -- Up-to-date: /home/go2/ARX_X5/ros2_ws/install/orbbec_camera/share/orbbec_camera//launch/dabai_dw2.launch.py
[0.183s] -- Up-to-date: /home/go2/ARX_X5/ros2_ws/install/orbbec_camera/share/orbbec_camera//launch/multi_camera_synced.launch.py
[0.183s] -- Up-to-date: /home/go2/ARX_X5/ros2_ws/install/orbbec_camera/share/orbbec_camera//launch/dabai_dcw2.launch.py
[0.183s] -- Up-to-date: /home/go2/ARX_X5/ros2_ws/install/orbbec_camera/share/orbbec_camera//launch/femto_mega.launch.py
[0.183s] -- Up-to-date: /home/go2/ARX_X5/ros2_ws/install/orbbec_camera/share/orbbec_camera//launch/gemini2XL.launch.py
[0.183s] -- Up-to-date: /home/go2/ARX_X5/ros2_ws/install/orbbec_camera/share/orbbec_camera//launch/deeya.launch.py
[0.183s] -- Up-to-date: /home/go2/ARX_X5/ros2_ws/install/orbbec_camera/share/orbbec_camera//launch/dabai_dcw.launch.py
[0.183s] -- Up-to-date: /home/go2/ARX_X5/ros2_ws/install/orbbec_camera/share/orbbec_camera//launch/astra_embedded_s.launch.py
[0.183s] -- Up-to-date: /home/go2/ARX_X5/ros2_ws/install/orbbec_camera/share/orbbec_camera//launch/gemini_intra_process_demo_launch.py
[0.183s] -- Up-to-date: /home/go2/ARX_X5/ros2_ws/install/orbbec_camera/share/orbbec_camera//launch/dabai_dcl.py
[0.183s] -- Up-to-date: /home/go2/ARX_X5/ros2_ws/install/orbbec_camera/share/orbbec_camera//launch/gemini2VL.launch.py
[0.183s] -- Up-to-date: /home/go2/ARX_X5/ros2_ws/install/orbbec_camera/share/orbbec_camera//launch/gemini_330_series.launch.py
[0.183s] -- Up-to-date: /home/go2/ARX_X5/ros2_ws/install/orbbec_camera/share/orbbec_camera//launch/gemini2.launch.py
[0.183s] -- Up-to-date: /home/go2/ARX_X5/ros2_ws/install/orbbec_camera/share/orbbec_camera//launch/dabai_pro.launch.py
[0.184s] -- Up-to-date: /home/go2/ARX_X5/ros2_ws/install/orbbec_camera/share/orbbec_camera//launch/gemini_ew.launch.py
[0.184s] -- Up-to-date: /home/go2/ARX_X5/ros2_ws/install/orbbec_camera/share/orbbec_camera//launch/ob_camera.launch.py
[0.184s] -- Up-to-date: /home/go2/ARX_X5/ros2_ws/install/orbbec_camera/share/orbbec_camera//launch/astra.launch.py
[0.184s] -- Up-to-date: /home/go2/ARX_X5/ros2_ws/install/orbbec_camera/share/orbbec_camera//launch/gemini2L.launch.py
[0.184s] -- Up-to-date: /home/go2/ARX_X5/ros2_ws/install/orbbec_camera/share/orbbec_camera//launch/femto_net_camera.launch.py
[0.184s] -- Up-to-date: /home/go2/ARX_X5/ros2_ws/install/orbbec_camera/share/orbbec_camera//launch/dabai_d1.launch.py
[0.184s] -- Up-to-date: /home/go2/ARX_X5/ros2_ws/install/orbbec_camera/share/orbbec_camera//launch/gemini_e_lite.launch.py
[0.184s] -- Up-to-date: /home/go2/ARX_X5/ros2_ws/install/orbbec_camera/share/orbbec_camera//launch/multi_net_camera.launch.py
[0.184s] -- Up-to-date: /home/go2/ARX_X5/ros2_ws/install/orbbec_camera/share/orbbec_camera//launch/femto.launch.py
[0.184s] -- Installing: /home/go2/ARX_X5/ros2_ws/install/orbbec_camera/share/orbbec_camera//launch/multi_camera.launch.py
[0.184s] -- Up-to-date: /home/go2/ARX_X5/ros2_ws/install/orbbec_camera/share/orbbec_camera//launch/femto_bolt.launch.py
[0.184s] -- Up-to-date: /home/go2/ARX_X5/ros2_ws/install/orbbec_camera/share/orbbec_camera//launch/gemini_ew_lite.launch.py
[0.184s] -- Up-to-date: /home/go2/ARX_X5/ros2_ws/install/orbbec_camera/share/orbbec_camera//launch/astra_pro2.launch.py
[0.184s] -- Up-to-date: /home/go2/ARX_X5/ros2_ws/install/orbbec_camera/share/orbbec_camera//launch/dabai_dw.launch.py
[0.184s] -- Up-to-date: /home/go2/ARX_X5/ros2_ws/install/orbbec_camera/share/orbbec_camera//launch/astra_stereo_u3.launch.py
[0.184s] -- Up-to-date: /home/go2/ARX_X5/ros2_ws/install/orbbec_camera/share/orbbec_camera//launch/gemini_e.launch.py
[0.184s] -- Up-to-date: /home/go2/ARX_X5/ros2_ws/install/orbbec_camera/share/orbbec_camera//launch/dabai.launch.py
[0.184s] -- Up-to-date: /home/go2/ARX_X5/ros2_ws/install/orbbec_camera/share/orbbec_camera//launch/astra_adv.launch.py
[0.185s] -- Up-to-date: /home/go2/ARX_X5/ros2_ws/install/orbbec_camera/share/orbbec_camera//launch/dabai_max_pro.launch.py
[0.185s] -- Up-to-date: /home/go2/ARX_X5/ros2_ws/install/orbbec_camera/share/orbbec_camera//launch/astra2.launch.py
[0.185s] -- Up-to-date: /home/go2/ARX_X5/ros2_ws/install/orbbec_camera/share/orbbec_camera//launch/dabai_max.launch.py
[0.185s] -- Up-to-date: /home/go2/ARX_X5/ros2_ws/install/orbbec_camera/share/orbbec_camera//launch/gemini_uw.launch.py
[0.185s] -- Up-to-date: /home/go2/ARX_X5/ros2_ws/install/orbbec_camera/share/orbbec_camera//launch/multi_camera.launch copy.py
[0.185s] -- Up-to-date: /home/go2/ARX_X5/ros2_ws/install/orbbec_camera/share/orbbec_camera//config
[0.185s] -- Up-to-date: /home/go2/ARX_X5/ros2_ws/install/orbbec_camera/share/orbbec_camera//config/depthfilter
[0.185s] -- Up-to-date: /home/go2/ARX_X5/ros2_ws/install/orbbec_camera/share/orbbec_camera//config/depthfilter/Openni_device.json
[0.185s] -- Up-to-date: /home/go2/ARX_X5/ros2_ws/install/orbbec_camera/share/orbbec_camera//config/depthfilter/Gemini2_v1.8.json
[0.185s] -- Up-to-date: /home/go2/ARX_X5/ros2_ws/install/orbbec_camera/share/orbbec_camera//config/OrbbecSDKConfig_v1.0.xml
[0.185s] -- Up-to-date: /home/go2/ARX_X5/ros2_ws/install/orbbec_camera/share/orbbec_camera//config/camera_params.yaml
[0.185s] -- Up-to-date: /home/go2/ARX_X5/ros2_ws/install/orbbec_camera/share/orbbec_camera//config/.gitkeep
[0.185s] -- Up-to-date: /home/go2/ARX_X5/ros2_ws/install/orbbec_camera/include
[0.185s] -- Up-to-date: /home/go2/ARX_X5/ros2_ws/install/orbbec_camera/include/libobsensor
[0.185s] -- Up-to-date: /home/go2/ARX_X5/ros2_ws/install/orbbec_camera/include/libobsensor/h
[0.185s] -- Up-to-date: /home/go2/ARX_X5/ros2_ws/install/orbbec_camera/include/libobsensor/h/Sensor.h
[0.185s] -- Up-to-date: /home/go2/ARX_X5/ros2_ws/install/orbbec_camera/include/libobsensor/h/StreamProfile.h
[0.185s] -- Up-to-date: /home/go2/ARX_X5/ros2_ws/install/orbbec_camera/include/libobsensor/h/Version.h
[0.185s] -- Up-to-date: /home/go2/ARX_X5/ros2_ws/install/orbbec_camera/include/libobsensor/h/Property.h
[0.185s] -- Up-to-date: /home/go2/ARX_X5/ros2_ws/install/orbbec_camera/include/libobsensor/h/Error.h
[0.185s] -- Up-to-date: /home/go2/ARX_X5/ros2_ws/install/orbbec_camera/include/libobsensor/h/Filter.h
[0.185s] -- Up-to-date: /home/go2/ARX_X5/ros2_ws/install/orbbec_camera/include/libobsensor/h/Frame.h
[0.186s] -- Up-to-date: /home/go2/ARX_X5/ros2_ws/install/orbbec_camera/include/libobsensor/h/MultipleDevices.h
[0.186s] -- Up-to-date: /home/go2/ARX_X5/ros2_ws/install/orbbec_camera/include/libobsensor/h/ObTypes.h
[0.186s] -- Up-to-date: /home/go2/ARX_X5/ros2_ws/install/orbbec_camera/include/libobsensor/h/Context.h
[0.186s] -- Up-to-date: /home/go2/ARX_X5/ros2_ws/install/orbbec_camera/include/libobsensor/h/Pipeline.h
[0.186s] -- Up-to-date: /home/go2/ARX_X5/ros2_ws/install/orbbec_camera/include/libobsensor/h/RecordPlayback.h
[0.186s] -- Up-to-date: /home/go2/ARX_X5/ros2_ws/install/orbbec_camera/include/libobsensor/h/Utils.h
[0.186s] -- Up-to-date: /home/go2/ARX_X5/ros2_ws/install/orbbec_camera/include/libobsensor/h/Device.h
[0.186s] -- Up-to-date: /home/go2/ARX_X5/ros2_ws/install/orbbec_camera/include/libobsensor/ObSensor.hpp
[0.186s] -- Up-to-date: /home/go2/ARX_X5/ros2_ws/install/orbbec_camera/include/libobsensor/ObSensor.h
[0.187s] -- Up-to-date: /home/go2/ARX_X5/ros2_ws/install/orbbec_camera/include/libobsensor/hpp
[0.188s] -- Up-to-date: /home/go2/ARX_X5/ros2_ws/install/orbbec_camera/include/libobsensor/hpp/Device.hpp
[0.188s] -- Up-to-date: /home/go2/ARX_X5/ros2_ws/install/orbbec_camera/include/libobsensor/hpp/Version.hpp
[0.188s] -- Up-to-date: /home/go2/ARX_X5/ros2_ws/install/orbbec_camera/include/libobsensor/hpp/Pipeline.hpp
[0.188s] -- Up-to-date: /home/go2/ARX_X5/ros2_ws/install/orbbec_camera/include/libobsensor/hpp/Sensor.hpp
[0.188s] -- Up-to-date: /home/go2/ARX_X5/ros2_ws/install/orbbec_camera/include/libobsensor/hpp/Frame.hpp
[0.188s] -- Up-to-date: /home/go2/ARX_X5/ros2_ws/install/orbbec_camera/include/libobsensor/hpp/Error.hpp
[0.188s] -- Up-to-date: /home/go2/ARX_X5/ros2_ws/install/orbbec_camera/include/libobsensor/hpp/Utils.hpp
[0.188s] -- Up-to-date: /home/go2/ARX_X5/ros2_ws/install/orbbec_camera/include/libobsensor/hpp/Types.hpp
[0.188s] -- Up-to-date: /home/go2/ARX_X5/ros2_ws/install/orbbec_camera/include/libobsensor/hpp/RecordPlayback.hpp
[0.188s] -- Up-to-date: /home/go2/ARX_X5/ros2_ws/install/orbbec_camera/include/libobsensor/hpp/StreamProfile.hpp
[0.188s] -- Up-to-date: /home/go2/ARX_X5/ros2_ws/install/orbbec_camera/include/libobsensor/hpp/Context.hpp
[0.188s] -- Up-to-date: /home/go2/ARX_X5/ros2_ws/install/orbbec_camera/include/libobsensor/hpp/Filter.hpp
[0.189s] -- Up-to-date: /home/go2/ARX_X5/ros2_ws/install/orbbec_camera/lib/
[0.189s] -- Up-to-date: /home/go2/ARX_X5/ros2_ws/install/orbbec_camera/lib//liblive555.so
[0.189s] -- Up-to-date: /home/go2/ARX_X5/ros2_ws/install/orbbec_camera/lib//libdepthengine.so
[0.189s] -- Up-to-date: /home/go2/ARX_X5/ros2_ws/install/orbbec_camera/lib//libob_usb.so
[0.189s] -- Up-to-date: /home/go2/ARX_X5/ros2_ws/install/orbbec_camera/lib//libdepthengine.so.2.0
[0.189s] -- Up-to-date: /home/go2/ARX_X5/ros2_ws/install/orbbec_camera/lib//libOrbbecSDK.so.1.10
[0.189s] -- Up-to-date: /home/go2/ARX_X5/ros2_ws/install/orbbec_camera/lib//libOrbbecSDK.so
[0.189s] -- Up-to-date: /home/go2/ARX_X5/ros2_ws/install/orbbec_camera/lib//libOrbbecSDK.so.1.10.22
[0.189s] -- Up-to-date: /home/go2/ARX_X5/ros2_ws/install/orbbec_camera/lib/orbbec_camera/list_devices_node
[0.189s] -- Up-to-date: /home/go2/ARX_X5/ros2_ws/install/orbbec_camera/lib/orbbec_camera/list_depth_work_mode_node
[0.189s] -- Up-to-date: /home/go2/ARX_X5/ros2_ws/install/orbbec_camera/lib/orbbec_camera/list_camera_profile_mode_node
[0.189s] -- Up-to-date: /home/go2/ARX_X5/ros2_ws/install/orbbec_camera/lib/orbbec_camera/topic_statistics_node
[0.189s] -- Up-to-date: /home/go2/ARX_X5/ros2_ws/install/orbbec_camera/share/orbbec_camera/environment/library_path.sh
[0.189s] -- Up-to-date: /home/go2/ARX_X5/ros2_ws/install/orbbec_camera/share/orbbec_camera/environment/library_path.dsv
[0.189s] -- Up-to-date: /home/go2/ARX_X5/ros2_ws/install/orbbec_camera/share/ament_index/resource_index/package_run_dependencies/orbbec_camera
[0.189s] -- Up-to-date: /home/go2/ARX_X5/ros2_ws/install/orbbec_camera/share/ament_index/resource_index/parent_prefix_path/orbbec_camera
[0.190s] -- Up-to-date: /home/go2/ARX_X5/ros2_ws/install/orbbec_camera/share/orbbec_camera/environment/ament_prefix_path.sh
[0.190s] -- Up-to-date: /home/go2/ARX_X5/ros2_ws/install/orbbec_camera/share/orbbec_camera/environment/ament_prefix_path.dsv
[0.190s] -- Up-to-date: /home/go2/ARX_X5/ros2_ws/install/orbbec_camera/share/orbbec_camera/environment/path.sh
[0.190s] -- Up-to-date: /home/go2/ARX_X5/ros2_ws/install/orbbec_camera/share/orbbec_camera/environment/path.dsv
[0.190s] -- Up-to-date: /home/go2/ARX_X5/ros2_ws/install/orbbec_camera/share/orbbec_camera/local_setup.bash
[0.190s] -- Up-to-date: /home/go2/ARX_X5/ros2_ws/install/orbbec_camera/share/orbbec_camera/local_setup.sh
[0.190s] -- Up-to-date: /home/go2/ARX_X5/ros2_ws/install/orbbec_camera/share/orbbec_camera/local_setup.zsh
[0.190s] -- Up-to-date: /home/go2/ARX_X5/ros2_ws/install/orbbec_camera/share/orbbec_camera/local_setup.dsv
[0.190s] -- Installing: /home/go2/ARX_X5/ros2_ws/install/orbbec_camera/share/orbbec_camera/package.dsv
[0.190s] -- Up-to-date: /home/go2/ARX_X5/ros2_ws/install/orbbec_camera/share/ament_index/resource_index/packages/orbbec_camera
[0.190s] -- Up-to-date: /home/go2/ARX_X5/ros2_ws/install/orbbec_camera/share/ament_index/resource_index/rclcpp_components/orbbec_camera
[0.190s] -- Up-to-date: /home/go2/ARX_X5/ros2_ws/install/orbbec_camera/share/orbbec_camera/cmake/ament_cmake_export_include_directories-extras.cmake
[0.191s] -- Up-to-date: /home/go2/ARX_X5/ros2_ws/install/orbbec_camera/share/orbbec_camera/cmake/ament_cmake_export_libraries-extras.cmake
[0.191s] -- Up-to-date: /home/go2/ARX_X5/ros2_ws/install/orbbec_camera/share/orbbec_camera/cmake/ament_cmake_export_dependencies-extras.cmake
[0.191s] -- Up-to-date: /home/go2/ARX_X5/ros2_ws/install/orbbec_camera/share/orbbec_camera/cmake/orbbec_cameraConfig.cmake
[0.191s] -- Up-to-date: /home/go2/ARX_X5/ros2_ws/install/orbbec_camera/share/orbbec_camera/cmake/orbbec_cameraConfig-version.cmake
[0.191s] -- Up-to-date: /home/go2/ARX_X5/ros2_ws/install/orbbec_camera/share/orbbec_camera/package.xml
[0.191s] Invoked command in '/home/go2/ARX_X5/ros2_ws/build/orbbec_camera' returned '0': CMAKE_PREFIX_PATH=/home/go2/ARX_X5/ros2_ws/install/orbbec_camera_msgs:/home/go2/ARX_X5/ros2_ws/install/orbbec_description:/home/go2/ARX_X5/ros2_ws/install/orbbec_camera:/home/go2/piper_ros/install/piper_msgs:/home/go2/piper_ros/install/piper_description:/home/go2/ARX_X5/ROS2/X5_ws/install/arx_x5_controller:/home/go2/ARX_X5/ROS2/X5_ws/install/arx5_arm_msg:/home/go2/piper_ros/install/piper:/opt/ros/foxy:/home/go2/ARX_X5/ROS2/X5_ws/install/arm_control CONDA_PROMPT_MODIFIER=(ARX) LD_LIBRARY_PATH=/home/go2/ARX_X5/ros2_ws/install/orbbec_camera_msgs/lib:/usr/local/lib:/usr/local/cuda/lib64:/usr/local/lib:/usr/local/cuda/lib64:/home/go2/ARX_X5/ros2_ws/install/orbbec_camera/lib:/home/go2/piper_ros/install/piper_msgs/lib:/home/go2/ARX_X5/ROS2/X5_ws/install/arx_x5_controller/lib:/home/go2/ARX_X5/ROS2/X5_ws/install/arx5_arm_msg/lib:/home/go2/ARX_X5/ROS2/X5_ws/install/arm_control/lib:/opt/ros/foxy/opt/yaml_cpp_vendor/lib:/opt/ros/foxy/opt/rviz_ogre_vendor/lib:/opt/ros/foxy/lib/x86_64-linux-gnu:/opt/ros/foxy/lib:/usr/local/lib:/usr/local/cuda/lib64:/usr/local/lib:/usr/local/cuda/lib64 /usr/bin/cmake --install /home/go2/ARX_X5/ros2_ws/build/orbbec_camera
