[0.019s] Invoking command in '/home/go2/ARX_X5/ARX_VR_SDK/ROS2/build/serial_port': AMENT_PREFIX_PATH=/home/go2/ARX_X5/ARX_VR_SDK/ROS2/install/arm_control:${AMENT_PREFIX_PATH} CMAKE_PREFIX_PATH=/home/go2/ARX_X5/ARX_VR_SDK/ROS2/install/arm_control:/opt/ros/foxy CONDA_PROMPT_MODIFIER=(ARX) LD_LIBRARY_PATH=/home/go2/ARX_X5/ARX_VR_SDK/ROS2/install/arm_control/lib:${LD_LIBRARY_PATH} PYTHONPATH=/home/go2/ARX_X5/ARX_VR_SDK/ROS2/install/arm_control/lib/python3.8/site-packages:${PYTHONPATH} /usr/bin/cmake /home/go2/ARX_X5/ARX_VR_SDK/ROS2/src/serial_port -DCMAKE_INSTALL_PREFIX=/home/go2/ARX_X5/ARX_VR_SDK/ROS2/install/serial_port
[0.084s] -- The C compiler identification is GNU 9.4.0
[0.138s] -- The CXX compiler identification is GNU 9.4.0
[0.142s] -- Check for working C compiler: /usr/bin/cc
[0.224s] -- Check for working C compiler: /usr/bin/cc -- works
[0.225s] -- Detecting C compiler ABI info
[0.311s] -- Detecting C compiler ABI info - done
[0.319s] -- Detecting C compile features
[0.319s] -- Detecting C compile features - done
[0.321s] -- Check for working CXX compiler: /usr/bin/c++
[0.411s] -- Check for working CXX compiler: /usr/bin/c++ -- works
[0.412s] -- Detecting CXX compiler ABI info
[0.503s] -- Detecting CXX compiler ABI info - done
[0.511s] -- Detecting CXX compile features
[0.511s] -- Detecting CXX compile features - done
[0.513s] -- Found ament_cmake: 0.9.12 (/opt/ros/foxy/share/ament_cmake/cmake)
[0.534s] -- Found PythonInterp: /home/go2/miniconda3/envs/ARX/bin/python3 (found suitable version "3.8", minimum required is "3") 
[0.534s] -- Using PYTHON_EXECUTABLE: /home/go2/miniconda3/envs/ARX/bin/python3
[0.650s] -- Found rclcpp: 2.4.3 (/opt/ros/foxy/share/rclcpp/cmake)
[0.683s] -- Using all available rosidl_typesupport_c: rosidl_typesupport_fastrtps_c;rosidl_typesupport_introspection_c
[0.688s] -- Found rosidl_adapter: 1.3.1 (/opt/ros/foxy/share/rosidl_adapter/cmake)
[0.781s] -- Found OpenSSL: /usr/lib/x86_64-linux-gnu/libcrypto.so (found version "1.1.1f")  
[0.807s] -- Found FastRTPS: /opt/ros/foxy/include  
[0.870s] -- Using all available rosidl_typesupport_cpp: rosidl_typesupport_fastrtps_cpp;rosidl_typesupport_introspection_cpp
[0.910s] -- Found rmw_implementation_cmake: 1.0.4 (/opt/ros/foxy/share/rmw_implementation_cmake/cmake)
[0.910s] -- Using RMW implementation 'rmw_fastrtps_cpp' as default
[0.911s] -- Looking for pthread.h
[1.006s] -- Looking for pthread.h - found
[1.006s] -- Performing Test CMAKE_HAVE_LIBC_PTHREAD
[1.092s] -- Performing Test CMAKE_HAVE_LIBC_PTHREAD - Failed
[1.092s] -- Looking for pthread_create in pthreads
[1.168s] -- Looking for pthread_create in pthreads - not found
[1.169s] -- Looking for pthread_create in pthread
[1.252s] -- Looking for pthread_create in pthread - found
[1.254s] -- Found Threads: TRUE  
[1.360s] -- Found arm_control: 0.0.1 (/home/go2/ARX_X5/ARX_VR_SDK/ROS2/install/arm_control/share/arm_control/cmake)
[1.372s] -- Found serial_driver: 1.0.0 (/opt/ros/foxy/share/serial_driver/cmake)
[1.719s] -- Configuring done
[1.755s] -- Generating done
[1.762s] -- Build files have been written to: /home/go2/ARX_X5/ARX_VR_SDK/ROS2/build/serial_port
[1.768s] Invoked command in '/home/go2/ARX_X5/ARX_VR_SDK/ROS2/build/serial_port' returned '0': AMENT_PREFIX_PATH=/home/go2/ARX_X5/ARX_VR_SDK/ROS2/install/arm_control:${AMENT_PREFIX_PATH} CMAKE_PREFIX_PATH=/home/go2/ARX_X5/ARX_VR_SDK/ROS2/install/arm_control:/opt/ros/foxy CONDA_PROMPT_MODIFIER=(ARX) LD_LIBRARY_PATH=/home/go2/ARX_X5/ARX_VR_SDK/ROS2/install/arm_control/lib:${LD_LIBRARY_PATH} PYTHONPATH=/home/go2/ARX_X5/ARX_VR_SDK/ROS2/install/arm_control/lib/python3.8/site-packages:${PYTHONPATH} /usr/bin/cmake /home/go2/ARX_X5/ARX_VR_SDK/ROS2/src/serial_port -DCMAKE_INSTALL_PREFIX=/home/go2/ARX_X5/ARX_VR_SDK/ROS2/install/serial_port
[1.772s] Invoking command in '/home/go2/ARX_X5/ARX_VR_SDK/ROS2/build/serial_port': AMENT_PREFIX_PATH=/home/go2/ARX_X5/ARX_VR_SDK/ROS2/install/arm_control:${AMENT_PREFIX_PATH} CMAKE_PREFIX_PATH=/home/go2/ARX_X5/ARX_VR_SDK/ROS2/install/arm_control:/opt/ros/foxy CONDA_PROMPT_MODIFIER=(ARX) LD_LIBRARY_PATH=/home/go2/ARX_X5/ARX_VR_SDK/ROS2/install/arm_control/lib:${LD_LIBRARY_PATH} PYTHONPATH=/home/go2/ARX_X5/ARX_VR_SDK/ROS2/install/arm_control/lib/python3.8/site-packages:${PYTHONPATH} /usr/bin/cmake --build /home/go2/ARX_X5/ARX_VR_SDK/ROS2/build/serial_port -- -j56 -l56
[1.821s] [35m[1mScanning dependencies of target serial_port_node[0m
[1.856s] [ 50%] [32mBuilding CXX object CMakeFiles/serial_port_node.dir/src/serial_port.cpp.o[0m
[4.904s] [100%] [32m[1mLinking CXX executable serial_port_node[0m
[5.098s] [100%] Built target serial_port_node
[5.111s] Invoked command in '/home/go2/ARX_X5/ARX_VR_SDK/ROS2/build/serial_port' returned '0': AMENT_PREFIX_PATH=/home/go2/ARX_X5/ARX_VR_SDK/ROS2/install/arm_control:${AMENT_PREFIX_PATH} CMAKE_PREFIX_PATH=/home/go2/ARX_X5/ARX_VR_SDK/ROS2/install/arm_control:/opt/ros/foxy CONDA_PROMPT_MODIFIER=(ARX) LD_LIBRARY_PATH=/home/go2/ARX_X5/ARX_VR_SDK/ROS2/install/arm_control/lib:${LD_LIBRARY_PATH} PYTHONPATH=/home/go2/ARX_X5/ARX_VR_SDK/ROS2/install/arm_control/lib/python3.8/site-packages:${PYTHONPATH} /usr/bin/cmake --build /home/go2/ARX_X5/ARX_VR_SDK/ROS2/build/serial_port -- -j56 -l56
[5.115s] Invoking command in '/home/go2/ARX_X5/ARX_VR_SDK/ROS2/build/serial_port': AMENT_PREFIX_PATH=/home/go2/ARX_X5/ARX_VR_SDK/ROS2/install/arm_control:${AMENT_PREFIX_PATH} CMAKE_PREFIX_PATH=/home/go2/ARX_X5/ARX_VR_SDK/ROS2/install/arm_control:/opt/ros/foxy CONDA_PROMPT_MODIFIER=(ARX) LD_LIBRARY_PATH=/home/go2/ARX_X5/ARX_VR_SDK/ROS2/install/arm_control/lib:${LD_LIBRARY_PATH} PYTHONPATH=/home/go2/ARX_X5/ARX_VR_SDK/ROS2/install/arm_control/lib/python3.8/site-packages:${PYTHONPATH} /usr/bin/cmake --install /home/go2/ARX_X5/ARX_VR_SDK/ROS2/build/serial_port
[5.122s] -- Install configuration: ""
[5.122s] -- Installing: /home/go2/ARX_X5/ARX_VR_SDK/ROS2/install/serial_port/lib/serial_port/serial_port_node
[5.123s] -- Set runtime path of "/home/go2/ARX_X5/ARX_VR_SDK/ROS2/install/serial_port/lib/serial_port/serial_port_node" to ""
[5.123s] -- Installing: /home/go2/ARX_X5/ARX_VR_SDK/ROS2/install/serial_port/lib/libvr_serial.so
[5.123s] -- Installing: /home/go2/ARX_X5/ARX_VR_SDK/ROS2/install/serial_port/share/ament_index/resource_index/package_run_dependencies/serial_port
[5.123s] -- Installing: /home/go2/ARX_X5/ARX_VR_SDK/ROS2/install/serial_port/share/ament_index/resource_index/parent_prefix_path/serial_port
[5.123s] -- Installing: /home/go2/ARX_X5/ARX_VR_SDK/ROS2/install/serial_port/share/serial_port/environment/ament_prefix_path.sh
[5.123s] -- Installing: /home/go2/ARX_X5/ARX_VR_SDK/ROS2/install/serial_port/share/serial_port/environment/ament_prefix_path.dsv
[5.124s] -- Installing: /home/go2/ARX_X5/ARX_VR_SDK/ROS2/install/serial_port/share/serial_port/environment/path.sh
[5.124s] -- Installing: /home/go2/ARX_X5/ARX_VR_SDK/ROS2/install/serial_port/share/serial_port/environment/path.dsv
[5.124s] -- Installing: /home/go2/ARX_X5/ARX_VR_SDK/ROS2/install/serial_port/share/serial_port/local_setup.bash
[5.124s] -- Installing: /home/go2/ARX_X5/ARX_VR_SDK/ROS2/install/serial_port/share/serial_port/local_setup.sh
[5.124s] -- Installing: /home/go2/ARX_X5/ARX_VR_SDK/ROS2/install/serial_port/share/serial_port/local_setup.zsh
[5.124s] -- Installing: /home/go2/ARX_X5/ARX_VR_SDK/ROS2/install/serial_port/share/serial_port/local_setup.dsv
[5.124s] -- Installing: /home/go2/ARX_X5/ARX_VR_SDK/ROS2/install/serial_port/share/serial_port/package.dsv
[5.124s] -- Installing: /home/go2/ARX_X5/ARX_VR_SDK/ROS2/install/serial_port/share/ament_index/resource_index/packages/serial_port
[5.124s] -- Installing: /home/go2/ARX_X5/ARX_VR_SDK/ROS2/install/serial_port/share/serial_port/cmake/serial_portConfig.cmake
[5.124s] -- Installing: /home/go2/ARX_X5/ARX_VR_SDK/ROS2/install/serial_port/share/serial_port/cmake/serial_portConfig-version.cmake
[5.124s] -- Installing: /home/go2/ARX_X5/ARX_VR_SDK/ROS2/install/serial_port/share/serial_port/package.xml
[5.126s] Invoked command in '/home/go2/ARX_X5/ARX_VR_SDK/ROS2/build/serial_port' returned '0': AMENT_PREFIX_PATH=/home/go2/ARX_X5/ARX_VR_SDK/ROS2/install/arm_control:${AMENT_PREFIX_PATH} CMAKE_PREFIX_PATH=/home/go2/ARX_X5/ARX_VR_SDK/ROS2/install/arm_control:/opt/ros/foxy CONDA_PROMPT_MODIFIER=(ARX) LD_LIBRARY_PATH=/home/go2/ARX_X5/ARX_VR_SDK/ROS2/install/arm_control/lib:${LD_LIBRARY_PATH} PYTHONPATH=/home/go2/ARX_X5/ARX_VR_SDK/ROS2/install/arm_control/lib/python3.8/site-packages:${PYTHONPATH} /usr/bin/cmake --install /home/go2/ARX_X5/ARX_VR_SDK/ROS2/build/serial_port
